[1.150s] Invoking command in '/home/locobot/SU_Robotics/eyetracking_ros_ws/src/interbotix_ros_toolboxes/interbotix_perception_toolbox/interbotix_perception_modules': AMENT_PREFIX_PATH=/home/locobot/SU_Robotics/eyetracking_ros_ws/install/interbotix_perception_pipelines:/home/locobot/SU_Robotics/eyetracking_ros_ws/install/interbotix_xs_msgs:/home/locobot/SU_Robotics/eyetracking_ros_ws/install/interbotix_perception_msgs:/home/locobot/SU_Robotics/eyetracking_ros_ws/install/interbotix_common_modules:${AMENT_PREFIX_PATH} CMAKE_PREFIX_PATH=/home/locobot/SU_Robotics/eyetracking_ros_ws/install/interbotix_perception_pipelines:/home/locobot/SU_Robotics/eyetracking_ros_ws/install/interbotix_xs_msgs:/home/locobot/SU_Robotics/eyetracking_ros_ws/install/interbotix_perception_msgs:${CMAKE_PREFIX_PATH} LD_LIBRARY_PATH=/home/locobot/SU_Robotics/eyetracking_ros_ws/install/interbotix_xs_msgs/lib:/home/locobot/SU_Robotics/eyetracking_ros_ws/install/interbotix_perception_msgs/lib:${LD_LIBRARY_PATH} PYTHONPATH=/home/locobot/SU_Robotics/eyetracking_ros_ws/build/interbotix_perception_modules/prefix_override:/home/locobot/SU_Robotics/eyetracking_ros_ws/install/interbotix_perception_modules/lib/python3.8/site-packages:/home/locobot/SU_Robotics/eyetracking_ros_ws/install/interbotix_xs_msgs/lib/python3.8/site-packages:/home/locobot/SU_Robotics/eyetracking_ros_ws/install/interbotix_perception_msgs/lib/python3.8/site-packages:/home/locobot/SU_Robotics/eyetracking_ros_ws/install/interbotix_common_modules/lib/python3.8/site-packages:${PYTHONPATH} /usr/bin/python3 setup.py egg_info --egg-base ../../../../build/interbotix_perception_modules build --build-base /home/locobot/SU_Robotics/eyetracking_ros_ws/build/interbotix_perception_modules/build install --record /home/locobot/SU_Robotics/eyetracking_ros_ws/build/interbotix_perception_modules/install.log --single-version-externally-managed
[1.366s] running egg_info
[1.366s] creating ../../../../build/interbotix_perception_modules/interbotix_perception_modules.egg-info
[1.367s] writing ../../../../build/interbotix_perception_modules/interbotix_perception_modules.egg-info/PKG-INFO
[1.367s] writing dependency_links to ../../../../build/interbotix_perception_modules/interbotix_perception_modules.egg-info/dependency_links.txt
[1.367s] writing entry points to ../../../../build/interbotix_perception_modules/interbotix_perception_modules.egg-info/entry_points.txt
[1.367s] writing requirements to ../../../../build/interbotix_perception_modules/interbotix_perception_modules.egg-info/requires.txt
[1.367s] writing top-level names to ../../../../build/interbotix_perception_modules/interbotix_perception_modules.egg-info/top_level.txt
[1.368s] writing manifest file '../../../../build/interbotix_perception_modules/interbotix_perception_modules.egg-info/SOURCES.txt'
[1.398s] reading manifest file '../../../../build/interbotix_perception_modules/interbotix_perception_modules.egg-info/SOURCES.txt'
[1.399s] writing manifest file '../../../../build/interbotix_perception_modules/interbotix_perception_modules.egg-info/SOURCES.txt'
[1.399s] running build
[1.399s] running build_py
[1.399s] creating /home/locobot/SU_Robotics/eyetracking_ros_ws/build/interbotix_perception_modules/build
[1.400s] creating /home/locobot/SU_Robotics/eyetracking_ros_ws/build/interbotix_perception_modules/build/lib
[1.400s] creating /home/locobot/SU_Robotics/eyetracking_ros_ws/build/interbotix_perception_modules/build/lib/interbotix_perception_modules
[1.400s] copying interbotix_perception_modules/armtag_tuner_gui.py -> /home/locobot/SU_Robotics/eyetracking_ros_ws/build/interbotix_perception_modules/build/lib/interbotix_perception_modules
[1.400s] copying interbotix_perception_modules/pointcloud_tuner_gui.py -> /home/locobot/SU_Robotics/eyetracking_ros_ws/build/interbotix_perception_modules/build/lib/interbotix_perception_modules
[1.400s] copying interbotix_perception_modules/__init__.py -> /home/locobot/SU_Robotics/eyetracking_ros_ws/build/interbotix_perception_modules/build/lib/interbotix_perception_modules
[1.400s] copying interbotix_perception_modules/armtag.py -> /home/locobot/SU_Robotics/eyetracking_ros_ws/build/interbotix_perception_modules/build/lib/interbotix_perception_modules
[1.400s] copying interbotix_perception_modules/pointcloud.py -> /home/locobot/SU_Robotics/eyetracking_ros_ws/build/interbotix_perception_modules/build/lib/interbotix_perception_modules
[1.401s] copying interbotix_perception_modules/apriltag.py -> /home/locobot/SU_Robotics/eyetracking_ros_ws/build/interbotix_perception_modules/build/lib/interbotix_perception_modules
[1.401s] copying interbotix_perception_modules/picture_snapper.py -> /home/locobot/SU_Robotics/eyetracking_ros_ws/build/interbotix_perception_modules/build/lib/interbotix_perception_modules
[1.401s] running install
[1.401s] running install_lib
[1.401s] creating /home/locobot/SU_Robotics/eyetracking_ros_ws/install/interbotix_perception_modules/lib/python3.8/site-packages/interbotix_perception_modules
[1.402s] copying /home/locobot/SU_Robotics/eyetracking_ros_ws/build/interbotix_perception_modules/build/lib/interbotix_perception_modules/armtag_tuner_gui.py -> /home/locobot/SU_Robotics/eyetracking_ros_ws/install/interbotix_perception_modules/lib/python3.8/site-packages/interbotix_perception_modules
[1.402s] copying /home/locobot/SU_Robotics/eyetracking_ros_ws/build/interbotix_perception_modules/build/lib/interbotix_perception_modules/pointcloud_tuner_gui.py -> /home/locobot/SU_Robotics/eyetracking_ros_ws/install/interbotix_perception_modules/lib/python3.8/site-packages/interbotix_perception_modules
[1.402s] copying /home/locobot/SU_Robotics/eyetracking_ros_ws/build/interbotix_perception_modules/build/lib/interbotix_perception_modules/__init__.py -> /home/locobot/SU_Robotics/eyetracking_ros_ws/install/interbotix_perception_modules/lib/python3.8/site-packages/interbotix_perception_modules
[1.402s] copying /home/locobot/SU_Robotics/eyetracking_ros_ws/build/interbotix_perception_modules/build/lib/interbotix_perception_modules/armtag.py -> /home/locobot/SU_Robotics/eyetracking_ros_ws/install/interbotix_perception_modules/lib/python3.8/site-packages/interbotix_perception_modules
[1.402s] copying /home/locobot/SU_Robotics/eyetracking_ros_ws/build/interbotix_perception_modules/build/lib/interbotix_perception_modules/pointcloud.py -> /home/locobot/SU_Robotics/eyetracking_ros_ws/install/interbotix_perception_modules/lib/python3.8/site-packages/interbotix_perception_modules
[1.402s] copying /home/locobot/SU_Robotics/eyetracking_ros_ws/build/interbotix_perception_modules/build/lib/interbotix_perception_modules/apriltag.py -> /home/locobot/SU_Robotics/eyetracking_ros_ws/install/interbotix_perception_modules/lib/python3.8/site-packages/interbotix_perception_modules
[1.402s] copying /home/locobot/SU_Robotics/eyetracking_ros_ws/build/interbotix_perception_modules/build/lib/interbotix_perception_modules/picture_snapper.py -> /home/locobot/SU_Robotics/eyetracking_ros_ws/install/interbotix_perception_modules/lib/python3.8/site-packages/interbotix_perception_modules
[1.402s] byte-compiling /home/locobot/SU_Robotics/eyetracking_ros_ws/install/interbotix_perception_modules/lib/python3.8/site-packages/interbotix_perception_modules/armtag_tuner_gui.py to armtag_tuner_gui.cpython-38.pyc
[1.404s] byte-compiling /home/locobot/SU_Robotics/eyetracking_ros_ws/install/interbotix_perception_modules/lib/python3.8/site-packages/interbotix_perception_modules/pointcloud_tuner_gui.py to pointcloud_tuner_gui.cpython-38.pyc
[1.406s] byte-compiling /home/locobot/SU_Robotics/eyetracking_ros_ws/install/interbotix_perception_modules/lib/python3.8/site-packages/interbotix_perception_modules/__init__.py to __init__.cpython-38.pyc
[1.406s] byte-compiling /home/locobot/SU_Robotics/eyetracking_ros_ws/install/interbotix_perception_modules/lib/python3.8/site-packages/interbotix_perception_modules/armtag.py to armtag.cpython-38.pyc
[1.407s] byte-compiling /home/locobot/SU_Robotics/eyetracking_ros_ws/install/interbotix_perception_modules/lib/python3.8/site-packages/interbotix_perception_modules/pointcloud.py to pointcloud.cpython-38.pyc
[1.409s] byte-compiling /home/locobot/SU_Robotics/eyetracking_ros_ws/install/interbotix_perception_modules/lib/python3.8/site-packages/interbotix_perception_modules/apriltag.py to apriltag.cpython-38.pyc
[1.410s] byte-compiling /home/locobot/SU_Robotics/eyetracking_ros_ws/install/interbotix_perception_modules/lib/python3.8/site-packages/interbotix_perception_modules/picture_snapper.py to picture_snapper.cpython-38.pyc
[1.411s] running install_data
[1.411s] creating /home/locobot/SU_Robotics/eyetracking_ros_ws/install/interbotix_perception_modules/share/ament_index
[1.412s] creating /home/locobot/SU_Robotics/eyetracking_ros_ws/install/interbotix_perception_modules/share/ament_index/resource_index
[1.412s] creating /home/locobot/SU_Robotics/eyetracking_ros_ws/install/interbotix_perception_modules/share/ament_index/resource_index/packages
[1.412s] copying resource/interbotix_perception_modules -> /home/locobot/SU_Robotics/eyetracking_ros_ws/install/interbotix_perception_modules/share/ament_index/resource_index/packages
[1.412s] copying package.xml -> /home/locobot/SU_Robotics/eyetracking_ros_ws/install/interbotix_perception_modules/share/interbotix_perception_modules
[1.412s] creating /home/locobot/SU_Robotics/eyetracking_ros_ws/install/interbotix_perception_modules/share/interbotix_perception_modules/launch
[1.412s] copying launch/pc_filter.launch.py -> /home/locobot/SU_Robotics/eyetracking_ros_ws/install/interbotix_perception_modules/share/interbotix_perception_modules/launch
[1.412s] copying launch/armtag.launch.py -> /home/locobot/SU_Robotics/eyetracking_ros_ws/install/interbotix_perception_modules/share/interbotix_perception_modules/launch
[1.412s] copying launch/apriltag.launch.py -> /home/locobot/SU_Robotics/eyetracking_ros_ws/install/interbotix_perception_modules/share/interbotix_perception_modules/launch
[1.412s] copying launch/picture_snapper.launch.py -> /home/locobot/SU_Robotics/eyetracking_ros_ws/install/interbotix_perception_modules/share/interbotix_perception_modules/launch
[1.413s] creating /home/locobot/SU_Robotics/eyetracking_ros_ws/install/interbotix_perception_modules/share/interbotix_perception_modules/config
[1.413s] copying config/tags.yaml -> /home/locobot/SU_Robotics/eyetracking_ros_ws/install/interbotix_perception_modules/share/interbotix_perception_modules/config
[1.413s] copying config/filter_params.yaml -> /home/locobot/SU_Robotics/eyetracking_ros_ws/install/interbotix_perception_modules/share/interbotix_perception_modules/config
[1.413s] creating /home/locobot/SU_Robotics/eyetracking_ros_ws/install/interbotix_perception_modules/share/interbotix_perception_modules/ui
[1.413s] copying src/ui/armtagtunergui.ui -> /home/locobot/SU_Robotics/eyetracking_ros_ws/install/interbotix_perception_modules/share/interbotix_perception_modules/ui
[1.413s] copying src/ui/pointcloudtunergui.ui -> /home/locobot/SU_Robotics/eyetracking_ros_ws/install/interbotix_perception_modules/share/interbotix_perception_modules/ui
[1.413s] running install_egg_info
[1.413s] Copying ../../../../build/interbotix_perception_modules/interbotix_perception_modules.egg-info to /home/locobot/SU_Robotics/eyetracking_ros_ws/install/interbotix_perception_modules/lib/python3.8/site-packages/interbotix_perception_modules-0.0.0-py3.8.egg-info
[1.415s] running install_scripts
[1.430s] Installing armtag_tuner_gui script to /home/locobot/SU_Robotics/eyetracking_ros_ws/install/interbotix_perception_modules/lib/interbotix_perception_modules
[1.430s] Installing picture_snapper script to /home/locobot/SU_Robotics/eyetracking_ros_ws/install/interbotix_perception_modules/lib/interbotix_perception_modules
[1.430s] Installing pointcloud_tuner_gui script to /home/locobot/SU_Robotics/eyetracking_ros_ws/install/interbotix_perception_modules/lib/interbotix_perception_modules
[1.430s] writing list of installed files to '/home/locobot/SU_Robotics/eyetracking_ros_ws/build/interbotix_perception_modules/install.log'
[1.448s] Invoked command in '/home/locobot/SU_Robotics/eyetracking_ros_ws/src/interbotix_ros_toolboxes/interbotix_perception_toolbox/interbotix_perception_modules' returned '0': AMENT_PREFIX_PATH=/home/locobot/SU_Robotics/eyetracking_ros_ws/install/interbotix_perception_pipelines:/home/locobot/SU_Robotics/eyetracking_ros_ws/install/interbotix_xs_msgs:/home/locobot/SU_Robotics/eyetracking_ros_ws/install/interbotix_perception_msgs:/home/locobot/SU_Robotics/eyetracking_ros_ws/install/interbotix_common_modules:${AMENT_PREFIX_PATH} CMAKE_PREFIX_PATH=/home/locobot/SU_Robotics/eyetracking_ros_ws/install/interbotix_perception_pipelines:/home/locobot/SU_Robotics/eyetracking_ros_ws/install/interbotix_xs_msgs:/home/locobot/SU_Robotics/eyetracking_ros_ws/install/interbotix_perception_msgs:${CMAKE_PREFIX_PATH} LD_LIBRARY_PATH=/home/locobot/SU_Robotics/eyetracking_ros_ws/install/interbotix_xs_msgs/lib:/home/locobot/SU_Robotics/eyetracking_ros_ws/install/interbotix_perception_msgs/lib:${LD_LIBRARY_PATH} PYTHONPATH=/home/locobot/SU_Robotics/eyetracking_ros_ws/build/interbotix_perception_modules/prefix_override:/home/locobot/SU_Robotics/eyetracking_ros_ws/install/interbotix_perception_modules/lib/python3.8/site-packages:/home/locobot/SU_Robotics/eyetracking_ros_ws/install/interbotix_xs_msgs/lib/python3.8/site-packages:/home/locobot/SU_Robotics/eyetracking_ros_ws/install/interbotix_perception_msgs/lib/python3.8/site-packages:/home/locobot/SU_Robotics/eyetracking_ros_ws/install/interbotix_common_modules/lib/python3.8/site-packages:${PYTHONPATH} /usr/bin/python3 setup.py egg_info --egg-base ../../../../build/interbotix_perception_modules build --build-base /home/locobot/SU_Robotics/eyetracking_ros_ws/build/interbotix_perception_modules/build install --record /home/locobot/SU_Robotics/eyetracking_ros_ws/build/interbotix_perception_modules/install.log --single-version-externally-managed
