-- Found ament_cmake: 1.1.6 (/opt/ros/galactic/share/ament_cmake/cmake)
-- Using PYTHON_EXECUTABLE: /usr/bin/python3
-- Override CMake install command with custom implementation using symlinks instead of copying resources
-- Found interbotix_moveit_interface_msgs: 0.0.0 (/home/locobot/SU_Robotics/eyetracking_ros_ws/install/interbotix_moveit_interface_msgs/share/interbotix_moveit_interface_msgs/cmake)
-- Using all available rosidl_typesupport_c: rosidl_typesupport_fastrtps_c;rosidl_typesupport_introspection_c
-- Found rosidl_adapter: 2.2.3 (/opt/ros/galactic/share/rosidl_adapter/cmake)
-- Using all available rosidl_typesupport_cpp: rosidl_typesupport_fastrtps_cpp;rosidl_typesupport_introspection_cpp
-- Found moveit_msgs: 2.2.0 (/opt/ros/galactic/share/moveit_msgs/cmake)
-- Found moveit_ros_planning_interface: 2.3.4 (/opt/ros/galactic/share/moveit_ros_planning_interface/cmake)
-- Found Boost: /usr/lib/x86_64-linux-gnu/cmake/Boost-1.71.0/BoostConfig.cmake (found version "1.71.0") found components: date_time filesystem program_options system thread 
-- Found Boost: /usr/lib/x86_64-linux-gnu/cmake/Boost-1.71.0/BoostConfig.cmake (found version "1.71.0") found components: chrono date_time filesystem iostreams program_options regex serialization system thread 
-- Found Boost: /usr/lib/x86_64-linux-gnu/cmake/Boost-1.71.0/BoostConfig.cmake (found version "1.71.0") found components: filesystem 
-- Found rmw_implementation_cmake: 3.3.1 (/opt/ros/galactic/share/rmw_implementation_cmake/cmake)
-- Found rmw_fastrtps_cpp: 5.0.2 (/opt/ros/galactic/share/rmw_fastrtps_cpp/cmake)
-- Using RMW implementation 'rmw_fastrtps_cpp' as default
-- library: /usr/lib/x86_64-linux-gnu/libcurl.so
-- Found Boost: /usr/lib/x86_64-linux-gnu/cmake/Boost-1.71.0/BoostConfig.cmake (found version "1.71.0") found components: system filesystem date_time program_options thread chrono 
-- Found Boost: /usr/lib/x86_64-linux-gnu/cmake/Boost-1.71.0/BoostConfig.cmake (found version "1.71.0") found components: thread 
-- Found Boost: /usr/lib/x86_64-linux-gnu/cmake/Boost-1.71.0/BoostConfig.cmake (found version "1.71.0") found components: thread system filesystem regex date_time program_options 
-- Found Boost: /usr/lib/x86_64-linux-gnu/cmake/Boost-1.71.0/BoostConfig.cmake (found version "1.71.0") found components: system filesystem date_time program_options thread 
-- Found moveit_visual_tools: 4.1.0 (/home/locobot/SU_Robotics/eyetracking_ros_ws/install/moveit_visual_tools/share/moveit_visual_tools/cmake)
-- Setting OGRE_DIR to: '/opt/ros/galactic/share/rviz_ogre_vendor/cmake/../../../opt/rviz_ogre_vendor/lib/OGRE/cmake'
-- Found OGRE
--   static     : OFF
--   components : HLMS;MeshLodGenerator;Overlay;Paging;Property;RTShaderSystem;Terrain;Volume
--   plugins    : Plugin_BSPSceneManager;Plugin_OctreeSceneManager;Plugin_PCZSceneManager;Plugin_ParticleFX;RenderSystem_GL;RenderSystem_GL3Plus;Codec_STBI
--   media      : /opt/ros/galactic/opt/rviz_ogre_vendor/share/OGRE/Media
-- OGRE_LIBRARIES: OgreHLMS;OgreMeshLodGenerator;OgreOverlay;OgrePaging;OgreProperty;OgreRTShaderSystem;OgreTerrain;OgreVolume;OgreMain
-- OGRE_LIBRARY_DIRS: /opt/ros/galactic/opt/rviz_ogre_vendor/lib
-- OGRE_PLUGINS: Plugin_BSPSceneManager;Plugin_OctreeSceneManager;Plugin_PCZSceneManager;Plugin_ParticleFX;RenderSystem_GL;RenderSystem_GL3Plus;Codec_STBI
-- OGRE_PLUGIN_DIR: /opt/ros/galactic/opt/rviz_ogre_vendor/lib/OGRE
-- rviz_ogre_vendor::OgreOverlay for IMPORTED_LOCATION_RELEASE: /opt/ros/galactic/opt/rviz_ogre_vendor/lib/libOgreOverlay.so
-- rviz_ogre_vendor::OgreOverlay for IMPORTED_LOCATION_DEBUG: /opt/ros/galactic/opt/rviz_ogre_vendor/lib/libOgreOverlay.so
-- rviz_ogre_vendor::OgreMain for IMPORTED_LOCATION_RELEASE: /opt/ros/galactic/opt/rviz_ogre_vendor/lib/libOgreMain.so
-- rviz_ogre_vendor::OgreMain for IMPORTED_LOCATION_DEBUG: /opt/ros/galactic/opt/rviz_ogre_vendor/lib/libOgreMain.so
-- rviz_ogre_vendor::RenderSystem_GL for IMPORTED_LOCATION_RELEASE: _render_system_gl_static_library_abs-NOTFOUND
-- rviz_ogre_vendor::RenderSystem_GL for IMPORTED_LOCATION_DEBUG: _render_system_gl_static_library_abs-NOTFOUND
-- library: libassimp.so.5
-- Found ament_lint_auto: 0.10.7 (/opt/ros/galactic/share/ament_lint_auto/cmake)
-- Added test 'copyright' to check source files copyright and LICENSE
-- Added test 'cppcheck' to perform static code analysis on C / C++ code
-- Configured cppcheck include dirs: /home/locobot/SU_Robotics/eyetracking_ros_ws/src/interbotix_ros_toolboxes/interbotix_common_toolbox/interbotix_moveit_interface/include
-- Configured cppcheck exclude dirs and/or files: 
-- Added test 'cpplint' to check C / C++ code against the Google style
-- Configured cpplint exclude dirs and/or files: 
-- Added test 'lint_cmake' to check CMake code style
-- Added test 'uncrustify' to check C / C++ code style
-- Configured uncrustify additional arguments: 
-- Added test 'xmllint' to check XML markup files
-- Configuring done
-- Generating done
-- Build files have been written to: /home/locobot/SU_Robotics/eyetracking_ros_ws/build/interbotix_moveit_interface
[ 33%] [32m[1mLinking CXX executable moveit_interface[0m
[100%] Built target moveit_interface
-- Install configuration: ""
-- Execute custom install script
-- Symlinking: /home/locobot/SU_Robotics/eyetracking_ros_ws/install/interbotix_moveit_interface/lib/interbotix_moveit_interface/moveit_interface
-- Symlinking: /home/locobot/SU_Robotics/eyetracking_ros_ws/install/interbotix_moveit_interface/lib/interbotix_moveit_interface/moveit_interface_gui
-- Symlinking: /home/locobot/SU_Robotics/eyetracking_ros_ws/install/interbotix_moveit_interface/share/ament_index/resource_index/package_run_dependencies/interbotix_moveit_interface
-- Symlinking: /home/locobot/SU_Robotics/eyetracking_ros_ws/install/interbotix_moveit_interface/share/ament_index/resource_index/parent_prefix_path/interbotix_moveit_interface
-- Symlinking: /home/locobot/SU_Robotics/eyetracking_ros_ws/install/interbotix_moveit_interface/share/interbotix_moveit_interface/environment/ament_prefix_path.sh
-- Symlinking: /home/locobot/SU_Robotics/eyetracking_ros_ws/install/interbotix_moveit_interface/share/interbotix_moveit_interface/environment/ament_prefix_path.dsv
-- Symlinking: /home/locobot/SU_Robotics/eyetracking_ros_ws/install/interbotix_moveit_interface/share/interbotix_moveit_interface/environment/path.sh
-- Symlinking: /home/locobot/SU_Robotics/eyetracking_ros_ws/install/interbotix_moveit_interface/share/interbotix_moveit_interface/environment/path.dsv
-- Symlinking: /home/locobot/SU_Robotics/eyetracking_ros_ws/install/interbotix_moveit_interface/share/interbotix_moveit_interface/local_setup.bash
-- Symlinking: /home/locobot/SU_Robotics/eyetracking_ros_ws/install/interbotix_moveit_interface/share/interbotix_moveit_interface/local_setup.sh
-- Symlinking: /home/locobot/SU_Robotics/eyetracking_ros_ws/install/interbotix_moveit_interface/share/interbotix_moveit_interface/local_setup.zsh
-- Symlinking: /home/locobot/SU_Robotics/eyetracking_ros_ws/install/interbotix_moveit_interface/share/interbotix_moveit_interface/local_setup.dsv
-- Symlinking: /home/locobot/SU_Robotics/eyetracking_ros_ws/install/interbotix_moveit_interface/share/interbotix_moveit_interface/package.dsv
-- Symlinking: /home/locobot/SU_Robotics/eyetracking_ros_ws/install/interbotix_moveit_interface/share/ament_index/resource_index/packages/interbotix_moveit_interface
-- Symlinking: /home/locobot/SU_Robotics/eyetracking_ros_ws/install/interbotix_moveit_interface/share/interbotix_moveit_interface/cmake/interbotix_moveit_interfaceConfig.cmake
-- Symlinking: /home/locobot/SU_Robotics/eyetracking_ros_ws/install/interbotix_moveit_interface/share/interbotix_moveit_interface/cmake/interbotix_moveit_interfaceConfig-version.cmake
-- Symlinking: /home/locobot/SU_Robotics/eyetracking_ros_ws/install/interbotix_moveit_interface/share/interbotix_moveit_interface/package.xml
