[2.327s] Invoking command in '/home/locobot/SU_Robotics/eyetracking_ros_ws/build/interbotix_common_sim': CMAKE_PREFIX_PATH=${CMAKE_PREFIX_PATH}:/home/locobot/SU_Robotics/eyetracking_ros_ws/install/interbotix_xs_modules:/home/locobot/SU_Robotics/eyetracking_ros_ws/install/interbotix_perception_modules:/home/locobot/SU_Robotics/eyetracking_ros_ws/install/interbotix_common_modules:/home/locobot/interbotix_ws/install/interbotix_xs_modules:/home/locobot/interbotix_ws/install/interbotix_perception_modules:/home/locobot/interbotix_ws/install/interbotix_common_modules:/opt/ros/galactic /usr/bin/cmake /home/locobot/SU_Robotics/eyetracking_ros_ws/src/interbotix_ros_toolboxes/interbotix_common_toolbox/interbotix_common_sim -DAMENT_CMAKE_SYMLINK_INSTALL=1 -DCMAKE_INSTALL_PREFIX=/home/locobot/SU_Robotics/eyetracking_ros_ws/install/interbotix_common_sim
[2.676s] -- Found ament_cmake: 1.1.6 (/opt/ros/galactic/share/ament_cmake/cmake)
[2.676s] -- Using PYTHON_EXECUTABLE: /usr/bin/python3
[2.677s] -- Override CMake install command with custom implementation using symlinks instead of copying resources
[2.679s] -- Found ament_lint_auto: 0.10.7 (/opt/ros/galactic/share/ament_lint_auto/cmake)
[2.679s] -- Configuring done
[2.680s] -- Generating done
[2.680s] -- Build files have been written to: /home/locobot/SU_Robotics/eyetracking_ros_ws/build/interbotix_common_sim
[2.690s] Invoked command in '/home/locobot/SU_Robotics/eyetracking_ros_ws/build/interbotix_common_sim' returned '0': CMAKE_PREFIX_PATH=${CMAKE_PREFIX_PATH}:/home/locobot/SU_Robotics/eyetracking_ros_ws/install/interbotix_xs_modules:/home/locobot/SU_Robotics/eyetracking_ros_ws/install/interbotix_perception_modules:/home/locobot/SU_Robotics/eyetracking_ros_ws/install/interbotix_common_modules:/home/locobot/interbotix_ws/install/interbotix_xs_modules:/home/locobot/interbotix_ws/install/interbotix_perception_modules:/home/locobot/interbotix_ws/install/interbotix_common_modules:/opt/ros/galactic /usr/bin/cmake /home/locobot/SU_Robotics/eyetracking_ros_ws/src/interbotix_ros_toolboxes/interbotix_common_toolbox/interbotix_common_sim -DAMENT_CMAKE_SYMLINK_INSTALL=1 -DCMAKE_INSTALL_PREFIX=/home/locobot/SU_Robotics/eyetracking_ros_ws/install/interbotix_common_sim
[2.691s] Invoking command in '/home/locobot/SU_Robotics/eyetracking_ros_ws/build/interbotix_common_sim': CMAKE_PREFIX_PATH=${CMAKE_PREFIX_PATH}:/home/locobot/SU_Robotics/eyetracking_ros_ws/install/interbotix_xs_modules:/home/locobot/SU_Robotics/eyetracking_ros_ws/install/interbotix_perception_modules:/home/locobot/SU_Robotics/eyetracking_ros_ws/install/interbotix_common_modules:/home/locobot/interbotix_ws/install/interbotix_xs_modules:/home/locobot/interbotix_ws/install/interbotix_perception_modules:/home/locobot/interbotix_ws/install/interbotix_common_modules:/opt/ros/galactic /usr/bin/cmake --build /home/locobot/SU_Robotics/eyetracking_ros_ws/build/interbotix_common_sim -- -j12 -l12
[2.734s] Invoked command in '/home/locobot/SU_Robotics/eyetracking_ros_ws/build/interbotix_common_sim' returned '0': CMAKE_PREFIX_PATH=${CMAKE_PREFIX_PATH}:/home/locobot/SU_Robotics/eyetracking_ros_ws/install/interbotix_xs_modules:/home/locobot/SU_Robotics/eyetracking_ros_ws/install/interbotix_perception_modules:/home/locobot/SU_Robotics/eyetracking_ros_ws/install/interbotix_common_modules:/home/locobot/interbotix_ws/install/interbotix_xs_modules:/home/locobot/interbotix_ws/install/interbotix_perception_modules:/home/locobot/interbotix_ws/install/interbotix_common_modules:/opt/ros/galactic /usr/bin/cmake --build /home/locobot/SU_Robotics/eyetracking_ros_ws/build/interbotix_common_sim -- -j12 -l12
[2.784s] Invoking command in '/home/locobot/SU_Robotics/eyetracking_ros_ws/build/interbotix_common_sim': CMAKE_PREFIX_PATH=${CMAKE_PREFIX_PATH}:/home/locobot/SU_Robotics/eyetracking_ros_ws/install/interbotix_xs_modules:/home/locobot/SU_Robotics/eyetracking_ros_ws/install/interbotix_perception_modules:/home/locobot/SU_Robotics/eyetracking_ros_ws/install/interbotix_common_modules:/home/locobot/interbotix_ws/install/interbotix_xs_modules:/home/locobot/interbotix_ws/install/interbotix_perception_modules:/home/locobot/interbotix_ws/install/interbotix_common_modules:/opt/ros/galactic /usr/bin/cmake --install /home/locobot/SU_Robotics/eyetracking_ros_ws/build/interbotix_common_sim
[2.796s] -- Install configuration: ""
[2.797s] -- Execute custom install script
[2.797s] -- Symlinking: /home/locobot/SU_Robotics/eyetracking_ros_ws/install/interbotix_common_sim/share/interbotix_common_sim/models/RealSenseD415/RealSenseD415.sdf
[2.810s] -- Symlinking: /home/locobot/SU_Robotics/eyetracking_ros_ws/install/interbotix_common_sim/share/interbotix_common_sim/models/RealSenseD415/camera.stl
[2.824s] -- Symlinking: /home/locobot/SU_Robotics/eyetracking_ros_ws/install/interbotix_common_sim/share/interbotix_common_sim/models/RealSenseD415/model.config
[2.836s] -- Symlinking: /home/locobot/SU_Robotics/eyetracking_ros_ws/install/interbotix_common_sim/share/interbotix_common_sim/models/TrossenRoboticsOfficeBuilding/TrossenRoboticsOfficeBuilding.sdf
[2.849s] -- Symlinking: /home/locobot/SU_Robotics/eyetracking_ros_ws/install/interbotix_common_sim/share/interbotix_common_sim/models/TrossenRoboticsOfficeBuilding/model.config
[2.862s] -- Symlinking: /home/locobot/SU_Robotics/eyetracking_ros_ws/install/interbotix_common_sim/share/interbotix_common_sim/models/VisionKit/VisionKit.sdf
[2.875s] -- Symlinking: /home/locobot/SU_Robotics/eyetracking_ros_ws/install/interbotix_common_sim/share/interbotix_common_sim/models/VisionKit/model.config
[2.884s] -- Symlinking: /home/locobot/SU_Robotics/eyetracking_ros_ws/install/interbotix_common_sim/share/interbotix_common_sim/models/VisionKit/stand.stl
[2.894s] -- Symlinking: /home/locobot/SU_Robotics/eyetracking_ros_ws/install/interbotix_common_sim/share/interbotix_common_sim/worlds/interbotix.world
[2.904s] -- Symlinking: /home/locobot/SU_Robotics/eyetracking_ros_ws/install/interbotix_common_sim/share/interbotix_common_sim/worlds/vision_kit.world
[2.918s] -- Symlinking: /home/locobot/SU_Robotics/eyetracking_ros_ws/install/interbotix_common_sim/share/interbotix_common_sim/media/interbotix_black.png
[2.931s] -- Symlinking: /home/locobot/SU_Robotics/eyetracking_ros_ws/install/interbotix_common_sim/share/interbotix_common_sim/media/materials/scripts/interbotix_black.material
[2.944s] -- Symlinking: /home/locobot/SU_Robotics/eyetracking_ros_ws/install/interbotix_common_sim/share/interbotix_common_sim/media/materials/scripts/interbotix_texture.gazebo
[2.958s] -- Symlinking: /home/locobot/SU_Robotics/eyetracking_ros_ws/install/interbotix_common_sim/share/interbotix_common_sim/media/materials/textures/interbotix_black.png
[2.972s] -- Symlinking: /home/locobot/SU_Robotics/eyetracking_ros_ws/install/interbotix_common_sim/share/ament_index/resource_index/package_run_dependencies/interbotix_common_sim
[2.985s] -- Symlinking: /home/locobot/SU_Robotics/eyetracking_ros_ws/install/interbotix_common_sim/share/ament_index/resource_index/parent_prefix_path/interbotix_common_sim
[2.995s] -- Symlinking: /home/locobot/SU_Robotics/eyetracking_ros_ws/install/interbotix_common_sim/share/interbotix_common_sim/environment/ament_prefix_path.sh
[3.005s] -- Symlinking: /home/locobot/SU_Robotics/eyetracking_ros_ws/install/interbotix_common_sim/share/interbotix_common_sim/environment/ament_prefix_path.dsv
[3.014s] -- Symlinking: /home/locobot/SU_Robotics/eyetracking_ros_ws/install/interbotix_common_sim/share/interbotix_common_sim/environment/path.sh
[3.024s] -- Symlinking: /home/locobot/SU_Robotics/eyetracking_ros_ws/install/interbotix_common_sim/share/interbotix_common_sim/environment/path.dsv
[3.034s] -- Symlinking: /home/locobot/SU_Robotics/eyetracking_ros_ws/install/interbotix_common_sim/share/interbotix_common_sim/local_setup.bash
[3.045s] -- Symlinking: /home/locobot/SU_Robotics/eyetracking_ros_ws/install/interbotix_common_sim/share/interbotix_common_sim/local_setup.sh
[3.059s] -- Symlinking: /home/locobot/SU_Robotics/eyetracking_ros_ws/install/interbotix_common_sim/share/interbotix_common_sim/local_setup.zsh
[3.073s] -- Symlinking: /home/locobot/SU_Robotics/eyetracking_ros_ws/install/interbotix_common_sim/share/interbotix_common_sim/local_setup.dsv
[3.086s] -- Symlinking: /home/locobot/SU_Robotics/eyetracking_ros_ws/install/interbotix_common_sim/share/interbotix_common_sim/package.dsv
[3.100s] -- Symlinking: /home/locobot/SU_Robotics/eyetracking_ros_ws/install/interbotix_common_sim/share/ament_index/resource_index/packages/interbotix_common_sim
[3.114s] -- Symlinking: /home/locobot/SU_Robotics/eyetracking_ros_ws/install/interbotix_common_sim/share/interbotix_common_sim/cmake/interbotix_common_simConfig.cmake
[3.129s] -- Symlinking: /home/locobot/SU_Robotics/eyetracking_ros_ws/install/interbotix_common_sim/share/interbotix_common_sim/cmake/interbotix_common_simConfig-version.cmake
[3.138s] -- Symlinking: /home/locobot/SU_Robotics/eyetracking_ros_ws/install/interbotix_common_sim/share/interbotix_common_sim/package.xml
[3.149s] Invoked command in '/home/locobot/SU_Robotics/eyetracking_ros_ws/build/interbotix_common_sim' returned '0': CMAKE_PREFIX_PATH=${CMAKE_PREFIX_PATH}:/home/locobot/SU_Robotics/eyetracking_ros_ws/install/interbotix_xs_modules:/home/locobot/SU_Robotics/eyetracking_ros_ws/install/interbotix_perception_modules:/home/locobot/SU_Robotics/eyetracking_ros_ws/install/interbotix_common_modules:/home/locobot/interbotix_ws/install/interbotix_xs_modules:/home/locobot/interbotix_ws/install/interbotix_perception_modules:/home/locobot/interbotix_ws/install/interbotix_common_modules:/opt/ros/galactic /usr/bin/cmake --install /home/locobot/SU_Robotics/eyetracking_ros_ws/build/interbotix_common_sim
