[2.031s] Invoking command in '/home/locobot/SU_Robotics/eyetracking_ros_ws/src/interbotix_ros_toolboxes/interbotix_xs_toolbox/interbotix_xs_modules': AMENT_PREFIX_PATH=/home/locobot/SU_Robotics/eyetracking_ros_ws/install/interbotix_xs_msgs:/home/locobot/SU_Robotics/eyetracking_ros_ws/install/interbotix_common_modules:${AMENT_PREFIX_PATH} CMAKE_PREFIX_PATH=/home/locobot/SU_Robotics/eyetracking_ros_ws/install/interbotix_xs_msgs:${CMAKE_PREFIX_PATH} LD_LIBRARY_PATH=/home/locobot/SU_Robotics/eyetracking_ros_ws/install/interbotix_xs_msgs/lib:${LD_LIBRARY_PATH} PYTHONPATH=/home/locobot/SU_Robotics/eyetracking_ros_ws/build/interbotix_xs_modules/prefix_override:/home/locobot/SU_Robotics/eyetracking_ros_ws/install/interbotix_xs_modules/lib/python3.8/site-packages:/home/locobot/SU_Robotics/eyetracking_ros_ws/install/interbotix_xs_msgs/lib/python3.8/site-packages:/home/locobot/SU_Robotics/eyetracking_ros_ws/install/interbotix_common_modules/lib/python3.8/site-packages:${PYTHONPATH} /usr/bin/python3 setup.py egg_info --egg-base ../../../../build/interbotix_xs_modules build --build-base /home/locobot/SU_Robotics/eyetracking_ros_ws/build/interbotix_xs_modules/build install --record /home/locobot/SU_Robotics/eyetracking_ros_ws/build/interbotix_xs_modules/install.log --single-version-externally-managed
[2.282s] running egg_info
[2.282s] creating ../../../../build/interbotix_xs_modules/interbotix_xs_modules.egg-info
[2.283s] writing ../../../../build/interbotix_xs_modules/interbotix_xs_modules.egg-info/PKG-INFO
[2.283s] writing dependency_links to ../../../../build/interbotix_xs_modules/interbotix_xs_modules.egg-info/dependency_links.txt
[2.283s] writing entry points to ../../../../build/interbotix_xs_modules/interbotix_xs_modules.egg-info/entry_points.txt
[2.283s] writing requirements to ../../../../build/interbotix_xs_modules/interbotix_xs_modules.egg-info/requires.txt
[2.284s] writing top-level names to ../../../../build/interbotix_xs_modules/interbotix_xs_modules.egg-info/top_level.txt
[2.285s] writing manifest file '../../../../build/interbotix_xs_modules/interbotix_xs_modules.egg-info/SOURCES.txt'
[2.343s] reading manifest file '../../../../build/interbotix_xs_modules/interbotix_xs_modules.egg-info/SOURCES.txt'
[2.344s] writing manifest file '../../../../build/interbotix_xs_modules/interbotix_xs_modules.egg-info/SOURCES.txt'
[2.344s] running build
[2.344s] running build_py
[2.345s] creating /home/locobot/SU_Robotics/eyetracking_ros_ws/build/interbotix_xs_modules/build
[2.345s] creating /home/locobot/SU_Robotics/eyetracking_ros_ws/build/interbotix_xs_modules/build/lib
[2.345s] creating /home/locobot/SU_Robotics/eyetracking_ros_ws/build/interbotix_xs_modules/build/lib/interbotix_xs_modules
[2.345s] copying interbotix_xs_modules/__init__.py -> /home/locobot/SU_Robotics/eyetracking_ros_ws/build/interbotix_xs_modules/build/lib/interbotix_xs_modules
[2.345s] creating /home/locobot/SU_Robotics/eyetracking_ros_ws/build/interbotix_xs_modules/build/lib/interbotix_xs_modules/xs_common
[2.345s] copying interbotix_xs_modules/xs_common/__init__.py -> /home/locobot/SU_Robotics/eyetracking_ros_ws/build/interbotix_xs_modules/build/lib/interbotix_xs_modules/xs_common
[2.345s] copying interbotix_xs_modules/xs_common/xs_common.py -> /home/locobot/SU_Robotics/eyetracking_ros_ws/build/interbotix_xs_modules/build/lib/interbotix_xs_modules/xs_common
[2.345s] creating /home/locobot/SU_Robotics/eyetracking_ros_ws/build/interbotix_xs_modules/build/lib/interbotix_xs_modules/xs_launch
[2.345s] copying interbotix_xs_modules/xs_launch/__init__.py -> /home/locobot/SU_Robotics/eyetracking_ros_ws/build/interbotix_xs_modules/build/lib/interbotix_xs_modules/xs_launch
[2.346s] copying interbotix_xs_modules/xs_launch/xs_launch.py -> /home/locobot/SU_Robotics/eyetracking_ros_ws/build/interbotix_xs_modules/build/lib/interbotix_xs_modules/xs_launch
[2.346s] creating /home/locobot/SU_Robotics/eyetracking_ros_ws/build/interbotix_xs_modules/build/lib/interbotix_xs_modules/xs_robot
[2.346s] copying interbotix_xs_modules/xs_robot/mr_descriptions.py -> /home/locobot/SU_Robotics/eyetracking_ros_ws/build/interbotix_xs_modules/build/lib/interbotix_xs_modules/xs_robot
[2.346s] copying interbotix_xs_modules/xs_robot/mobile_base.py -> /home/locobot/SU_Robotics/eyetracking_ros_ws/build/interbotix_xs_modules/build/lib/interbotix_xs_modules/xs_robot
[2.347s] copying interbotix_xs_modules/xs_robot/locobot.py -> /home/locobot/SU_Robotics/eyetracking_ros_ws/build/interbotix_xs_modules/build/lib/interbotix_xs_modules/xs_robot
[2.347s] copying interbotix_xs_modules/xs_robot/__init__.py -> /home/locobot/SU_Robotics/eyetracking_ros_ws/build/interbotix_xs_modules/build/lib/interbotix_xs_modules/xs_robot
[2.347s] copying interbotix_xs_modules/xs_robot/core.py -> /home/locobot/SU_Robotics/eyetracking_ros_ws/build/interbotix_xs_modules/build/lib/interbotix_xs_modules/xs_robot
[2.347s] copying interbotix_xs_modules/xs_robot/hexapod.py -> /home/locobot/SU_Robotics/eyetracking_ros_ws/build/interbotix_xs_modules/build/lib/interbotix_xs_modules/xs_robot
[2.347s] copying interbotix_xs_modules/xs_robot/kobuki.py -> /home/locobot/SU_Robotics/eyetracking_ros_ws/build/interbotix_xs_modules/build/lib/interbotix_xs_modules/xs_robot
[2.347s] copying interbotix_xs_modules/xs_robot/gripper.py -> /home/locobot/SU_Robotics/eyetracking_ros_ws/build/interbotix_xs_modules/build/lib/interbotix_xs_modules/xs_robot
[2.347s] copying interbotix_xs_modules/xs_robot/create3.py -> /home/locobot/SU_Robotics/eyetracking_ros_ws/build/interbotix_xs_modules/build/lib/interbotix_xs_modules/xs_robot
[2.348s] copying interbotix_xs_modules/xs_robot/arm.py -> /home/locobot/SU_Robotics/eyetracking_ros_ws/build/interbotix_xs_modules/build/lib/interbotix_xs_modules/xs_robot
[2.348s] copying interbotix_xs_modules/xs_robot/turret.py -> /home/locobot/SU_Robotics/eyetracking_ros_ws/build/interbotix_xs_modules/build/lib/interbotix_xs_modules/xs_robot
[2.348s] running install
[2.350s] running install_lib
[2.351s] creating /home/locobot/SU_Robotics/eyetracking_ros_ws/install/interbotix_xs_modules/lib/python3.8/site-packages/interbotix_xs_modules
[2.351s] creating /home/locobot/SU_Robotics/eyetracking_ros_ws/install/interbotix_xs_modules/lib/python3.8/site-packages/interbotix_xs_modules/xs_common
[2.352s] copying /home/locobot/SU_Robotics/eyetracking_ros_ws/build/interbotix_xs_modules/build/lib/interbotix_xs_modules/xs_common/__init__.py -> /home/locobot/SU_Robotics/eyetracking_ros_ws/install/interbotix_xs_modules/lib/python3.8/site-packages/interbotix_xs_modules/xs_common
[2.352s] copying /home/locobot/SU_Robotics/eyetracking_ros_ws/build/interbotix_xs_modules/build/lib/interbotix_xs_modules/xs_common/xs_common.py -> /home/locobot/SU_Robotics/eyetracking_ros_ws/install/interbotix_xs_modules/lib/python3.8/site-packages/interbotix_xs_modules/xs_common
[2.352s] creating /home/locobot/SU_Robotics/eyetracking_ros_ws/install/interbotix_xs_modules/lib/python3.8/site-packages/interbotix_xs_modules/xs_launch
[2.352s] copying /home/locobot/SU_Robotics/eyetracking_ros_ws/build/interbotix_xs_modules/build/lib/interbotix_xs_modules/xs_launch/__init__.py -> /home/locobot/SU_Robotics/eyetracking_ros_ws/install/interbotix_xs_modules/lib/python3.8/site-packages/interbotix_xs_modules/xs_launch
[2.352s] copying /home/locobot/SU_Robotics/eyetracking_ros_ws/build/interbotix_xs_modules/build/lib/interbotix_xs_modules/xs_launch/xs_launch.py -> /home/locobot/SU_Robotics/eyetracking_ros_ws/install/interbotix_xs_modules/lib/python3.8/site-packages/interbotix_xs_modules/xs_launch
[2.352s] copying /home/locobot/SU_Robotics/eyetracking_ros_ws/build/interbotix_xs_modules/build/lib/interbotix_xs_modules/__init__.py -> /home/locobot/SU_Robotics/eyetracking_ros_ws/install/interbotix_xs_modules/lib/python3.8/site-packages/interbotix_xs_modules
[2.352s] creating /home/locobot/SU_Robotics/eyetracking_ros_ws/install/interbotix_xs_modules/lib/python3.8/site-packages/interbotix_xs_modules/xs_robot
[2.353s] copying /home/locobot/SU_Robotics/eyetracking_ros_ws/build/interbotix_xs_modules/build/lib/interbotix_xs_modules/xs_robot/mr_descriptions.py -> /home/locobot/SU_Robotics/eyetracking_ros_ws/install/interbotix_xs_modules/lib/python3.8/site-packages/interbotix_xs_modules/xs_robot
[2.353s] copying /home/locobot/SU_Robotics/eyetracking_ros_ws/build/interbotix_xs_modules/build/lib/interbotix_xs_modules/xs_robot/mobile_base.py -> /home/locobot/SU_Robotics/eyetracking_ros_ws/install/interbotix_xs_modules/lib/python3.8/site-packages/interbotix_xs_modules/xs_robot
[2.353s] copying /home/locobot/SU_Robotics/eyetracking_ros_ws/build/interbotix_xs_modules/build/lib/interbotix_xs_modules/xs_robot/locobot.py -> /home/locobot/SU_Robotics/eyetracking_ros_ws/install/interbotix_xs_modules/lib/python3.8/site-packages/interbotix_xs_modules/xs_robot
[2.353s] copying /home/locobot/SU_Robotics/eyetracking_ros_ws/build/interbotix_xs_modules/build/lib/interbotix_xs_modules/xs_robot/__init__.py -> /home/locobot/SU_Robotics/eyetracking_ros_ws/install/interbotix_xs_modules/lib/python3.8/site-packages/interbotix_xs_modules/xs_robot
[2.353s] copying /home/locobot/SU_Robotics/eyetracking_ros_ws/build/interbotix_xs_modules/build/lib/interbotix_xs_modules/xs_robot/core.py -> /home/locobot/SU_Robotics/eyetracking_ros_ws/install/interbotix_xs_modules/lib/python3.8/site-packages/interbotix_xs_modules/xs_robot
[2.353s] copying /home/locobot/SU_Robotics/eyetracking_ros_ws/build/interbotix_xs_modules/build/lib/interbotix_xs_modules/xs_robot/hexapod.py -> /home/locobot/SU_Robotics/eyetracking_ros_ws/install/interbotix_xs_modules/lib/python3.8/site-packages/interbotix_xs_modules/xs_robot
[2.353s] copying /home/locobot/SU_Robotics/eyetracking_ros_ws/build/interbotix_xs_modules/build/lib/interbotix_xs_modules/xs_robot/kobuki.py -> /home/locobot/SU_Robotics/eyetracking_ros_ws/install/interbotix_xs_modules/lib/python3.8/site-packages/interbotix_xs_modules/xs_robot
[2.354s] copying /home/locobot/SU_Robotics/eyetracking_ros_ws/build/interbotix_xs_modules/build/lib/interbotix_xs_modules/xs_robot/gripper.py -> /home/locobot/SU_Robotics/eyetracking_ros_ws/install/interbotix_xs_modules/lib/python3.8/site-packages/interbotix_xs_modules/xs_robot
[2.354s] copying /home/locobot/SU_Robotics/eyetracking_ros_ws/build/interbotix_xs_modules/build/lib/interbotix_xs_modules/xs_robot/create3.py -> /home/locobot/SU_Robotics/eyetracking_ros_ws/install/interbotix_xs_modules/lib/python3.8/site-packages/interbotix_xs_modules/xs_robot
[2.354s] copying /home/locobot/SU_Robotics/eyetracking_ros_ws/build/interbotix_xs_modules/build/lib/interbotix_xs_modules/xs_robot/arm.py -> /home/locobot/SU_Robotics/eyetracking_ros_ws/install/interbotix_xs_modules/lib/python3.8/site-packages/interbotix_xs_modules/xs_robot
[2.354s] copying /home/locobot/SU_Robotics/eyetracking_ros_ws/build/interbotix_xs_modules/build/lib/interbotix_xs_modules/xs_robot/turret.py -> /home/locobot/SU_Robotics/eyetracking_ros_ws/install/interbotix_xs_modules/lib/python3.8/site-packages/interbotix_xs_modules/xs_robot
[2.355s] byte-compiling /home/locobot/SU_Robotics/eyetracking_ros_ws/install/interbotix_xs_modules/lib/python3.8/site-packages/interbotix_xs_modules/xs_common/__init__.py to __init__.cpython-38.pyc
[2.357s] byte-compiling /home/locobot/SU_Robotics/eyetracking_ros_ws/install/interbotix_xs_modules/lib/python3.8/site-packages/interbotix_xs_modules/xs_common/xs_common.py to xs_common.cpython-38.pyc
[2.357s] byte-compiling /home/locobot/SU_Robotics/eyetracking_ros_ws/install/interbotix_xs_modules/lib/python3.8/site-packages/interbotix_xs_modules/xs_launch/__init__.py to __init__.cpython-38.pyc
[2.358s] byte-compiling /home/locobot/SU_Robotics/eyetracking_ros_ws/install/interbotix_xs_modules/lib/python3.8/site-packages/interbotix_xs_modules/xs_launch/xs_launch.py to xs_launch.cpython-38.pyc
[2.360s] byte-compiling /home/locobot/SU_Robotics/eyetracking_ros_ws/install/interbotix_xs_modules/lib/python3.8/site-packages/interbotix_xs_modules/__init__.py to __init__.cpython-38.pyc
[2.360s] byte-compiling /home/locobot/SU_Robotics/eyetracking_ros_ws/install/interbotix_xs_modules/lib/python3.8/site-packages/interbotix_xs_modules/xs_robot/mr_descriptions.py to mr_descriptions.cpython-38.pyc
[2.363s] byte-compiling /home/locobot/SU_Robotics/eyetracking_ros_ws/install/interbotix_xs_modules/lib/python3.8/site-packages/interbotix_xs_modules/xs_robot/mobile_base.py to mobile_base.cpython-38.pyc
[2.365s] byte-compiling /home/locobot/SU_Robotics/eyetracking_ros_ws/install/interbotix_xs_modules/lib/python3.8/site-packages/interbotix_xs_modules/xs_robot/locobot.py to locobot.cpython-38.pyc
[2.366s] byte-compiling /home/locobot/SU_Robotics/eyetracking_ros_ws/install/interbotix_xs_modules/lib/python3.8/site-packages/interbotix_xs_modules/xs_robot/__init__.py to __init__.cpython-38.pyc
[2.366s] byte-compiling /home/locobot/SU_Robotics/eyetracking_ros_ws/install/interbotix_xs_modules/lib/python3.8/site-packages/interbotix_xs_modules/xs_robot/core.py to core.cpython-38.pyc
[2.369s] byte-compiling /home/locobot/SU_Robotics/eyetracking_ros_ws/install/interbotix_xs_modules/lib/python3.8/site-packages/interbotix_xs_modules/xs_robot/hexapod.py to hexapod.cpython-38.pyc
[2.378s] byte-compiling /home/locobot/SU_Robotics/eyetracking_ros_ws/install/interbotix_xs_modules/lib/python3.8/site-packages/interbotix_xs_modules/xs_robot/kobuki.py to kobuki.cpython-38.pyc
[2.379s] byte-compiling /home/locobot/SU_Robotics/eyetracking_ros_ws/install/interbotix_xs_modules/lib/python3.8/site-packages/interbotix_xs_modules/xs_robot/gripper.py to gripper.cpython-38.pyc
[2.381s] byte-compiling /home/locobot/SU_Robotics/eyetracking_ros_ws/install/interbotix_xs_modules/lib/python3.8/site-packages/interbotix_xs_modules/xs_robot/create3.py to create3.cpython-38.pyc
[2.381s] byte-compiling /home/locobot/SU_Robotics/eyetracking_ros_ws/install/interbotix_xs_modules/lib/python3.8/site-packages/interbotix_xs_modules/xs_robot/arm.py to arm.cpython-38.pyc
[2.386s] byte-compiling /home/locobot/SU_Robotics/eyetracking_ros_ws/install/interbotix_xs_modules/lib/python3.8/site-packages/interbotix_xs_modules/xs_robot/turret.py to turret.cpython-38.pyc
[2.389s] running install_data
[2.390s] creating /home/locobot/SU_Robotics/eyetracking_ros_ws/install/interbotix_xs_modules/share/ament_index
[2.390s] creating /home/locobot/SU_Robotics/eyetracking_ros_ws/install/interbotix_xs_modules/share/ament_index/resource_index
[2.391s] creating /home/locobot/SU_Robotics/eyetracking_ros_ws/install/interbotix_xs_modules/share/ament_index/resource_index/packages
[2.391s] copying resource/interbotix_xs_modules -> /home/locobot/SU_Robotics/eyetracking_ros_ws/install/interbotix_xs_modules/share/ament_index/resource_index/packages
[2.391s] copying package.xml -> /home/locobot/SU_Robotics/eyetracking_ros_ws/install/interbotix_xs_modules/share/interbotix_xs_modules
[2.391s] running install_egg_info
[2.393s] Copying ../../../../build/interbotix_xs_modules/interbotix_xs_modules.egg-info to /home/locobot/SU_Robotics/eyetracking_ros_ws/install/interbotix_xs_modules/lib/python3.8/site-packages/interbotix_xs_modules-0.0.0-py3.8.egg-info
[2.394s] running install_scripts
[2.422s] writing list of installed files to '/home/locobot/SU_Robotics/eyetracking_ros_ws/build/interbotix_xs_modules/install.log'
[2.454s] Invoked command in '/home/locobot/SU_Robotics/eyetracking_ros_ws/src/interbotix_ros_toolboxes/interbotix_xs_toolbox/interbotix_xs_modules' returned '0': AMENT_PREFIX_PATH=/home/locobot/SU_Robotics/eyetracking_ros_ws/install/interbotix_xs_msgs:/home/locobot/SU_Robotics/eyetracking_ros_ws/install/interbotix_common_modules:${AMENT_PREFIX_PATH} CMAKE_PREFIX_PATH=/home/locobot/SU_Robotics/eyetracking_ros_ws/install/interbotix_xs_msgs:${CMAKE_PREFIX_PATH} LD_LIBRARY_PATH=/home/locobot/SU_Robotics/eyetracking_ros_ws/install/interbotix_xs_msgs/lib:${LD_LIBRARY_PATH} PYTHONPATH=/home/locobot/SU_Robotics/eyetracking_ros_ws/build/interbotix_xs_modules/prefix_override:/home/locobot/SU_Robotics/eyetracking_ros_ws/install/interbotix_xs_modules/lib/python3.8/site-packages:/home/locobot/SU_Robotics/eyetracking_ros_ws/install/interbotix_xs_msgs/lib/python3.8/site-packages:/home/locobot/SU_Robotics/eyetracking_ros_ws/install/interbotix_common_modules/lib/python3.8/site-packages:${PYTHONPATH} /usr/bin/python3 setup.py egg_info --egg-base ../../../../build/interbotix_xs_modules build --build-base /home/locobot/SU_Robotics/eyetracking_ros_ws/build/interbotix_xs_modules/build install --record /home/locobot/SU_Robotics/eyetracking_ros_ws/build/interbotix_xs_modules/install.log --single-version-externally-managed
