[2.318s] DEBUG:colcon:Command line arguments: ['/usr/bin/colcon', 'build']
[2.318s] DEBUG:colcon:Parsed command line arguments: Namespace(allow_overriding=[], ament_cmake_args=None, base_paths=['.'], build_base='build', catkin_cmake_args=None, catkin_skip_building_tests=False, cmake_args=None, cmake_clean_cache=False, cmake_clean_first=False, cmake_force_configure=False, cmake_target=None, cmake_target_skip_unavailable=False, continue_on_error=False, event_handlers=None, executor='parallel', ignore_user_meta=False, install_base='install', log_base=None, log_level=None, main=<bound method BuildVerb.main of <colcon_core.verb.build.BuildVerb object at 0x7fa93afedcd0>>, merge_install=False, metas=['./colcon.meta'], packages_above=None, packages_above_and_dependencies=None, packages_above_depth=None, packages_end=None, packages_ignore=None, packages_ignore_regex=None, packages_select=None, packages_select_build_failed=False, packages_select_by_dep=None, packages_select_regex=None, packages_select_test_failures=False, packages_skip=None, packages_skip_build_finished=False, packages_skip_by_dep=None, packages_skip_regex=None, packages_skip_test_passed=False, packages_skip_up_to=None, packages_start=None, packages_up_to=None, packages_up_to_regex=None, parallel_workers=12, paths=None, symlink_install=False, test_result_base=None, verb_extension=<colcon_core.verb.build.BuildVerb object at 0x7fa93afedcd0>, verb_name='build', verb_parser=<colcon_defaults.argument_parser.defaults.DefaultArgumentsDecorator object at 0x7fa93b469640>)
[2.421s] Level 1:colcon.colcon_core.package_discovery:discover_packages(colcon_meta) check parameters
[2.421s] Level 1:colcon.colcon_core.package_discovery:discover_packages(recursive) check parameters
[2.421s] Level 1:colcon.colcon_core.package_discovery:discover_packages(ignore) check parameters
[2.421s] Level 1:colcon.colcon_core.package_discovery:discover_packages(path) check parameters
[2.421s] Level 1:colcon.colcon_core.package_discovery:discover_packages(colcon_meta) discover
[2.421s] Level 1:colcon.colcon_core.package_discovery:discover_packages(recursive) discover
[2.421s] INFO:colcon.colcon_core.package_discovery:Crawling recursively for packages in '/home/locobot/SU_Robotics/gesture_control_ros'
[2.421s] Level 1:colcon.colcon_core.package_identification:_identify(.) by extensions ['ignore', 'ignore_ament_install']
[2.421s] Level 1:colcon.colcon_core.package_identification:_identify(.) by extension 'ignore'
[2.421s] Level 1:colcon.colcon_core.package_identification:_identify(.) by extension 'ignore_ament_install'
[2.421s] Level 1:colcon.colcon_core.package_identification:_identify(.) by extensions ['colcon_pkg']
[2.421s] Level 1:colcon.colcon_core.package_identification:_identify(.) by extension 'colcon_pkg'
[2.421s] Level 1:colcon.colcon_core.package_identification:_identify(.) by extensions ['colcon_meta']
[2.421s] Level 1:colcon.colcon_core.package_identification:_identify(.) by extension 'colcon_meta'
[2.421s] Level 1:colcon.colcon_core.package_identification:_identify(.) by extensions ['ros']
[2.421s] Level 1:colcon.colcon_core.package_identification:_identify(.) by extension 'ros'
[2.431s] Level 1:colcon.colcon_core.package_identification:_identify(.) by extensions ['cmake', 'python']
[2.431s] Level 1:colcon.colcon_core.package_identification:_identify(.) by extension 'cmake'
[2.431s] Level 1:colcon.colcon_core.package_identification:_identify(.) by extension 'python'
[2.431s] Level 1:colcon.colcon_core.package_identification:_identify(.) by extensions ['python_setup_py']
[2.431s] Level 1:colcon.colcon_core.package_identification:_identify(.) by extension 'python_setup_py'
[2.431s] Level 1:colcon.colcon_core.package_identification:_identify(build) by extensions ['ignore', 'ignore_ament_install']
[2.431s] Level 1:colcon.colcon_core.package_identification:_identify(build) by extension 'ignore'
[2.431s] Level 1:colcon.colcon_core.package_identification:_identify(build) ignored
[2.431s] Level 1:colcon.colcon_core.package_identification:_identify(install) by extensions ['ignore', 'ignore_ament_install']
[2.431s] Level 1:colcon.colcon_core.package_identification:_identify(install) by extension 'ignore'
[2.431s] Level 1:colcon.colcon_core.package_identification:_identify(install) ignored
[2.431s] Level 1:colcon.colcon_core.package_identification:_identify(log) by extensions ['ignore', 'ignore_ament_install']
[2.431s] Level 1:colcon.colcon_core.package_identification:_identify(log) by extension 'ignore'
[2.431s] Level 1:colcon.colcon_core.package_identification:_identify(log) ignored
[2.432s] Level 1:colcon.colcon_core.package_identification:_identify(src) by extensions ['ignore', 'ignore_ament_install']
[2.432s] Level 1:colcon.colcon_core.package_identification:_identify(src) by extension 'ignore'
[2.432s] Level 1:colcon.colcon_core.package_identification:_identify(src) by extension 'ignore_ament_install'
[2.432s] Level 1:colcon.colcon_core.package_identification:_identify(src) by extensions ['colcon_pkg']
[2.432s] Level 1:colcon.colcon_core.package_identification:_identify(src) by extension 'colcon_pkg'
[2.432s] Level 1:colcon.colcon_core.package_identification:_identify(src) by extensions ['colcon_meta']
[2.432s] Level 1:colcon.colcon_core.package_identification:_identify(src) by extension 'colcon_meta'
[2.432s] Level 1:colcon.colcon_core.package_identification:_identify(src) by extensions ['ros']
[2.432s] Level 1:colcon.colcon_core.package_identification:_identify(src) by extension 'ros'
[2.432s] Level 1:colcon.colcon_core.package_identification:_identify(src) by extensions ['cmake', 'python']
[2.432s] Level 1:colcon.colcon_core.package_identification:_identify(src) by extension 'cmake'
[2.432s] Level 1:colcon.colcon_core.package_identification:_identify(src) by extension 'python'
[2.432s] Level 1:colcon.colcon_core.package_identification:_identify(src) by extensions ['python_setup_py']
[2.432s] Level 1:colcon.colcon_core.package_identification:_identify(src) by extension 'python_setup_py'
[2.432s] Level 1:colcon.colcon_core.package_identification:_identify(src/gesture_control) by extensions ['ignore', 'ignore_ament_install']
[2.432s] Level 1:colcon.colcon_core.package_identification:_identify(src/gesture_control) by extension 'ignore'
[2.432s] Level 1:colcon.colcon_core.package_identification:_identify(src/gesture_control) by extension 'ignore_ament_install'
[2.432s] Level 1:colcon.colcon_core.package_identification:_identify(src/gesture_control) by extensions ['colcon_pkg']
[2.432s] Level 1:colcon.colcon_core.package_identification:_identify(src/gesture_control) by extension 'colcon_pkg'
[2.432s] Level 1:colcon.colcon_core.package_identification:_identify(src/gesture_control) by extensions ['colcon_meta']
[2.432s] Level 1:colcon.colcon_core.package_identification:_identify(src/gesture_control) by extension 'colcon_meta'
[2.432s] Level 1:colcon.colcon_core.package_identification:_identify(src/gesture_control) by extensions ['ros']
[2.433s] Level 1:colcon.colcon_core.package_identification:_identify(src/gesture_control) by extension 'ros'
[2.435s] DEBUG:colcon.colcon_core.package_identification:Package 'src/gesture_control' with type 'ros.ament_python' and name 'gesture_control'
[2.435s] Level 1:colcon.colcon_core.package_discovery:discover_packages(recursive) using defaults
[2.435s] Level 1:colcon.colcon_core.package_discovery:discover_packages(ignore) discover
[2.435s] Level 1:colcon.colcon_core.package_discovery:discover_packages(ignore) using defaults
[2.435s] Level 1:colcon.colcon_core.package_discovery:discover_packages(path) discover
[2.435s] Level 1:colcon.colcon_core.package_discovery:discover_packages(path) using defaults
[2.646s] Level 1:colcon.colcon_core.package_discovery:discover_packages(prefix_path) check parameters
[2.646s] Level 1:colcon.colcon_core.package_discovery:discover_packages(prefix_path) discover
[2.686s] WARNING:colcon.colcon_core.prefix_path.colcon:The path '/home/locobot/SU_Robotics/gesture_control_project/install' in the environment variable COLCON_PREFIX_PATH doesn't exist
[2.727s] DEBUG:colcon.colcon_installed_package_information.package_discovery:Found 1 installed packages in /home/locobot/SU_Robotics/ros_ws/install
[2.767s] DEBUG:colcon.colcon_installed_package_information.package_discovery:Found 29 installed packages in /home/locobot/interbotix_ws/install
[2.807s] DEBUG:colcon.colcon_installed_package_information.package_discovery:Found 1 installed packages in /home/locobot/apriltag_ws/install
[2.847s] DEBUG:colcon.colcon_installed_package_information.package_discovery:Found 378 installed packages in /opt/ros/galactic
[2.849s] Level 1:colcon.colcon_core.package_discovery:discover_packages(prefix_path) using defaults
[3.018s] Level 5:colcon.colcon_core.verb:set package 'gesture_control' build argument 'cmake_args' from command line to 'None'
[3.018s] Level 5:colcon.colcon_core.verb:set package 'gesture_control' build argument 'cmake_target' from command line to 'None'
[3.018s] Level 5:colcon.colcon_core.verb:set package 'gesture_control' build argument 'cmake_target_skip_unavailable' from command line to 'False'
[3.018s] Level 5:colcon.colcon_core.verb:set package 'gesture_control' build argument 'cmake_clean_cache' from command line to 'False'
[3.019s] Level 5:colcon.colcon_core.verb:set package 'gesture_control' build argument 'cmake_clean_first' from command line to 'False'
[3.019s] Level 5:colcon.colcon_core.verb:set package 'gesture_control' build argument 'cmake_force_configure' from command line to 'False'
[3.019s] Level 5:colcon.colcon_core.verb:set package 'gesture_control' build argument 'ament_cmake_args' from command line to 'None'
[3.019s] Level 5:colcon.colcon_core.verb:set package 'gesture_control' build argument 'catkin_cmake_args' from command line to 'None'
[3.019s] Level 5:colcon.colcon_core.verb:set package 'gesture_control' build argument 'catkin_skip_building_tests' from command line to 'False'
[3.019s] DEBUG:colcon.colcon_core.verb:Building package 'gesture_control' with the following arguments: {'ament_cmake_args': None, 'build_base': '/home/locobot/SU_Robotics/gesture_control_ros/build/gesture_control', 'catkin_cmake_args': None, 'catkin_skip_building_tests': False, 'cmake_args': None, 'cmake_clean_cache': False, 'cmake_clean_first': False, 'cmake_force_configure': False, 'cmake_target': None, 'cmake_target_skip_unavailable': False, 'install_base': '/home/locobot/SU_Robotics/gesture_control_ros/install/gesture_control', 'merge_install': False, 'path': '/home/locobot/SU_Robotics/gesture_control_ros/src/gesture_control', 'symlink_install': False, 'test_result_base': None}
[3.058s] INFO:colcon.colcon_core.executor:Executing jobs using 'parallel' executor
[3.098s] DEBUG:colcon.colcon_parallel_executor.executor.parallel:run_until_complete
[3.098s] INFO:colcon.colcon_ros.task.ament_python.build:Building ROS package in '/home/locobot/SU_Robotics/gesture_control_ros/src/gesture_control' with build type 'ament_python'
[3.098s] Level 1:colcon.colcon_core.shell:create_environment_hook('gesture_control', 'ament_prefix_path')
[3.140s] INFO:colcon.colcon_core.plugin_system:Skipping extension 'colcon_core.shell.bat': Not used on non-Windows systems
[3.140s] INFO:colcon.colcon_core.shell:Creating environment hook '/home/locobot/SU_Robotics/gesture_control_ros/install/gesture_control/share/gesture_control/hook/ament_prefix_path.ps1'
[3.141s] INFO:colcon.colcon_core.shell:Creating environment descriptor '/home/locobot/SU_Robotics/gesture_control_ros/install/gesture_control/share/gesture_control/hook/ament_prefix_path.dsv'
[3.141s] INFO:colcon.colcon_core.shell:Creating environment hook '/home/locobot/SU_Robotics/gesture_control_ros/install/gesture_control/share/gesture_control/hook/ament_prefix_path.sh'
[3.181s] INFO:colcon.colcon_core.shell:Skip shell extension 'powershell' for command environment: Not usable outside of PowerShell
[3.181s] DEBUG:colcon.colcon_core.shell:Skip shell extension 'dsv' for command environment
[3.605s] INFO:colcon.colcon_core.task.python.build:Building Python package in '/home/locobot/SU_Robotics/gesture_control_ros/src/gesture_control'
[3.646s] INFO:colcon.colcon_core.shell:Skip shell extension 'powershell' for command environment: Not usable outside of PowerShell
[3.646s] DEBUG:colcon.colcon_core.shell:Skip shell extension 'dsv' for command environment
[4.221s] DEBUG:colcon.colcon_core.event_handler.log_command:Invoking command in '/home/locobot/SU_Robotics/gesture_control_ros/src/gesture_control': PYTHONPATH=/home/locobot/SU_Robotics/gesture_control_ros/build/gesture_control/prefix_override:/home/locobot/SU_Robotics/gesture_control_ros/install/gesture_control/lib/python3.8/site-packages:${PYTHONPATH} /usr/bin/python3 setup.py egg_info --egg-base ../../build/gesture_control build --build-base /home/locobot/SU_Robotics/gesture_control_ros/build/gesture_control/build install --record /home/locobot/SU_Robotics/gesture_control_ros/build/gesture_control/install.log --single-version-externally-managed
[4.489s] DEBUG:colcon.colcon_core.event_handler.log_command:Invoked command in '/home/locobot/SU_Robotics/gesture_control_ros/src/gesture_control' returned '0': PYTHONPATH=/home/locobot/SU_Robotics/gesture_control_ros/build/gesture_control/prefix_override:/home/locobot/SU_Robotics/gesture_control_ros/install/gesture_control/lib/python3.8/site-packages:${PYTHONPATH} /usr/bin/python3 setup.py egg_info --egg-base ../../build/gesture_control build --build-base /home/locobot/SU_Robotics/gesture_control_ros/build/gesture_control/build install --record /home/locobot/SU_Robotics/gesture_control_ros/build/gesture_control/install.log --single-version-externally-managed
[4.532s] Level 1:colcon.colcon_core.environment:checking '/home/locobot/SU_Robotics/gesture_control_ros/install/gesture_control' for CMake module files
[4.533s] Level 1:colcon.colcon_core.environment:checking '/home/locobot/SU_Robotics/gesture_control_ros/install/gesture_control' for CMake config files
[4.533s] Level 1:colcon.colcon_core.environment:checking '/home/locobot/SU_Robotics/gesture_control_ros/install/gesture_control/lib'
[4.533s] Level 1:colcon.colcon_core.environment:checking '/home/locobot/SU_Robotics/gesture_control_ros/install/gesture_control/bin'
[4.533s] Level 1:colcon.colcon_core.environment:checking '/home/locobot/SU_Robotics/gesture_control_ros/install/gesture_control/lib/pkgconfig/gesture_control.pc'
[4.534s] Level 1:colcon.colcon_core.environment:checking '/home/locobot/SU_Robotics/gesture_control_ros/install/gesture_control/lib/python3.8/site-packages'
[4.534s] Level 1:colcon.colcon_core.shell:create_environment_hook('gesture_control', 'pythonpath')
[4.575s] INFO:colcon.colcon_core.shell:Creating environment hook '/home/locobot/SU_Robotics/gesture_control_ros/install/gesture_control/share/gesture_control/hook/pythonpath.ps1'
[4.575s] INFO:colcon.colcon_core.shell:Creating environment descriptor '/home/locobot/SU_Robotics/gesture_control_ros/install/gesture_control/share/gesture_control/hook/pythonpath.dsv'
[4.575s] INFO:colcon.colcon_core.shell:Creating environment hook '/home/locobot/SU_Robotics/gesture_control_ros/install/gesture_control/share/gesture_control/hook/pythonpath.sh'
[4.576s] Level 1:colcon.colcon_core.environment:checking '/home/locobot/SU_Robotics/gesture_control_ros/install/gesture_control/bin'
[4.576s] Level 1:colcon.colcon_core.environment:create_environment_scripts_only(gesture_control)
[4.616s] INFO:colcon.colcon_core.shell:Creating package script '/home/locobot/SU_Robotics/gesture_control_ros/install/gesture_control/share/gesture_control/package.ps1'
[4.617s] INFO:colcon.colcon_core.shell:Creating package descriptor '/home/locobot/SU_Robotics/gesture_control_ros/install/gesture_control/share/gesture_control/package.dsv'
[4.618s] INFO:colcon.colcon_core.shell:Creating package script '/home/locobot/SU_Robotics/gesture_control_ros/install/gesture_control/share/gesture_control/package.sh'
[4.618s] INFO:colcon.colcon_core.shell:Creating package script '/home/locobot/SU_Robotics/gesture_control_ros/install/gesture_control/share/gesture_control/package.bash'
[4.619s] INFO:colcon.colcon_core.shell:Creating package script '/home/locobot/SU_Robotics/gesture_control_ros/install/gesture_control/share/gesture_control/package.zsh'
[4.619s] Level 1:colcon.colcon_core.environment:create_file_with_runtime_dependencies(/home/locobot/SU_Robotics/gesture_control_ros/install/gesture_control/share/colcon-core/packages/gesture_control)
[4.619s] DEBUG:colcon.colcon_parallel_executor.executor.parallel:closing loop
[4.620s] DEBUG:colcon.colcon_parallel_executor.executor.parallel:loop closed
[4.620s] DEBUG:colcon.colcon_parallel_executor.executor.parallel:run_until_complete finished with '0'
[4.620s] DEBUG:colcon.colcon_core.event_reactor:joining thread
[4.666s] INFO:colcon.colcon_core.plugin_system:Skipping extension 'colcon_notification.desktop_notification.terminal_notifier': Not used on non-Darwin systems
[4.666s] INFO:colcon.colcon_core.plugin_system:Skipping extension 'colcon_notification.desktop_notification.win32': Not used on non-Windows systems
[4.666s] INFO:colcon.colcon_notification.desktop_notification:Sending desktop notification using 'notify2'
[4.679s] DEBUG:colcon.colcon_core.event_reactor:joined thread
[4.721s] INFO:colcon.colcon_core.shell:Creating prefix script '/home/locobot/SU_Robotics/gesture_control_ros/install/local_setup.ps1'
[4.721s] INFO:colcon.colcon_core.shell:Creating prefix util module '/home/locobot/SU_Robotics/gesture_control_ros/install/_local_setup_util_ps1.py'
[4.722s] INFO:colcon.colcon_core.shell:Creating prefix chain script '/home/locobot/SU_Robotics/gesture_control_ros/install/setup.ps1'
[4.765s] INFO:colcon.colcon_core.shell:Creating prefix script '/home/locobot/SU_Robotics/gesture_control_ros/install/local_setup.sh'
[4.766s] INFO:colcon.colcon_core.shell:Creating prefix util module '/home/locobot/SU_Robotics/gesture_control_ros/install/_local_setup_util_sh.py'
[4.766s] INFO:colcon.colcon_core.shell:Creating prefix chain script '/home/locobot/SU_Robotics/gesture_control_ros/install/setup.sh'
[4.808s] INFO:colcon.colcon_core.shell:Creating prefix script '/home/locobot/SU_Robotics/gesture_control_ros/install/local_setup.bash'
[4.809s] INFO:colcon.colcon_core.shell:Creating prefix chain script '/home/locobot/SU_Robotics/gesture_control_ros/install/setup.bash'
[4.851s] INFO:colcon.colcon_core.shell:Creating prefix script '/home/locobot/SU_Robotics/gesture_control_ros/install/local_setup.zsh'
[4.851s] INFO:colcon.colcon_core.shell:Creating prefix chain script '/home/locobot/SU_Robotics/gesture_control_ros/install/setup.zsh'
