[2.070s] Invoking command in '/home/locobot/SU_Robotics/eyetracking_ros_ws/build/interbotix_tf_tools': CMAKE_PREFIX_PATH=${CMAKE_PREFIX_PATH}:/home/locobot/SU_Robotics/eyetracking_ros_ws/install/interbotix_xs_modules:/home/locobot/SU_Robotics/eyetracking_ros_ws/install/interbotix_perception_modules:/home/locobot/SU_Robotics/eyetracking_ros_ws/install/interbotix_common_modules:/home/locobot/interbotix_ws/install/interbotix_xs_modules:/home/locobot/interbotix_ws/install/interbotix_perception_modules:/home/locobot/interbotix_ws/install/interbotix_common_modules:/opt/ros/galactic /usr/bin/cmake /home/locobot/SU_Robotics/eyetracking_ros_ws/src/interbotix_ros_toolboxes/interbotix_common_toolbox/interbotix_tf_tools -DAMENT_CMAKE_SYMLINK_INSTALL=1 -DCMAKE_INSTALL_PREFIX=/home/locobot/SU_Robotics/eyetracking_ros_ws/install/interbotix_tf_tools
[2.421s] -- Found ament_cmake: 1.1.6 (/opt/ros/galactic/share/ament_cmake/cmake)
[2.422s] -- Using PYTHON_EXECUTABLE: /usr/bin/python3
[2.422s] -- Override CMake install command with custom implementation using symlinks instead of copying resources
[2.422s] -- Found geometry_msgs: 2.2.4 (/opt/ros/galactic/share/geometry_msgs/cmake)
[2.422s] -- Using all available rosidl_typesupport_c: rosidl_typesupport_fastrtps_c;rosidl_typesupport_introspection_c
[2.423s] -- Found rosidl_adapter: 2.2.3 (/opt/ros/galactic/share/rosidl_adapter/cmake)
[2.487s] -- Using all available rosidl_typesupport_cpp: rosidl_typesupport_fastrtps_cpp;rosidl_typesupport_introspection_cpp
[2.627s] -- Found rclcpp: 9.2.2 (/opt/ros/galactic/share/rclcpp/cmake)
[2.693s] -- Found rmw_implementation_cmake: 3.3.1 (/opt/ros/galactic/share/rmw_implementation_cmake/cmake)
[2.700s] -- Found rmw_fastrtps_cpp: 5.0.2 (/opt/ros/galactic/share/rmw_fastrtps_cpp/cmake)
[2.887s] -- Using RMW implementation 'rmw_fastrtps_cpp' as default
[3.070s] -- Found rclcpp_components: 9.2.2 (/opt/ros/galactic/share/rclcpp_components/cmake)
[3.153s] -- Found tf2_msgs: 0.17.5 (/opt/ros/galactic/share/tf2_msgs/cmake)
[3.501s] -- Found tf2_ros: 0.17.5 (/opt/ros/galactic/share/tf2_ros/cmake)
[3.728s] -- Found ament_lint_auto: 0.10.7 (/opt/ros/galactic/share/ament_lint_auto/cmake)
[3.859s] -- Added test 'copyright' to check source files copyright and LICENSE
[3.860s] -- Added test 'cppcheck' to perform static code analysis on C / C++ code
[3.860s] -- Configured cppcheck include dirs: /home/locobot/SU_Robotics/eyetracking_ros_ws/src/interbotix_ros_toolboxes/interbotix_common_toolbox/interbotix_tf_tools/include
[3.860s] -- Configured cppcheck exclude dirs and/or files: 
[3.860s] -- Added test 'cpplint' to check C / C++ code against the Google style
[3.860s] -- Configured cpplint exclude dirs and/or files: 
[3.861s] -- Added test 'flake8' to check Python code syntax and style conventions
[3.861s] -- Added test 'lint_cmake' to check CMake code style
[3.862s] -- Added test 'pep257' to check Python code against some of the style conventions in PEP 257
[3.863s] -- Added test 'uncrustify' to check C / C++ code style
[3.864s] -- Configured uncrustify additional arguments: 
[3.865s] -- Added test 'xmllint' to check XML markup files
[3.868s] -- Configuring done
[3.887s] -- Generating done
[3.888s] -- Build files have been written to: /home/locobot/SU_Robotics/eyetracking_ros_ws/build/interbotix_tf_tools
[4.661s] Invoked command in '/home/locobot/SU_Robotics/eyetracking_ros_ws/build/interbotix_tf_tools' returned '0': CMAKE_PREFIX_PATH=${CMAKE_PREFIX_PATH}:/home/locobot/SU_Robotics/eyetracking_ros_ws/install/interbotix_xs_modules:/home/locobot/SU_Robotics/eyetracking_ros_ws/install/interbotix_perception_modules:/home/locobot/SU_Robotics/eyetracking_ros_ws/install/interbotix_common_modules:/home/locobot/interbotix_ws/install/interbotix_xs_modules:/home/locobot/interbotix_ws/install/interbotix_perception_modules:/home/locobot/interbotix_ws/install/interbotix_common_modules:/opt/ros/galactic /usr/bin/cmake /home/locobot/SU_Robotics/eyetracking_ros_ws/src/interbotix_ros_toolboxes/interbotix_common_toolbox/interbotix_tf_tools -DAMENT_CMAKE_SYMLINK_INSTALL=1 -DCMAKE_INSTALL_PREFIX=/home/locobot/SU_Robotics/eyetracking_ros_ws/install/interbotix_tf_tools
[4.662s] Invoking command in '/home/locobot/SU_Robotics/eyetracking_ros_ws/build/interbotix_tf_tools': CMAKE_PREFIX_PATH=${CMAKE_PREFIX_PATH}:/home/locobot/SU_Robotics/eyetracking_ros_ws/install/interbotix_xs_modules:/home/locobot/SU_Robotics/eyetracking_ros_ws/install/interbotix_perception_modules:/home/locobot/SU_Robotics/eyetracking_ros_ws/install/interbotix_common_modules:/home/locobot/interbotix_ws/install/interbotix_xs_modules:/home/locobot/interbotix_ws/install/interbotix_perception_modules:/home/locobot/interbotix_ws/install/interbotix_common_modules:/opt/ros/galactic /usr/bin/cmake --build /home/locobot/SU_Robotics/eyetracking_ros_ws/build/interbotix_tf_tools -- -j12 -l12
[4.757s] [ 50%] [32m[1mLinking CXX shared library libtf_rebroadcaster.so[0m
[5.219s] [100%] Built target tf_rebroadcaster
[5.358s] Invoked command in '/home/locobot/SU_Robotics/eyetracking_ros_ws/build/interbotix_tf_tools' returned '0': CMAKE_PREFIX_PATH=${CMAKE_PREFIX_PATH}:/home/locobot/SU_Robotics/eyetracking_ros_ws/install/interbotix_xs_modules:/home/locobot/SU_Robotics/eyetracking_ros_ws/install/interbotix_perception_modules:/home/locobot/SU_Robotics/eyetracking_ros_ws/install/interbotix_common_modules:/home/locobot/interbotix_ws/install/interbotix_xs_modules:/home/locobot/interbotix_ws/install/interbotix_perception_modules:/home/locobot/interbotix_ws/install/interbotix_common_modules:/opt/ros/galactic /usr/bin/cmake --build /home/locobot/SU_Robotics/eyetracking_ros_ws/build/interbotix_tf_tools -- -j12 -l12
[5.383s] Invoking command in '/home/locobot/SU_Robotics/eyetracking_ros_ws/build/interbotix_tf_tools': CMAKE_PREFIX_PATH=${CMAKE_PREFIX_PATH}:/home/locobot/SU_Robotics/eyetracking_ros_ws/install/interbotix_xs_modules:/home/locobot/SU_Robotics/eyetracking_ros_ws/install/interbotix_perception_modules:/home/locobot/SU_Robotics/eyetracking_ros_ws/install/interbotix_common_modules:/home/locobot/interbotix_ws/install/interbotix_xs_modules:/home/locobot/interbotix_ws/install/interbotix_perception_modules:/home/locobot/interbotix_ws/install/interbotix_common_modules:/opt/ros/galactic /usr/bin/cmake --install /home/locobot/SU_Robotics/eyetracking_ros_ws/build/interbotix_tf_tools
[5.395s] -- Install configuration: ""
[5.395s] -- Execute custom install script
[5.395s] -- Symlinking: /home/locobot/SU_Robotics/eyetracking_ros_ws/install/interbotix_tf_tools/lib/libtf_rebroadcaster.so
[5.407s] -- Symlinking: /home/locobot/SU_Robotics/eyetracking_ros_ws/install/interbotix_tf_tools/lib/interbotix_tf_tools/static_trans_pub.py
[5.422s] -- Symlinking: /home/locobot/SU_Robotics/eyetracking_ros_ws/install/interbotix_tf_tools/share/interbotix_tf_tools//config/tf_rebroadcaster.yaml
[5.429s] -- Symlinking: /home/locobot/SU_Robotics/eyetracking_ros_ws/install/interbotix_tf_tools/share/interbotix_tf_tools//launch/static_transform_pub.launch.py
[5.438s] -- Symlinking: /home/locobot/SU_Robotics/eyetracking_ros_ws/install/interbotix_tf_tools/share/interbotix_tf_tools//launch/tf_rebroadcaster.launch.py
[5.447s] -- Symlinking: /home/locobot/SU_Robotics/eyetracking_ros_ws/install/interbotix_tf_tools/share/ament_index/resource_index/package_run_dependencies/interbotix_tf_tools
[5.456s] -- Symlinking: /home/locobot/SU_Robotics/eyetracking_ros_ws/install/interbotix_tf_tools/share/ament_index/resource_index/parent_prefix_path/interbotix_tf_tools
[5.466s] -- Symlinking: /home/locobot/SU_Robotics/eyetracking_ros_ws/install/interbotix_tf_tools/share/interbotix_tf_tools/environment/ament_prefix_path.sh
[5.475s] -- Symlinking: /home/locobot/SU_Robotics/eyetracking_ros_ws/install/interbotix_tf_tools/share/interbotix_tf_tools/environment/ament_prefix_path.dsv
[5.489s] -- Symlinking: /home/locobot/SU_Robotics/eyetracking_ros_ws/install/interbotix_tf_tools/share/interbotix_tf_tools/environment/path.sh
[5.502s] -- Symlinking: /home/locobot/SU_Robotics/eyetracking_ros_ws/install/interbotix_tf_tools/share/interbotix_tf_tools/environment/path.dsv
[5.511s] -- Symlinking: /home/locobot/SU_Robotics/eyetracking_ros_ws/install/interbotix_tf_tools/share/interbotix_tf_tools/local_setup.bash
[5.521s] -- Symlinking: /home/locobot/SU_Robotics/eyetracking_ros_ws/install/interbotix_tf_tools/share/interbotix_tf_tools/local_setup.sh
[5.532s] -- Symlinking: /home/locobot/SU_Robotics/eyetracking_ros_ws/install/interbotix_tf_tools/share/interbotix_tf_tools/local_setup.zsh
[5.544s] -- Symlinking: /home/locobot/SU_Robotics/eyetracking_ros_ws/install/interbotix_tf_tools/share/interbotix_tf_tools/local_setup.dsv
[5.554s] -- Symlinking: /home/locobot/SU_Robotics/eyetracking_ros_ws/install/interbotix_tf_tools/share/interbotix_tf_tools/package.dsv
[5.563s] -- Symlinking: /home/locobot/SU_Robotics/eyetracking_ros_ws/install/interbotix_tf_tools/share/ament_index/resource_index/packages/interbotix_tf_tools
[5.572s] -- Symlinking: /home/locobot/SU_Robotics/eyetracking_ros_ws/install/interbotix_tf_tools/share/ament_index/resource_index/rclcpp_components/interbotix_tf_tools
[5.582s] -- Symlinking: /home/locobot/SU_Robotics/eyetracking_ros_ws/install/interbotix_tf_tools/share/interbotix_tf_tools/cmake/interbotix_tf_toolsConfig.cmake
[5.594s] -- Symlinking: /home/locobot/SU_Robotics/eyetracking_ros_ws/install/interbotix_tf_tools/share/interbotix_tf_tools/cmake/interbotix_tf_toolsConfig-version.cmake
[5.607s] -- Symlinking: /home/locobot/SU_Robotics/eyetracking_ros_ws/install/interbotix_tf_tools/share/interbotix_tf_tools/package.xml
[5.802s] Invoked command in '/home/locobot/SU_Robotics/eyetracking_ros_ws/build/interbotix_tf_tools' returned '0': CMAKE_PREFIX_PATH=${CMAKE_PREFIX_PATH}:/home/locobot/SU_Robotics/eyetracking_ros_ws/install/interbotix_xs_modules:/home/locobot/SU_Robotics/eyetracking_ros_ws/install/interbotix_perception_modules:/home/locobot/SU_Robotics/eyetracking_ros_ws/install/interbotix_common_modules:/home/locobot/interbotix_ws/install/interbotix_xs_modules:/home/locobot/interbotix_ws/install/interbotix_perception_modules:/home/locobot/interbotix_ws/install/interbotix_common_modules:/opt/ros/galactic /usr/bin/cmake --install /home/locobot/SU_Robotics/eyetracking_ros_ws/build/interbotix_tf_tools
