-- Found ament_cmake: 1.1.6 (/opt/ros/galactic/share/ament_cmake/cmake)
-- Using PYTHON_EXECUTABLE: /usr/bin/python3
-- Override CMake install command with custom implementation using symlinks instead of copying resources
-- Found interbotix_xs_msgs: 0.0.0 (/home/locobot/SU_Robotics/eyetracking_ros_ws/install/interbotix_xs_msgs/share/interbotix_xs_msgs/cmake)
-- Using all available rosidl_typesupport_c: rosidl_typesupport_fastrtps_c;rosidl_typesupport_introspection_c
-- Found rosidl_adapter: 2.2.3 (/opt/ros/galactic/share/rosidl_adapter/cmake)
-- Using all available rosidl_typesupport_cpp: rosidl_typesupport_fastrtps_cpp;rosidl_typesupport_introspection_cpp
-- Found rclcpp: 9.2.2 (/opt/ros/galactic/share/rclcpp/cmake)
-- Found rmw_implementation_cmake: 3.3.1 (/opt/ros/galactic/share/rmw_implementation_cmake/cmake)
-- Found rmw_fastrtps_cpp: 5.0.2 (/opt/ros/galactic/share/rmw_fastrtps_cpp/cmake)
-- Using RMW implementation 'rmw_fastrtps_cpp' as default
-- Found sensor_msgs: 2.2.4 (/opt/ros/galactic/share/sensor_msgs/cmake)
-- Found ament_lint_auto: 0.10.7 (/opt/ros/galactic/share/ament_lint_auto/cmake)
-- Added test 'copyright' to check source files copyright and LICENSE
-- Added test 'cppcheck' to perform static code analysis on C / C++ code
-- Configured cppcheck include dirs: 
-- Configured cppcheck exclude dirs and/or files: 
-- Added test 'cpplint' to check C / C++ code against the Google style
-- Configured cpplint exclude dirs and/or files: 
-- Added test 'flake8' to check Python code syntax and style conventions
-- Added test 'lint_cmake' to check CMake code style
-- Added test 'pep257' to check Python code against some of the style conventions in PEP 257
-- Added test 'uncrustify' to check C / C++ code style
-- Configured uncrustify additional arguments: 
-- Added test 'xmllint' to check XML markup files
-- Configuring done
-- Generating done
-- Build files have been written to: /home/locobot/SU_Robotics/eyetracking_ros_ws/build/interbotix_xslocobot_joy
[ 50%] [32m[1mLinking CXX executable xslocobot_joy[0m
[100%] Built target xslocobot_joy
-- Install configuration: ""
-- Execute custom install script
-- Symlinking: /home/locobot/SU_Robotics/eyetracking_ros_ws/install/interbotix_xslocobot_joy/lib/interbotix_xslocobot_joy/xslocobot_joy
-- Symlinking: /home/locobot/SU_Robotics/eyetracking_ros_ws/install/interbotix_xslocobot_joy/lib/interbotix_xslocobot_joy/xslocobot_robot.py
-- Symlinking: /home/locobot/SU_Robotics/eyetracking_ros_ws/install/interbotix_xslocobot_joy/share/interbotix_xslocobot_joy//config/modes_all.yaml
-- Symlinking: /home/locobot/SU_Robotics/eyetracking_ros_ws/install/interbotix_xslocobot_joy/share/interbotix_xslocobot_joy//config/modes_base.yaml
-- Symlinking: /home/locobot/SU_Robotics/eyetracking_ros_ws/install/interbotix_xslocobot_joy/share/interbotix_xslocobot_joy//launch/xslocobot_joy.launch.py
-- Symlinking: /home/locobot/SU_Robotics/eyetracking_ros_ws/install/interbotix_xslocobot_joy/share/ament_index/resource_index/package_run_dependencies/interbotix_xslocobot_joy
-- Symlinking: /home/locobot/SU_Robotics/eyetracking_ros_ws/install/interbotix_xslocobot_joy/share/ament_index/resource_index/parent_prefix_path/interbotix_xslocobot_joy
-- Symlinking: /home/locobot/SU_Robotics/eyetracking_ros_ws/install/interbotix_xslocobot_joy/share/interbotix_xslocobot_joy/environment/ament_prefix_path.sh
-- Symlinking: /home/locobot/SU_Robotics/eyetracking_ros_ws/install/interbotix_xslocobot_joy/share/interbotix_xslocobot_joy/environment/ament_prefix_path.dsv
-- Symlinking: /home/locobot/SU_Robotics/eyetracking_ros_ws/install/interbotix_xslocobot_joy/share/interbotix_xslocobot_joy/environment/path.sh
-- Symlinking: /home/locobot/SU_Robotics/eyetracking_ros_ws/install/interbotix_xslocobot_joy/share/interbotix_xslocobot_joy/environment/path.dsv
-- Symlinking: /home/locobot/SU_Robotics/eyetracking_ros_ws/install/interbotix_xslocobot_joy/share/interbotix_xslocobot_joy/local_setup.bash
-- Symlinking: /home/locobot/SU_Robotics/eyetracking_ros_ws/install/interbotix_xslocobot_joy/share/interbotix_xslocobot_joy/local_setup.sh
-- Symlinking: /home/locobot/SU_Robotics/eyetracking_ros_ws/install/interbotix_xslocobot_joy/share/interbotix_xslocobot_joy/local_setup.zsh
-- Symlinking: /home/locobot/SU_Robotics/eyetracking_ros_ws/install/interbotix_xslocobot_joy/share/interbotix_xslocobot_joy/local_setup.dsv
-- Symlinking: /home/locobot/SU_Robotics/eyetracking_ros_ws/install/interbotix_xslocobot_joy/share/interbotix_xslocobot_joy/package.dsv
-- Symlinking: /home/locobot/SU_Robotics/eyetracking_ros_ws/install/interbotix_xslocobot_joy/share/ament_index/resource_index/packages/interbotix_xslocobot_joy
-- Symlinking: /home/locobot/SU_Robotics/eyetracking_ros_ws/install/interbotix_xslocobot_joy/share/interbotix_xslocobot_joy/cmake/interbotix_xslocobot_joyConfig.cmake
-- Symlinking: /home/locobot/SU_Robotics/eyetracking_ros_ws/install/interbotix_xslocobot_joy/share/interbotix_xslocobot_joy/cmake/interbotix_xslocobot_joyConfig-version.cmake
-- Symlinking: /home/locobot/SU_Robotics/eyetracking_ros_ws/install/interbotix_xslocobot_joy/share/interbotix_xslocobot_joy/package.xml
