-- Found ament_cmake: 1.1.6 (/opt/ros/galactic/share/ament_cmake/cmake)
-- Using PYTHON_EXECUTABLE: /usr/bin/python3
-- Override CMake install command with custom implementation using symlinks instead of copying resources
-- Found ament_lint_auto: 0.10.7 (/opt/ros/galactic/share/ament_lint_auto/cmake)
-- Added test 'copyright' to check source files copyright and LICENSE
-- Added test 'flake8' to check Python code syntax and style conventions
-- Added test 'lint_cmake' to check CMake code style
-- Added test 'pep257' to check Python code against some of the style conventions in PEP 257
-- Added test 'xmllint' to check XML markup files
-- Configuring done
-- Generating done
-- Build files have been written to: /home/locobot/SU_Robotics/eyetracking_ros_ws/build/interbotix_xslocobot_nav
-- Install configuration: ""
-- Execute custom install script
-- Symlinking: /home/locobot/SU_Robotics/eyetracking_ros_ws/install/interbotix_xslocobot_nav/share/interbotix_xslocobot_nav//config/nav2_params.yaml
-- Symlinking: /home/locobot/SU_Robotics/eyetracking_ros_ws/install/interbotix_xslocobot_nav/share/interbotix_xslocobot_nav//launch/xslocobot_nav2_bringup.launch.py
-- Symlinking: /home/locobot/SU_Robotics/eyetracking_ros_ws/install/interbotix_xslocobot_nav/share/interbotix_xslocobot_nav//launch/xslocobot_rtabmap.launch.py
-- Symlinking: /home/locobot/SU_Robotics/eyetracking_ros_ws/install/interbotix_xslocobot_nav/share/ament_index/resource_index/package_run_dependencies/interbotix_xslocobot_nav
-- Symlinking: /home/locobot/SU_Robotics/eyetracking_ros_ws/install/interbotix_xslocobot_nav/share/ament_index/resource_index/parent_prefix_path/interbotix_xslocobot_nav
-- Symlinking: /home/locobot/SU_Robotics/eyetracking_ros_ws/install/interbotix_xslocobot_nav/share/interbotix_xslocobot_nav/environment/ament_prefix_path.sh
-- Symlinking: /home/locobot/SU_Robotics/eyetracking_ros_ws/install/interbotix_xslocobot_nav/share/interbotix_xslocobot_nav/environment/ament_prefix_path.dsv
-- Symlinking: /home/locobot/SU_Robotics/eyetracking_ros_ws/install/interbotix_xslocobot_nav/share/interbotix_xslocobot_nav/environment/path.sh
-- Symlinking: /home/locobot/SU_Robotics/eyetracking_ros_ws/install/interbotix_xslocobot_nav/share/interbotix_xslocobot_nav/environment/path.dsv
-- Symlinking: /home/locobot/SU_Robotics/eyetracking_ros_ws/install/interbotix_xslocobot_nav/share/interbotix_xslocobot_nav/local_setup.bash
-- Symlinking: /home/locobot/SU_Robotics/eyetracking_ros_ws/install/interbotix_xslocobot_nav/share/interbotix_xslocobot_nav/local_setup.sh
-- Symlinking: /home/locobot/SU_Robotics/eyetracking_ros_ws/install/interbotix_xslocobot_nav/share/interbotix_xslocobot_nav/local_setup.zsh
-- Symlinking: /home/locobot/SU_Robotics/eyetracking_ros_ws/install/interbotix_xslocobot_nav/share/interbotix_xslocobot_nav/local_setup.dsv
-- Symlinking: /home/locobot/SU_Robotics/eyetracking_ros_ws/install/interbotix_xslocobot_nav/share/interbotix_xslocobot_nav/package.dsv
-- Symlinking: /home/locobot/SU_Robotics/eyetracking_ros_ws/install/interbotix_xslocobot_nav/share/ament_index/resource_index/packages/interbotix_xslocobot_nav
-- Symlinking: /home/locobot/SU_Robotics/eyetracking_ros_ws/install/interbotix_xslocobot_nav/share/interbotix_xslocobot_nav/cmake/interbotix_xslocobot_navConfig.cmake
-- Symlinking: /home/locobot/SU_Robotics/eyetracking_ros_ws/install/interbotix_xslocobot_nav/share/interbotix_xslocobot_nav/cmake/interbotix_xslocobot_navConfig-version.cmake
-- Symlinking: /home/locobot/SU_Robotics/eyetracking_ros_ws/install/interbotix_xslocobot_nav/share/interbotix_xslocobot_nav/package.xml
