-- The C compiler identification is GNU 9.4.0
-- The CXX compiler identification is GNU 9.4.0
-- Check for working C compiler: /usr/bin/cc
-- Check for working C compiler: /usr/bin/cc -- works
-- Detecting C compiler ABI info
-- Detecting C compiler ABI info - done
-- Detecting C compile features
-- Detecting C compile features - done
-- Check for working CXX compiler: /usr/bin/c++
-- Check for working CXX compiler: /usr/bin/c++ -- works
-- Detecting CXX compiler ABI info
-- Detecting CXX compiler ABI info - done
-- Detecting CXX compile features
-- Detecting CXX compile features - done
-- Found ament_cmake: 1.1.6 (/opt/ros/galactic/share/ament_cmake/cmake)
-- Found PythonInterp: /usr/bin/python3 (found suitable version "3.8.10", minimum required is "3") 
-- Using PYTHON_EXECUTABLE: /usr/bin/python3
-- Found hardware_interface: 1.6.0 (/opt/ros/galactic/share/hardware_interface/cmake)
-- Using all available rosidl_typesupport_c: rosidl_typesupport_fastrtps_c;rosidl_typesupport_introspection_c
-- Found rosidl_adapter: 2.2.3 (/opt/ros/galactic/share/rosidl_adapter/cmake)
-- Found OpenSSL: /usr/lib/x86_64-linux-gnu/libcrypto.so (found version "1.1.1f")  
-- Found FastRTPS: /opt/ros/galactic/include  
-- Using all available rosidl_typesupport_cpp: rosidl_typesupport_fastrtps_cpp;rosidl_typesupport_introspection_cpp
-- Found rmw_implementation_cmake: 3.3.1 (/opt/ros/galactic/share/rmw_implementation_cmake/cmake)
-- Found rmw_fastrtps_cpp: 5.0.2 (/opt/ros/galactic/share/rmw_fastrtps_cpp/cmake)
-- Using RMW implementation 'rmw_fastrtps_cpp' as default
-- Looking for pthread.h
-- Looking for pthread.h - found
-- Performing Test CMAKE_HAVE_LIBC_PTHREAD
-- Performing Test CMAKE_HAVE_LIBC_PTHREAD - Failed
-- Looking for pthread_create in pthreads
-- Looking for pthread_create in pthreads - not found
-- Looking for pthread_create in pthread
-- Looking for pthread_create in pthread - found
-- Found Threads: TRUE  
-- Found interbotix_xs_msgs: 0.0.0 (/home/locobot/SU_Robotics/eyetracking_ros_ws/install/interbotix_xs_msgs/share/interbotix_xs_msgs/cmake)
-- Found sensor_msgs: 2.2.4 (/opt/ros/galactic/share/sensor_msgs/cmake)
-- Found ament_lint_auto: 0.10.7 (/opt/ros/galactic/share/ament_lint_auto/cmake)
-- Found ros2_control_test_assets: 1.6.0 (/opt/ros/galactic/share/ros2_control_test_assets/cmake)
-- Found gmock sources under '/opt/ros/galactic/src/gmock_vendor': C++ tests using 'Google Mock' will be built
-- Found ament_cmake_gtest: 1.1.6 (/opt/ros/galactic/share/ament_cmake_gtest/cmake)
-- Found gtest sources under '/opt/ros/galactic/src/gtest_vendor': C++ tests using 'Google Test' will be built
-- Added test 'copyright' to check source files copyright and LICENSE
-- Added test 'cppcheck' to perform static code analysis on C / C++ code
-- Configured cppcheck include dirs: $<BUILD_INTERFACE:/home/locobot/SU_Robotics/eyetracking_ros_ws/src/interbotix_ros_toolboxes/interbotix_xs_toolbox/interbotix_xs_ros_control/include>;/home/locobot/SU_Robotics/eyetracking_ros_ws/src/interbotix_ros_toolboxes/interbotix_xs_toolbox/interbotix_xs_ros_control/include
-- Configured cppcheck exclude dirs and/or files: 
-- Added test 'cpplint' to check C / C++ code against the Google style
-- Configured cpplint exclude dirs and/or files: 
-- Added test 'lint_cmake' to check CMake code style
-- Added test 'uncrustify' to check C / C++ code style
-- Configured uncrustify additional arguments: 
-- Added test 'xmllint' to check XML markup files
-- Configuring done
-- Generating done
-- Build files have been written to: /home/locobot/SU_Robotics/eyetracking_ros_ws/build/interbotix_xs_ros_control
[35m[1mScanning dependencies of target gmock_main[0m
[35m[1mScanning dependencies of target interbotix_xs_ros_control[0m
[35m[1mScanning dependencies of target gmock[0m
[ 11%] [32mBuilding CXX object gmock/CMakeFiles/gmock_main.dir/src/gmock_main.cc.o[0m
[ 22%] [32mBuilding CXX object gmock/CMakeFiles/gmock.dir/opt/ros/galactic/src/gtest_vendor/src/gtest-all.cc.o[0m
[ 33%] [32mBuilding CXX object gmock/CMakeFiles/gmock.dir/src/gmock-all.cc.o[0m
[ 44%] [32mBuilding CXX object CMakeFiles/interbotix_xs_ros_control.dir/src/xs_hardware_interface.cpp.o[0m
[ 55%] [32m[1mLinking CXX static library libgmock_main.a[0m
[ 55%] Built target gmock_main
[ 66%] [32m[1mLinking CXX static library libgmock.a[0m
[ 66%] Built target gmock
[35m[1mScanning dependencies of target test_load_xs_hardware_interface[0m
[ 77%] [32mBuilding CXX object CMakeFiles/test_load_xs_hardware_interface.dir/test/test_load_xs_hardware_interface.cpp.o[0m
[ 88%] [32m[1mLinking CXX executable test_load_xs_hardware_interface[0m
[ 88%] Built target test_load_xs_hardware_interface
[100%] [32m[1mLinking CXX shared library libinterbotix_xs_ros_control.so[0m
[100%] Built target interbotix_xs_ros_control
-- Install configuration: ""
-- Installing: /home/locobot/SU_Robotics/eyetracking_ros_ws/install/interbotix_xs_ros_control/share/interbotix_xs_ros_control/interbotix_xs_ros_control.xml
-- Installing: /home/locobot/SU_Robotics/eyetracking_ros_ws/install/interbotix_xs_ros_control/include
-- Installing: /home/locobot/SU_Robotics/eyetracking_ros_ws/install/interbotix_xs_ros_control/include/interbotix_xs_ros_control
-- Installing: /home/locobot/SU_Robotics/eyetracking_ros_ws/install/interbotix_xs_ros_control/include/interbotix_xs_ros_control/xs_hardware_interface.hpp
-- Installing: /home/locobot/SU_Robotics/eyetracking_ros_ws/install/interbotix_xs_ros_control/lib/libinterbotix_xs_ros_control.so
-- Set runtime path of "/home/locobot/SU_Robotics/eyetracking_ros_ws/install/interbotix_xs_ros_control/lib/libinterbotix_xs_ros_control.so" to ""
-- Installing: /home/locobot/SU_Robotics/eyetracking_ros_ws/install/interbotix_xs_ros_control/share/interbotix_xs_ros_control/environment/library_path.sh
-- Installing: /home/locobot/SU_Robotics/eyetracking_ros_ws/install/interbotix_xs_ros_control/share/interbotix_xs_ros_control/environment/library_path.dsv
-- Installing: /home/locobot/SU_Robotics/eyetracking_ros_ws/install/interbotix_xs_ros_control/share/ament_index/resource_index/package_run_dependencies/interbotix_xs_ros_control
-- Installing: /home/locobot/SU_Robotics/eyetracking_ros_ws/install/interbotix_xs_ros_control/share/ament_index/resource_index/parent_prefix_path/interbotix_xs_ros_control
-- Installing: /home/locobot/SU_Robotics/eyetracking_ros_ws/install/interbotix_xs_ros_control/share/interbotix_xs_ros_control/environment/ament_prefix_path.sh
-- Installing: /home/locobot/SU_Robotics/eyetracking_ros_ws/install/interbotix_xs_ros_control/share/interbotix_xs_ros_control/environment/ament_prefix_path.dsv
-- Installing: /home/locobot/SU_Robotics/eyetracking_ros_ws/install/interbotix_xs_ros_control/share/interbotix_xs_ros_control/environment/path.sh
-- Installing: /home/locobot/SU_Robotics/eyetracking_ros_ws/install/interbotix_xs_ros_control/share/interbotix_xs_ros_control/environment/path.dsv
-- Installing: /home/locobot/SU_Robotics/eyetracking_ros_ws/install/interbotix_xs_ros_control/share/interbotix_xs_ros_control/local_setup.bash
-- Installing: /home/locobot/SU_Robotics/eyetracking_ros_ws/install/interbotix_xs_ros_control/share/interbotix_xs_ros_control/local_setup.sh
-- Installing: /home/locobot/SU_Robotics/eyetracking_ros_ws/install/interbotix_xs_ros_control/share/interbotix_xs_ros_control/local_setup.zsh
-- Installing: /home/locobot/SU_Robotics/eyetracking_ros_ws/install/interbotix_xs_ros_control/share/interbotix_xs_ros_control/local_setup.dsv
-- Installing: /home/locobot/SU_Robotics/eyetracking_ros_ws/install/interbotix_xs_ros_control/share/interbotix_xs_ros_control/package.dsv
-- Installing: /home/locobot/SU_Robotics/eyetracking_ros_ws/install/interbotix_xs_ros_control/share/ament_index/resource_index/packages/interbotix_xs_ros_control
-- Installing: /home/locobot/SU_Robotics/eyetracking_ros_ws/install/interbotix_xs_ros_control/share/ament_index/resource_index/hardware_interface__pluginlib__plugin/interbotix_xs_ros_control
-- Installing: /home/locobot/SU_Robotics/eyetracking_ros_ws/install/interbotix_xs_ros_control/share/interbotix_xs_ros_control/cmake/export_interbotix_xs_ros_controlExport.cmake
-- Installing: /home/locobot/SU_Robotics/eyetracking_ros_ws/install/interbotix_xs_ros_control/share/interbotix_xs_ros_control/cmake/export_interbotix_xs_ros_controlExport-noconfig.cmake
-- Installing: /home/locobot/SU_Robotics/eyetracking_ros_ws/install/interbotix_xs_ros_control/share/interbotix_xs_ros_control/cmake/ament_cmake_export_include_directories-extras.cmake
-- Installing: /home/locobot/SU_Robotics/eyetracking_ros_ws/install/interbotix_xs_ros_control/share/interbotix_xs_ros_control/cmake/ament_cmake_export_libraries-extras.cmake
-- Installing: /home/locobot/SU_Robotics/eyetracking_ros_ws/install/interbotix_xs_ros_control/share/interbotix_xs_ros_control/cmake/ament_cmake_export_targets-extras.cmake
-- Installing: /home/locobot/SU_Robotics/eyetracking_ros_ws/install/interbotix_xs_ros_control/share/interbotix_xs_ros_control/cmake/ament_cmake_export_dependencies-extras.cmake
-- Installing: /home/locobot/SU_Robotics/eyetracking_ros_ws/install/interbotix_xs_ros_control/share/interbotix_xs_ros_control/cmake/interbotix_xs_ros_controlConfig.cmake
-- Installing: /home/locobot/SU_Robotics/eyetracking_ros_ws/install/interbotix_xs_ros_control/share/interbotix_xs_ros_control/cmake/interbotix_xs_ros_controlConfig-version.cmake
-- Installing: /home/locobot/SU_Robotics/eyetracking_ros_ws/install/interbotix_xs_ros_control/share/interbotix_xs_ros_control/package.xml
