-- Found ament_cmake: 1.1.6 (/opt/ros/galactic/share/ament_cmake/cmake)
-- Using PYTHON_EXECUTABLE: /usr/bin/python3
-- Override CMake install command with custom implementation using symlinks instead of copying resources
-- Found ament_index_cpp: 1.2.0 (/opt/ros/galactic/share/ament_index_cpp/cmake)
-- Found rclcpp: 9.2.2 (/opt/ros/galactic/share/rclcpp/cmake)
-- Using all available rosidl_typesupport_c: rosidl_typesupport_fastrtps_c;rosidl_typesupport_introspection_c
-- Found rosidl_adapter: 2.2.3 (/opt/ros/galactic/share/rosidl_adapter/cmake)
-- Using all available rosidl_typesupport_cpp: rosidl_typesupport_fastrtps_cpp;rosidl_typesupport_introspection_cpp
-- Found rmw_implementation_cmake: 3.3.1 (/opt/ros/galactic/share/rmw_implementation_cmake/cmake)
-- Found rmw_fastrtps_cpp: 5.0.2 (/opt/ros/galactic/share/rmw_fastrtps_cpp/cmake)
-- Using RMW implementation 'rmw_fastrtps_cpp' as default
-- Found rclpy: 1.9.3 (/opt/ros/galactic/share/rclpy/cmake)
-- Found sensor_msgs: 2.2.4 (/opt/ros/galactic/share/sensor_msgs/cmake)
-- Found urdf: 2.5.2 (/opt/ros/galactic/share/urdf/cmake)
-- Found interbotix_xs_msgs: 0.0.0 (/home/locobot/SU_Robotics/eyetracking_ros_ws/install/interbotix_xs_msgs/share/interbotix_xs_msgs/cmake)
-- Found interbotix_xs_driver: 0.3.3 (/home/locobot/SU_Robotics/eyetracking_ros_ws/install/interbotix_xs_driver/share/interbotix_xs_driver/cmake)
-- Found ament_lint_auto: 0.10.7 (/opt/ros/galactic/share/ament_lint_auto/cmake)
-- Added test 'copyright' to check source files copyright and LICENSE
-- Added test 'cppcheck' to perform static code analysis on C / C++ code
-- Configured cppcheck include dirs: /home/locobot/SU_Robotics/eyetracking_ros_ws/src/interbotix_ros_core/interbotix_ros_xseries/interbotix_xs_sdk/include
-- Configured cppcheck exclude dirs and/or files: 
-- Added test 'cpplint' to check C / C++ code against the Google style
-- Configured cpplint exclude dirs and/or files: 
-- Added test 'flake8' to check Python code syntax and style conventions
-- Added test 'lint_cmake' to check CMake code style
-- Added test 'pep257' to check Python code against some of the style conventions in PEP 257
-- Added test 'uncrustify' to check C / C++ code style
-- Configured uncrustify additional arguments: 
-- Added test 'xmllint' to check XML markup files
-- Configuring done
-- Generating done
-- Build files have been written to: /home/locobot/SU_Robotics/eyetracking_ros_ws/build/interbotix_xs_sdk
[35m[1mScanning dependencies of target xs_sdk[0m
[ 33%] [32mBuilding CXX object CMakeFiles/xs_sdk.dir/src/xs_sdk.cpp.o[0m
[ 66%] [32mBuilding CXX object CMakeFiles/xs_sdk.dir/src/xs_sdk_obj.cpp.o[0m
[100%] [32m[1mLinking CXX executable xs_sdk[0m
[100%] Built target xs_sdk
-- Install configuration: ""
-- Execute custom install script
-- Symlinking: /home/locobot/SU_Robotics/eyetracking_ros_ws/install/interbotix_xs_sdk/lib/interbotix_xs_sdk/xs_sdk
-- Symlinking: /home/locobot/SU_Robotics/eyetracking_ros_ws/install/interbotix_xs_sdk/lib/interbotix_xs_sdk/xs_sdk_sim.py
-- Symlinking: /home/locobot/SU_Robotics/eyetracking_ros_ws/install/interbotix_xs_sdk/share/interbotix_xs_sdk//config/mode_configs_template.yaml
-- Symlinking: /home/locobot/SU_Robotics/eyetracking_ros_ws/install/interbotix_xs_sdk/share/interbotix_xs_sdk//config/motor_configs_template.yaml
-- Symlinking: /home/locobot/SU_Robotics/eyetracking_ros_ws/install/interbotix_xs_sdk/share/ament_index/resource_index/package_run_dependencies/interbotix_xs_sdk
-- Symlinking: /home/locobot/SU_Robotics/eyetracking_ros_ws/install/interbotix_xs_sdk/share/ament_index/resource_index/parent_prefix_path/interbotix_xs_sdk
-- Symlinking: /home/locobot/SU_Robotics/eyetracking_ros_ws/install/interbotix_xs_sdk/share/interbotix_xs_sdk/environment/ament_prefix_path.sh
-- Symlinking: /home/locobot/SU_Robotics/eyetracking_ros_ws/install/interbotix_xs_sdk/share/interbotix_xs_sdk/environment/ament_prefix_path.dsv
-- Symlinking: /home/locobot/SU_Robotics/eyetracking_ros_ws/install/interbotix_xs_sdk/share/interbotix_xs_sdk/environment/path.sh
-- Symlinking: /home/locobot/SU_Robotics/eyetracking_ros_ws/install/interbotix_xs_sdk/share/interbotix_xs_sdk/environment/path.dsv
-- Symlinking: /home/locobot/SU_Robotics/eyetracking_ros_ws/install/interbotix_xs_sdk/share/interbotix_xs_sdk/local_setup.bash
-- Symlinking: /home/locobot/SU_Robotics/eyetracking_ros_ws/install/interbotix_xs_sdk/share/interbotix_xs_sdk/local_setup.sh
-- Symlinking: /home/locobot/SU_Robotics/eyetracking_ros_ws/install/interbotix_xs_sdk/share/interbotix_xs_sdk/local_setup.zsh
-- Symlinking: /home/locobot/SU_Robotics/eyetracking_ros_ws/install/interbotix_xs_sdk/share/interbotix_xs_sdk/local_setup.dsv
-- Symlinking: /home/locobot/SU_Robotics/eyetracking_ros_ws/install/interbotix_xs_sdk/share/interbotix_xs_sdk/package.dsv
-- Symlinking: /home/locobot/SU_Robotics/eyetracking_ros_ws/install/interbotix_xs_sdk/share/ament_index/resource_index/packages/interbotix_xs_sdk
-- Symlinking: /home/locobot/SU_Robotics/eyetracking_ros_ws/install/interbotix_xs_sdk/share/interbotix_xs_sdk/cmake/interbotix_xs_sdkConfig.cmake
-- Symlinking: /home/locobot/SU_Robotics/eyetracking_ros_ws/install/interbotix_xs_sdk/share/interbotix_xs_sdk/cmake/interbotix_xs_sdkConfig-version.cmake
-- Symlinking: /home/locobot/SU_Robotics/eyetracking_ros_ws/install/interbotix_xs_sdk/share/interbotix_xs_sdk/package.xml
