[0.887s] Invoking command in '/home/locobot/camera_depth_ws/src/rgbd_camera': PYTHONPATH=/home/locobot/camera_depth_ws/build/rgbd_camera/prefix_override:/home/locobot/camera_depth_ws/install/rgbd_camera/lib/python3.8/site-packages:${PYTHONPATH} /usr/bin/python3 setup.py egg_info --egg-base ../../build/rgbd_camera build --build-base /home/locobot/camera_depth_ws/build/rgbd_camera/build install --record /home/locobot/camera_depth_ws/build/rgbd_camera/install.log --single-version-externally-managed
[1.092s] running egg_info
[1.093s] creating ../../build/rgbd_camera/rgbd_camera.egg-info
[1.093s] writing ../../build/rgbd_camera/rgbd_camera.egg-info/PKG-INFO
[1.093s] writing dependency_links to ../../build/rgbd_camera/rgbd_camera.egg-info/dependency_links.txt
[1.093s] writing entry points to ../../build/rgbd_camera/rgbd_camera.egg-info/entry_points.txt
[1.093s] writing requirements to ../../build/rgbd_camera/rgbd_camera.egg-info/requires.txt
[1.093s] writing top-level names to ../../build/rgbd_camera/rgbd_camera.egg-info/top_level.txt
[1.094s] writing manifest file '../../build/rgbd_camera/rgbd_camera.egg-info/SOURCES.txt'
[1.122s] reading manifest file '../../build/rgbd_camera/rgbd_camera.egg-info/SOURCES.txt'
[1.123s] writing manifest file '../../build/rgbd_camera/rgbd_camera.egg-info/SOURCES.txt'
[1.123s] running build
[1.123s] running build_py
[1.123s] creating /home/locobot/camera_depth_ws/build/rgbd_camera/build
[1.123s] creating /home/locobot/camera_depth_ws/build/rgbd_camera/build/lib
[1.123s] creating /home/locobot/camera_depth_ws/build/rgbd_camera/build/lib/rgbd_camera
[1.123s] copying rgbd_camera/__init__.py -> /home/locobot/camera_depth_ws/build/rgbd_camera/build/lib/rgbd_camera
[1.123s] copying rgbd_camera/tf_node.py -> /home/locobot/camera_depth_ws/build/rgbd_camera/build/lib/rgbd_camera
[1.123s] copying rgbd_camera/depth_node.py -> /home/locobot/camera_depth_ws/build/rgbd_camera/build/lib/rgbd_camera
[1.123s] running install
[1.124s] running install_lib
[1.124s] creating /home/locobot/camera_depth_ws/install/rgbd_camera/lib/python3.8/site-packages/rgbd_camera
[1.125s] copying /home/locobot/camera_depth_ws/build/rgbd_camera/build/lib/rgbd_camera/__init__.py -> /home/locobot/camera_depth_ws/install/rgbd_camera/lib/python3.8/site-packages/rgbd_camera
[1.125s] copying /home/locobot/camera_depth_ws/build/rgbd_camera/build/lib/rgbd_camera/tf_node.py -> /home/locobot/camera_depth_ws/install/rgbd_camera/lib/python3.8/site-packages/rgbd_camera
[1.125s] copying /home/locobot/camera_depth_ws/build/rgbd_camera/build/lib/rgbd_camera/depth_node.py -> /home/locobot/camera_depth_ws/install/rgbd_camera/lib/python3.8/site-packages/rgbd_camera
[1.125s] byte-compiling /home/locobot/camera_depth_ws/install/rgbd_camera/lib/python3.8/site-packages/rgbd_camera/__init__.py to __init__.cpython-38.pyc
[1.126s] byte-compiling /home/locobot/camera_depth_ws/install/rgbd_camera/lib/python3.8/site-packages/rgbd_camera/tf_node.py to tf_node.cpython-38.pyc
[1.127s] byte-compiling /home/locobot/camera_depth_ws/install/rgbd_camera/lib/python3.8/site-packages/rgbd_camera/depth_node.py to depth_node.cpython-38.pyc
[1.127s] running install_data
[1.128s] creating /home/locobot/camera_depth_ws/install/rgbd_camera/share
[1.128s] creating /home/locobot/camera_depth_ws/install/rgbd_camera/share/ament_index
[1.128s] creating /home/locobot/camera_depth_ws/install/rgbd_camera/share/ament_index/resource_index
[1.128s] creating /home/locobot/camera_depth_ws/install/rgbd_camera/share/ament_index/resource_index/packages
[1.128s] copying resource/rgbd_camera -> /home/locobot/camera_depth_ws/install/rgbd_camera/share/ament_index/resource_index/packages
[1.128s] creating /home/locobot/camera_depth_ws/install/rgbd_camera/share/rgbd_camera
[1.128s] copying package.xml -> /home/locobot/camera_depth_ws/install/rgbd_camera/share/rgbd_camera
[1.128s] running install_egg_info
[1.129s] Copying ../../build/rgbd_camera/rgbd_camera.egg-info to /home/locobot/camera_depth_ws/install/rgbd_camera/lib/python3.8/site-packages/rgbd_camera-0.0.0-py3.8.egg-info
[1.129s] running install_scripts
[1.144s] Installing depth_node script to /home/locobot/camera_depth_ws/install/rgbd_camera/lib/rgbd_camera
[1.144s] Installing tf_node script to /home/locobot/camera_depth_ws/install/rgbd_camera/lib/rgbd_camera
[1.144s] writing list of installed files to '/home/locobot/camera_depth_ws/build/rgbd_camera/install.log'
[1.159s] Invoked command in '/home/locobot/camera_depth_ws/src/rgbd_camera' returned '0': PYTHONPATH=/home/locobot/camera_depth_ws/build/rgbd_camera/prefix_override:/home/locobot/camera_depth_ws/install/rgbd_camera/lib/python3.8/site-packages:${PYTHONPATH} /usr/bin/python3 setup.py egg_info --egg-base ../../build/rgbd_camera build --build-base /home/locobot/camera_depth_ws/build/rgbd_camera/build install --record /home/locobot/camera_depth_ws/build/rgbd_camera/install.log --single-version-externally-managed
