[3.609s] Invoking command in '/home/locobot/SU_Robotics/eyetracking_ros_ws/src/interbotix_ros_toolboxes/interbotix_common_toolbox/interbotix_common_modules': PYTHONPATH=/home/locobot/SU_Robotics/eyetracking_ros_ws/build/interbotix_common_modules/prefix_override:/home/locobot/SU_Robotics/eyetracking_ros_ws/install/interbotix_common_modules/lib/python3.8/site-packages:${PYTHONPATH} /usr/bin/python3 setup.py egg_info --egg-base ../../../../build/interbotix_common_modules build --build-base /home/locobot/SU_Robotics/eyetracking_ros_ws/build/interbotix_common_modules/build install --record /home/locobot/SU_Robotics/eyetracking_ros_ws/build/interbotix_common_modules/install.log --single-version-externally-managed
[3.977s] running egg_info
[3.977s] creating ../../../../build/interbotix_common_modules/interbotix_common_modules.egg-info
[3.978s] writing ../../../../build/interbotix_common_modules/interbotix_common_modules.egg-info/PKG-INFO
[3.978s] writing dependency_links to ../../../../build/interbotix_common_modules/interbotix_common_modules.egg-info/dependency_links.txt
[3.978s] writing entry points to ../../../../build/interbotix_common_modules/interbotix_common_modules.egg-info/entry_points.txt
[3.979s] writing requirements to ../../../../build/interbotix_common_modules/interbotix_common_modules.egg-info/requires.txt
[3.979s] writing top-level names to ../../../../build/interbotix_common_modules/interbotix_common_modules.egg-info/top_level.txt
[3.981s] writing manifest file '../../../../build/interbotix_common_modules/interbotix_common_modules.egg-info/SOURCES.txt'
[4.035s] reading manifest file '../../../../build/interbotix_common_modules/interbotix_common_modules.egg-info/SOURCES.txt'
[4.036s] writing manifest file '../../../../build/interbotix_common_modules/interbotix_common_modules.egg-info/SOURCES.txt'
[4.036s] running build
[4.036s] running build_py
[4.036s] creating /home/locobot/SU_Robotics/eyetracking_ros_ws/build/interbotix_common_modules/build
[4.036s] creating /home/locobot/SU_Robotics/eyetracking_ros_ws/build/interbotix_common_modules/build/lib
[4.037s] creating /home/locobot/SU_Robotics/eyetracking_ros_ws/build/interbotix_common_modules/build/lib/interbotix_common_modules
[4.037s] copying interbotix_common_modules/__init__.py -> /home/locobot/SU_Robotics/eyetracking_ros_ws/build/interbotix_common_modules/build/lib/interbotix_common_modules
[4.037s] creating /home/locobot/SU_Robotics/eyetracking_ros_ws/build/interbotix_common_modules/build/lib/interbotix_common_modules/launch
[4.037s] copying interbotix_common_modules/launch/__init__.py -> /home/locobot/SU_Robotics/eyetracking_ros_ws/build/interbotix_common_modules/build/lib/interbotix_common_modules/launch
[4.037s] copying interbotix_common_modules/launch/and_condition.py -> /home/locobot/SU_Robotics/eyetracking_ros_ws/build/interbotix_common_modules/build/lib/interbotix_common_modules/launch
[4.037s] copying interbotix_common_modules/launch/or_condition.py -> /home/locobot/SU_Robotics/eyetracking_ros_ws/build/interbotix_common_modules/build/lib/interbotix_common_modules/launch
[4.037s] creating /home/locobot/SU_Robotics/eyetracking_ros_ws/build/interbotix_common_modules/build/lib/interbotix_common_modules/py_common
[4.037s] copying interbotix_common_modules/py_common/__init__.py -> /home/locobot/SU_Robotics/eyetracking_ros_ws/build/interbotix_common_modules/build/lib/interbotix_common_modules/py_common
[4.038s] copying interbotix_common_modules/py_common/params.py -> /home/locobot/SU_Robotics/eyetracking_ros_ws/build/interbotix_common_modules/build/lib/interbotix_common_modules/py_common
[4.038s] creating /home/locobot/SU_Robotics/eyetracking_ros_ws/build/interbotix_common_modules/build/lib/interbotix_common_modules/angle_manipulation
[4.038s] copying interbotix_common_modules/angle_manipulation/__init__.py -> /home/locobot/SU_Robotics/eyetracking_ros_ws/build/interbotix_common_modules/build/lib/interbotix_common_modules/angle_manipulation
[4.038s] copying interbotix_common_modules/angle_manipulation/angle_manipulation.py -> /home/locobot/SU_Robotics/eyetracking_ros_ws/build/interbotix_common_modules/build/lib/interbotix_common_modules/angle_manipulation
[4.038s] running install
[4.039s] running install_lib
[4.041s] creating /home/locobot/SU_Robotics/eyetracking_ros_ws/install/interbotix_common_modules/lib/python3.8/site-packages/interbotix_common_modules
[4.041s] copying /home/locobot/SU_Robotics/eyetracking_ros_ws/build/interbotix_common_modules/build/lib/interbotix_common_modules/__init__.py -> /home/locobot/SU_Robotics/eyetracking_ros_ws/install/interbotix_common_modules/lib/python3.8/site-packages/interbotix_common_modules
[4.041s] creating /home/locobot/SU_Robotics/eyetracking_ros_ws/install/interbotix_common_modules/lib/python3.8/site-packages/interbotix_common_modules/launch
[4.041s] copying /home/locobot/SU_Robotics/eyetracking_ros_ws/build/interbotix_common_modules/build/lib/interbotix_common_modules/launch/__init__.py -> /home/locobot/SU_Robotics/eyetracking_ros_ws/install/interbotix_common_modules/lib/python3.8/site-packages/interbotix_common_modules/launch
[4.041s] copying /home/locobot/SU_Robotics/eyetracking_ros_ws/build/interbotix_common_modules/build/lib/interbotix_common_modules/launch/and_condition.py -> /home/locobot/SU_Robotics/eyetracking_ros_ws/install/interbotix_common_modules/lib/python3.8/site-packages/interbotix_common_modules/launch
[4.041s] copying /home/locobot/SU_Robotics/eyetracking_ros_ws/build/interbotix_common_modules/build/lib/interbotix_common_modules/launch/or_condition.py -> /home/locobot/SU_Robotics/eyetracking_ros_ws/install/interbotix_common_modules/lib/python3.8/site-packages/interbotix_common_modules/launch
[4.041s] creating /home/locobot/SU_Robotics/eyetracking_ros_ws/install/interbotix_common_modules/lib/python3.8/site-packages/interbotix_common_modules/py_common
[4.041s] copying /home/locobot/SU_Robotics/eyetracking_ros_ws/build/interbotix_common_modules/build/lib/interbotix_common_modules/py_common/__init__.py -> /home/locobot/SU_Robotics/eyetracking_ros_ws/install/interbotix_common_modules/lib/python3.8/site-packages/interbotix_common_modules/py_common
[4.042s] copying /home/locobot/SU_Robotics/eyetracking_ros_ws/build/interbotix_common_modules/build/lib/interbotix_common_modules/py_common/params.py -> /home/locobot/SU_Robotics/eyetracking_ros_ws/install/interbotix_common_modules/lib/python3.8/site-packages/interbotix_common_modules/py_common
[4.042s] creating /home/locobot/SU_Robotics/eyetracking_ros_ws/install/interbotix_common_modules/lib/python3.8/site-packages/interbotix_common_modules/angle_manipulation
[4.042s] copying /home/locobot/SU_Robotics/eyetracking_ros_ws/build/interbotix_common_modules/build/lib/interbotix_common_modules/angle_manipulation/__init__.py -> /home/locobot/SU_Robotics/eyetracking_ros_ws/install/interbotix_common_modules/lib/python3.8/site-packages/interbotix_common_modules/angle_manipulation
[4.042s] copying /home/locobot/SU_Robotics/eyetracking_ros_ws/build/interbotix_common_modules/build/lib/interbotix_common_modules/angle_manipulation/angle_manipulation.py -> /home/locobot/SU_Robotics/eyetracking_ros_ws/install/interbotix_common_modules/lib/python3.8/site-packages/interbotix_common_modules/angle_manipulation
[4.043s] byte-compiling /home/locobot/SU_Robotics/eyetracking_ros_ws/install/interbotix_common_modules/lib/python3.8/site-packages/interbotix_common_modules/__init__.py to __init__.cpython-38.pyc
[4.044s] byte-compiling /home/locobot/SU_Robotics/eyetracking_ros_ws/install/interbotix_common_modules/lib/python3.8/site-packages/interbotix_common_modules/launch/__init__.py to __init__.cpython-38.pyc
[4.045s] byte-compiling /home/locobot/SU_Robotics/eyetracking_ros_ws/install/interbotix_common_modules/lib/python3.8/site-packages/interbotix_common_modules/launch/and_condition.py to and_condition.cpython-38.pyc
[4.045s] byte-compiling /home/locobot/SU_Robotics/eyetracking_ros_ws/install/interbotix_common_modules/lib/python3.8/site-packages/interbotix_common_modules/launch/or_condition.py to or_condition.cpython-38.pyc
[4.046s] byte-compiling /home/locobot/SU_Robotics/eyetracking_ros_ws/install/interbotix_common_modules/lib/python3.8/site-packages/interbotix_common_modules/py_common/__init__.py to __init__.cpython-38.pyc
[4.046s] byte-compiling /home/locobot/SU_Robotics/eyetracking_ros_ws/install/interbotix_common_modules/lib/python3.8/site-packages/interbotix_common_modules/py_common/params.py to params.cpython-38.pyc
[4.046s] byte-compiling /home/locobot/SU_Robotics/eyetracking_ros_ws/install/interbotix_common_modules/lib/python3.8/site-packages/interbotix_common_modules/angle_manipulation/__init__.py to __init__.cpython-38.pyc
[4.047s] byte-compiling /home/locobot/SU_Robotics/eyetracking_ros_ws/install/interbotix_common_modules/lib/python3.8/site-packages/interbotix_common_modules/angle_manipulation/angle_manipulation.py to angle_manipulation.cpython-38.pyc
[4.047s] running install_data
[4.048s] creating /home/locobot/SU_Robotics/eyetracking_ros_ws/install/interbotix_common_modules/share/ament_index
[4.048s] creating /home/locobot/SU_Robotics/eyetracking_ros_ws/install/interbotix_common_modules/share/ament_index/resource_index
[4.049s] creating /home/locobot/SU_Robotics/eyetracking_ros_ws/install/interbotix_common_modules/share/ament_index/resource_index/packages
[4.049s] copying resource/interbotix_common_modules -> /home/locobot/SU_Robotics/eyetracking_ros_ws/install/interbotix_common_modules/share/ament_index/resource_index/packages
[4.049s] copying package.xml -> /home/locobot/SU_Robotics/eyetracking_ros_ws/install/interbotix_common_modules/share/interbotix_common_modules
[4.049s] running install_egg_info
[4.051s] Copying ../../../../build/interbotix_common_modules/interbotix_common_modules.egg-info to /home/locobot/SU_Robotics/eyetracking_ros_ws/install/interbotix_common_modules/lib/python3.8/site-packages/interbotix_common_modules-0.0.0-py3.8.egg-info
[4.052s] running install_scripts
[4.072s] writing list of installed files to '/home/locobot/SU_Robotics/eyetracking_ros_ws/build/interbotix_common_modules/install.log'
[4.107s] Invoked command in '/home/locobot/SU_Robotics/eyetracking_ros_ws/src/interbotix_ros_toolboxes/interbotix_common_toolbox/interbotix_common_modules' returned '0': PYTHONPATH=/home/locobot/SU_Robotics/eyetracking_ros_ws/build/interbotix_common_modules/prefix_override:/home/locobot/SU_Robotics/eyetracking_ros_ws/install/interbotix_common_modules/lib/python3.8/site-packages:${PYTHONPATH} /usr/bin/python3 setup.py egg_info --egg-base ../../../../build/interbotix_common_modules build --build-base /home/locobot/SU_Robotics/eyetracking_ros_ws/build/interbotix_common_modules/build install --record /home/locobot/SU_Robotics/eyetracking_ros_ws/build/interbotix_common_modules/install.log --single-version-externally-managed
