[1.859s] Invoking command in '/home/locobot/SU_Robotics/eyetracking_ros_ws/src/rgbd_camera': PYTHONPATH=/home/locobot/SU_Robotics/eyetracking_ros_ws/build/rgbd_camera/prefix_override:/home/locobot/SU_Robotics/eyetracking_ros_ws/install/rgbd_camera/lib/python3.8/site-packages:${PYTHONPATH} /usr/bin/python3 setup.py egg_info --egg-base ../../build/rgbd_camera build --build-base /home/locobot/SU_Robotics/eyetracking_ros_ws/build/rgbd_camera/build install --record /home/locobot/SU_Robotics/eyetracking_ros_ws/build/rgbd_camera/install.log --single-version-externally-managed
[2.352s] running egg_info
[2.352s] writing ../../build/rgbd_camera/rgbd_camera.egg-info/PKG-INFO
[2.352s] writing dependency_links to ../../build/rgbd_camera/rgbd_camera.egg-info/dependency_links.txt
[2.352s] writing entry points to ../../build/rgbd_camera/rgbd_camera.egg-info/entry_points.txt
[2.352s] writing requirements to ../../build/rgbd_camera/rgbd_camera.egg-info/requires.txt
[2.352s] writing top-level names to ../../build/rgbd_camera/rgbd_camera.egg-info/top_level.txt
[2.352s] reading manifest file '../../build/rgbd_camera/rgbd_camera.egg-info/SOURCES.txt'
[2.352s] writing manifest file '../../build/rgbd_camera/rgbd_camera.egg-info/SOURCES.txt'
[2.352s] running build
[2.352s] running build_py
[2.352s] running install
[2.352s] running install_lib
[2.353s] running install_data
[2.353s] running install_egg_info
[2.353s] removing '/home/locobot/SU_Robotics/eyetracking_ros_ws/install/rgbd_camera/lib/python3.8/site-packages/rgbd_camera-0.0.0-py3.8.egg-info' (and everything under it)
[2.353s] Copying ../../build/rgbd_camera/rgbd_camera.egg-info to /home/locobot/SU_Robotics/eyetracking_ros_ws/install/rgbd_camera/lib/python3.8/site-packages/rgbd_camera-0.0.0-py3.8.egg-info
[2.353s] running install_scripts
[2.353s] Installing depth_node script to /home/locobot/SU_Robotics/eyetracking_ros_ws/install/rgbd_camera/lib/rgbd_camera
[2.353s] Installing tf_node script to /home/locobot/SU_Robotics/eyetracking_ros_ws/install/rgbd_camera/lib/rgbd_camera
[2.353s] writing list of installed files to '/home/locobot/SU_Robotics/eyetracking_ros_ws/build/rgbd_camera/install.log'
[2.529s] Invoked command in '/home/locobot/SU_Robotics/eyetracking_ros_ws/src/rgbd_camera' returned '0': PYTHONPATH=/home/locobot/SU_Robotics/eyetracking_ros_ws/build/rgbd_camera/prefix_override:/home/locobot/SU_Robotics/eyetracking_ros_ws/install/rgbd_camera/lib/python3.8/site-packages:${PYTHONPATH} /usr/bin/python3 setup.py egg_info --egg-base ../../build/rgbd_camera build --build-base /home/locobot/SU_Robotics/eyetracking_ros_ws/build/rgbd_camera/build install --record /home/locobot/SU_Robotics/eyetracking_ros_ws/build/rgbd_camera/install.log --single-version-externally-managed
