-- The C compiler identification is GNU 9.4.0
-- The CXX compiler identification is GNU 9.4.0
-- Check for working C compiler: /usr/bin/cc
-- Check for working C compiler: /usr/bin/cc -- works
-- Detecting C compiler ABI info
-- Detecting C compiler ABI info - done
-- Detecting C compile features
-- Detecting C compile features - done
-- Check for working CXX compiler: /usr/bin/c++
-- Check for working CXX compiler: /usr/bin/c++ -- works
-- Detecting CXX compiler ABI info
-- Detecting CXX compiler ABI info - done
-- Detecting CXX compile features
-- Detecting CXX compile features - done
-- Found rosidl_default_generators: 1.1.1 (/opt/ros/galactic/share/rosidl_default_generators/cmake)
-- Found ament_cmake_core: 1.1.6 (/opt/ros/galactic/share/ament_cmake_core/cmake)
-- Found PythonInterp: /usr/bin/python3 (found suitable version "3.8.10", minimum required is "3") 
-- Using PYTHON_EXECUTABLE: /usr/bin/python3
-- Using all available rosidl_typesupport_c: rosidl_typesupport_fastrtps_c;rosidl_typesupport_introspection_c
-- Found rosidl_adapter: 2.2.3 (/opt/ros/galactic/share/rosidl_adapter/cmake)
-- Found OpenSSL: /usr/lib/x86_64-linux-gnu/libcrypto.so (found version "1.1.1f")  
-- Found FastRTPS: /opt/ros/galactic/include  
-- Using all available rosidl_typesupport_cpp: rosidl_typesupport_fastrtps_cpp;rosidl_typesupport_introspection_cpp
-- Found std_msgs: 2.2.4 (/opt/ros/galactic/share/std_msgs/cmake)
-- Found trajectory_msgs: 2.2.4 (/opt/ros/galactic/share/trajectory_msgs/cmake)
-- Found PythonInterp: /usr/bin/python3 (found version "3.8.10") 
-- Found ament_cmake_ros: 0.9.2 (/opt/ros/galactic/share/ament_cmake_ros/cmake)
-- Using all available rosidl_typesupport_c: rosidl_typesupport_fastrtps_c;rosidl_typesupport_introspection_c
-- Using all available rosidl_typesupport_cpp: rosidl_typesupport_fastrtps_cpp;rosidl_typesupport_introspection_cpp
-- Found PythonInterp: /usr/bin/python3 (found suitable version "3.8.10", minimum required is "3.5") 
-- Found python_cmake_module: 0.8.1 (/opt/ros/galactic/share/python_cmake_module/cmake)
-- Found PythonLibs: /usr/lib/x86_64-linux-gnu/libpython3.8.so (found suitable version "3.8.10", minimum required is "3.5") 
-- Using PYTHON_EXECUTABLE: /usr/bin/python3
-- Using PYTHON_INCLUDE_DIRS: /usr/include/python3.8
-- Using PYTHON_LIBRARIES: /usr/lib/x86_64-linux-gnu/libpython3.8.so
-- Found PythonExtra: .so  
-- Found ament_lint_auto: 0.10.7 (/opt/ros/galactic/share/ament_lint_auto/cmake)
-- Configuring done
-- Generating done
-- Build files have been written to: /home/locobot/SU_Robotics/eyetracking_ros_ws/build/interbotix_xs_msgs
[35m[1mScanning dependencies of target interbotix_xs_msgs__cpp[0m
[  1%] [34m[1mGenerating C code for ROS interfaces[0m
[  1%] [34m[1mGenerating C++ code for ROS interfaces[0m
[35m[1mScanning dependencies of target interbotix_xs_msgs__rosidl_generator_c[0m
[  2%] [32mBuilding C object CMakeFiles/interbotix_xs_msgs__rosidl_generator_c.dir/rosidl_generator_c/interbotix_xs_msgs/msg/detail/arm_joy__functions.c.o[0m
[  2%] [32mBuilding C object CMakeFiles/interbotix_xs_msgs__rosidl_generator_c.dir/rosidl_generator_c/interbotix_xs_msgs/msg/detail/hex_joy__functions.c.o[0m
[  3%] [32mBuilding C object CMakeFiles/interbotix_xs_msgs__rosidl_generator_c.dir/rosidl_generator_c/interbotix_xs_msgs/msg/detail/joint_single_command__functions.c.o[0m
[  4%] [32mBuilding C object CMakeFiles/interbotix_xs_msgs__rosidl_generator_c.dir/rosidl_generator_c/interbotix_xs_msgs/msg/detail/joint_group_command__functions.c.o[0m
[  5%] [32mBuilding C object CMakeFiles/interbotix_xs_msgs__rosidl_generator_c.dir/rosidl_generator_c/interbotix_xs_msgs/msg/detail/locobot_joy__functions.c.o[0m
[  6%] [32mBuilding C object CMakeFiles/interbotix_xs_msgs__rosidl_generator_c.dir/rosidl_generator_c/interbotix_xs_msgs/msg/detail/joint_temps__functions.c.o[0m
[  7%] [32mBuilding C object CMakeFiles/interbotix_xs_msgs__rosidl_generator_c.dir/rosidl_generator_c/interbotix_xs_msgs/msg/detail/turret_joy__functions.c.o[0m
[  7%] [32mBuilding C object CMakeFiles/interbotix_xs_msgs__rosidl_generator_c.dir/rosidl_generator_c/interbotix_xs_msgs/msg/detail/joint_trajectory_command__functions.c.o[0m
[  8%] [32mBuilding C object CMakeFiles/interbotix_xs_msgs__rosidl_generator_c.dir/rosidl_generator_c/interbotix_xs_msgs/srv/detail/motor_gains__functions.c.o[0m
[  9%] [32mBuilding C object CMakeFiles/interbotix_xs_msgs__rosidl_generator_c.dir/rosidl_generator_c/interbotix_xs_msgs/srv/detail/reboot__functions.c.o[0m
[  9%] [32mBuilding C object CMakeFiles/interbotix_xs_msgs__rosidl_generator_c.dir/rosidl_generator_c/interbotix_xs_msgs/srv/detail/operating_modes__functions.c.o[0m
[ 10%] [32mBuilding C object CMakeFiles/interbotix_xs_msgs__rosidl_generator_c.dir/rosidl_generator_c/interbotix_xs_msgs/srv/detail/register_values__functions.c.o[0m
[ 10%] [32mBuilding C object CMakeFiles/interbotix_xs_msgs__rosidl_generator_c.dir/rosidl_generator_c/interbotix_xs_msgs/srv/detail/robot_info__functions.c.o[0m
[ 11%] [32mBuilding C object CMakeFiles/interbotix_xs_msgs__rosidl_generator_c.dir/rosidl_generator_c/interbotix_xs_msgs/srv/detail/torque_enable__functions.c.o[0m
[ 11%] Built target interbotix_xs_msgs__cpp
[ 13%] [34m[1mGenerating C++ type support dispatch for ROS interfaces[0m
[ 13%] [34m[1mGenerating C++ type support for eProsima Fast-RTPS[0m
[ 14%] [32m[1mLinking C shared library libinterbotix_xs_msgs__rosidl_generator_c.so[0m
[ 14%] [34m[1mGenerating C++ introspection for ROS interfaces[0m
[ 14%] Built target interbotix_xs_msgs__rosidl_generator_c
[ 16%] [34m[1mGenerating C introspection for ROS interfaces[0m
[ 16%] [34m[1mGenerating C type support dispatch for ROS interfaces[0m
[35m[1mScanning dependencies of target interbotix_xs_msgs__rosidl_typesupport_introspection_cpp[0m
[35m[1mScanning dependencies of target interbotix_xs_msgs__rosidl_typesupport_cpp[0m
[35m[1mScanning dependencies of target interbotix_xs_msgs__rosidl_typesupport_c[0m
[ 18%] [32mBuilding CXX object CMakeFiles/interbotix_xs_msgs__rosidl_typesupport_introspection_cpp.dir/rosidl_typesupport_introspection_cpp/interbotix_xs_msgs/msg/detail/arm_joy__type_support.cpp.o[0m
[ 18%] [32mBuilding CXX object CMakeFiles/interbotix_xs_msgs__rosidl_typesupport_introspection_cpp.dir/rosidl_typesupport_introspection_cpp/interbotix_xs_msgs/msg/detail/joint_single_command__type_support.cpp.o[0m
[ 18%] [32mBuilding CXX object CMakeFiles/interbotix_xs_msgs__rosidl_typesupport_introspection_cpp.dir/rosidl_typesupport_introspection_cpp/interbotix_xs_msgs/msg/detail/hex_joy__type_support.cpp.o[0m
[ 19%] [32mBuilding CXX object CMakeFiles/interbotix_xs_msgs__rosidl_typesupport_introspection_cpp.dir/rosidl_typesupport_introspection_cpp/interbotix_xs_msgs/msg/detail/joint_group_command__type_support.cpp.o[0m
[ 21%] [32mBuilding CXX object CMakeFiles/interbotix_xs_msgs__rosidl_typesupport_introspection_cpp.dir/rosidl_typesupport_introspection_cpp/interbotix_xs_msgs/msg/detail/joint_temps__type_support.cpp.o[0m
[ 21%] [32mBuilding CXX object CMakeFiles/interbotix_xs_msgs__rosidl_typesupport_introspection_cpp.dir/rosidl_typesupport_introspection_cpp/interbotix_xs_msgs/msg/detail/joint_trajectory_command__type_support.cpp.o[0m
[ 22%] [32mBuilding CXX object CMakeFiles/interbotix_xs_msgs__rosidl_typesupport_cpp.dir/rosidl_typesupport_cpp/interbotix_xs_msgs/msg/arm_joy__type_support.cpp.o[0m
[ 23%] [32mBuilding CXX object CMakeFiles/interbotix_xs_msgs__rosidl_typesupport_introspection_cpp.dir/rosidl_typesupport_introspection_cpp/interbotix_xs_msgs/msg/detail/locobot_joy__type_support.cpp.o[0m
[ 23%] [32mBuilding CXX object CMakeFiles/interbotix_xs_msgs__rosidl_typesupport_c.dir/rosidl_typesupport_c/interbotix_xs_msgs/msg/arm_joy__type_support.cpp.o[0m
[ 23%] [32mBuilding CXX object CMakeFiles/interbotix_xs_msgs__rosidl_typesupport_introspection_cpp.dir/rosidl_typesupport_introspection_cpp/interbotix_xs_msgs/msg/detail/turret_joy__type_support.cpp.o[0m
[ 24%] [32mBuilding CXX object CMakeFiles/interbotix_xs_msgs__rosidl_typesupport_c.dir/rosidl_typesupport_c/interbotix_xs_msgs/msg/hex_joy__type_support.cpp.o[0m
[35m[1mScanning dependencies of target interbotix_xs_msgs__rosidl_typesupport_introspection_c[0m
[ 25%] [32mBuilding CXX object CMakeFiles/interbotix_xs_msgs__rosidl_typesupport_c.dir/rosidl_typesupport_c/interbotix_xs_msgs/msg/joint_group_command__type_support.cpp.o[0m
[ 26%] [32mBuilding C object CMakeFiles/interbotix_xs_msgs__rosidl_typesupport_introspection_c.dir/rosidl_typesupport_introspection_c/interbotix_xs_msgs/msg/detail/arm_joy__type_support.c.o[0m
[ 27%] [32mBuilding CXX object CMakeFiles/interbotix_xs_msgs__rosidl_typesupport_c.dir/rosidl_typesupport_c/interbotix_xs_msgs/msg/joint_single_command__type_support.cpp.o[0m
[ 28%] [32mBuilding C object CMakeFiles/interbotix_xs_msgs__rosidl_typesupport_introspection_c.dir/rosidl_typesupport_introspection_c/interbotix_xs_msgs/msg/detail/hex_joy__type_support.c.o[0m
[ 28%] [32mBuilding CXX object CMakeFiles/interbotix_xs_msgs__rosidl_typesupport_c.dir/rosidl_typesupport_c/interbotix_xs_msgs/msg/joint_temps__type_support.cpp.o[0m
[ 29%] [32mBuilding CXX object CMakeFiles/interbotix_xs_msgs__rosidl_typesupport_introspection_cpp.dir/rosidl_typesupport_introspection_cpp/interbotix_xs_msgs/srv/detail/operating_modes__type_support.cpp.o[0m
[ 30%] [32mBuilding CXX object CMakeFiles/interbotix_xs_msgs__rosidl_typesupport_introspection_cpp.dir/rosidl_typesupport_introspection_cpp/interbotix_xs_msgs/srv/detail/motor_gains__type_support.cpp.o[0m
[ 31%] [32mBuilding CXX object CMakeFiles/interbotix_xs_msgs__rosidl_typesupport_introspection_cpp.dir/rosidl_typesupport_introspection_cpp/interbotix_xs_msgs/srv/detail/reboot__type_support.cpp.o[0m
[ 32%] [32mBuilding CXX object CMakeFiles/interbotix_xs_msgs__rosidl_typesupport_c.dir/rosidl_typesupport_c/interbotix_xs_msgs/msg/joint_trajectory_command__type_support.cpp.o[0m
[ 32%] [32mBuilding C object CMakeFiles/interbotix_xs_msgs__rosidl_typesupport_introspection_c.dir/rosidl_typesupport_introspection_c/interbotix_xs_msgs/msg/detail/joint_group_command__type_support.c.o[0m
[ 33%] [32mBuilding CXX object CMakeFiles/interbotix_xs_msgs__rosidl_typesupport_cpp.dir/rosidl_typesupport_cpp/interbotix_xs_msgs/msg/hex_joy__type_support.cpp.o[0m
[ 34%] [32mBuilding CXX object CMakeFiles/interbotix_xs_msgs__rosidl_typesupport_c.dir/rosidl_typesupport_c/interbotix_xs_msgs/msg/locobot_joy__type_support.cpp.o[0m
[ 35%] [32mBuilding CXX object CMakeFiles/interbotix_xs_msgs__rosidl_typesupport_c.dir/rosidl_typesupport_c/interbotix_xs_msgs/msg/turret_joy__type_support.cpp.o[0m
[ 35%] [32mBuilding CXX object CMakeFiles/interbotix_xs_msgs__rosidl_typesupport_introspection_cpp.dir/rosidl_typesupport_introspection_cpp/interbotix_xs_msgs/srv/detail/register_values__type_support.cpp.o[0m
[ 35%] [32mBuilding CXX object CMakeFiles/interbotix_xs_msgs__rosidl_typesupport_cpp.dir/rosidl_typesupport_cpp/interbotix_xs_msgs/msg/joint_group_command__type_support.cpp.o[0m
[ 36%] [32mBuilding CXX object CMakeFiles/interbotix_xs_msgs__rosidl_typesupport_introspection_cpp.dir/rosidl_typesupport_introspection_cpp/interbotix_xs_msgs/srv/detail/robot_info__type_support.cpp.o[0m
[ 37%] [32mBuilding C object CMakeFiles/interbotix_xs_msgs__rosidl_typesupport_introspection_c.dir/rosidl_typesupport_introspection_c/interbotix_xs_msgs/msg/detail/joint_single_command__type_support.c.o[0m
[ 37%] [32mBuilding CXX object CMakeFiles/interbotix_xs_msgs__rosidl_typesupport_c.dir/rosidl_typesupport_c/interbotix_xs_msgs/srv/motor_gains__type_support.cpp.o[0m
[ 38%] [32mBuilding CXX object CMakeFiles/interbotix_xs_msgs__rosidl_typesupport_cpp.dir/rosidl_typesupport_cpp/interbotix_xs_msgs/msg/joint_single_command__type_support.cpp.o[0m
[ 39%] [32mBuilding CXX object CMakeFiles/interbotix_xs_msgs__rosidl_typesupport_c.dir/rosidl_typesupport_c/interbotix_xs_msgs/srv/operating_modes__type_support.cpp.o[0m
[ 40%] [32mBuilding C object CMakeFiles/interbotix_xs_msgs__rosidl_typesupport_introspection_c.dir/rosidl_typesupport_introspection_c/interbotix_xs_msgs/msg/detail/joint_temps__type_support.c.o[0m
[ 41%] [32mBuilding CXX object CMakeFiles/interbotix_xs_msgs__rosidl_typesupport_c.dir/rosidl_typesupport_c/interbotix_xs_msgs/srv/reboot__type_support.cpp.o[0m
[35m[1mScanning dependencies of target interbotix_xs_msgs__rosidl_typesupport_fastrtps_cpp[0m
[ 43%] [32mBuilding CXX object CMakeFiles/interbotix_xs_msgs__rosidl_typesupport_fastrtps_cpp.dir/rosidl_typesupport_fastrtps_cpp/interbotix_xs_msgs/msg/detail/dds_fastrtps/arm_joy__type_support.cpp.o[0m
[ 43%] [32mBuilding CXX object CMakeFiles/interbotix_xs_msgs__rosidl_typesupport_cpp.dir/rosidl_typesupport_cpp/interbotix_xs_msgs/msg/joint_temps__type_support.cpp.o[0m
[ 44%] [32mBuilding C object CMakeFiles/interbotix_xs_msgs__rosidl_typesupport_introspection_c.dir/rosidl_typesupport_introspection_c/interbotix_xs_msgs/msg/detail/joint_trajectory_command__type_support.c.o[0m
[ 45%] [32mBuilding CXX object CMakeFiles/interbotix_xs_msgs__rosidl_typesupport_c.dir/rosidl_typesupport_c/interbotix_xs_msgs/srv/register_values__type_support.cpp.o[0m
[ 45%] [32mBuilding CXX object CMakeFiles/interbotix_xs_msgs__rosidl_typesupport_cpp.dir/rosidl_typesupport_cpp/interbotix_xs_msgs/msg/joint_trajectory_command__type_support.cpp.o[0m
[ 45%] [32mBuilding C object CMakeFiles/interbotix_xs_msgs__rosidl_typesupport_introspection_c.dir/rosidl_typesupport_introspection_c/interbotix_xs_msgs/msg/detail/locobot_joy__type_support.c.o[0m
[ 46%] [32mBuilding CXX object CMakeFiles/interbotix_xs_msgs__rosidl_typesupport_introspection_cpp.dir/rosidl_typesupport_introspection_cpp/interbotix_xs_msgs/srv/detail/torque_enable__type_support.cpp.o[0m
[ 46%] [32mBuilding CXX object CMakeFiles/interbotix_xs_msgs__rosidl_typesupport_c.dir/rosidl_typesupport_c/interbotix_xs_msgs/srv/robot_info__type_support.cpp.o[0m
[ 47%] [32mBuilding CXX object CMakeFiles/interbotix_xs_msgs__rosidl_typesupport_cpp.dir/rosidl_typesupport_cpp/interbotix_xs_msgs/msg/locobot_joy__type_support.cpp.o[0m
[ 48%] [32mBuilding CXX object CMakeFiles/interbotix_xs_msgs__rosidl_typesupport_cpp.dir/rosidl_typesupport_cpp/interbotix_xs_msgs/msg/turret_joy__type_support.cpp.o[0m
[ 49%] [32mBuilding CXX object CMakeFiles/interbotix_xs_msgs__rosidl_typesupport_cpp.dir/rosidl_typesupport_cpp/interbotix_xs_msgs/srv/motor_gains__type_support.cpp.o[0m
[ 50%] [32mBuilding C object CMakeFiles/interbotix_xs_msgs__rosidl_typesupport_introspection_c.dir/rosidl_typesupport_introspection_c/interbotix_xs_msgs/msg/detail/turret_joy__type_support.c.o[0m
[ 51%] [32mBuilding CXX object CMakeFiles/interbotix_xs_msgs__rosidl_typesupport_c.dir/rosidl_typesupport_c/interbotix_xs_msgs/srv/torque_enable__type_support.cpp.o[0m
[ 52%] [32mBuilding C object CMakeFiles/interbotix_xs_msgs__rosidl_typesupport_introspection_c.dir/rosidl_typesupport_introspection_c/interbotix_xs_msgs/srv/detail/motor_gains__type_support.c.o[0m
[ 53%] [32mBuilding CXX object CMakeFiles/interbotix_xs_msgs__rosidl_typesupport_fastrtps_cpp.dir/rosidl_typesupport_fastrtps_cpp/interbotix_xs_msgs/msg/detail/dds_fastrtps/hex_joy__type_support.cpp.o[0m
[ 54%] [32m[1mLinking CXX shared library libinterbotix_xs_msgs__rosidl_typesupport_c.so[0m
[ 54%] [32mBuilding CXX object CMakeFiles/interbotix_xs_msgs__rosidl_typesupport_cpp.dir/rosidl_typesupport_cpp/interbotix_xs_msgs/srv/operating_modes__type_support.cpp.o[0m
[ 54%] [32mBuilding C object CMakeFiles/interbotix_xs_msgs__rosidl_typesupport_introspection_c.dir/rosidl_typesupport_introspection_c/interbotix_xs_msgs/srv/detail/operating_modes__type_support.c.o[0m
[ 55%] [32mBuilding C object CMakeFiles/interbotix_xs_msgs__rosidl_typesupport_introspection_c.dir/rosidl_typesupport_introspection_c/interbotix_xs_msgs/srv/detail/reboot__type_support.c.o[0m
[ 55%] [32mBuilding CXX object CMakeFiles/interbotix_xs_msgs__rosidl_typesupport_fastrtps_cpp.dir/rosidl_typesupport_fastrtps_cpp/interbotix_xs_msgs/msg/detail/dds_fastrtps/joint_group_command__type_support.cpp.o[0m
[ 56%] [32mBuilding C object CMakeFiles/interbotix_xs_msgs__rosidl_typesupport_introspection_c.dir/rosidl_typesupport_introspection_c/interbotix_xs_msgs/srv/detail/register_values__type_support.c.o[0m
[ 56%] Built target interbotix_xs_msgs__rosidl_typesupport_c
[ 57%] [32mBuilding CXX object CMakeFiles/interbotix_xs_msgs__rosidl_typesupport_fastrtps_cpp.dir/rosidl_typesupport_fastrtps_cpp/interbotix_xs_msgs/msg/detail/dds_fastrtps/joint_single_command__type_support.cpp.o[0m
[ 58%] [32mBuilding C object CMakeFiles/interbotix_xs_msgs__rosidl_typesupport_introspection_c.dir/rosidl_typesupport_introspection_c/interbotix_xs_msgs/srv/detail/robot_info__type_support.c.o[0m
[ 59%] [32mBuilding CXX object CMakeFiles/interbotix_xs_msgs__rosidl_typesupport_fastrtps_cpp.dir/rosidl_typesupport_fastrtps_cpp/interbotix_xs_msgs/msg/detail/dds_fastrtps/joint_temps__type_support.cpp.o[0m
[ 59%] [32mBuilding C object CMakeFiles/interbotix_xs_msgs__rosidl_typesupport_introspection_c.dir/rosidl_typesupport_introspection_c/interbotix_xs_msgs/srv/detail/torque_enable__type_support.c.o[0m
[ 60%] [32mBuilding CXX object CMakeFiles/interbotix_xs_msgs__rosidl_typesupport_fastrtps_cpp.dir/rosidl_typesupport_fastrtps_cpp/interbotix_xs_msgs/msg/detail/dds_fastrtps/joint_trajectory_command__type_support.cpp.o[0m
[ 61%] [32mBuilding CXX object CMakeFiles/interbotix_xs_msgs__rosidl_typesupport_cpp.dir/rosidl_typesupport_cpp/interbotix_xs_msgs/srv/reboot__type_support.cpp.o[0m
[ 62%] [32mBuilding CXX object CMakeFiles/interbotix_xs_msgs__rosidl_typesupport_cpp.dir/rosidl_typesupport_cpp/interbotix_xs_msgs/srv/register_values__type_support.cpp.o[0m
[ 63%] [32m[1mLinking C shared library libinterbotix_xs_msgs__rosidl_typesupport_introspection_c.so[0m
[ 64%] [32m[1mLinking CXX shared library libinterbotix_xs_msgs__rosidl_typesupport_introspection_cpp.so[0m
[ 64%] [32mBuilding CXX object CMakeFiles/interbotix_xs_msgs__rosidl_typesupport_fastrtps_cpp.dir/rosidl_typesupport_fastrtps_cpp/interbotix_xs_msgs/msg/detail/dds_fastrtps/locobot_joy__type_support.cpp.o[0m
[ 65%] [32mBuilding CXX object CMakeFiles/interbotix_xs_msgs__rosidl_typesupport_fastrtps_cpp.dir/rosidl_typesupport_fastrtps_cpp/interbotix_xs_msgs/msg/detail/dds_fastrtps/turret_joy__type_support.cpp.o[0m
[ 65%] Built target interbotix_xs_msgs__rosidl_typesupport_introspection_c
[ 66%] [32mBuilding CXX object CMakeFiles/interbotix_xs_msgs__rosidl_typesupport_fastrtps_cpp.dir/rosidl_typesupport_fastrtps_cpp/interbotix_xs_msgs/srv/detail/dds_fastrtps/motor_gains__type_support.cpp.o[0m
[ 67%] [32mBuilding CXX object CMakeFiles/interbotix_xs_msgs__rosidl_typesupport_fastrtps_cpp.dir/rosidl_typesupport_fastrtps_cpp/interbotix_xs_msgs/srv/detail/dds_fastrtps/operating_modes__type_support.cpp.o[0m
[ 67%] Built target interbotix_xs_msgs__rosidl_typesupport_introspection_cpp
[ 67%] [32mBuilding CXX object CMakeFiles/interbotix_xs_msgs__rosidl_typesupport_fastrtps_cpp.dir/rosidl_typesupport_fastrtps_cpp/interbotix_xs_msgs/srv/detail/dds_fastrtps/reboot__type_support.cpp.o[0m
[ 68%] [32mBuilding CXX object CMakeFiles/interbotix_xs_msgs__rosidl_typesupport_fastrtps_cpp.dir/rosidl_typesupport_fastrtps_cpp/interbotix_xs_msgs/srv/detail/dds_fastrtps/register_values__type_support.cpp.o[0m
[ 69%] [32mBuilding CXX object CMakeFiles/interbotix_xs_msgs__rosidl_typesupport_cpp.dir/rosidl_typesupport_cpp/interbotix_xs_msgs/srv/robot_info__type_support.cpp.o[0m
[ 69%] [32mBuilding CXX object CMakeFiles/interbotix_xs_msgs__rosidl_typesupport_cpp.dir/rosidl_typesupport_cpp/interbotix_xs_msgs/srv/torque_enable__type_support.cpp.o[0m
[ 70%] [32mBuilding CXX object CMakeFiles/interbotix_xs_msgs__rosidl_typesupport_fastrtps_cpp.dir/rosidl_typesupport_fastrtps_cpp/interbotix_xs_msgs/srv/detail/dds_fastrtps/torque_enable__type_support.cpp.o[0m
[ 71%] [32mBuilding CXX object CMakeFiles/interbotix_xs_msgs__rosidl_typesupport_fastrtps_cpp.dir/rosidl_typesupport_fastrtps_cpp/interbotix_xs_msgs/srv/detail/dds_fastrtps/robot_info__type_support.cpp.o[0m
[ 72%] [32m[1mLinking CXX shared library libinterbotix_xs_msgs__rosidl_typesupport_cpp.so[0m
[ 72%] Built target interbotix_xs_msgs__rosidl_typesupport_cpp
[ 72%] [32m[1mLinking CXX shared library libinterbotix_xs_msgs__rosidl_typesupport_fastrtps_cpp.so[0m
[ 72%] Built target interbotix_xs_msgs__rosidl_typesupport_fastrtps_cpp
[ 73%] [34m[1mGenerating C type support for eProsima Fast-RTPS[0m
[35m[1mScanning dependencies of target interbotix_xs_msgs__rosidl_typesupport_fastrtps_c[0m
[ 76%] [32mBuilding CXX object CMakeFiles/interbotix_xs_msgs__rosidl_typesupport_fastrtps_c.dir/rosidl_typesupport_fastrtps_c/interbotix_xs_msgs/msg/detail/joint_temps__type_support_c.cpp.o[0m
[ 76%] [32mBuilding CXX object CMakeFiles/interbotix_xs_msgs__rosidl_typesupport_fastrtps_c.dir/rosidl_typesupport_fastrtps_c/interbotix_xs_msgs/msg/detail/joint_group_command__type_support_c.cpp.o[0m
[ 76%] [32mBuilding CXX object CMakeFiles/interbotix_xs_msgs__rosidl_typesupport_fastrtps_c.dir/rosidl_typesupport_fastrtps_c/interbotix_xs_msgs/msg/detail/joint_single_command__type_support_c.cpp.o[0m
[ 76%] [32mBuilding CXX object CMakeFiles/interbotix_xs_msgs__rosidl_typesupport_fastrtps_c.dir/rosidl_typesupport_fastrtps_c/interbotix_xs_msgs/msg/detail/hex_joy__type_support_c.cpp.o[0m
[ 76%] [32mBuilding CXX object CMakeFiles/interbotix_xs_msgs__rosidl_typesupport_fastrtps_c.dir/rosidl_typesupport_fastrtps_c/interbotix_xs_msgs/msg/detail/joint_trajectory_command__type_support_c.cpp.o[0m
[ 77%] [32mBuilding CXX object CMakeFiles/interbotix_xs_msgs__rosidl_typesupport_fastrtps_c.dir/rosidl_typesupport_fastrtps_c/interbotix_xs_msgs/msg/detail/locobot_joy__type_support_c.cpp.o[0m
[ 78%] [32mBuilding CXX object CMakeFiles/interbotix_xs_msgs__rosidl_typesupport_fastrtps_c.dir/rosidl_typesupport_fastrtps_c/interbotix_xs_msgs/msg/detail/arm_joy__type_support_c.cpp.o[0m
[ 79%] [32mBuilding CXX object CMakeFiles/interbotix_xs_msgs__rosidl_typesupport_fastrtps_c.dir/rosidl_typesupport_fastrtps_c/interbotix_xs_msgs/msg/detail/turret_joy__type_support_c.cpp.o[0m
[ 79%] [32mBuilding CXX object CMakeFiles/interbotix_xs_msgs__rosidl_typesupport_fastrtps_c.dir/rosidl_typesupport_fastrtps_c/interbotix_xs_msgs/srv/detail/operating_modes__type_support_c.cpp.o[0m
[ 82%] [32mBuilding CXX object CMakeFiles/interbotix_xs_msgs__rosidl_typesupport_fastrtps_c.dir/rosidl_typesupport_fastrtps_c/interbotix_xs_msgs/srv/detail/motor_gains__type_support_c.cpp.o[0m
[ 82%] [32mBuilding CXX object CMakeFiles/interbotix_xs_msgs__rosidl_typesupport_fastrtps_c.dir/rosidl_typesupport_fastrtps_c/interbotix_xs_msgs/srv/detail/reboot__type_support_c.cpp.o[0m
[ 82%] [32mBuilding CXX object CMakeFiles/interbotix_xs_msgs__rosidl_typesupport_fastrtps_c.dir/rosidl_typesupport_fastrtps_c/interbotix_xs_msgs/srv/detail/register_values__type_support_c.cpp.o[0m
[ 83%] [32mBuilding CXX object CMakeFiles/interbotix_xs_msgs__rosidl_typesupport_fastrtps_c.dir/rosidl_typesupport_fastrtps_c/interbotix_xs_msgs/srv/detail/robot_info__type_support_c.cpp.o[0m
[ 83%] [32mBuilding CXX object CMakeFiles/interbotix_xs_msgs__rosidl_typesupport_fastrtps_c.dir/rosidl_typesupport_fastrtps_c/interbotix_xs_msgs/srv/detail/torque_enable__type_support_c.cpp.o[0m
[ 84%] [32m[1mLinking CXX shared library libinterbotix_xs_msgs__rosidl_typesupport_fastrtps_c.so[0m
[ 84%] Built target interbotix_xs_msgs__rosidl_typesupport_fastrtps_c
[35m[1mScanning dependencies of target interbotix_xs_msgs[0m
[ 84%] Built target interbotix_xs_msgs
[35m[1mScanning dependencies of target interbotix_xs_msgs__py[0m
[ 85%] [34m[1mGenerating Python code for ROS interfaces[0m
[ 85%] Built target interbotix_xs_msgs__py
[35m[1mScanning dependencies of target interbotix_xs_msgs__python[0m
[ 86%] [32mBuilding C object CMakeFiles/interbotix_xs_msgs__python.dir/rosidl_generator_py/interbotix_xs_msgs/msg/_arm_joy_s.c.o[0m
[ 88%] [32mBuilding C object CMakeFiles/interbotix_xs_msgs__python.dir/rosidl_generator_py/interbotix_xs_msgs/msg/_joint_single_command_s.c.o[0m
[ 88%] [32mBuilding C object CMakeFiles/interbotix_xs_msgs__python.dir/rosidl_generator_py/interbotix_xs_msgs/msg/_hex_joy_s.c.o[0m
[ 88%] [32mBuilding C object CMakeFiles/interbotix_xs_msgs__python.dir/rosidl_generator_py/interbotix_xs_msgs/msg/_joint_group_command_s.c.o[0m
[ 89%] [32mBuilding C object CMakeFiles/interbotix_xs_msgs__python.dir/rosidl_generator_py/interbotix_xs_msgs/msg/_joint_temps_s.c.o[0m
[ 89%] [32mBuilding C object CMakeFiles/interbotix_xs_msgs__python.dir/rosidl_generator_py/interbotix_xs_msgs/msg/_joint_trajectory_command_s.c.o[0m
[ 89%] [32mBuilding C object CMakeFiles/interbotix_xs_msgs__python.dir/rosidl_generator_py/interbotix_xs_msgs/srv/_operating_modes_s.c.o[0m
[ 90%] [32mBuilding C object CMakeFiles/interbotix_xs_msgs__python.dir/rosidl_generator_py/interbotix_xs_msgs/msg/_turret_joy_s.c.o[0m
[ 91%] [32mBuilding C object CMakeFiles/interbotix_xs_msgs__python.dir/rosidl_generator_py/interbotix_xs_msgs/srv/_motor_gains_s.c.o[0m
[ 93%] [32mBuilding C object CMakeFiles/interbotix_xs_msgs__python.dir/rosidl_generator_py/interbotix_xs_msgs/srv/_register_values_s.c.o[0m
[ 93%] [32mBuilding C object CMakeFiles/interbotix_xs_msgs__python.dir/rosidl_generator_py/interbotix_xs_msgs/msg/_locobot_joy_s.c.o[0m
[ 94%] [32mBuilding C object CMakeFiles/interbotix_xs_msgs__python.dir/rosidl_generator_py/interbotix_xs_msgs/srv/_reboot_s.c.o[0m
[ 94%] [32mBuilding C object CMakeFiles/interbotix_xs_msgs__python.dir/rosidl_generator_py/interbotix_xs_msgs/srv/_torque_enable_s.c.o[0m
[ 95%] [32mBuilding C object CMakeFiles/interbotix_xs_msgs__python.dir/rosidl_generator_py/interbotix_xs_msgs/srv/_robot_info_s.c.o[0m
[ 96%] [32m[1mLinking C shared library rosidl_generator_py/interbotix_xs_msgs/libinterbotix_xs_msgs__python.so[0m
[ 96%] Built target interbotix_xs_msgs__python
[35m[1mScanning dependencies of target interbotix_xs_msgs__rosidl_typesupport_introspection_c__pyext[0m
[35m[1mScanning dependencies of target interbotix_xs_msgs__rosidl_typesupport_c__pyext[0m
[35m[1mScanning dependencies of target interbotix_xs_msgs__rosidl_typesupport_fastrtps_c__pyext[0m
[ 97%] [32mBuilding C object CMakeFiles/interbotix_xs_msgs__rosidl_typesupport_introspection_c__pyext.dir/rosidl_generator_py/interbotix_xs_msgs/_interbotix_xs_msgs_s.ep.rosidl_typesupport_introspection_c.c.o[0m
[ 98%] [32mBuilding C object CMakeFiles/interbotix_xs_msgs__rosidl_typesupport_c__pyext.dir/rosidl_generator_py/interbotix_xs_msgs/_interbotix_xs_msgs_s.ep.rosidl_typesupport_c.c.o[0m
[ 99%] [32mBuilding C object CMakeFiles/interbotix_xs_msgs__rosidl_typesupport_fastrtps_c__pyext.dir/rosidl_generator_py/interbotix_xs_msgs/_interbotix_xs_msgs_s.ep.rosidl_typesupport_fastrtps_c.c.o[0m
[100%] [32m[1mLinking C shared library rosidl_generator_py/interbotix_xs_msgs/interbotix_xs_msgs_s__rosidl_typesupport_c.cpython-38-x86_64-linux-gnu.so[0m
[100%] [32m[1mLinking C shared library rosidl_generator_py/interbotix_xs_msgs/interbotix_xs_msgs_s__rosidl_typesupport_introspection_c.cpython-38-x86_64-linux-gnu.so[0m
[100%] [32m[1mLinking CXX shared library rosidl_generator_py/interbotix_xs_msgs/interbotix_xs_msgs_s__rosidl_typesupport_fastrtps_c.cpython-38-x86_64-linux-gnu.so[0m
[100%] Built target interbotix_xs_msgs__rosidl_typesupport_c__pyext
[100%] Built target interbotix_xs_msgs__rosidl_typesupport_introspection_c__pyext
[100%] Built target interbotix_xs_msgs__rosidl_typesupport_fastrtps_c__pyext
-- Install configuration: ""
-- Installing: /home/locobot/SU_Robotics/eyetracking_ros_ws/install/interbotix_xs_msgs/share/ament_index/resource_index/rosidl_interfaces/interbotix_xs_msgs
-- Installing: /home/locobot/SU_Robotics/eyetracking_ros_ws/install/interbotix_xs_msgs/include/interbotix_xs_msgs
-- Installing: /home/locobot/SU_Robotics/eyetracking_ros_ws/install/interbotix_xs_msgs/include/interbotix_xs_msgs/msg
-- Installing: /home/locobot/SU_Robotics/eyetracking_ros_ws/install/interbotix_xs_msgs/include/interbotix_xs_msgs/msg/rosidl_generator_c__visibility_control.h
-- Installing: /home/locobot/SU_Robotics/eyetracking_ros_ws/install/interbotix_xs_msgs/include/interbotix_xs_msgs/msg/joint_group_command.h
-- Installing: /home/locobot/SU_Robotics/eyetracking_ros_ws/install/interbotix_xs_msgs/include/interbotix_xs_msgs/msg/hex_joy.h
-- Installing: /home/locobot/SU_Robotics/eyetracking_ros_ws/install/interbotix_xs_msgs/include/interbotix_xs_msgs/msg/detail
-- Installing: /home/locobot/SU_Robotics/eyetracking_ros_ws/install/interbotix_xs_msgs/include/interbotix_xs_msgs/msg/detail/joint_single_command__type_support.h
-- Installing: /home/locobot/SU_Robotics/eyetracking_ros_ws/install/interbotix_xs_msgs/include/interbotix_xs_msgs/msg/detail/joint_group_command__functions.h
-- Installing: /home/locobot/SU_Robotics/eyetracking_ros_ws/install/interbotix_xs_msgs/include/interbotix_xs_msgs/msg/detail/joint_group_command__functions.c
-- Installing: /home/locobot/SU_Robotics/eyetracking_ros_ws/install/interbotix_xs_msgs/include/interbotix_xs_msgs/msg/detail/locobot_joy__functions.h
-- Installing: /home/locobot/SU_Robotics/eyetracking_ros_ws/install/interbotix_xs_msgs/include/interbotix_xs_msgs/msg/detail/joint_group_command__struct.h
-- Installing: /home/locobot/SU_Robotics/eyetracking_ros_ws/install/interbotix_xs_msgs/include/interbotix_xs_msgs/msg/detail/arm_joy__functions.c
-- Installing: /home/locobot/SU_Robotics/eyetracking_ros_ws/install/interbotix_xs_msgs/include/interbotix_xs_msgs/msg/detail/joint_group_command__type_support.h
-- Installing: /home/locobot/SU_Robotics/eyetracking_ros_ws/install/interbotix_xs_msgs/include/interbotix_xs_msgs/msg/detail/turret_joy__functions.c
-- Installing: /home/locobot/SU_Robotics/eyetracking_ros_ws/install/interbotix_xs_msgs/include/interbotix_xs_msgs/msg/detail/joint_trajectory_command__type_support.h
-- Installing: /home/locobot/SU_Robotics/eyetracking_ros_ws/install/interbotix_xs_msgs/include/interbotix_xs_msgs/msg/detail/joint_single_command__functions.h
-- Installing: /home/locobot/SU_Robotics/eyetracking_ros_ws/install/interbotix_xs_msgs/include/interbotix_xs_msgs/msg/detail/joint_trajectory_command__functions.h
-- Installing: /home/locobot/SU_Robotics/eyetracking_ros_ws/install/interbotix_xs_msgs/include/interbotix_xs_msgs/msg/detail/turret_joy__type_support.h
-- Installing: /home/locobot/SU_Robotics/eyetracking_ros_ws/install/interbotix_xs_msgs/include/interbotix_xs_msgs/msg/detail/locobot_joy__functions.c
-- Installing: /home/locobot/SU_Robotics/eyetracking_ros_ws/install/interbotix_xs_msgs/include/interbotix_xs_msgs/msg/detail/joint_temps__type_support.h
-- Installing: /home/locobot/SU_Robotics/eyetracking_ros_ws/install/interbotix_xs_msgs/include/interbotix_xs_msgs/msg/detail/joint_single_command__struct.h
-- Installing: /home/locobot/SU_Robotics/eyetracking_ros_ws/install/interbotix_xs_msgs/include/interbotix_xs_msgs/msg/detail/locobot_joy__type_support.h
-- Installing: /home/locobot/SU_Robotics/eyetracking_ros_ws/install/interbotix_xs_msgs/include/interbotix_xs_msgs/msg/detail/joint_temps__functions.c
-- Installing: /home/locobot/SU_Robotics/eyetracking_ros_ws/install/interbotix_xs_msgs/include/interbotix_xs_msgs/msg/detail/arm_joy__struct.h
-- Installing: /home/locobot/SU_Robotics/eyetracking_ros_ws/install/interbotix_xs_msgs/include/interbotix_xs_msgs/msg/detail/turret_joy__struct.h
-- Installing: /home/locobot/SU_Robotics/eyetracking_ros_ws/install/interbotix_xs_msgs/include/interbotix_xs_msgs/msg/detail/joint_temps__struct.h
-- Installing: /home/locobot/SU_Robotics/eyetracking_ros_ws/install/interbotix_xs_msgs/include/interbotix_xs_msgs/msg/detail/locobot_joy__struct.h
-- Installing: /home/locobot/SU_Robotics/eyetracking_ros_ws/install/interbotix_xs_msgs/include/interbotix_xs_msgs/msg/detail/arm_joy__functions.h
-- Installing: /home/locobot/SU_Robotics/eyetracking_ros_ws/install/interbotix_xs_msgs/include/interbotix_xs_msgs/msg/detail/joint_temps__functions.h
-- Installing: /home/locobot/SU_Robotics/eyetracking_ros_ws/install/interbotix_xs_msgs/include/interbotix_xs_msgs/msg/detail/hex_joy__struct.h
-- Installing: /home/locobot/SU_Robotics/eyetracking_ros_ws/install/interbotix_xs_msgs/include/interbotix_xs_msgs/msg/detail/hex_joy__functions.c
-- Installing: /home/locobot/SU_Robotics/eyetracking_ros_ws/install/interbotix_xs_msgs/include/interbotix_xs_msgs/msg/detail/hex_joy__type_support.h
-- Installing: /home/locobot/SU_Robotics/eyetracking_ros_ws/install/interbotix_xs_msgs/include/interbotix_xs_msgs/msg/detail/joint_trajectory_command__struct.h
-- Installing: /home/locobot/SU_Robotics/eyetracking_ros_ws/install/interbotix_xs_msgs/include/interbotix_xs_msgs/msg/detail/joint_trajectory_command__functions.c
-- Installing: /home/locobot/SU_Robotics/eyetracking_ros_ws/install/interbotix_xs_msgs/include/interbotix_xs_msgs/msg/detail/joint_single_command__functions.c
-- Installing: /home/locobot/SU_Robotics/eyetracking_ros_ws/install/interbotix_xs_msgs/include/interbotix_xs_msgs/msg/detail/arm_joy__type_support.h
-- Installing: /home/locobot/SU_Robotics/eyetracking_ros_ws/install/interbotix_xs_msgs/include/interbotix_xs_msgs/msg/detail/hex_joy__functions.h
-- Installing: /home/locobot/SU_Robotics/eyetracking_ros_ws/install/interbotix_xs_msgs/include/interbotix_xs_msgs/msg/detail/turret_joy__functions.h
-- Installing: /home/locobot/SU_Robotics/eyetracking_ros_ws/install/interbotix_xs_msgs/include/interbotix_xs_msgs/msg/joint_temps.h
-- Installing: /home/locobot/SU_Robotics/eyetracking_ros_ws/install/interbotix_xs_msgs/include/interbotix_xs_msgs/msg/joint_trajectory_command.h
-- Installing: /home/locobot/SU_Robotics/eyetracking_ros_ws/install/interbotix_xs_msgs/include/interbotix_xs_msgs/msg/locobot_joy.h
-- Installing: /home/locobot/SU_Robotics/eyetracking_ros_ws/install/interbotix_xs_msgs/include/interbotix_xs_msgs/msg/arm_joy.h
-- Installing: /home/locobot/SU_Robotics/eyetracking_ros_ws/install/interbotix_xs_msgs/include/interbotix_xs_msgs/msg/turret_joy.h
-- Installing: /home/locobot/SU_Robotics/eyetracking_ros_ws/install/interbotix_xs_msgs/include/interbotix_xs_msgs/msg/joint_single_command.h
-- Installing: /home/locobot/SU_Robotics/eyetracking_ros_ws/install/interbotix_xs_msgs/include/interbotix_xs_msgs/srv
-- Installing: /home/locobot/SU_Robotics/eyetracking_ros_ws/install/interbotix_xs_msgs/include/interbotix_xs_msgs/srv/torque_enable.h
-- Installing: /home/locobot/SU_Robotics/eyetracking_ros_ws/install/interbotix_xs_msgs/include/interbotix_xs_msgs/srv/register_values.h
-- Installing: /home/locobot/SU_Robotics/eyetracking_ros_ws/install/interbotix_xs_msgs/include/interbotix_xs_msgs/srv/robot_info.h
-- Installing: /home/locobot/SU_Robotics/eyetracking_ros_ws/install/interbotix_xs_msgs/include/interbotix_xs_msgs/srv/operating_modes.h
-- Installing: /home/locobot/SU_Robotics/eyetracking_ros_ws/install/interbotix_xs_msgs/include/interbotix_xs_msgs/srv/detail
-- Installing: /home/locobot/SU_Robotics/eyetracking_ros_ws/install/interbotix_xs_msgs/include/interbotix_xs_msgs/srv/detail/robot_info__struct.h
-- Installing: /home/locobot/SU_Robotics/eyetracking_ros_ws/install/interbotix_xs_msgs/include/interbotix_xs_msgs/srv/detail/motor_gains__type_support.h
-- Installing: /home/locobot/SU_Robotics/eyetracking_ros_ws/install/interbotix_xs_msgs/include/interbotix_xs_msgs/srv/detail/reboot__type_support.h
-- Installing: /home/locobot/SU_Robotics/eyetracking_ros_ws/install/interbotix_xs_msgs/include/interbotix_xs_msgs/srv/detail/register_values__type_support.h
-- Installing: /home/locobot/SU_Robotics/eyetracking_ros_ws/install/interbotix_xs_msgs/include/interbotix_xs_msgs/srv/detail/motor_gains__struct.h
-- Installing: /home/locobot/SU_Robotics/eyetracking_ros_ws/install/interbotix_xs_msgs/include/interbotix_xs_msgs/srv/detail/torque_enable__type_support.h
-- Installing: /home/locobot/SU_Robotics/eyetracking_ros_ws/install/interbotix_xs_msgs/include/interbotix_xs_msgs/srv/detail/reboot__functions.c
-- Installing: /home/locobot/SU_Robotics/eyetracking_ros_ws/install/interbotix_xs_msgs/include/interbotix_xs_msgs/srv/detail/operating_modes__type_support.h
-- Installing: /home/locobot/SU_Robotics/eyetracking_ros_ws/install/interbotix_xs_msgs/include/interbotix_xs_msgs/srv/detail/torque_enable__functions.c
-- Installing: /home/locobot/SU_Robotics/eyetracking_ros_ws/install/interbotix_xs_msgs/include/interbotix_xs_msgs/srv/detail/operating_modes__functions.c
-- Installing: /home/locobot/SU_Robotics/eyetracking_ros_ws/install/interbotix_xs_msgs/include/interbotix_xs_msgs/srv/detail/torque_enable__functions.h
-- Installing: /home/locobot/SU_Robotics/eyetracking_ros_ws/install/interbotix_xs_msgs/include/interbotix_xs_msgs/srv/detail/robot_info__functions.h
-- Installing: /home/locobot/SU_Robotics/eyetracking_ros_ws/install/interbotix_xs_msgs/include/interbotix_xs_msgs/srv/detail/reboot__functions.h
-- Installing: /home/locobot/SU_Robotics/eyetracking_ros_ws/install/interbotix_xs_msgs/include/interbotix_xs_msgs/srv/detail/robot_info__type_support.h
-- Installing: /home/locobot/SU_Robotics/eyetracking_ros_ws/install/interbotix_xs_msgs/include/interbotix_xs_msgs/srv/detail/torque_enable__struct.h
-- Installing: /home/locobot/SU_Robotics/eyetracking_ros_ws/install/interbotix_xs_msgs/include/interbotix_xs_msgs/srv/detail/motor_gains__functions.c
-- Installing: /home/locobot/SU_Robotics/eyetracking_ros_ws/install/interbotix_xs_msgs/include/interbotix_xs_msgs/srv/detail/register_values__functions.c
-- Installing: /home/locobot/SU_Robotics/eyetracking_ros_ws/install/interbotix_xs_msgs/include/interbotix_xs_msgs/srv/detail/register_values__functions.h
-- Installing: /home/locobot/SU_Robotics/eyetracking_ros_ws/install/interbotix_xs_msgs/include/interbotix_xs_msgs/srv/detail/register_values__struct.h
-- Installing: /home/locobot/SU_Robotics/eyetracking_ros_ws/install/interbotix_xs_msgs/include/interbotix_xs_msgs/srv/detail/reboot__struct.h
-- Installing: /home/locobot/SU_Robotics/eyetracking_ros_ws/install/interbotix_xs_msgs/include/interbotix_xs_msgs/srv/detail/operating_modes__struct.h
-- Installing: /home/locobot/SU_Robotics/eyetracking_ros_ws/install/interbotix_xs_msgs/include/interbotix_xs_msgs/srv/detail/motor_gains__functions.h
-- Installing: /home/locobot/SU_Robotics/eyetracking_ros_ws/install/interbotix_xs_msgs/include/interbotix_xs_msgs/srv/detail/robot_info__functions.c
-- Installing: /home/locobot/SU_Robotics/eyetracking_ros_ws/install/interbotix_xs_msgs/include/interbotix_xs_msgs/srv/detail/operating_modes__functions.h
-- Installing: /home/locobot/SU_Robotics/eyetracking_ros_ws/install/interbotix_xs_msgs/include/interbotix_xs_msgs/srv/motor_gains.h
-- Installing: /home/locobot/SU_Robotics/eyetracking_ros_ws/install/interbotix_xs_msgs/include/interbotix_xs_msgs/srv/reboot.h
-- Installing: /home/locobot/SU_Robotics/eyetracking_ros_ws/install/interbotix_xs_msgs/share/interbotix_xs_msgs/environment/library_path.sh
-- Installing: /home/locobot/SU_Robotics/eyetracking_ros_ws/install/interbotix_xs_msgs/share/interbotix_xs_msgs/environment/library_path.dsv
-- Installing: /home/locobot/SU_Robotics/eyetracking_ros_ws/install/interbotix_xs_msgs/lib/libinterbotix_xs_msgs__rosidl_generator_c.so
-- Set runtime path of "/home/locobot/SU_Robotics/eyetracking_ros_ws/install/interbotix_xs_msgs/lib/libinterbotix_xs_msgs__rosidl_generator_c.so" to ""
-- Up-to-date: /home/locobot/SU_Robotics/eyetracking_ros_ws/install/interbotix_xs_msgs/include/interbotix_xs_msgs
-- Up-to-date: /home/locobot/SU_Robotics/eyetracking_ros_ws/install/interbotix_xs_msgs/include/interbotix_xs_msgs/msg
-- Up-to-date: /home/locobot/SU_Robotics/eyetracking_ros_ws/install/interbotix_xs_msgs/include/interbotix_xs_msgs/msg/detail
-- Installing: /home/locobot/SU_Robotics/eyetracking_ros_ws/install/interbotix_xs_msgs/include/interbotix_xs_msgs/msg/detail/turret_joy__rosidl_typesupport_fastrtps_c.h
-- Installing: /home/locobot/SU_Robotics/eyetracking_ros_ws/install/interbotix_xs_msgs/include/interbotix_xs_msgs/msg/detail/joint_single_command__rosidl_typesupport_fastrtps_c.h
-- Installing: /home/locobot/SU_Robotics/eyetracking_ros_ws/install/interbotix_xs_msgs/include/interbotix_xs_msgs/msg/detail/locobot_joy__rosidl_typesupport_fastrtps_c.h
-- Installing: /home/locobot/SU_Robotics/eyetracking_ros_ws/install/interbotix_xs_msgs/include/interbotix_xs_msgs/msg/detail/joint_group_command__rosidl_typesupport_fastrtps_c.h
-- Installing: /home/locobot/SU_Robotics/eyetracking_ros_ws/install/interbotix_xs_msgs/include/interbotix_xs_msgs/msg/detail/joint_temps__rosidl_typesupport_fastrtps_c.h
-- Installing: /home/locobot/SU_Robotics/eyetracking_ros_ws/install/interbotix_xs_msgs/include/interbotix_xs_msgs/msg/detail/hex_joy__rosidl_typesupport_fastrtps_c.h
-- Installing: /home/locobot/SU_Robotics/eyetracking_ros_ws/install/interbotix_xs_msgs/include/interbotix_xs_msgs/msg/detail/joint_trajectory_command__rosidl_typesupport_fastrtps_c.h
-- Installing: /home/locobot/SU_Robotics/eyetracking_ros_ws/install/interbotix_xs_msgs/include/interbotix_xs_msgs/msg/detail/arm_joy__rosidl_typesupport_fastrtps_c.h
-- Installing: /home/locobot/SU_Robotics/eyetracking_ros_ws/install/interbotix_xs_msgs/include/interbotix_xs_msgs/msg/rosidl_typesupport_fastrtps_c__visibility_control.h
-- Up-to-date: /home/locobot/SU_Robotics/eyetracking_ros_ws/install/interbotix_xs_msgs/include/interbotix_xs_msgs/srv
-- Up-to-date: /home/locobot/SU_Robotics/eyetracking_ros_ws/install/interbotix_xs_msgs/include/interbotix_xs_msgs/srv/detail
-- Installing: /home/locobot/SU_Robotics/eyetracking_ros_ws/install/interbotix_xs_msgs/include/interbotix_xs_msgs/srv/detail/operating_modes__rosidl_typesupport_fastrtps_c.h
-- Installing: /home/locobot/SU_Robotics/eyetracking_ros_ws/install/interbotix_xs_msgs/include/interbotix_xs_msgs/srv/detail/motor_gains__rosidl_typesupport_fastrtps_c.h
-- Installing: /home/locobot/SU_Robotics/eyetracking_ros_ws/install/interbotix_xs_msgs/include/interbotix_xs_msgs/srv/detail/register_values__rosidl_typesupport_fastrtps_c.h
-- Installing: /home/locobot/SU_Robotics/eyetracking_ros_ws/install/interbotix_xs_msgs/include/interbotix_xs_msgs/srv/detail/reboot__rosidl_typesupport_fastrtps_c.h
-- Installing: /home/locobot/SU_Robotics/eyetracking_ros_ws/install/interbotix_xs_msgs/include/interbotix_xs_msgs/srv/detail/robot_info__rosidl_typesupport_fastrtps_c.h
-- Installing: /home/locobot/SU_Robotics/eyetracking_ros_ws/install/interbotix_xs_msgs/include/interbotix_xs_msgs/srv/detail/torque_enable__rosidl_typesupport_fastrtps_c.h
-- Installing: /home/locobot/SU_Robotics/eyetracking_ros_ws/install/interbotix_xs_msgs/lib/libinterbotix_xs_msgs__rosidl_typesupport_fastrtps_c.so
-- Set runtime path of "/home/locobot/SU_Robotics/eyetracking_ros_ws/install/interbotix_xs_msgs/lib/libinterbotix_xs_msgs__rosidl_typesupport_fastrtps_c.so" to ""
-- Up-to-date: /home/locobot/SU_Robotics/eyetracking_ros_ws/install/interbotix_xs_msgs/include/interbotix_xs_msgs
-- Up-to-date: /home/locobot/SU_Robotics/eyetracking_ros_ws/install/interbotix_xs_msgs/include/interbotix_xs_msgs/msg
-- Up-to-date: /home/locobot/SU_Robotics/eyetracking_ros_ws/install/interbotix_xs_msgs/include/interbotix_xs_msgs/msg/detail
-- Installing: /home/locobot/SU_Robotics/eyetracking_ros_ws/install/interbotix_xs_msgs/include/interbotix_xs_msgs/msg/detail/turret_joy__rosidl_typesupport_fastrtps_cpp.hpp
-- Installing: /home/locobot/SU_Robotics/eyetracking_ros_ws/install/interbotix_xs_msgs/include/interbotix_xs_msgs/msg/detail/joint_single_command__rosidl_typesupport_fastrtps_cpp.hpp
-- Installing: /home/locobot/SU_Robotics/eyetracking_ros_ws/install/interbotix_xs_msgs/include/interbotix_xs_msgs/msg/detail/hex_joy__rosidl_typesupport_fastrtps_cpp.hpp
-- Installing: /home/locobot/SU_Robotics/eyetracking_ros_ws/install/interbotix_xs_msgs/include/interbotix_xs_msgs/msg/detail/arm_joy__rosidl_typesupport_fastrtps_cpp.hpp
-- Installing: /home/locobot/SU_Robotics/eyetracking_ros_ws/install/interbotix_xs_msgs/include/interbotix_xs_msgs/msg/detail/joint_trajectory_command__rosidl_typesupport_fastrtps_cpp.hpp
-- Installing: /home/locobot/SU_Robotics/eyetracking_ros_ws/install/interbotix_xs_msgs/include/interbotix_xs_msgs/msg/detail/dds_fastrtps
-- Installing: /home/locobot/SU_Robotics/eyetracking_ros_ws/install/interbotix_xs_msgs/include/interbotix_xs_msgs/msg/detail/joint_temps__rosidl_typesupport_fastrtps_cpp.hpp
-- Installing: /home/locobot/SU_Robotics/eyetracking_ros_ws/install/interbotix_xs_msgs/include/interbotix_xs_msgs/msg/detail/locobot_joy__rosidl_typesupport_fastrtps_cpp.hpp
-- Installing: /home/locobot/SU_Robotics/eyetracking_ros_ws/install/interbotix_xs_msgs/include/interbotix_xs_msgs/msg/detail/joint_group_command__rosidl_typesupport_fastrtps_cpp.hpp
-- Installing: /home/locobot/SU_Robotics/eyetracking_ros_ws/install/interbotix_xs_msgs/include/interbotix_xs_msgs/msg/rosidl_typesupport_fastrtps_cpp__visibility_control.h
-- Up-to-date: /home/locobot/SU_Robotics/eyetracking_ros_ws/install/interbotix_xs_msgs/include/interbotix_xs_msgs/srv
-- Up-to-date: /home/locobot/SU_Robotics/eyetracking_ros_ws/install/interbotix_xs_msgs/include/interbotix_xs_msgs/srv/detail
-- Installing: /home/locobot/SU_Robotics/eyetracking_ros_ws/install/interbotix_xs_msgs/include/interbotix_xs_msgs/srv/detail/torque_enable__rosidl_typesupport_fastrtps_cpp.hpp
-- Installing: /home/locobot/SU_Robotics/eyetracking_ros_ws/install/interbotix_xs_msgs/include/interbotix_xs_msgs/srv/detail/robot_info__rosidl_typesupport_fastrtps_cpp.hpp
-- Installing: /home/locobot/SU_Robotics/eyetracking_ros_ws/install/interbotix_xs_msgs/include/interbotix_xs_msgs/srv/detail/motor_gains__rosidl_typesupport_fastrtps_cpp.hpp
-- Installing: /home/locobot/SU_Robotics/eyetracking_ros_ws/install/interbotix_xs_msgs/include/interbotix_xs_msgs/srv/detail/dds_fastrtps
-- Installing: /home/locobot/SU_Robotics/eyetracking_ros_ws/install/interbotix_xs_msgs/include/interbotix_xs_msgs/srv/detail/reboot__rosidl_typesupport_fastrtps_cpp.hpp
-- Installing: /home/locobot/SU_Robotics/eyetracking_ros_ws/install/interbotix_xs_msgs/include/interbotix_xs_msgs/srv/detail/register_values__rosidl_typesupport_fastrtps_cpp.hpp
-- Installing: /home/locobot/SU_Robotics/eyetracking_ros_ws/install/interbotix_xs_msgs/include/interbotix_xs_msgs/srv/detail/operating_modes__rosidl_typesupport_fastrtps_cpp.hpp
-- Installing: /home/locobot/SU_Robotics/eyetracking_ros_ws/install/interbotix_xs_msgs/lib/libinterbotix_xs_msgs__rosidl_typesupport_fastrtps_cpp.so
-- Set runtime path of "/home/locobot/SU_Robotics/eyetracking_ros_ws/install/interbotix_xs_msgs/lib/libinterbotix_xs_msgs__rosidl_typesupport_fastrtps_cpp.so" to ""
-- Up-to-date: /home/locobot/SU_Robotics/eyetracking_ros_ws/install/interbotix_xs_msgs/include/interbotix_xs_msgs
-- Up-to-date: /home/locobot/SU_Robotics/eyetracking_ros_ws/install/interbotix_xs_msgs/include/interbotix_xs_msgs/msg
-- Up-to-date: /home/locobot/SU_Robotics/eyetracking_ros_ws/install/interbotix_xs_msgs/include/interbotix_xs_msgs/msg/detail
-- Installing: /home/locobot/SU_Robotics/eyetracking_ros_ws/install/interbotix_xs_msgs/include/interbotix_xs_msgs/msg/detail/arm_joy__rosidl_typesupport_introspection_c.h
-- Installing: /home/locobot/SU_Robotics/eyetracking_ros_ws/install/interbotix_xs_msgs/include/interbotix_xs_msgs/msg/detail/joint_single_command__type_support.c
-- Installing: /home/locobot/SU_Robotics/eyetracking_ros_ws/install/interbotix_xs_msgs/include/interbotix_xs_msgs/msg/detail/joint_trajectory_command__type_support.c
-- Installing: /home/locobot/SU_Robotics/eyetracking_ros_ws/install/interbotix_xs_msgs/include/interbotix_xs_msgs/msg/detail/joint_temps__type_support.c
-- Installing: /home/locobot/SU_Robotics/eyetracking_ros_ws/install/interbotix_xs_msgs/include/interbotix_xs_msgs/msg/detail/turret_joy__rosidl_typesupport_introspection_c.h
-- Installing: /home/locobot/SU_Robotics/eyetracking_ros_ws/install/interbotix_xs_msgs/include/interbotix_xs_msgs/msg/detail/locobot_joy__rosidl_typesupport_introspection_c.h
-- Installing: /home/locobot/SU_Robotics/eyetracking_ros_ws/install/interbotix_xs_msgs/include/interbotix_xs_msgs/msg/detail/hex_joy__type_support.c
-- Installing: /home/locobot/SU_Robotics/eyetracking_ros_ws/install/interbotix_xs_msgs/include/interbotix_xs_msgs/msg/detail/hex_joy__rosidl_typesupport_introspection_c.h
-- Installing: /home/locobot/SU_Robotics/eyetracking_ros_ws/install/interbotix_xs_msgs/include/interbotix_xs_msgs/msg/detail/joint_single_command__rosidl_typesupport_introspection_c.h
-- Installing: /home/locobot/SU_Robotics/eyetracking_ros_ws/install/interbotix_xs_msgs/include/interbotix_xs_msgs/msg/detail/joint_group_command__rosidl_typesupport_introspection_c.h
-- Installing: /home/locobot/SU_Robotics/eyetracking_ros_ws/install/interbotix_xs_msgs/include/interbotix_xs_msgs/msg/detail/arm_joy__type_support.c
-- Installing: /home/locobot/SU_Robotics/eyetracking_ros_ws/install/interbotix_xs_msgs/include/interbotix_xs_msgs/msg/detail/locobot_joy__type_support.c
-- Installing: /home/locobot/SU_Robotics/eyetracking_ros_ws/install/interbotix_xs_msgs/include/interbotix_xs_msgs/msg/detail/turret_joy__type_support.c
-- Installing: /home/locobot/SU_Robotics/eyetracking_ros_ws/install/interbotix_xs_msgs/include/interbotix_xs_msgs/msg/detail/joint_trajectory_command__rosidl_typesupport_introspection_c.h
-- Installing: /home/locobot/SU_Robotics/eyetracking_ros_ws/install/interbotix_xs_msgs/include/interbotix_xs_msgs/msg/detail/joint_group_command__type_support.c
-- Installing: /home/locobot/SU_Robotics/eyetracking_ros_ws/install/interbotix_xs_msgs/include/interbotix_xs_msgs/msg/detail/joint_temps__rosidl_typesupport_introspection_c.h
-- Installing: /home/locobot/SU_Robotics/eyetracking_ros_ws/install/interbotix_xs_msgs/include/interbotix_xs_msgs/msg/rosidl_typesupport_introspection_c__visibility_control.h
-- Up-to-date: /home/locobot/SU_Robotics/eyetracking_ros_ws/install/interbotix_xs_msgs/include/interbotix_xs_msgs/srv
-- Up-to-date: /home/locobot/SU_Robotics/eyetracking_ros_ws/install/interbotix_xs_msgs/include/interbotix_xs_msgs/srv/detail
-- Installing: /home/locobot/SU_Robotics/eyetracking_ros_ws/install/interbotix_xs_msgs/include/interbotix_xs_msgs/srv/detail/torque_enable__rosidl_typesupport_introspection_c.h
-- Installing: /home/locobot/SU_Robotics/eyetracking_ros_ws/install/interbotix_xs_msgs/include/interbotix_xs_msgs/srv/detail/operating_modes__rosidl_typesupport_introspection_c.h
-- Installing: /home/locobot/SU_Robotics/eyetracking_ros_ws/install/interbotix_xs_msgs/include/interbotix_xs_msgs/srv/detail/robot_info__type_support.c
-- Installing: /home/locobot/SU_Robotics/eyetracking_ros_ws/install/interbotix_xs_msgs/include/interbotix_xs_msgs/srv/detail/operating_modes__type_support.c
-- Installing: /home/locobot/SU_Robotics/eyetracking_ros_ws/install/interbotix_xs_msgs/include/interbotix_xs_msgs/srv/detail/reboot__type_support.c
-- Installing: /home/locobot/SU_Robotics/eyetracking_ros_ws/install/interbotix_xs_msgs/include/interbotix_xs_msgs/srv/detail/register_values__rosidl_typesupport_introspection_c.h
-- Installing: /home/locobot/SU_Robotics/eyetracking_ros_ws/install/interbotix_xs_msgs/include/interbotix_xs_msgs/srv/detail/torque_enable__type_support.c
-- Installing: /home/locobot/SU_Robotics/eyetracking_ros_ws/install/interbotix_xs_msgs/include/interbotix_xs_msgs/srv/detail/robot_info__rosidl_typesupport_introspection_c.h
-- Installing: /home/locobot/SU_Robotics/eyetracking_ros_ws/install/interbotix_xs_msgs/include/interbotix_xs_msgs/srv/detail/motor_gains__rosidl_typesupport_introspection_c.h
-- Installing: /home/locobot/SU_Robotics/eyetracking_ros_ws/install/interbotix_xs_msgs/include/interbotix_xs_msgs/srv/detail/motor_gains__type_support.c
-- Installing: /home/locobot/SU_Robotics/eyetracking_ros_ws/install/interbotix_xs_msgs/include/interbotix_xs_msgs/srv/detail/register_values__type_support.c
-- Installing: /home/locobot/SU_Robotics/eyetracking_ros_ws/install/interbotix_xs_msgs/include/interbotix_xs_msgs/srv/detail/reboot__rosidl_typesupport_introspection_c.h
-- Installing: /home/locobot/SU_Robotics/eyetracking_ros_ws/install/interbotix_xs_msgs/lib/libinterbotix_xs_msgs__rosidl_typesupport_introspection_c.so
-- Set runtime path of "/home/locobot/SU_Robotics/eyetracking_ros_ws/install/interbotix_xs_msgs/lib/libinterbotix_xs_msgs__rosidl_typesupport_introspection_c.so" to ""
-- Installing: /home/locobot/SU_Robotics/eyetracking_ros_ws/install/interbotix_xs_msgs/lib/libinterbotix_xs_msgs__rosidl_typesupport_c.so
-- Set runtime path of "/home/locobot/SU_Robotics/eyetracking_ros_ws/install/interbotix_xs_msgs/lib/libinterbotix_xs_msgs__rosidl_typesupport_c.so" to ""
-- Up-to-date: /home/locobot/SU_Robotics/eyetracking_ros_ws/install/interbotix_xs_msgs/include/interbotix_xs_msgs
-- Up-to-date: /home/locobot/SU_Robotics/eyetracking_ros_ws/install/interbotix_xs_msgs/include/interbotix_xs_msgs/msg
-- Installing: /home/locobot/SU_Robotics/eyetracking_ros_ws/install/interbotix_xs_msgs/include/interbotix_xs_msgs/msg/joint_temps.hpp
-- Up-to-date: /home/locobot/SU_Robotics/eyetracking_ros_ws/install/interbotix_xs_msgs/include/interbotix_xs_msgs/msg/detail
-- Installing: /home/locobot/SU_Robotics/eyetracking_ros_ws/install/interbotix_xs_msgs/include/interbotix_xs_msgs/msg/detail/arm_joy__builder.hpp
-- Installing: /home/locobot/SU_Robotics/eyetracking_ros_ws/install/interbotix_xs_msgs/include/interbotix_xs_msgs/msg/detail/locobot_joy__traits.hpp
-- Installing: /home/locobot/SU_Robotics/eyetracking_ros_ws/install/interbotix_xs_msgs/include/interbotix_xs_msgs/msg/detail/joint_group_command__builder.hpp
-- Installing: /home/locobot/SU_Robotics/eyetracking_ros_ws/install/interbotix_xs_msgs/include/interbotix_xs_msgs/msg/detail/locobot_joy__builder.hpp
-- Installing: /home/locobot/SU_Robotics/eyetracking_ros_ws/install/interbotix_xs_msgs/include/interbotix_xs_msgs/msg/detail/joint_trajectory_command__struct.hpp
-- Installing: /home/locobot/SU_Robotics/eyetracking_ros_ws/install/interbotix_xs_msgs/include/interbotix_xs_msgs/msg/detail/hex_joy__traits.hpp
-- Installing: /home/locobot/SU_Robotics/eyetracking_ros_ws/install/interbotix_xs_msgs/include/interbotix_xs_msgs/msg/detail/joint_temps__builder.hpp
-- Installing: /home/locobot/SU_Robotics/eyetracking_ros_ws/install/interbotix_xs_msgs/include/interbotix_xs_msgs/msg/detail/arm_joy__struct.hpp
-- Installing: /home/locobot/SU_Robotics/eyetracking_ros_ws/install/interbotix_xs_msgs/include/interbotix_xs_msgs/msg/detail/joint_single_command__struct.hpp
-- Installing: /home/locobot/SU_Robotics/eyetracking_ros_ws/install/interbotix_xs_msgs/include/interbotix_xs_msgs/msg/detail/hex_joy__builder.hpp
-- Installing: /home/locobot/SU_Robotics/eyetracking_ros_ws/install/interbotix_xs_msgs/include/interbotix_xs_msgs/msg/detail/turret_joy__builder.hpp
-- Installing: /home/locobot/SU_Robotics/eyetracking_ros_ws/install/interbotix_xs_msgs/include/interbotix_xs_msgs/msg/detail/joint_group_command__struct.hpp
-- Installing: /home/locobot/SU_Robotics/eyetracking_ros_ws/install/interbotix_xs_msgs/include/interbotix_xs_msgs/msg/detail/joint_single_command__builder.hpp
-- Installing: /home/locobot/SU_Robotics/eyetracking_ros_ws/install/interbotix_xs_msgs/include/interbotix_xs_msgs/msg/detail/turret_joy__traits.hpp
-- Installing: /home/locobot/SU_Robotics/eyetracking_ros_ws/install/interbotix_xs_msgs/include/interbotix_xs_msgs/msg/detail/locobot_joy__struct.hpp
-- Installing: /home/locobot/SU_Robotics/eyetracking_ros_ws/install/interbotix_xs_msgs/include/interbotix_xs_msgs/msg/detail/arm_joy__traits.hpp
-- Installing: /home/locobot/SU_Robotics/eyetracking_ros_ws/install/interbotix_xs_msgs/include/interbotix_xs_msgs/msg/detail/joint_group_command__traits.hpp
-- Installing: /home/locobot/SU_Robotics/eyetracking_ros_ws/install/interbotix_xs_msgs/include/interbotix_xs_msgs/msg/detail/joint_temps__struct.hpp
-- Installing: /home/locobot/SU_Robotics/eyetracking_ros_ws/install/interbotix_xs_msgs/include/interbotix_xs_msgs/msg/detail/joint_trajectory_command__builder.hpp
-- Installing: /home/locobot/SU_Robotics/eyetracking_ros_ws/install/interbotix_xs_msgs/include/interbotix_xs_msgs/msg/detail/hex_joy__struct.hpp
-- Installing: /home/locobot/SU_Robotics/eyetracking_ros_ws/install/interbotix_xs_msgs/include/interbotix_xs_msgs/msg/detail/joint_single_command__traits.hpp
-- Installing: /home/locobot/SU_Robotics/eyetracking_ros_ws/install/interbotix_xs_msgs/include/interbotix_xs_msgs/msg/detail/turret_joy__struct.hpp
-- Installing: /home/locobot/SU_Robotics/eyetracking_ros_ws/install/interbotix_xs_msgs/include/interbotix_xs_msgs/msg/detail/joint_trajectory_command__traits.hpp
-- Installing: /home/locobot/SU_Robotics/eyetracking_ros_ws/install/interbotix_xs_msgs/include/interbotix_xs_msgs/msg/detail/joint_temps__traits.hpp
-- Installing: /home/locobot/SU_Robotics/eyetracking_ros_ws/install/interbotix_xs_msgs/include/interbotix_xs_msgs/msg/arm_joy.hpp
-- Installing: /home/locobot/SU_Robotics/eyetracking_ros_ws/install/interbotix_xs_msgs/include/interbotix_xs_msgs/msg/locobot_joy.hpp
-- Installing: /home/locobot/SU_Robotics/eyetracking_ros_ws/install/interbotix_xs_msgs/include/interbotix_xs_msgs/msg/turret_joy.hpp
-- Installing: /home/locobot/SU_Robotics/eyetracking_ros_ws/install/interbotix_xs_msgs/include/interbotix_xs_msgs/msg/joint_trajectory_command.hpp
-- Installing: /home/locobot/SU_Robotics/eyetracking_ros_ws/install/interbotix_xs_msgs/include/interbotix_xs_msgs/msg/joint_single_command.hpp
-- Installing: /home/locobot/SU_Robotics/eyetracking_ros_ws/install/interbotix_xs_msgs/include/interbotix_xs_msgs/msg/joint_group_command.hpp
-- Installing: /home/locobot/SU_Robotics/eyetracking_ros_ws/install/interbotix_xs_msgs/include/interbotix_xs_msgs/msg/hex_joy.hpp
-- Up-to-date: /home/locobot/SU_Robotics/eyetracking_ros_ws/install/interbotix_xs_msgs/include/interbotix_xs_msgs/srv
-- Installing: /home/locobot/SU_Robotics/eyetracking_ros_ws/install/interbotix_xs_msgs/include/interbotix_xs_msgs/srv/operating_modes.hpp
-- Installing: /home/locobot/SU_Robotics/eyetracking_ros_ws/install/interbotix_xs_msgs/include/interbotix_xs_msgs/srv/robot_info.hpp
-- Installing: /home/locobot/SU_Robotics/eyetracking_ros_ws/install/interbotix_xs_msgs/include/interbotix_xs_msgs/srv/register_values.hpp
-- Installing: /home/locobot/SU_Robotics/eyetracking_ros_ws/install/interbotix_xs_msgs/include/interbotix_xs_msgs/srv/torque_enable.hpp
-- Installing: /home/locobot/SU_Robotics/eyetracking_ros_ws/install/interbotix_xs_msgs/include/interbotix_xs_msgs/srv/reboot.hpp
-- Up-to-date: /home/locobot/SU_Robotics/eyetracking_ros_ws/install/interbotix_xs_msgs/include/interbotix_xs_msgs/srv/detail
-- Installing: /home/locobot/SU_Robotics/eyetracking_ros_ws/install/interbotix_xs_msgs/include/interbotix_xs_msgs/srv/detail/register_values__builder.hpp
-- Installing: /home/locobot/SU_Robotics/eyetracking_ros_ws/install/interbotix_xs_msgs/include/interbotix_xs_msgs/srv/detail/register_values__traits.hpp
-- Installing: /home/locobot/SU_Robotics/eyetracking_ros_ws/install/interbotix_xs_msgs/include/interbotix_xs_msgs/srv/detail/robot_info__traits.hpp
-- Installing: /home/locobot/SU_Robotics/eyetracking_ros_ws/install/interbotix_xs_msgs/include/interbotix_xs_msgs/srv/detail/torque_enable__builder.hpp
-- Installing: /home/locobot/SU_Robotics/eyetracking_ros_ws/install/interbotix_xs_msgs/include/interbotix_xs_msgs/srv/detail/register_values__struct.hpp
-- Installing: /home/locobot/SU_Robotics/eyetracking_ros_ws/install/interbotix_xs_msgs/include/interbotix_xs_msgs/srv/detail/torque_enable__traits.hpp
-- Installing: /home/locobot/SU_Robotics/eyetracking_ros_ws/install/interbotix_xs_msgs/include/interbotix_xs_msgs/srv/detail/robot_info__builder.hpp
-- Installing: /home/locobot/SU_Robotics/eyetracking_ros_ws/install/interbotix_xs_msgs/include/interbotix_xs_msgs/srv/detail/torque_enable__struct.hpp
-- Installing: /home/locobot/SU_Robotics/eyetracking_ros_ws/install/interbotix_xs_msgs/include/interbotix_xs_msgs/srv/detail/robot_info__struct.hpp
-- Installing: /home/locobot/SU_Robotics/eyetracking_ros_ws/install/interbotix_xs_msgs/include/interbotix_xs_msgs/srv/detail/reboot__struct.hpp
-- Installing: /home/locobot/SU_Robotics/eyetracking_ros_ws/install/interbotix_xs_msgs/include/interbotix_xs_msgs/srv/detail/motor_gains__traits.hpp
-- Installing: /home/locobot/SU_Robotics/eyetracking_ros_ws/install/interbotix_xs_msgs/include/interbotix_xs_msgs/srv/detail/motor_gains__builder.hpp
-- Installing: /home/locobot/SU_Robotics/eyetracking_ros_ws/install/interbotix_xs_msgs/include/interbotix_xs_msgs/srv/detail/motor_gains__struct.hpp
-- Installing: /home/locobot/SU_Robotics/eyetracking_ros_ws/install/interbotix_xs_msgs/include/interbotix_xs_msgs/srv/detail/reboot__traits.hpp
-- Installing: /home/locobot/SU_Robotics/eyetracking_ros_ws/install/interbotix_xs_msgs/include/interbotix_xs_msgs/srv/detail/reboot__builder.hpp
-- Installing: /home/locobot/SU_Robotics/eyetracking_ros_ws/install/interbotix_xs_msgs/include/interbotix_xs_msgs/srv/detail/operating_modes__builder.hpp
-- Installing: /home/locobot/SU_Robotics/eyetracking_ros_ws/install/interbotix_xs_msgs/include/interbotix_xs_msgs/srv/detail/operating_modes__traits.hpp
-- Installing: /home/locobot/SU_Robotics/eyetracking_ros_ws/install/interbotix_xs_msgs/include/interbotix_xs_msgs/srv/detail/operating_modes__struct.hpp
-- Installing: /home/locobot/SU_Robotics/eyetracking_ros_ws/install/interbotix_xs_msgs/include/interbotix_xs_msgs/srv/motor_gains.hpp
-- Up-to-date: /home/locobot/SU_Robotics/eyetracking_ros_ws/install/interbotix_xs_msgs/include/interbotix_xs_msgs
-- Up-to-date: /home/locobot/SU_Robotics/eyetracking_ros_ws/install/interbotix_xs_msgs/include/interbotix_xs_msgs/msg
-- Up-to-date: /home/locobot/SU_Robotics/eyetracking_ros_ws/install/interbotix_xs_msgs/include/interbotix_xs_msgs/msg/detail
-- Installing: /home/locobot/SU_Robotics/eyetracking_ros_ws/install/interbotix_xs_msgs/include/interbotix_xs_msgs/msg/detail/joint_single_command__type_support.cpp
-- Installing: /home/locobot/SU_Robotics/eyetracking_ros_ws/install/interbotix_xs_msgs/include/interbotix_xs_msgs/msg/detail/turret_joy__type_support.cpp
-- Installing: /home/locobot/SU_Robotics/eyetracking_ros_ws/install/interbotix_xs_msgs/include/interbotix_xs_msgs/msg/detail/arm_joy__rosidl_typesupport_introspection_cpp.hpp
-- Installing: /home/locobot/SU_Robotics/eyetracking_ros_ws/install/interbotix_xs_msgs/include/interbotix_xs_msgs/msg/detail/joint_trajectory_command__rosidl_typesupport_introspection_cpp.hpp
-- Installing: /home/locobot/SU_Robotics/eyetracking_ros_ws/install/interbotix_xs_msgs/include/interbotix_xs_msgs/msg/detail/locobot_joy__rosidl_typesupport_introspection_cpp.hpp
-- Installing: /home/locobot/SU_Robotics/eyetracking_ros_ws/install/interbotix_xs_msgs/include/interbotix_xs_msgs/msg/detail/joint_group_command__type_support.cpp
-- Installing: /home/locobot/SU_Robotics/eyetracking_ros_ws/install/interbotix_xs_msgs/include/interbotix_xs_msgs/msg/detail/locobot_joy__type_support.cpp
-- Installing: /home/locobot/SU_Robotics/eyetracking_ros_ws/install/interbotix_xs_msgs/include/interbotix_xs_msgs/msg/detail/joint_temps__type_support.cpp
-- Installing: /home/locobot/SU_Robotics/eyetracking_ros_ws/install/interbotix_xs_msgs/include/interbotix_xs_msgs/msg/detail/turret_joy__rosidl_typesupport_introspection_cpp.hpp
-- Installing: /home/locobot/SU_Robotics/eyetracking_ros_ws/install/interbotix_xs_msgs/include/interbotix_xs_msgs/msg/detail/arm_joy__type_support.cpp
-- Installing: /home/locobot/SU_Robotics/eyetracking_ros_ws/install/interbotix_xs_msgs/include/interbotix_xs_msgs/msg/detail/hex_joy__rosidl_typesupport_introspection_cpp.hpp
-- Installing: /home/locobot/SU_Robotics/eyetracking_ros_ws/install/interbotix_xs_msgs/include/interbotix_xs_msgs/msg/detail/joint_group_command__rosidl_typesupport_introspection_cpp.hpp
-- Installing: /home/locobot/SU_Robotics/eyetracking_ros_ws/install/interbotix_xs_msgs/include/interbotix_xs_msgs/msg/detail/joint_single_command__rosidl_typesupport_introspection_cpp.hpp
-- Installing: /home/locobot/SU_Robotics/eyetracking_ros_ws/install/interbotix_xs_msgs/include/interbotix_xs_msgs/msg/detail/joint_temps__rosidl_typesupport_introspection_cpp.hpp
-- Installing: /home/locobot/SU_Robotics/eyetracking_ros_ws/install/interbotix_xs_msgs/include/interbotix_xs_msgs/msg/detail/hex_joy__type_support.cpp
-- Installing: /home/locobot/SU_Robotics/eyetracking_ros_ws/install/interbotix_xs_msgs/include/interbotix_xs_msgs/msg/detail/joint_trajectory_command__type_support.cpp
-- Up-to-date: /home/locobot/SU_Robotics/eyetracking_ros_ws/install/interbotix_xs_msgs/include/interbotix_xs_msgs/srv
-- Up-to-date: /home/locobot/SU_Robotics/eyetracking_ros_ws/install/interbotix_xs_msgs/include/interbotix_xs_msgs/srv/detail
-- Installing: /home/locobot/SU_Robotics/eyetracking_ros_ws/install/interbotix_xs_msgs/include/interbotix_xs_msgs/srv/detail/reboot__type_support.cpp
-- Installing: /home/locobot/SU_Robotics/eyetracking_ros_ws/install/interbotix_xs_msgs/include/interbotix_xs_msgs/srv/detail/motor_gains__rosidl_typesupport_introspection_cpp.hpp
-- Installing: /home/locobot/SU_Robotics/eyetracking_ros_ws/install/interbotix_xs_msgs/include/interbotix_xs_msgs/srv/detail/robot_info__rosidl_typesupport_introspection_cpp.hpp
-- Installing: /home/locobot/SU_Robotics/eyetracking_ros_ws/install/interbotix_xs_msgs/include/interbotix_xs_msgs/srv/detail/reboot__rosidl_typesupport_introspection_cpp.hpp
-- Installing: /home/locobot/SU_Robotics/eyetracking_ros_ws/install/interbotix_xs_msgs/include/interbotix_xs_msgs/srv/detail/robot_info__type_support.cpp
-- Installing: /home/locobot/SU_Robotics/eyetracking_ros_ws/install/interbotix_xs_msgs/include/interbotix_xs_msgs/srv/detail/torque_enable__type_support.cpp
-- Installing: /home/locobot/SU_Robotics/eyetracking_ros_ws/install/interbotix_xs_msgs/include/interbotix_xs_msgs/srv/detail/operating_modes__rosidl_typesupport_introspection_cpp.hpp
-- Installing: /home/locobot/SU_Robotics/eyetracking_ros_ws/install/interbotix_xs_msgs/include/interbotix_xs_msgs/srv/detail/register_values__rosidl_typesupport_introspection_cpp.hpp
-- Installing: /home/locobot/SU_Robotics/eyetracking_ros_ws/install/interbotix_xs_msgs/include/interbotix_xs_msgs/srv/detail/torque_enable__rosidl_typesupport_introspection_cpp.hpp
-- Installing: /home/locobot/SU_Robotics/eyetracking_ros_ws/install/interbotix_xs_msgs/include/interbotix_xs_msgs/srv/detail/motor_gains__type_support.cpp
-- Installing: /home/locobot/SU_Robotics/eyetracking_ros_ws/install/interbotix_xs_msgs/include/interbotix_xs_msgs/srv/detail/operating_modes__type_support.cpp
-- Installing: /home/locobot/SU_Robotics/eyetracking_ros_ws/install/interbotix_xs_msgs/include/interbotix_xs_msgs/srv/detail/register_values__type_support.cpp
-- Installing: /home/locobot/SU_Robotics/eyetracking_ros_ws/install/interbotix_xs_msgs/lib/libinterbotix_xs_msgs__rosidl_typesupport_introspection_cpp.so
-- Set runtime path of "/home/locobot/SU_Robotics/eyetracking_ros_ws/install/interbotix_xs_msgs/lib/libinterbotix_xs_msgs__rosidl_typesupport_introspection_cpp.so" to ""
-- Installing: /home/locobot/SU_Robotics/eyetracking_ros_ws/install/interbotix_xs_msgs/lib/libinterbotix_xs_msgs__rosidl_typesupport_cpp.so
-- Set runtime path of "/home/locobot/SU_Robotics/eyetracking_ros_ws/install/interbotix_xs_msgs/lib/libinterbotix_xs_msgs__rosidl_typesupport_cpp.so" to ""
-- Installing: /home/locobot/SU_Robotics/eyetracking_ros_ws/install/interbotix_xs_msgs/share/interbotix_xs_msgs/environment/pythonpath.sh
-- Installing: /home/locobot/SU_Robotics/eyetracking_ros_ws/install/interbotix_xs_msgs/share/interbotix_xs_msgs/environment/pythonpath.dsv
-- Installing: /home/locobot/SU_Robotics/eyetracking_ros_ws/install/interbotix_xs_msgs/lib/python3.8/site-packages/interbotix_xs_msgs/__init__.py
Compiling '/home/locobot/SU_Robotics/eyetracking_ros_ws/install/interbotix_xs_msgs/lib/python3.8/site-packages/interbotix_xs_msgs/__init__.py'...
-- Installing: /home/locobot/SU_Robotics/eyetracking_ros_ws/install/interbotix_xs_msgs/lib/python3.8/site-packages/interbotix_xs_msgs/msg
-- Installing: /home/locobot/SU_Robotics/eyetracking_ros_ws/install/interbotix_xs_msgs/lib/python3.8/site-packages/interbotix_xs_msgs/msg/_joint_temps.py
-- Installing: /home/locobot/SU_Robotics/eyetracking_ros_ws/install/interbotix_xs_msgs/lib/python3.8/site-packages/interbotix_xs_msgs/msg/_hex_joy_s.c
-- Installing: /home/locobot/SU_Robotics/eyetracking_ros_ws/install/interbotix_xs_msgs/lib/python3.8/site-packages/interbotix_xs_msgs/msg/_locobot_joy.py
-- Installing: /home/locobot/SU_Robotics/eyetracking_ros_ws/install/interbotix_xs_msgs/lib/python3.8/site-packages/interbotix_xs_msgs/msg/__init__.py
-- Installing: /home/locobot/SU_Robotics/eyetracking_ros_ws/install/interbotix_xs_msgs/lib/python3.8/site-packages/interbotix_xs_msgs/msg/_locobot_joy_s.c
-- Installing: /home/locobot/SU_Robotics/eyetracking_ros_ws/install/interbotix_xs_msgs/lib/python3.8/site-packages/interbotix_xs_msgs/msg/_turret_joy.py
-- Installing: /home/locobot/SU_Robotics/eyetracking_ros_ws/install/interbotix_xs_msgs/lib/python3.8/site-packages/interbotix_xs_msgs/msg/_joint_group_command_s.c
-- Installing: /home/locobot/SU_Robotics/eyetracking_ros_ws/install/interbotix_xs_msgs/lib/python3.8/site-packages/interbotix_xs_msgs/msg/_arm_joy_s.c
-- Installing: /home/locobot/SU_Robotics/eyetracking_ros_ws/install/interbotix_xs_msgs/lib/python3.8/site-packages/interbotix_xs_msgs/msg/_joint_trajectory_command.py
-- Installing: /home/locobot/SU_Robotics/eyetracking_ros_ws/install/interbotix_xs_msgs/lib/python3.8/site-packages/interbotix_xs_msgs/msg/_turret_joy_s.c
-- Installing: /home/locobot/SU_Robotics/eyetracking_ros_ws/install/interbotix_xs_msgs/lib/python3.8/site-packages/interbotix_xs_msgs/msg/_joint_temps_s.c
-- Installing: /home/locobot/SU_Robotics/eyetracking_ros_ws/install/interbotix_xs_msgs/lib/python3.8/site-packages/interbotix_xs_msgs/msg/_joint_single_command.py
-- Installing: /home/locobot/SU_Robotics/eyetracking_ros_ws/install/interbotix_xs_msgs/lib/python3.8/site-packages/interbotix_xs_msgs/msg/_arm_joy.py
-- Installing: /home/locobot/SU_Robotics/eyetracking_ros_ws/install/interbotix_xs_msgs/lib/python3.8/site-packages/interbotix_xs_msgs/msg/_hex_joy.py
-- Installing: /home/locobot/SU_Robotics/eyetracking_ros_ws/install/interbotix_xs_msgs/lib/python3.8/site-packages/interbotix_xs_msgs/msg/_joint_single_command_s.c
-- Installing: /home/locobot/SU_Robotics/eyetracking_ros_ws/install/interbotix_xs_msgs/lib/python3.8/site-packages/interbotix_xs_msgs/msg/_joint_group_command.py
-- Installing: /home/locobot/SU_Robotics/eyetracking_ros_ws/install/interbotix_xs_msgs/lib/python3.8/site-packages/interbotix_xs_msgs/msg/_joint_trajectory_command_s.c
-- Installing: /home/locobot/SU_Robotics/eyetracking_ros_ws/install/interbotix_xs_msgs/lib/python3.8/site-packages/interbotix_xs_msgs/srv
-- Installing: /home/locobot/SU_Robotics/eyetracking_ros_ws/install/interbotix_xs_msgs/lib/python3.8/site-packages/interbotix_xs_msgs/srv/_torque_enable_s.c
-- Installing: /home/locobot/SU_Robotics/eyetracking_ros_ws/install/interbotix_xs_msgs/lib/python3.8/site-packages/interbotix_xs_msgs/srv/_operating_modes.py
-- Installing: /home/locobot/SU_Robotics/eyetracking_ros_ws/install/interbotix_xs_msgs/lib/python3.8/site-packages/interbotix_xs_msgs/srv/__init__.py
-- Installing: /home/locobot/SU_Robotics/eyetracking_ros_ws/install/interbotix_xs_msgs/lib/python3.8/site-packages/interbotix_xs_msgs/srv/_torque_enable.py
-- Installing: /home/locobot/SU_Robotics/eyetracking_ros_ws/install/interbotix_xs_msgs/lib/python3.8/site-packages/interbotix_xs_msgs/srv/_reboot_s.c
-- Installing: /home/locobot/SU_Robotics/eyetracking_ros_ws/install/interbotix_xs_msgs/lib/python3.8/site-packages/interbotix_xs_msgs/srv/_robot_info_s.c
-- Installing: /home/locobot/SU_Robotics/eyetracking_ros_ws/install/interbotix_xs_msgs/lib/python3.8/site-packages/interbotix_xs_msgs/srv/_reboot.py
-- Installing: /home/locobot/SU_Robotics/eyetracking_ros_ws/install/interbotix_xs_msgs/lib/python3.8/site-packages/interbotix_xs_msgs/srv/_motor_gains_s.c
-- Installing: /home/locobot/SU_Robotics/eyetracking_ros_ws/install/interbotix_xs_msgs/lib/python3.8/site-packages/interbotix_xs_msgs/srv/_register_values.py
-- Installing: /home/locobot/SU_Robotics/eyetracking_ros_ws/install/interbotix_xs_msgs/lib/python3.8/site-packages/interbotix_xs_msgs/srv/_motor_gains.py
-- Installing: /home/locobot/SU_Robotics/eyetracking_ros_ws/install/interbotix_xs_msgs/lib/python3.8/site-packages/interbotix_xs_msgs/srv/_operating_modes_s.c
-- Installing: /home/locobot/SU_Robotics/eyetracking_ros_ws/install/interbotix_xs_msgs/lib/python3.8/site-packages/interbotix_xs_msgs/srv/_register_values_s.c
-- Installing: /home/locobot/SU_Robotics/eyetracking_ros_ws/install/interbotix_xs_msgs/lib/python3.8/site-packages/interbotix_xs_msgs/srv/_robot_info.py
-- Installing: /home/locobot/SU_Robotics/eyetracking_ros_ws/install/interbotix_xs_msgs/lib/python3.8/site-packages/interbotix_xs_msgs/interbotix_xs_msgs_s__rosidl_typesupport_fastrtps_c.cpython-38-x86_64-linux-gnu.so
-- Set runtime path of "/home/locobot/SU_Robotics/eyetracking_ros_ws/install/interbotix_xs_msgs/lib/python3.8/site-packages/interbotix_xs_msgs/interbotix_xs_msgs_s__rosidl_typesupport_fastrtps_c.cpython-38-x86_64-linux-gnu.so" to ""
-- Installing: /home/locobot/SU_Robotics/eyetracking_ros_ws/install/interbotix_xs_msgs/lib/python3.8/site-packages/interbotix_xs_msgs/interbotix_xs_msgs_s__rosidl_typesupport_introspection_c.cpython-38-x86_64-linux-gnu.so
-- Set runtime path of "/home/locobot/SU_Robotics/eyetracking_ros_ws/install/interbotix_xs_msgs/lib/python3.8/site-packages/interbotix_xs_msgs/interbotix_xs_msgs_s__rosidl_typesupport_introspection_c.cpython-38-x86_64-linux-gnu.so" to ""
-- Installing: /home/locobot/SU_Robotics/eyetracking_ros_ws/install/interbotix_xs_msgs/lib/python3.8/site-packages/interbotix_xs_msgs/interbotix_xs_msgs_s__rosidl_typesupport_c.cpython-38-x86_64-linux-gnu.so
-- Set runtime path of "/home/locobot/SU_Robotics/eyetracking_ros_ws/install/interbotix_xs_msgs/lib/python3.8/site-packages/interbotix_xs_msgs/interbotix_xs_msgs_s__rosidl_typesupport_c.cpython-38-x86_64-linux-gnu.so" to ""
-- Installing: /home/locobot/SU_Robotics/eyetracking_ros_ws/install/interbotix_xs_msgs/lib/libinterbotix_xs_msgs__python.so
-- Set runtime path of "/home/locobot/SU_Robotics/eyetracking_ros_ws/install/interbotix_xs_msgs/lib/libinterbotix_xs_msgs__python.so" to ""
-- Installing: /home/locobot/SU_Robotics/eyetracking_ros_ws/install/interbotix_xs_msgs/share/interbotix_xs_msgs/msg/ArmJoy.idl
-- Installing: /home/locobot/SU_Robotics/eyetracking_ros_ws/install/interbotix_xs_msgs/share/interbotix_xs_msgs/msg/HexJoy.idl
-- Installing: /home/locobot/SU_Robotics/eyetracking_ros_ws/install/interbotix_xs_msgs/share/interbotix_xs_msgs/msg/JointGroupCommand.idl
-- Installing: /home/locobot/SU_Robotics/eyetracking_ros_ws/install/interbotix_xs_msgs/share/interbotix_xs_msgs/msg/JointSingleCommand.idl
-- Installing: /home/locobot/SU_Robotics/eyetracking_ros_ws/install/interbotix_xs_msgs/share/interbotix_xs_msgs/msg/JointTemps.idl
-- Installing: /home/locobot/SU_Robotics/eyetracking_ros_ws/install/interbotix_xs_msgs/share/interbotix_xs_msgs/msg/JointTrajectoryCommand.idl
-- Installing: /home/locobot/SU_Robotics/eyetracking_ros_ws/install/interbotix_xs_msgs/share/interbotix_xs_msgs/msg/LocobotJoy.idl
-- Installing: /home/locobot/SU_Robotics/eyetracking_ros_ws/install/interbotix_xs_msgs/share/interbotix_xs_msgs/msg/TurretJoy.idl
-- Installing: /home/locobot/SU_Robotics/eyetracking_ros_ws/install/interbotix_xs_msgs/share/interbotix_xs_msgs/srv/MotorGains.idl
-- Installing: /home/locobot/SU_Robotics/eyetracking_ros_ws/install/interbotix_xs_msgs/share/interbotix_xs_msgs/srv/OperatingModes.idl
-- Installing: /home/locobot/SU_Robotics/eyetracking_ros_ws/install/interbotix_xs_msgs/share/interbotix_xs_msgs/srv/Reboot.idl
-- Installing: /home/locobot/SU_Robotics/eyetracking_ros_ws/install/interbotix_xs_msgs/share/interbotix_xs_msgs/srv/RegisterValues.idl
-- Installing: /home/locobot/SU_Robotics/eyetracking_ros_ws/install/interbotix_xs_msgs/share/interbotix_xs_msgs/srv/RobotInfo.idl
-- Installing: /home/locobot/SU_Robotics/eyetracking_ros_ws/install/interbotix_xs_msgs/share/interbotix_xs_msgs/srv/TorqueEnable.idl
-- Installing: /home/locobot/SU_Robotics/eyetracking_ros_ws/install/interbotix_xs_msgs/share/interbotix_xs_msgs/msg/ArmJoy.msg
-- Installing: /home/locobot/SU_Robotics/eyetracking_ros_ws/install/interbotix_xs_msgs/share/interbotix_xs_msgs/msg/HexJoy.msg
-- Installing: /home/locobot/SU_Robotics/eyetracking_ros_ws/install/interbotix_xs_msgs/share/interbotix_xs_msgs/msg/JointGroupCommand.msg
-- Installing: /home/locobot/SU_Robotics/eyetracking_ros_ws/install/interbotix_xs_msgs/share/interbotix_xs_msgs/msg/JointSingleCommand.msg
-- Installing: /home/locobot/SU_Robotics/eyetracking_ros_ws/install/interbotix_xs_msgs/share/interbotix_xs_msgs/msg/JointTemps.msg
-- Installing: /home/locobot/SU_Robotics/eyetracking_ros_ws/install/interbotix_xs_msgs/share/interbotix_xs_msgs/msg/JointTrajectoryCommand.msg
-- Installing: /home/locobot/SU_Robotics/eyetracking_ros_ws/install/interbotix_xs_msgs/share/interbotix_xs_msgs/msg/LocobotJoy.msg
-- Installing: /home/locobot/SU_Robotics/eyetracking_ros_ws/install/interbotix_xs_msgs/share/interbotix_xs_msgs/msg/TurretJoy.msg
-- Installing: /home/locobot/SU_Robotics/eyetracking_ros_ws/install/interbotix_xs_msgs/share/interbotix_xs_msgs/srv/MotorGains.srv
-- Installing: /home/locobot/SU_Robotics/eyetracking_ros_ws/install/interbotix_xs_msgs/share/interbotix_xs_msgs/srv/MotorGains_Request.msg
-- Installing: /home/locobot/SU_Robotics/eyetracking_ros_ws/install/interbotix_xs_msgs/share/interbotix_xs_msgs/srv/MotorGains_Response.msg
-- Installing: /home/locobot/SU_Robotics/eyetracking_ros_ws/install/interbotix_xs_msgs/share/interbotix_xs_msgs/srv/OperatingModes.srv
-- Installing: /home/locobot/SU_Robotics/eyetracking_ros_ws/install/interbotix_xs_msgs/share/interbotix_xs_msgs/srv/OperatingModes_Request.msg
-- Installing: /home/locobot/SU_Robotics/eyetracking_ros_ws/install/interbotix_xs_msgs/share/interbotix_xs_msgs/srv/OperatingModes_Response.msg
-- Installing: /home/locobot/SU_Robotics/eyetracking_ros_ws/install/interbotix_xs_msgs/share/interbotix_xs_msgs/srv/Reboot.srv
-- Installing: /home/locobot/SU_Robotics/eyetracking_ros_ws/install/interbotix_xs_msgs/share/interbotix_xs_msgs/srv/Reboot_Request.msg
-- Installing: /home/locobot/SU_Robotics/eyetracking_ros_ws/install/interbotix_xs_msgs/share/interbotix_xs_msgs/srv/Reboot_Response.msg
-- Installing: /home/locobot/SU_Robotics/eyetracking_ros_ws/install/interbotix_xs_msgs/share/interbotix_xs_msgs/srv/RegisterValues.srv
-- Installing: /home/locobot/SU_Robotics/eyetracking_ros_ws/install/interbotix_xs_msgs/share/interbotix_xs_msgs/srv/RegisterValues_Request.msg
-- Installing: /home/locobot/SU_Robotics/eyetracking_ros_ws/install/interbotix_xs_msgs/share/interbotix_xs_msgs/srv/RegisterValues_Response.msg
-- Installing: /home/locobot/SU_Robotics/eyetracking_ros_ws/install/interbotix_xs_msgs/share/interbotix_xs_msgs/srv/RobotInfo.srv
-- Installing: /home/locobot/SU_Robotics/eyetracking_ros_ws/install/interbotix_xs_msgs/share/interbotix_xs_msgs/srv/RobotInfo_Request.msg
-- Installing: /home/locobot/SU_Robotics/eyetracking_ros_ws/install/interbotix_xs_msgs/share/interbotix_xs_msgs/srv/RobotInfo_Response.msg
-- Installing: /home/locobot/SU_Robotics/eyetracking_ros_ws/install/interbotix_xs_msgs/share/interbotix_xs_msgs/srv/TorqueEnable.srv
-- Installing: /home/locobot/SU_Robotics/eyetracking_ros_ws/install/interbotix_xs_msgs/share/interbotix_xs_msgs/srv/TorqueEnable_Request.msg
-- Installing: /home/locobot/SU_Robotics/eyetracking_ros_ws/install/interbotix_xs_msgs/share/interbotix_xs_msgs/srv/TorqueEnable_Response.msg
-- Installing: /home/locobot/SU_Robotics/eyetracking_ros_ws/install/interbotix_xs_msgs/share/ament_index/resource_index/package_run_dependencies/interbotix_xs_msgs
-- Installing: /home/locobot/SU_Robotics/eyetracking_ros_ws/install/interbotix_xs_msgs/share/ament_index/resource_index/parent_prefix_path/interbotix_xs_msgs
-- Installing: /home/locobot/SU_Robotics/eyetracking_ros_ws/install/interbotix_xs_msgs/share/interbotix_xs_msgs/environment/ament_prefix_path.sh
-- Installing: /home/locobot/SU_Robotics/eyetracking_ros_ws/install/interbotix_xs_msgs/share/interbotix_xs_msgs/environment/ament_prefix_path.dsv
-- Installing: /home/locobot/SU_Robotics/eyetracking_ros_ws/install/interbotix_xs_msgs/share/interbotix_xs_msgs/environment/path.sh
-- Installing: /home/locobot/SU_Robotics/eyetracking_ros_ws/install/interbotix_xs_msgs/share/interbotix_xs_msgs/environment/path.dsv
-- Installing: /home/locobot/SU_Robotics/eyetracking_ros_ws/install/interbotix_xs_msgs/share/interbotix_xs_msgs/local_setup.bash
-- Installing: /home/locobot/SU_Robotics/eyetracking_ros_ws/install/interbotix_xs_msgs/share/interbotix_xs_msgs/local_setup.sh
-- Installing: /home/locobot/SU_Robotics/eyetracking_ros_ws/install/interbotix_xs_msgs/share/interbotix_xs_msgs/local_setup.zsh
-- Installing: /home/locobot/SU_Robotics/eyetracking_ros_ws/install/interbotix_xs_msgs/share/interbotix_xs_msgs/local_setup.dsv
-- Installing: /home/locobot/SU_Robotics/eyetracking_ros_ws/install/interbotix_xs_msgs/share/interbotix_xs_msgs/package.dsv
-- Installing: /home/locobot/SU_Robotics/eyetracking_ros_ws/install/interbotix_xs_msgs/share/ament_index/resource_index/packages/interbotix_xs_msgs
-- Installing: /home/locobot/SU_Robotics/eyetracking_ros_ws/install/interbotix_xs_msgs/share/interbotix_xs_msgs/cmake/interbotix_xs_msgs__rosidl_generator_cExport.cmake
-- Installing: /home/locobot/SU_Robotics/eyetracking_ros_ws/install/interbotix_xs_msgs/share/interbotix_xs_msgs/cmake/interbotix_xs_msgs__rosidl_generator_cExport-noconfig.cmake
-- Installing: /home/locobot/SU_Robotics/eyetracking_ros_ws/install/interbotix_xs_msgs/share/interbotix_xs_msgs/cmake/interbotix_xs_msgs__rosidl_typesupport_introspection_cExport.cmake
-- Installing: /home/locobot/SU_Robotics/eyetracking_ros_ws/install/interbotix_xs_msgs/share/interbotix_xs_msgs/cmake/interbotix_xs_msgs__rosidl_typesupport_introspection_cExport-noconfig.cmake
-- Installing: /home/locobot/SU_Robotics/eyetracking_ros_ws/install/interbotix_xs_msgs/share/interbotix_xs_msgs/cmake/interbotix_xs_msgs__rosidl_typesupport_cExport.cmake
-- Installing: /home/locobot/SU_Robotics/eyetracking_ros_ws/install/interbotix_xs_msgs/share/interbotix_xs_msgs/cmake/interbotix_xs_msgs__rosidl_typesupport_cExport-noconfig.cmake
-- Installing: /home/locobot/SU_Robotics/eyetracking_ros_ws/install/interbotix_xs_msgs/share/interbotix_xs_msgs/cmake/interbotix_xs_msgs__rosidl_generator_cppExport.cmake
-- Installing: /home/locobot/SU_Robotics/eyetracking_ros_ws/install/interbotix_xs_msgs/share/interbotix_xs_msgs/cmake/interbotix_xs_msgs__rosidl_typesupport_introspection_cppExport.cmake
-- Installing: /home/locobot/SU_Robotics/eyetracking_ros_ws/install/interbotix_xs_msgs/share/interbotix_xs_msgs/cmake/interbotix_xs_msgs__rosidl_typesupport_introspection_cppExport-noconfig.cmake
-- Installing: /home/locobot/SU_Robotics/eyetracking_ros_ws/install/interbotix_xs_msgs/share/interbotix_xs_msgs/cmake/interbotix_xs_msgs__rosidl_typesupport_cppExport.cmake
-- Installing: /home/locobot/SU_Robotics/eyetracking_ros_ws/install/interbotix_xs_msgs/share/interbotix_xs_msgs/cmake/interbotix_xs_msgs__rosidl_typesupport_cppExport-noconfig.cmake
-- Installing: /home/locobot/SU_Robotics/eyetracking_ros_ws/install/interbotix_xs_msgs/share/interbotix_xs_msgs/cmake/rosidl_cmake-extras.cmake
-- Installing: /home/locobot/SU_Robotics/eyetracking_ros_ws/install/interbotix_xs_msgs/share/interbotix_xs_msgs/cmake/ament_cmake_export_dependencies-extras.cmake
-- Installing: /home/locobot/SU_Robotics/eyetracking_ros_ws/install/interbotix_xs_msgs/share/interbotix_xs_msgs/cmake/ament_cmake_export_libraries-extras.cmake
-- Installing: /home/locobot/SU_Robotics/eyetracking_ros_ws/install/interbotix_xs_msgs/share/interbotix_xs_msgs/cmake/ament_cmake_export_targets-extras.cmake
-- Installing: /home/locobot/SU_Robotics/eyetracking_ros_ws/install/interbotix_xs_msgs/share/interbotix_xs_msgs/cmake/ament_cmake_export_include_directories-extras.cmake
-- Installing: /home/locobot/SU_Robotics/eyetracking_ros_ws/install/interbotix_xs_msgs/share/interbotix_xs_msgs/cmake/rosidl_cmake_export_typesupport_libraries-extras.cmake
-- Installing: /home/locobot/SU_Robotics/eyetracking_ros_ws/install/interbotix_xs_msgs/share/interbotix_xs_msgs/cmake/rosidl_cmake_export_typesupport_targets-extras.cmake
-- Installing: /home/locobot/SU_Robotics/eyetracking_ros_ws/install/interbotix_xs_msgs/share/interbotix_xs_msgs/cmake/interbotix_xs_msgsConfig.cmake
-- Installing: /home/locobot/SU_Robotics/eyetracking_ros_ws/install/interbotix_xs_msgs/share/interbotix_xs_msgs/cmake/interbotix_xs_msgsConfig-version.cmake
-- Installing: /home/locobot/SU_Robotics/eyetracking_ros_ws/install/interbotix_xs_msgs/share/interbotix_xs_msgs/package.xml
