-- Found ament_cmake: 1.1.6 (/opt/ros/galactic/share/ament_cmake/cmake)
-- Using PYTHON_EXECUTABLE: /usr/bin/python3
-- Override CMake install command with custom implementation using symlinks instead of copying resources
-- Found pluginlib: 5.0.1 (/opt/ros/galactic/share/pluginlib/cmake)
-- Found rclcpp: 9.2.2 (/opt/ros/galactic/share/rclcpp/cmake)
-- Using all available rosidl_typesupport_c: rosidl_typesupport_fastrtps_c;rosidl_typesupport_introspection_c
-- Found rosidl_adapter: 2.2.3 (/opt/ros/galactic/share/rosidl_adapter/cmake)
-- Using all available rosidl_typesupport_cpp: rosidl_typesupport_fastrtps_cpp;rosidl_typesupport_introspection_cpp
-- Found rmw_implementation_cmake: 3.3.1 (/opt/ros/galactic/share/rmw_implementation_cmake/cmake)
-- Found rmw_fastrtps_cpp: 5.0.2 (/opt/ros/galactic/share/rmw_fastrtps_cpp/cmake)
-- Using RMW implementation 'rmw_fastrtps_cpp' as default
-- Found rviz_common: 8.5.2 (/opt/ros/galactic/share/rviz_common/cmake)
-- Setting OGRE_DIR to: '/opt/ros/galactic/share/rviz_ogre_vendor/cmake/../../../opt/rviz_ogre_vendor/lib/OGRE/cmake'
-- Found OGRE
--   static     : OFF
--   components : HLMS;MeshLodGenerator;Overlay;Paging;Property;RTShaderSystem;Terrain;Volume
--   plugins    : Plugin_BSPSceneManager;Plugin_OctreeSceneManager;Plugin_PCZSceneManager;Plugin_ParticleFX;RenderSystem_GL;RenderSystem_GL3Plus;Codec_STBI
--   media      : /opt/ros/galactic/opt/rviz_ogre_vendor/share/OGRE/Media
-- OGRE_LIBRARIES: OgreHLMS;OgreMeshLodGenerator;OgreOverlay;OgrePaging;OgreProperty;OgreRTShaderSystem;OgreTerrain;OgreVolume;OgreMain
-- OGRE_LIBRARY_DIRS: /opt/ros/galactic/opt/rviz_ogre_vendor/lib
-- OGRE_PLUGINS: Plugin_BSPSceneManager;Plugin_OctreeSceneManager;Plugin_PCZSceneManager;Plugin_ParticleFX;RenderSystem_GL;RenderSystem_GL3Plus;Codec_STBI
-- OGRE_PLUGIN_DIR: /opt/ros/galactic/opt/rviz_ogre_vendor/lib/OGRE
-- rviz_ogre_vendor::OgreOverlay for IMPORTED_LOCATION_RELEASE: /opt/ros/galactic/opt/rviz_ogre_vendor/lib/libOgreOverlay.so
-- rviz_ogre_vendor::OgreOverlay for IMPORTED_LOCATION_DEBUG: /opt/ros/galactic/opt/rviz_ogre_vendor/lib/libOgreOverlay.so
-- rviz_ogre_vendor::OgreMain for IMPORTED_LOCATION_RELEASE: /opt/ros/galactic/opt/rviz_ogre_vendor/lib/libOgreMain.so
-- rviz_ogre_vendor::OgreMain for IMPORTED_LOCATION_DEBUG: /opt/ros/galactic/opt/rviz_ogre_vendor/lib/libOgreMain.so
-- rviz_ogre_vendor::RenderSystem_GL for IMPORTED_LOCATION_RELEASE: _render_system_gl_static_library_abs-NOTFOUND
-- rviz_ogre_vendor::RenderSystem_GL for IMPORTED_LOCATION_DEBUG: _render_system_gl_static_library_abs-NOTFOUND
-- library: libassimp.so.5
-- library: /usr/lib/x86_64-linux-gnu/libcurl.so
-- Found interbotix_xs_msgs: 0.0.0 (/home/locobot/SU_Robotics/eyetracking_ros_ws/install/interbotix_xs_msgs/share/interbotix_xs_msgs/cmake)
-- Found ament_lint_auto: 0.10.7 (/opt/ros/galactic/share/ament_lint_auto/cmake)
-- Added test 'copyright' to check source files copyright and LICENSE
-- Added test 'cppcheck' to perform static code analysis on C / C++ code
-- Configured cppcheck include dirs: /home/locobot/SU_Robotics/eyetracking_ros_ws/src/interbotix_ros_toolboxes/interbotix_xs_toolbox/interbotix_xs_rviz/include
-- Configured cppcheck exclude dirs and/or files: 
-- Added test 'cpplint' to check C / C++ code against the Google style
-- Configured cpplint exclude dirs and/or files: 
-- Added test 'lint_cmake' to check CMake code style
-- Added test 'uncrustify' to check C / C++ code style
-- Configured uncrustify additional arguments: 
-- Added test 'xmllint' to check XML markup files
-- Configuring done
-- Generating done
-- Build files have been written to: /home/locobot/SU_Robotics/eyetracking_ros_ws/build/interbotix_xs_rviz
[ 20%] [34m[1mAutomatic MOC for target interbotix_xs_rviz[0m
[ 20%] Built target interbotix_xs_rviz_autogen
[100%] Built target interbotix_xs_rviz
-- Install configuration: ""
-- Execute custom install script
-- Symlinking: /home/locobot/SU_Robotics/eyetracking_ros_ws/install/interbotix_xs_rviz/share/interbotix_xs_rviz//plugin_description.xml
-- Symlinking: /home/locobot/SU_Robotics/eyetracking_ros_ws/install/interbotix_xs_rviz/include//interbotix_xs_rviz/interbotix_control_panel.hpp
-- Symlinking: /home/locobot/SU_Robotics/eyetracking_ros_ws/install/interbotix_xs_rviz/include//interbotix_xs_rviz/xs_register_descriptions.hpp
-- Symlinking: /home/locobot/SU_Robotics/eyetracking_ros_ws/install/interbotix_xs_rviz/share/interbotix_xs_rviz//icons/classes/Interbotix Control Panel.png
-- Symlinking: /home/locobot/SU_Robotics/eyetracking_ros_ws/install/interbotix_xs_rviz/share/interbotix_xs_rviz/environment/library_path.sh
-- Symlinking: /home/locobot/SU_Robotics/eyetracking_ros_ws/install/interbotix_xs_rviz/share/interbotix_xs_rviz/environment/library_path.dsv
-- Symlinking: /home/locobot/SU_Robotics/eyetracking_ros_ws/install/interbotix_xs_rviz/share/ament_index/resource_index/package_run_dependencies/interbotix_xs_rviz
-- Symlinking: /home/locobot/SU_Robotics/eyetracking_ros_ws/install/interbotix_xs_rviz/share/ament_index/resource_index/parent_prefix_path/interbotix_xs_rviz
-- Symlinking: /home/locobot/SU_Robotics/eyetracking_ros_ws/install/interbotix_xs_rviz/share/interbotix_xs_rviz/environment/ament_prefix_path.sh
-- Symlinking: /home/locobot/SU_Robotics/eyetracking_ros_ws/install/interbotix_xs_rviz/share/interbotix_xs_rviz/environment/ament_prefix_path.dsv
-- Symlinking: /home/locobot/SU_Robotics/eyetracking_ros_ws/install/interbotix_xs_rviz/share/interbotix_xs_rviz/environment/path.sh
-- Symlinking: /home/locobot/SU_Robotics/eyetracking_ros_ws/install/interbotix_xs_rviz/share/interbotix_xs_rviz/environment/path.dsv
-- Symlinking: /home/locobot/SU_Robotics/eyetracking_ros_ws/install/interbotix_xs_rviz/share/interbotix_xs_rviz/local_setup.bash
-- Symlinking: /home/locobot/SU_Robotics/eyetracking_ros_ws/install/interbotix_xs_rviz/share/interbotix_xs_rviz/local_setup.sh
-- Symlinking: /home/locobot/SU_Robotics/eyetracking_ros_ws/install/interbotix_xs_rviz/share/interbotix_xs_rviz/local_setup.zsh
-- Symlinking: /home/locobot/SU_Robotics/eyetracking_ros_ws/install/interbotix_xs_rviz/share/interbotix_xs_rviz/local_setup.dsv
-- Symlinking: /home/locobot/SU_Robotics/eyetracking_ros_ws/install/interbotix_xs_rviz/share/interbotix_xs_rviz/package.dsv
-- Symlinking: /home/locobot/SU_Robotics/eyetracking_ros_ws/install/interbotix_xs_rviz/share/ament_index/resource_index/packages/interbotix_xs_rviz
-- Symlinking: /home/locobot/SU_Robotics/eyetracking_ros_ws/install/interbotix_xs_rviz/share/ament_index/resource_index/rviz_common__pluginlib__plugin/interbotix_xs_rviz
-- Symlinking: /home/locobot/SU_Robotics/eyetracking_ros_ws/install/interbotix_xs_rviz/share/interbotix_xs_rviz/cmake/ament_cmake_export_targets-extras.cmake
-- Symlinking: /home/locobot/SU_Robotics/eyetracking_ros_ws/install/interbotix_xs_rviz/share/interbotix_xs_rviz/cmake/ament_cmake_export_dependencies-extras.cmake
-- Symlinking: /home/locobot/SU_Robotics/eyetracking_ros_ws/install/interbotix_xs_rviz/share/interbotix_xs_rviz/cmake/interbotix_xs_rvizConfig.cmake
-- Symlinking: /home/locobot/SU_Robotics/eyetracking_ros_ws/install/interbotix_xs_rviz/share/interbotix_xs_rviz/cmake/interbotix_xs_rvizConfig-version.cmake
-- Symlinking: /home/locobot/SU_Robotics/eyetracking_ros_ws/install/interbotix_xs_rviz/share/interbotix_xs_rviz/package.xml
-- Up-to-date: /home/locobot/SU_Robotics/eyetracking_ros_ws/install/interbotix_xs_rviz/lib/libinterbotix_xs_rviz.so
-- Up-to-date: /home/locobot/SU_Robotics/eyetracking_ros_ws/install/interbotix_xs_rviz/share/interbotix_xs_rviz/cmake/interbotix_xs_rvizExport.cmake
-- Installing: /home/locobot/SU_Robotics/eyetracking_ros_ws/install/interbotix_xs_rviz/share/interbotix_xs_rviz/cmake/interbotix_xs_rvizExport-noconfig.cmake
