[1.559s] Invoking command in '/home/locobot/SU_Robotics/eyetracking_ros_ws/build/interbotix_perception_msgs': CMAKE_PREFIX_PATH=${CMAKE_PREFIX_PATH}:/home/locobot/SU_Robotics/eyetracking_ros_ws/install/interbotix_xs_modules:/home/locobot/SU_Robotics/eyetracking_ros_ws/install/interbotix_perception_modules:/home/locobot/SU_Robotics/eyetracking_ros_ws/install/interbotix_common_modules:/home/locobot/interbotix_ws/install/interbotix_xs_modules:/home/locobot/interbotix_ws/install/interbotix_perception_modules:/home/locobot/interbotix_ws/install/interbotix_common_modules:/opt/ros/galactic /usr/bin/cmake /home/locobot/SU_Robotics/eyetracking_ros_ws/src/interbotix_ros_toolboxes/interbotix_perception_toolbox/interbotix_perception_msgs -DAMENT_CMAKE_SYMLINK_INSTALL=1 -DCMAKE_INSTALL_PREFIX=/home/locobot/SU_Robotics/eyetracking_ros_ws/install/interbotix_perception_msgs
[1.906s] -- Found rosidl_default_generators: 1.1.1 (/opt/ros/galactic/share/rosidl_default_generators/cmake)
[1.906s] -- Found ament_cmake_core: 1.1.6 (/opt/ros/galactic/share/ament_cmake_core/cmake)
[1.906s] -- Found PythonInterp: /usr/bin/python3 (found suitable version "3.8.10", minimum required is "3") 
[1.906s] -- Using PYTHON_EXECUTABLE: /usr/bin/python3
[1.906s] -- Override CMake install command with custom implementation using symlinks instead of copying resources
[1.906s] -- Using all available rosidl_typesupport_c: rosidl_typesupport_fastrtps_c;rosidl_typesupport_introspection_c
[1.906s] -- Found rosidl_adapter: 2.2.3 (/opt/ros/galactic/share/rosidl_adapter/cmake)
[1.907s] -- Using all available rosidl_typesupport_cpp: rosidl_typesupport_fastrtps_cpp;rosidl_typesupport_introspection_cpp
[1.911s] -- Found std_msgs: 2.2.4 (/opt/ros/galactic/share/std_msgs/cmake)
[1.953s] -- Found geometry_msgs: 2.2.4 (/opt/ros/galactic/share/geometry_msgs/cmake)
[1.988s] -- Found sensor_msgs: 2.2.4 (/opt/ros/galactic/share/sensor_msgs/cmake)
[2.113s] -- Found PythonInterp: /usr/bin/python3 (found version "3.8.10") 
[2.415s] -- Found ament_cmake_ros: 0.9.2 (/opt/ros/galactic/share/ament_cmake_ros/cmake)
[2.892s] -- Using all available rosidl_typesupport_c: rosidl_typesupport_fastrtps_c;rosidl_typesupport_introspection_c
[3.138s] -- Using all available rosidl_typesupport_cpp: rosidl_typesupport_fastrtps_cpp;rosidl_typesupport_introspection_cpp
[3.206s] -- Found PythonInterp: /usr/bin/python3 (found suitable version "3.8.10", minimum required is "3.5") 
[3.207s] -- Found python_cmake_module: 0.8.1 (/opt/ros/galactic/share/python_cmake_module/cmake)
[3.269s] -- Using PYTHON_EXECUTABLE: /usr/bin/python3
[3.269s] -- Using PYTHON_INCLUDE_DIRS: /usr/include/python3.8
[3.270s] -- Using PYTHON_LIBRARIES: /usr/lib/x86_64-linux-gnu/libpython3.8.so
[3.455s] -- Found ament_lint_auto: 0.10.7 (/opt/ros/galactic/share/ament_lint_auto/cmake)
[3.478s] -- Configuring done
[3.538s] -- Generating done
[3.541s] -- Build files have been written to: /home/locobot/SU_Robotics/eyetracking_ros_ws/build/interbotix_perception_msgs
[4.147s] Invoked command in '/home/locobot/SU_Robotics/eyetracking_ros_ws/build/interbotix_perception_msgs' returned '0': CMAKE_PREFIX_PATH=${CMAKE_PREFIX_PATH}:/home/locobot/SU_Robotics/eyetracking_ros_ws/install/interbotix_xs_modules:/home/locobot/SU_Robotics/eyetracking_ros_ws/install/interbotix_perception_modules:/home/locobot/SU_Robotics/eyetracking_ros_ws/install/interbotix_common_modules:/home/locobot/interbotix_ws/install/interbotix_xs_modules:/home/locobot/interbotix_ws/install/interbotix_perception_modules:/home/locobot/interbotix_ws/install/interbotix_common_modules:/opt/ros/galactic /usr/bin/cmake /home/locobot/SU_Robotics/eyetracking_ros_ws/src/interbotix_ros_toolboxes/interbotix_perception_toolbox/interbotix_perception_msgs -DAMENT_CMAKE_SYMLINK_INSTALL=1 -DCMAKE_INSTALL_PREFIX=/home/locobot/SU_Robotics/eyetracking_ros_ws/install/interbotix_perception_msgs
[4.150s] Invoking command in '/home/locobot/SU_Robotics/eyetracking_ros_ws/build/interbotix_perception_msgs': CMAKE_PREFIX_PATH=${CMAKE_PREFIX_PATH}:/home/locobot/SU_Robotics/eyetracking_ros_ws/install/interbotix_xs_modules:/home/locobot/SU_Robotics/eyetracking_ros_ws/install/interbotix_perception_modules:/home/locobot/SU_Robotics/eyetracking_ros_ws/install/interbotix_common_modules:/home/locobot/interbotix_ws/install/interbotix_xs_modules:/home/locobot/interbotix_ws/install/interbotix_perception_modules:/home/locobot/interbotix_ws/install/interbotix_common_modules:/opt/ros/galactic /usr/bin/cmake --build /home/locobot/SU_Robotics/eyetracking_ros_ws/build/interbotix_perception_msgs -- -j12 -l12
[4.217s] [  1%] Built target interbotix_perception_msgs__cpp
[4.224s] [ 12%] Built target interbotix_perception_msgs__rosidl_generator_c
[4.266s] [ 23%] Built target interbotix_perception_msgs__rosidl_typesupport_cpp
[4.267s] [ 34%] Built target interbotix_perception_msgs__rosidl_typesupport_introspection_cpp
[4.272s] [ 45%] Built target interbotix_perception_msgs__rosidl_typesupport_introspection_c
[4.275s] [ 47%] [32m[1mLinking CXX shared library libinterbotix_perception_msgs__rosidl_typesupport_fastrtps_cpp.so[0m
[4.296s] [ 58%] Built target interbotix_perception_msgs__rosidl_typesupport_c
[4.416s] [ 67%] Built target interbotix_perception_msgs__rosidl_typesupport_fastrtps_cpp
[4.464s] [ 69%] [32m[1mLinking CXX shared library libinterbotix_perception_msgs__rosidl_typesupport_fastrtps_c.so[0m
[4.578s] [ 78%] Built target interbotix_perception_msgs__rosidl_typesupport_fastrtps_c
[4.601s] [ 78%] Built target interbotix_perception_msgs
[4.623s] [ 80%] Built target interbotix_perception_msgs__py
[4.656s] [ 81%] [32m[1mLinking C shared library rosidl_generator_py/interbotix_perception_msgs/libinterbotix_perception_msgs__python.so[0m
[4.701s] [ 89%] Built target interbotix_perception_msgs__python
[4.730s] [ 90%] [32m[1mLinking C shared library rosidl_generator_py/interbotix_perception_msgs/interbotix_perception_msgs_s__rosidl_typesupport_c.cpython-38-x86_64-linux-gnu.so[0m
[4.731s] [ 92%] [32m[1mLinking CXX shared library rosidl_generator_py/interbotix_perception_msgs/interbotix_perception_msgs_s__rosidl_typesupport_fastrtps_c.cpython-38-x86_64-linux-gnu.so[0m
[4.735s] [ 94%] [32m[1mLinking C shared library rosidl_generator_py/interbotix_perception_msgs/interbotix_perception_msgs_s__rosidl_typesupport_introspection_c.cpython-38-x86_64-linux-gnu.so[0m
[4.772s] [ 96%] Built target interbotix_perception_msgs__rosidl_typesupport_c__pyext
[4.781s] [ 98%] Built target interbotix_perception_msgs__rosidl_typesupport_introspection_c__pyext
[4.814s] [100%] Built target interbotix_perception_msgs__rosidl_typesupport_fastrtps_c__pyext
[4.838s] Invoked command in '/home/locobot/SU_Robotics/eyetracking_ros_ws/build/interbotix_perception_msgs' returned '0': CMAKE_PREFIX_PATH=${CMAKE_PREFIX_PATH}:/home/locobot/SU_Robotics/eyetracking_ros_ws/install/interbotix_xs_modules:/home/locobot/SU_Robotics/eyetracking_ros_ws/install/interbotix_perception_modules:/home/locobot/SU_Robotics/eyetracking_ros_ws/install/interbotix_common_modules:/home/locobot/interbotix_ws/install/interbotix_xs_modules:/home/locobot/interbotix_ws/install/interbotix_perception_modules:/home/locobot/interbotix_ws/install/interbotix_common_modules:/opt/ros/galactic /usr/bin/cmake --build /home/locobot/SU_Robotics/eyetracking_ros_ws/build/interbotix_perception_msgs -- -j12 -l12
[4.965s] Invoking command in '/home/locobot/SU_Robotics/eyetracking_ros_ws/build/interbotix_perception_msgs': CMAKE_PREFIX_PATH=${CMAKE_PREFIX_PATH}:/home/locobot/SU_Robotics/eyetracking_ros_ws/install/interbotix_xs_modules:/home/locobot/SU_Robotics/eyetracking_ros_ws/install/interbotix_perception_modules:/home/locobot/SU_Robotics/eyetracking_ros_ws/install/interbotix_common_modules:/home/locobot/interbotix_ws/install/interbotix_xs_modules:/home/locobot/interbotix_ws/install/interbotix_perception_modules:/home/locobot/interbotix_ws/install/interbotix_common_modules:/opt/ros/galactic /usr/bin/cmake --install /home/locobot/SU_Robotics/eyetracking_ros_ws/build/interbotix_perception_msgs
[4.979s] -- Install configuration: ""
[4.979s] -- Execute custom install script
[4.980s] -- Symlinking: /home/locobot/SU_Robotics/eyetracking_ros_ws/install/interbotix_perception_msgs/share/ament_index/resource_index/rosidl_interfaces/interbotix_perception_msgs
[4.994s] -- Symlinking: /home/locobot/SU_Robotics/eyetracking_ros_ws/install/interbotix_perception_msgs/include/interbotix_perception_msgs/msg/cluster_info.h
[5.007s] -- Symlinking: /home/locobot/SU_Robotics/eyetracking_ros_ws/install/interbotix_perception_msgs/include/interbotix_perception_msgs/msg/detail/cluster_info__functions.h
[5.017s] -- Symlinking: /home/locobot/SU_Robotics/eyetracking_ros_ws/install/interbotix_perception_msgs/include/interbotix_perception_msgs/msg/detail/cluster_info__struct.h
[5.027s] -- Symlinking: /home/locobot/SU_Robotics/eyetracking_ros_ws/install/interbotix_perception_msgs/include/interbotix_perception_msgs/msg/detail/cluster_info__type_support.h
[5.040s] -- Symlinking: /home/locobot/SU_Robotics/eyetracking_ros_ws/install/interbotix_perception_msgs/include/interbotix_perception_msgs/msg/rosidl_generator_c__visibility_control.h
[5.048s] -- Symlinking: /home/locobot/SU_Robotics/eyetracking_ros_ws/install/interbotix_perception_msgs/include/interbotix_perception_msgs/srv/cluster_info_array.h
[5.061s] -- Symlinking: /home/locobot/SU_Robotics/eyetracking_ros_ws/install/interbotix_perception_msgs/include/interbotix_perception_msgs/srv/detail/cluster_info_array__functions.h
[5.070s] -- Symlinking: /home/locobot/SU_Robotics/eyetracking_ros_ws/install/interbotix_perception_msgs/include/interbotix_perception_msgs/srv/detail/cluster_info_array__struct.h
[5.079s] -- Symlinking: /home/locobot/SU_Robotics/eyetracking_ros_ws/install/interbotix_perception_msgs/include/interbotix_perception_msgs/srv/detail/cluster_info_array__type_support.h
[5.092s] -- Symlinking: /home/locobot/SU_Robotics/eyetracking_ros_ws/install/interbotix_perception_msgs/include/interbotix_perception_msgs/srv/detail/filter_params__functions.h
[5.103s] -- Symlinking: /home/locobot/SU_Robotics/eyetracking_ros_ws/install/interbotix_perception_msgs/include/interbotix_perception_msgs/srv/detail/filter_params__struct.h
[5.110s] -- Symlinking: /home/locobot/SU_Robotics/eyetracking_ros_ws/install/interbotix_perception_msgs/include/interbotix_perception_msgs/srv/detail/filter_params__type_support.h
[5.120s] -- Symlinking: /home/locobot/SU_Robotics/eyetracking_ros_ws/install/interbotix_perception_msgs/include/interbotix_perception_msgs/srv/detail/snap_picture__functions.h
[5.129s] -- Symlinking: /home/locobot/SU_Robotics/eyetracking_ros_ws/install/interbotix_perception_msgs/include/interbotix_perception_msgs/srv/detail/snap_picture__struct.h
[5.139s] -- Symlinking: /home/locobot/SU_Robotics/eyetracking_ros_ws/install/interbotix_perception_msgs/include/interbotix_perception_msgs/srv/detail/snap_picture__type_support.h
[5.148s] -- Symlinking: /home/locobot/SU_Robotics/eyetracking_ros_ws/install/interbotix_perception_msgs/include/interbotix_perception_msgs/srv/filter_params.h
[5.157s] -- Symlinking: /home/locobot/SU_Robotics/eyetracking_ros_ws/install/interbotix_perception_msgs/include/interbotix_perception_msgs/srv/snap_picture.h
[5.166s] -- Symlinking: /home/locobot/SU_Robotics/eyetracking_ros_ws/install/interbotix_perception_msgs/share/interbotix_perception_msgs/environment/library_path.sh
[5.179s] -- Symlinking: /home/locobot/SU_Robotics/eyetracking_ros_ws/install/interbotix_perception_msgs/share/interbotix_perception_msgs/environment/library_path.dsv
[5.190s] -- Symlinking: /home/locobot/SU_Robotics/eyetracking_ros_ws/install/interbotix_perception_msgs/include/interbotix_perception_msgs/msg/detail/cluster_info__rosidl_typesupport_fastrtps_c.h
[5.200s] -- Symlinking: /home/locobot/SU_Robotics/eyetracking_ros_ws/install/interbotix_perception_msgs/include/interbotix_perception_msgs/msg/rosidl_typesupport_fastrtps_c__visibility_control.h
[5.208s] -- Symlinking: /home/locobot/SU_Robotics/eyetracking_ros_ws/install/interbotix_perception_msgs/include/interbotix_perception_msgs/srv/detail/cluster_info_array__rosidl_typesupport_fastrtps_c.h
[5.216s] -- Symlinking: /home/locobot/SU_Robotics/eyetracking_ros_ws/install/interbotix_perception_msgs/include/interbotix_perception_msgs/srv/detail/filter_params__rosidl_typesupport_fastrtps_c.h
[5.225s] -- Symlinking: /home/locobot/SU_Robotics/eyetracking_ros_ws/install/interbotix_perception_msgs/include/interbotix_perception_msgs/srv/detail/snap_picture__rosidl_typesupport_fastrtps_c.h
[5.235s] -- Symlinking: /home/locobot/SU_Robotics/eyetracking_ros_ws/install/interbotix_perception_msgs/lib/libinterbotix_perception_msgs__rosidl_typesupport_fastrtps_c.so
[5.245s] -- Symlinking: /home/locobot/SU_Robotics/eyetracking_ros_ws/install/interbotix_perception_msgs/include/interbotix_perception_msgs/msg/detail/cluster_info__rosidl_typesupport_fastrtps_cpp.hpp
[5.257s] -- Symlinking: /home/locobot/SU_Robotics/eyetracking_ros_ws/install/interbotix_perception_msgs/include/interbotix_perception_msgs/msg/rosidl_typesupport_fastrtps_cpp__visibility_control.h
[5.267s] -- Symlinking: /home/locobot/SU_Robotics/eyetracking_ros_ws/install/interbotix_perception_msgs/include/interbotix_perception_msgs/srv/detail/cluster_info_array__rosidl_typesupport_fastrtps_cpp.hpp
[5.278s] -- Symlinking: /home/locobot/SU_Robotics/eyetracking_ros_ws/install/interbotix_perception_msgs/include/interbotix_perception_msgs/srv/detail/filter_params__rosidl_typesupport_fastrtps_cpp.hpp
[5.286s] -- Symlinking: /home/locobot/SU_Robotics/eyetracking_ros_ws/install/interbotix_perception_msgs/include/interbotix_perception_msgs/srv/detail/snap_picture__rosidl_typesupport_fastrtps_cpp.hpp
[5.296s] -- Symlinking: /home/locobot/SU_Robotics/eyetracking_ros_ws/install/interbotix_perception_msgs/lib/libinterbotix_perception_msgs__rosidl_typesupport_fastrtps_cpp.so
[5.308s] -- Symlinking: /home/locobot/SU_Robotics/eyetracking_ros_ws/install/interbotix_perception_msgs/include/interbotix_perception_msgs/msg/detail/cluster_info__rosidl_typesupport_introspection_c.h
[5.319s] -- Symlinking: /home/locobot/SU_Robotics/eyetracking_ros_ws/install/interbotix_perception_msgs/include/interbotix_perception_msgs/msg/rosidl_typesupport_introspection_c__visibility_control.h
[5.329s] -- Symlinking: /home/locobot/SU_Robotics/eyetracking_ros_ws/install/interbotix_perception_msgs/include/interbotix_perception_msgs/srv/detail/cluster_info_array__rosidl_typesupport_introspection_c.h
[5.336s] -- Symlinking: /home/locobot/SU_Robotics/eyetracking_ros_ws/install/interbotix_perception_msgs/include/interbotix_perception_msgs/srv/detail/filter_params__rosidl_typesupport_introspection_c.h
[5.346s] -- Symlinking: /home/locobot/SU_Robotics/eyetracking_ros_ws/install/interbotix_perception_msgs/include/interbotix_perception_msgs/srv/detail/snap_picture__rosidl_typesupport_introspection_c.h
[5.355s] -- Symlinking: /home/locobot/SU_Robotics/eyetracking_ros_ws/install/interbotix_perception_msgs/include/interbotix_perception_msgs/msg/cluster_info.hpp
[5.363s] -- Symlinking: /home/locobot/SU_Robotics/eyetracking_ros_ws/install/interbotix_perception_msgs/include/interbotix_perception_msgs/msg/detail/cluster_info__builder.hpp
[5.373s] -- Symlinking: /home/locobot/SU_Robotics/eyetracking_ros_ws/install/interbotix_perception_msgs/include/interbotix_perception_msgs/msg/detail/cluster_info__struct.hpp
[5.381s] -- Symlinking: /home/locobot/SU_Robotics/eyetracking_ros_ws/install/interbotix_perception_msgs/include/interbotix_perception_msgs/msg/detail/cluster_info__traits.hpp
[5.390s] -- Symlinking: /home/locobot/SU_Robotics/eyetracking_ros_ws/install/interbotix_perception_msgs/include/interbotix_perception_msgs/srv/cluster_info_array.hpp
[5.399s] -- Symlinking: /home/locobot/SU_Robotics/eyetracking_ros_ws/install/interbotix_perception_msgs/include/interbotix_perception_msgs/srv/detail/cluster_info_array__builder.hpp
[5.408s] -- Symlinking: /home/locobot/SU_Robotics/eyetracking_ros_ws/install/interbotix_perception_msgs/include/interbotix_perception_msgs/srv/detail/cluster_info_array__struct.hpp
[5.420s] -- Symlinking: /home/locobot/SU_Robotics/eyetracking_ros_ws/install/interbotix_perception_msgs/include/interbotix_perception_msgs/srv/detail/cluster_info_array__traits.hpp
[5.426s] -- Symlinking: /home/locobot/SU_Robotics/eyetracking_ros_ws/install/interbotix_perception_msgs/include/interbotix_perception_msgs/srv/detail/filter_params__builder.hpp
[5.435s] -- Symlinking: /home/locobot/SU_Robotics/eyetracking_ros_ws/install/interbotix_perception_msgs/include/interbotix_perception_msgs/srv/detail/filter_params__struct.hpp
[5.445s] -- Symlinking: /home/locobot/SU_Robotics/eyetracking_ros_ws/install/interbotix_perception_msgs/include/interbotix_perception_msgs/srv/detail/filter_params__traits.hpp
[5.452s] -- Symlinking: /home/locobot/SU_Robotics/eyetracking_ros_ws/install/interbotix_perception_msgs/include/interbotix_perception_msgs/srv/detail/snap_picture__builder.hpp
[5.463s] -- Symlinking: /home/locobot/SU_Robotics/eyetracking_ros_ws/install/interbotix_perception_msgs/include/interbotix_perception_msgs/srv/detail/snap_picture__struct.hpp
[5.475s] -- Symlinking: /home/locobot/SU_Robotics/eyetracking_ros_ws/install/interbotix_perception_msgs/include/interbotix_perception_msgs/srv/detail/snap_picture__traits.hpp
[5.483s] -- Symlinking: /home/locobot/SU_Robotics/eyetracking_ros_ws/install/interbotix_perception_msgs/include/interbotix_perception_msgs/srv/filter_params.hpp
[5.491s] -- Symlinking: /home/locobot/SU_Robotics/eyetracking_ros_ws/install/interbotix_perception_msgs/include/interbotix_perception_msgs/srv/snap_picture.hpp
[5.500s] -- Symlinking: /home/locobot/SU_Robotics/eyetracking_ros_ws/install/interbotix_perception_msgs/include/interbotix_perception_msgs/msg/detail/cluster_info__rosidl_typesupport_introspection_cpp.hpp
[5.509s] -- Symlinking: /home/locobot/SU_Robotics/eyetracking_ros_ws/install/interbotix_perception_msgs/include/interbotix_perception_msgs/srv/detail/cluster_info_array__rosidl_typesupport_introspection_cpp.hpp
[5.520s] -- Symlinking: /home/locobot/SU_Robotics/eyetracking_ros_ws/install/interbotix_perception_msgs/include/interbotix_perception_msgs/srv/detail/filter_params__rosidl_typesupport_introspection_cpp.hpp
[5.526s] -- Symlinking: /home/locobot/SU_Robotics/eyetracking_ros_ws/install/interbotix_perception_msgs/include/interbotix_perception_msgs/srv/detail/snap_picture__rosidl_typesupport_introspection_cpp.hpp
[5.536s] -- Symlinking: /home/locobot/SU_Robotics/eyetracking_ros_ws/install/interbotix_perception_msgs/share/interbotix_perception_msgs/environment/pythonpath.sh
[5.546s] -- Symlinking: /home/locobot/SU_Robotics/eyetracking_ros_ws/install/interbotix_perception_msgs/share/interbotix_perception_msgs/environment/pythonpath.dsv
[5.554s] -- Symlinking: /home/locobot/SU_Robotics/eyetracking_ros_ws/install/interbotix_perception_msgs/lib/python3.8/site-packages/interbotix_perception_msgs/__init__.py
[5.563s] -- Symlinking: /home/locobot/SU_Robotics/eyetracking_ros_ws/install/interbotix_perception_msgs/lib/python3.8/site-packages/interbotix_perception_msgs/msg/__init__.py
[5.571s] -- Symlinking: /home/locobot/SU_Robotics/eyetracking_ros_ws/install/interbotix_perception_msgs/lib/python3.8/site-packages/interbotix_perception_msgs/msg/_cluster_info.py
[5.582s] -- Symlinking: /home/locobot/SU_Robotics/eyetracking_ros_ws/install/interbotix_perception_msgs/lib/python3.8/site-packages/interbotix_perception_msgs/srv/__init__.py
[5.591s] -- Symlinking: /home/locobot/SU_Robotics/eyetracking_ros_ws/install/interbotix_perception_msgs/lib/python3.8/site-packages/interbotix_perception_msgs/srv/_cluster_info_array.py
[5.600s] -- Symlinking: /home/locobot/SU_Robotics/eyetracking_ros_ws/install/interbotix_perception_msgs/lib/python3.8/site-packages/interbotix_perception_msgs/srv/_filter_params.py
[5.608s] -- Symlinking: /home/locobot/SU_Robotics/eyetracking_ros_ws/install/interbotix_perception_msgs/lib/python3.8/site-packages/interbotix_perception_msgs/srv/_snap_picture.py
[5.617s] -- Symlinking: /home/locobot/SU_Robotics/eyetracking_ros_ws/install/interbotix_perception_msgs/lib/python3.8/site-packages/interbotix_perception_msgs/interbotix_perception_msgs_s__rosidl_typesupport_fastrtps_c.cpython-38-x86_64-linux-gnu.so
[5.626s] -- Symlinking: /home/locobot/SU_Robotics/eyetracking_ros_ws/install/interbotix_perception_msgs/lib/python3.8/site-packages/interbotix_perception_msgs/interbotix_perception_msgs_s__rosidl_typesupport_introspection_c.cpython-38-x86_64-linux-gnu.so
[5.635s] -- Symlinking: /home/locobot/SU_Robotics/eyetracking_ros_ws/install/interbotix_perception_msgs/lib/python3.8/site-packages/interbotix_perception_msgs/interbotix_perception_msgs_s__rosidl_typesupport_c.cpython-38-x86_64-linux-gnu.so
[5.643s] -- Symlinking: /home/locobot/SU_Robotics/eyetracking_ros_ws/install/interbotix_perception_msgs/lib/libinterbotix_perception_msgs__python.so
[5.651s] -- Symlinking: /home/locobot/SU_Robotics/eyetracking_ros_ws/install/interbotix_perception_msgs/share/interbotix_perception_msgs/msg/ClusterInfo.idl
[5.661s] -- Symlinking: /home/locobot/SU_Robotics/eyetracking_ros_ws/install/interbotix_perception_msgs/share/interbotix_perception_msgs/srv/ClusterInfoArray.idl
[5.670s] -- Symlinking: /home/locobot/SU_Robotics/eyetracking_ros_ws/install/interbotix_perception_msgs/share/interbotix_perception_msgs/srv/FilterParams.idl
[5.678s] -- Symlinking: /home/locobot/SU_Robotics/eyetracking_ros_ws/install/interbotix_perception_msgs/share/interbotix_perception_msgs/srv/SnapPicture.idl
[5.688s] -- Symlinking: /home/locobot/SU_Robotics/eyetracking_ros_ws/install/interbotix_perception_msgs/share/interbotix_perception_msgs/msg/ClusterInfo.msg
[5.697s] -- Symlinking: /home/locobot/SU_Robotics/eyetracking_ros_ws/install/interbotix_perception_msgs/share/interbotix_perception_msgs/srv/ClusterInfoArray.srv
[5.705s] -- Symlinking: /home/locobot/SU_Robotics/eyetracking_ros_ws/install/interbotix_perception_msgs/share/interbotix_perception_msgs/srv/ClusterInfoArray_Request.msg
[5.714s] -- Symlinking: /home/locobot/SU_Robotics/eyetracking_ros_ws/install/interbotix_perception_msgs/share/interbotix_perception_msgs/srv/ClusterInfoArray_Response.msg
[5.724s] -- Symlinking: /home/locobot/SU_Robotics/eyetracking_ros_ws/install/interbotix_perception_msgs/share/interbotix_perception_msgs/srv/FilterParams.srv
[5.732s] -- Symlinking: /home/locobot/SU_Robotics/eyetracking_ros_ws/install/interbotix_perception_msgs/share/interbotix_perception_msgs/srv/FilterParams_Request.msg
[5.742s] -- Symlinking: /home/locobot/SU_Robotics/eyetracking_ros_ws/install/interbotix_perception_msgs/share/interbotix_perception_msgs/srv/FilterParams_Response.msg
[5.750s] -- Symlinking: /home/locobot/SU_Robotics/eyetracking_ros_ws/install/interbotix_perception_msgs/share/interbotix_perception_msgs/srv/SnapPicture.srv
[5.759s] -- Symlinking: /home/locobot/SU_Robotics/eyetracking_ros_ws/install/interbotix_perception_msgs/share/interbotix_perception_msgs/srv/SnapPicture_Request.msg
[5.769s] -- Symlinking: /home/locobot/SU_Robotics/eyetracking_ros_ws/install/interbotix_perception_msgs/share/interbotix_perception_msgs/srv/SnapPicture_Response.msg
[5.777s] -- Symlinking: /home/locobot/SU_Robotics/eyetracking_ros_ws/install/interbotix_perception_msgs/share/ament_index/resource_index/package_run_dependencies/interbotix_perception_msgs
[5.787s] -- Symlinking: /home/locobot/SU_Robotics/eyetracking_ros_ws/install/interbotix_perception_msgs/share/ament_index/resource_index/parent_prefix_path/interbotix_perception_msgs
[5.794s] -- Symlinking: /home/locobot/SU_Robotics/eyetracking_ros_ws/install/interbotix_perception_msgs/share/interbotix_perception_msgs/environment/ament_prefix_path.sh
[5.805s] -- Symlinking: /home/locobot/SU_Robotics/eyetracking_ros_ws/install/interbotix_perception_msgs/share/interbotix_perception_msgs/environment/ament_prefix_path.dsv
[5.813s] -- Symlinking: /home/locobot/SU_Robotics/eyetracking_ros_ws/install/interbotix_perception_msgs/share/interbotix_perception_msgs/environment/path.sh
[5.822s] -- Symlinking: /home/locobot/SU_Robotics/eyetracking_ros_ws/install/interbotix_perception_msgs/share/interbotix_perception_msgs/environment/path.dsv
[5.831s] -- Symlinking: /home/locobot/SU_Robotics/eyetracking_ros_ws/install/interbotix_perception_msgs/share/interbotix_perception_msgs/local_setup.bash
[5.840s] -- Symlinking: /home/locobot/SU_Robotics/eyetracking_ros_ws/install/interbotix_perception_msgs/share/interbotix_perception_msgs/local_setup.sh
[5.848s] -- Symlinking: /home/locobot/SU_Robotics/eyetracking_ros_ws/install/interbotix_perception_msgs/share/interbotix_perception_msgs/local_setup.zsh
[5.857s] -- Symlinking: /home/locobot/SU_Robotics/eyetracking_ros_ws/install/interbotix_perception_msgs/share/interbotix_perception_msgs/local_setup.dsv
[5.868s] -- Symlinking: /home/locobot/SU_Robotics/eyetracking_ros_ws/install/interbotix_perception_msgs/share/interbotix_perception_msgs/package.dsv
[5.877s] -- Symlinking: /home/locobot/SU_Robotics/eyetracking_ros_ws/install/interbotix_perception_msgs/share/ament_index/resource_index/packages/interbotix_perception_msgs
[5.886s] -- Symlinking: /home/locobot/SU_Robotics/eyetracking_ros_ws/install/interbotix_perception_msgs/share/interbotix_perception_msgs/cmake/rosidl_cmake-extras.cmake
[5.895s] -- Symlinking: /home/locobot/SU_Robotics/eyetracking_ros_ws/install/interbotix_perception_msgs/share/interbotix_perception_msgs/cmake/ament_cmake_export_dependencies-extras.cmake
[5.903s] -- Symlinking: /home/locobot/SU_Robotics/eyetracking_ros_ws/install/interbotix_perception_msgs/share/interbotix_perception_msgs/cmake/ament_cmake_export_libraries-extras.cmake
[5.914s] -- Symlinking: /home/locobot/SU_Robotics/eyetracking_ros_ws/install/interbotix_perception_msgs/share/interbotix_perception_msgs/cmake/ament_cmake_export_targets-extras.cmake
[5.921s] -- Symlinking: /home/locobot/SU_Robotics/eyetracking_ros_ws/install/interbotix_perception_msgs/share/interbotix_perception_msgs/cmake/ament_cmake_export_include_directories-extras.cmake
[5.929s] -- Symlinking: /home/locobot/SU_Robotics/eyetracking_ros_ws/install/interbotix_perception_msgs/share/interbotix_perception_msgs/cmake/rosidl_cmake_export_typesupport_libraries-extras.cmake
[5.940s] -- Symlinking: /home/locobot/SU_Robotics/eyetracking_ros_ws/install/interbotix_perception_msgs/share/interbotix_perception_msgs/cmake/rosidl_cmake_export_typesupport_targets-extras.cmake
[5.950s] -- Symlinking: /home/locobot/SU_Robotics/eyetracking_ros_ws/install/interbotix_perception_msgs/share/interbotix_perception_msgs/cmake/interbotix_perception_msgsConfig.cmake
[5.957s] -- Symlinking: /home/locobot/SU_Robotics/eyetracking_ros_ws/install/interbotix_perception_msgs/share/interbotix_perception_msgs/cmake/interbotix_perception_msgsConfig-version.cmake
[5.967s] -- Symlinking: /home/locobot/SU_Robotics/eyetracking_ros_ws/install/interbotix_perception_msgs/share/interbotix_perception_msgs/package.xml
[5.975s] -- Up-to-date: /home/locobot/SU_Robotics/eyetracking_ros_ws/install/interbotix_perception_msgs/lib/libinterbotix_perception_msgs__rosidl_generator_c.so
[5.977s] -- Up-to-date: /home/locobot/SU_Robotics/eyetracking_ros_ws/install/interbotix_perception_msgs/lib/libinterbotix_perception_msgs__rosidl_typesupport_introspection_c.so
[5.977s] -- Up-to-date: /home/locobot/SU_Robotics/eyetracking_ros_ws/install/interbotix_perception_msgs/lib/libinterbotix_perception_msgs__rosidl_typesupport_c.so
[5.977s] -- Up-to-date: /home/locobot/SU_Robotics/eyetracking_ros_ws/install/interbotix_perception_msgs/lib/libinterbotix_perception_msgs__rosidl_typesupport_introspection_cpp.so
[5.977s] -- Up-to-date: /home/locobot/SU_Robotics/eyetracking_ros_ws/install/interbotix_perception_msgs/lib/libinterbotix_perception_msgs__rosidl_typesupport_cpp.so
[6.011s] Compiling '/home/locobot/SU_Robotics/eyetracking_ros_ws/install/interbotix_perception_msgs/lib/python3.8/site-packages/interbotix_perception_msgs/__init__.py'...
[6.015s] -- Up-to-date: /home/locobot/SU_Robotics/eyetracking_ros_ws/install/interbotix_perception_msgs/share/interbotix_perception_msgs/cmake/interbotix_perception_msgs__rosidl_generator_cExport.cmake
[6.016s] -- Installing: /home/locobot/SU_Robotics/eyetracking_ros_ws/install/interbotix_perception_msgs/share/interbotix_perception_msgs/cmake/interbotix_perception_msgs__rosidl_generator_cExport-noconfig.cmake
[6.016s] -- Up-to-date: /home/locobot/SU_Robotics/eyetracking_ros_ws/install/interbotix_perception_msgs/share/interbotix_perception_msgs/cmake/interbotix_perception_msgs__rosidl_typesupport_introspection_cExport.cmake
[6.016s] -- Installing: /home/locobot/SU_Robotics/eyetracking_ros_ws/install/interbotix_perception_msgs/share/interbotix_perception_msgs/cmake/interbotix_perception_msgs__rosidl_typesupport_introspection_cExport-noconfig.cmake
[6.016s] -- Up-to-date: /home/locobot/SU_Robotics/eyetracking_ros_ws/install/interbotix_perception_msgs/share/interbotix_perception_msgs/cmake/interbotix_perception_msgs__rosidl_typesupport_cExport.cmake
[6.017s] -- Installing: /home/locobot/SU_Robotics/eyetracking_ros_ws/install/interbotix_perception_msgs/share/interbotix_perception_msgs/cmake/interbotix_perception_msgs__rosidl_typesupport_cExport-noconfig.cmake
[6.017s] -- Up-to-date: /home/locobot/SU_Robotics/eyetracking_ros_ws/install/interbotix_perception_msgs/share/interbotix_perception_msgs/cmake/interbotix_perception_msgs__rosidl_generator_cppExport.cmake
[6.017s] -- Up-to-date: /home/locobot/SU_Robotics/eyetracking_ros_ws/install/interbotix_perception_msgs/share/interbotix_perception_msgs/cmake/interbotix_perception_msgs__rosidl_typesupport_introspection_cppExport.cmake
[6.018s] -- Installing: /home/locobot/SU_Robotics/eyetracking_ros_ws/install/interbotix_perception_msgs/share/interbotix_perception_msgs/cmake/interbotix_perception_msgs__rosidl_typesupport_introspection_cppExport-noconfig.cmake
[6.018s] -- Up-to-date: /home/locobot/SU_Robotics/eyetracking_ros_ws/install/interbotix_perception_msgs/share/interbotix_perception_msgs/cmake/interbotix_perception_msgs__rosidl_typesupport_cppExport.cmake
[6.018s] -- Installing: /home/locobot/SU_Robotics/eyetracking_ros_ws/install/interbotix_perception_msgs/share/interbotix_perception_msgs/cmake/interbotix_perception_msgs__rosidl_typesupport_cppExport-noconfig.cmake
[6.586s] Invoked command in '/home/locobot/SU_Robotics/eyetracking_ros_ws/build/interbotix_perception_msgs' returned '0': CMAKE_PREFIX_PATH=${CMAKE_PREFIX_PATH}:/home/locobot/SU_Robotics/eyetracking_ros_ws/install/interbotix_xs_modules:/home/locobot/SU_Robotics/eyetracking_ros_ws/install/interbotix_perception_modules:/home/locobot/SU_Robotics/eyetracking_ros_ws/install/interbotix_common_modules:/home/locobot/interbotix_ws/install/interbotix_xs_modules:/home/locobot/interbotix_ws/install/interbotix_perception_modules:/home/locobot/interbotix_ws/install/interbotix_common_modules:/opt/ros/galactic /usr/bin/cmake --install /home/locobot/SU_Robotics/eyetracking_ros_ws/build/interbotix_perception_msgs
