[1.122s] Invoking command in '/home/locobot/SU_Robotics/gesture_control_ros/src/gesture_control': PYTHONPATH=/home/locobot/SU_Robotics/gesture_control_ros/build/gesture_control/prefix_override:/home/locobot/SU_Robotics/gesture_control_ros/install/gesture_control/lib/python3.8/site-packages:${PYTHONPATH} /usr/bin/python3 setup.py egg_info --egg-base ../../build/gesture_control build --build-base /home/locobot/SU_Robotics/gesture_control_ros/build/gesture_control/build install --record /home/locobot/SU_Robotics/gesture_control_ros/build/gesture_control/install.log --single-version-externally-managed
[1.325s] running egg_info
[1.326s] creating ../../build/gesture_control/gesture_control.egg-info
[1.326s] writing ../../build/gesture_control/gesture_control.egg-info/PKG-INFO
[1.326s] writing dependency_links to ../../build/gesture_control/gesture_control.egg-info/dependency_links.txt
[1.326s] writing entry points to ../../build/gesture_control/gesture_control.egg-info/entry_points.txt
[1.326s] writing requirements to ../../build/gesture_control/gesture_control.egg-info/requires.txt
[1.326s] writing top-level names to ../../build/gesture_control/gesture_control.egg-info/top_level.txt
[1.327s] writing manifest file '../../build/gesture_control/gesture_control.egg-info/SOURCES.txt'
[1.355s] reading manifest file '../../build/gesture_control/gesture_control.egg-info/SOURCES.txt'
[1.356s] writing manifest file '../../build/gesture_control/gesture_control.egg-info/SOURCES.txt'
[1.356s] running build
[1.356s] running build_py
[1.356s] creating /home/locobot/SU_Robotics/gesture_control_ros/build/gesture_control/build
[1.356s] creating /home/locobot/SU_Robotics/gesture_control_ros/build/gesture_control/build/lib
[1.356s] creating /home/locobot/SU_Robotics/gesture_control_ros/build/gesture_control/build/lib/gesture_control
[1.356s] copying gesture_control/__init__.py -> /home/locobot/SU_Robotics/gesture_control_ros/build/gesture_control/build/lib/gesture_control
[1.356s] running install
[1.357s] running install_lib
[1.358s] creating /home/locobot/SU_Robotics/gesture_control_ros/install/gesture_control/lib/python3.8/site-packages/gesture_control
[1.358s] copying /home/locobot/SU_Robotics/gesture_control_ros/build/gesture_control/build/lib/gesture_control/__init__.py -> /home/locobot/SU_Robotics/gesture_control_ros/install/gesture_control/lib/python3.8/site-packages/gesture_control
[1.358s] byte-compiling /home/locobot/SU_Robotics/gesture_control_ros/install/gesture_control/lib/python3.8/site-packages/gesture_control/__init__.py to __init__.cpython-38.pyc
[1.359s] running install_data
[1.359s] creating /home/locobot/SU_Robotics/gesture_control_ros/install/gesture_control/share/ament_index
[1.359s] creating /home/locobot/SU_Robotics/gesture_control_ros/install/gesture_control/share/ament_index/resource_index
[1.359s] creating /home/locobot/SU_Robotics/gesture_control_ros/install/gesture_control/share/ament_index/resource_index/packages
[1.360s] copying resource/gesture_control -> /home/locobot/SU_Robotics/gesture_control_ros/install/gesture_control/share/ament_index/resource_index/packages
[1.360s] copying package.xml -> /home/locobot/SU_Robotics/gesture_control_ros/install/gesture_control/share/gesture_control
[1.360s] running install_egg_info
[1.361s] Copying ../../build/gesture_control/gesture_control.egg-info to /home/locobot/SU_Robotics/gesture_control_ros/install/gesture_control/lib/python3.8/site-packages/gesture_control-0.0.0-py3.8.egg-info
[1.361s] running install_scripts
[1.376s] writing list of installed files to '/home/locobot/SU_Robotics/gesture_control_ros/build/gesture_control/install.log'
[1.390s] Invoked command in '/home/locobot/SU_Robotics/gesture_control_ros/src/gesture_control' returned '0': PYTHONPATH=/home/locobot/SU_Robotics/gesture_control_ros/build/gesture_control/prefix_override:/home/locobot/SU_Robotics/gesture_control_ros/install/gesture_control/lib/python3.8/site-packages:${PYTHONPATH} /usr/bin/python3 setup.py egg_info --egg-base ../../build/gesture_control build --build-base /home/locobot/SU_Robotics/gesture_control_ros/build/gesture_control/build install --record /home/locobot/SU_Robotics/gesture_control_ros/build/gesture_control/install.log --single-version-externally-managed
