[0.852s] Invoking command in '/home/locobot/SU_Robotics/eyetracking_ros_ws/src/rgbd_camera': PYTHONPATH=/home/locobot/SU_Robotics/eyetracking_ros_ws/build/rgbd_camera/prefix_override:/home/locobot/SU_Robotics/eyetracking_ros_ws/install/rgbd_camera/lib/python3.8/site-packages:${PYTHONPATH} /usr/bin/python3 setup.py egg_info --egg-base ../../build/rgbd_camera build --build-base /home/locobot/SU_Robotics/eyetracking_ros_ws/build/rgbd_camera/build install --record /home/locobot/SU_Robotics/eyetracking_ros_ws/build/rgbd_camera/install.log --single-version-externally-managed
[1.064s] running egg_info
[1.065s] writing ../../build/rgbd_camera/rgbd_camera.egg-info/PKG-INFO
[1.066s] writing dependency_links to ../../build/rgbd_camera/rgbd_camera.egg-info/dependency_links.txt
[1.066s] writing entry points to ../../build/rgbd_camera/rgbd_camera.egg-info/entry_points.txt
[1.066s] writing requirements to ../../build/rgbd_camera/rgbd_camera.egg-info/requires.txt
[1.066s] writing top-level names to ../../build/rgbd_camera/rgbd_camera.egg-info/top_level.txt
[1.094s] reading manifest file '../../build/rgbd_camera/rgbd_camera.egg-info/SOURCES.txt'
[1.095s] writing manifest file '../../build/rgbd_camera/rgbd_camera.egg-info/SOURCES.txt'
[1.095s] running build
[1.095s] running build_py
[1.095s] running install
[1.096s] running install_lib
[1.097s] running install_data
[1.097s] running install_egg_info
[1.099s] removing '/home/locobot/SU_Robotics/eyetracking_ros_ws/install/rgbd_camera/lib/python3.8/site-packages/rgbd_camera-0.0.0-py3.8.egg-info' (and everything under it)
[1.099s] Copying ../../build/rgbd_camera/rgbd_camera.egg-info to /home/locobot/SU_Robotics/eyetracking_ros_ws/install/rgbd_camera/lib/python3.8/site-packages/rgbd_camera-0.0.0-py3.8.egg-info
[1.100s] running install_scripts
[1.114s] Installing depth_node script to /home/locobot/SU_Robotics/eyetracking_ros_ws/install/rgbd_camera/lib/rgbd_camera
[1.114s] Installing tf_node script to /home/locobot/SU_Robotics/eyetracking_ros_ws/install/rgbd_camera/lib/rgbd_camera
[1.114s] writing list of installed files to '/home/locobot/SU_Robotics/eyetracking_ros_ws/build/rgbd_camera/install.log'
[1.128s] Invoked command in '/home/locobot/SU_Robotics/eyetracking_ros_ws/src/rgbd_camera' returned '0': PYTHONPATH=/home/locobot/SU_Robotics/eyetracking_ros_ws/build/rgbd_camera/prefix_override:/home/locobot/SU_Robotics/eyetracking_ros_ws/install/rgbd_camera/lib/python3.8/site-packages:${PYTHONPATH} /usr/bin/python3 setup.py egg_info --egg-base ../../build/rgbd_camera build --build-base /home/locobot/SU_Robotics/eyetracking_ros_ws/build/rgbd_camera/build install --record /home/locobot/SU_Robotics/eyetracking_ros_ws/build/rgbd_camera/install.log --single-version-externally-managed
