[0.894s] Invoking command in '/home/locobot/test?/src/rgbd_camera': PYTHONPATH=/home/locobot/test?/build/rgbd_camera/prefix_override:/home/locobot/test?/install/rgbd_camera/lib/python3.8/site-packages:${PYTHONPATH} /usr/bin/python3 setup.py egg_info --egg-base ../../build/rgbd_camera build --build-base /home/locobot/test?/build/rgbd_camera/build install --record /home/locobot/test?/build/rgbd_camera/install.log --single-version-externally-managed
[1.107s] running egg_info
[1.107s] creating ../../build/rgbd_camera/rgbd_camera.egg-info
[1.107s] writing ../../build/rgbd_camera/rgbd_camera.egg-info/PKG-INFO
[1.107s] writing dependency_links to ../../build/rgbd_camera/rgbd_camera.egg-info/dependency_links.txt
[1.107s] writing entry points to ../../build/rgbd_camera/rgbd_camera.egg-info/entry_points.txt
[1.107s] writing requirements to ../../build/rgbd_camera/rgbd_camera.egg-info/requires.txt
[1.108s] writing top-level names to ../../build/rgbd_camera/rgbd_camera.egg-info/top_level.txt
[1.108s] writing manifest file '../../build/rgbd_camera/rgbd_camera.egg-info/SOURCES.txt'
[1.137s] reading manifest file '../../build/rgbd_camera/rgbd_camera.egg-info/SOURCES.txt'
[1.138s] writing manifest file '../../build/rgbd_camera/rgbd_camera.egg-info/SOURCES.txt'
[1.138s] running build
[1.138s] running build_py
[1.138s] creating /home/locobot/test?/build/rgbd_camera/build
[1.138s] creating /home/locobot/test?/build/rgbd_camera/build/lib
[1.138s] creating /home/locobot/test?/build/rgbd_camera/build/lib/rgbd_camera
[1.138s] copying rgbd_camera/__init__.py -> /home/locobot/test?/build/rgbd_camera/build/lib/rgbd_camera
[1.138s] copying rgbd_camera/tf_node.py -> /home/locobot/test?/build/rgbd_camera/build/lib/rgbd_camera
[1.138s] copying rgbd_camera/depth_node.py -> /home/locobot/test?/build/rgbd_camera/build/lib/rgbd_camera
[1.138s] running install
[1.139s] running install_lib
[1.140s] creating /home/locobot/test?/install/rgbd_camera/lib/python3.8/site-packages/rgbd_camera
[1.140s] copying /home/locobot/test?/build/rgbd_camera/build/lib/rgbd_camera/__init__.py -> /home/locobot/test?/install/rgbd_camera/lib/python3.8/site-packages/rgbd_camera
[1.140s] copying /home/locobot/test?/build/rgbd_camera/build/lib/rgbd_camera/tf_node.py -> /home/locobot/test?/install/rgbd_camera/lib/python3.8/site-packages/rgbd_camera
[1.140s] copying /home/locobot/test?/build/rgbd_camera/build/lib/rgbd_camera/depth_node.py -> /home/locobot/test?/install/rgbd_camera/lib/python3.8/site-packages/rgbd_camera
[1.140s] byte-compiling /home/locobot/test?/install/rgbd_camera/lib/python3.8/site-packages/rgbd_camera/__init__.py to __init__.cpython-38.pyc
[1.141s] byte-compiling /home/locobot/test?/install/rgbd_camera/lib/python3.8/site-packages/rgbd_camera/tf_node.py to tf_node.cpython-38.pyc
[1.142s] byte-compiling /home/locobot/test?/install/rgbd_camera/lib/python3.8/site-packages/rgbd_camera/depth_node.py to depth_node.cpython-38.pyc
[1.142s] running install_data
[1.143s] creating /home/locobot/test?/install/rgbd_camera/share
[1.143s] creating /home/locobot/test?/install/rgbd_camera/share/ament_index
[1.143s] creating /home/locobot/test?/install/rgbd_camera/share/ament_index/resource_index
[1.143s] creating /home/locobot/test?/install/rgbd_camera/share/ament_index/resource_index/packages
[1.143s] copying resource/rgbd_camera -> /home/locobot/test?/install/rgbd_camera/share/ament_index/resource_index/packages
[1.143s] creating /home/locobot/test?/install/rgbd_camera/share/rgbd_camera
[1.143s] copying package.xml -> /home/locobot/test?/install/rgbd_camera/share/rgbd_camera
[1.143s] running install_egg_info
[1.144s] Copying ../../build/rgbd_camera/rgbd_camera.egg-info to /home/locobot/test?/install/rgbd_camera/lib/python3.8/site-packages/rgbd_camera-0.0.0-py3.8.egg-info
[1.145s] running install_scripts
[1.160s] Installing depth_node script to /home/locobot/test?/install/rgbd_camera/lib/rgbd_camera
[1.160s] Installing tf_node script to /home/locobot/test?/install/rgbd_camera/lib/rgbd_camera
[1.160s] writing list of installed files to '/home/locobot/test?/build/rgbd_camera/install.log'
[1.177s] Invoked command in '/home/locobot/test?/src/rgbd_camera' returned '0': PYTHONPATH=/home/locobot/test?/build/rgbd_camera/prefix_override:/home/locobot/test?/install/rgbd_camera/lib/python3.8/site-packages:${PYTHONPATH} /usr/bin/python3 setup.py egg_info --egg-base ../../build/rgbd_camera build --build-base /home/locobot/test?/build/rgbd_camera/build install --record /home/locobot/test?/build/rgbd_camera/install.log --single-version-externally-managed
