[1.521s] Invoking command in '/home/locobot/SU_Robotics/eyetracking_ros_ws/build/sllidar_ros2': CMAKE_PREFIX_PATH=${CMAKE_PREFIX_PATH}:/home/locobot/interbotix_ws/install/interbotix_xs_modules:/home/locobot/interbotix_ws/install/interbotix_perception_modules:/home/locobot/interbotix_ws/install/interbotix_common_modules:/opt/ros/galactic /usr/bin/cmake /home/locobot/SU_Robotics/eyetracking_ros_ws/src/sllidar_ros2 -DCMAKE_INSTALL_PREFIX=/home/locobot/SU_Robotics/eyetracking_ros_ws/install/sllidar_ros2
[1.908s] -- The C compiler identification is GNU 9.4.0
[1.909s] -- The CXX compiler identification is GNU 9.4.0
[1.909s] -- Check for working C compiler: /usr/bin/cc
[1.909s] -- Check for working C compiler: /usr/bin/cc -- works
[1.909s] -- Detecting C compiler ABI info
[1.909s] -- Detecting C compiler ABI info - done
[1.909s] -- Detecting C compile features
[1.909s] -- Detecting C compile features - done
[1.909s] -- Check for working CXX compiler: /usr/bin/c++
[1.980s] -- Check for working CXX compiler: /usr/bin/c++ -- works
[1.982s] -- Detecting CXX compiler ABI info
[2.096s] -- Detecting CXX compiler ABI info - done
[2.111s] -- Detecting CXX compile features
[2.112s] -- Detecting CXX compile features - done
[2.117s] -- Found ament_cmake: 1.1.6 (/opt/ros/galactic/share/ament_cmake/cmake)
[2.169s] -- Found PythonInterp: /usr/bin/python3 (found suitable version "3.8.10", minimum required is "3") 
[2.169s] -- Using PYTHON_EXECUTABLE: /usr/bin/python3
[2.320s] -- Found rclcpp: 9.2.2 (/opt/ros/galactic/share/rclcpp/cmake)
[2.420s] -- Using all available rosidl_typesupport_c: rosidl_typesupport_fastrtps_c;rosidl_typesupport_introspection_c
[2.433s] -- Found rosidl_adapter: 2.2.3 (/opt/ros/galactic/share/rosidl_adapter/cmake)
[2.562s] -- Found OpenSSL: /usr/lib/x86_64-linux-gnu/libcrypto.so (found version "1.1.1f")  
[2.603s] -- Found FastRTPS: /opt/ros/galactic/include  
[2.720s] -- Using all available rosidl_typesupport_cpp: rosidl_typesupport_fastrtps_cpp;rosidl_typesupport_introspection_cpp
[2.843s] -- Found rmw_implementation_cmake: 3.3.1 (/opt/ros/galactic/share/rmw_implementation_cmake/cmake)
[2.852s] -- Found rmw_fastrtps_cpp: 5.0.2 (/opt/ros/galactic/share/rmw_fastrtps_cpp/cmake)
[3.035s] -- Using RMW implementation 'rmw_fastrtps_cpp' as default
[3.036s] -- Looking for pthread.h
[3.119s] -- Looking for pthread.h - found
[3.119s] -- Performing Test CMAKE_HAVE_LIBC_PTHREAD
[3.193s] -- Performing Test CMAKE_HAVE_LIBC_PTHREAD - Failed
[3.194s] -- Looking for pthread_create in pthreads
[3.259s] -- Looking for pthread_create in pthreads - not found
[3.260s] -- Looking for pthread_create in pthread
[3.326s] -- Looking for pthread_create in pthread - found
[3.328s] -- Found Threads: TRUE  
[3.512s] -- Found sensor_msgs: 2.2.4 (/opt/ros/galactic/share/sensor_msgs/cmake)
[3.626s] -- Found std_srvs: 2.2.4 (/opt/ros/galactic/share/std_srvs/cmake)
[3.699s] -- Configuring done
[3.713s] -- Generating done
[3.715s] -- Build files have been written to: /home/locobot/SU_Robotics/eyetracking_ros_ws/build/sllidar_ros2
[3.873s] Invoked command in '/home/locobot/SU_Robotics/eyetracking_ros_ws/build/sllidar_ros2' returned '0': CMAKE_PREFIX_PATH=${CMAKE_PREFIX_PATH}:/home/locobot/interbotix_ws/install/interbotix_xs_modules:/home/locobot/interbotix_ws/install/interbotix_perception_modules:/home/locobot/interbotix_ws/install/interbotix_common_modules:/opt/ros/galactic /usr/bin/cmake /home/locobot/SU_Robotics/eyetracking_ros_ws/src/sllidar_ros2 -DCMAKE_INSTALL_PREFIX=/home/locobot/SU_Robotics/eyetracking_ros_ws/install/sllidar_ros2
[3.876s] Invoking command in '/home/locobot/SU_Robotics/eyetracking_ros_ws/build/sllidar_ros2': CMAKE_PREFIX_PATH=${CMAKE_PREFIX_PATH}:/home/locobot/interbotix_ws/install/interbotix_xs_modules:/home/locobot/interbotix_ws/install/interbotix_perception_modules:/home/locobot/interbotix_ws/install/interbotix_common_modules:/opt/ros/galactic /usr/bin/cmake --build /home/locobot/SU_Robotics/eyetracking_ros_ws/build/sllidar_ros2 -- -j12 -l12
[3.923s] [35m[1mScanning dependencies of target sllidar_client[0m
[3.925s] [35m[1mScanning dependencies of target sllidar_node[0m
[4.029s] [  5%] [32mBuilding CXX object CMakeFiles/sllidar_client.dir/src/sllidar_client.cpp.o[0m
[4.029s] [ 15%] [32mBuilding CXX object CMakeFiles/sllidar_node.dir/src/sllidar_node.cpp.o[0m
[4.029s] [ 15%] [32mBuilding CXX object CMakeFiles/sllidar_node.dir/sdk/src/arch/linux/net_serial.cpp.o[0m
[4.037s] [ 20%] [32mBuilding CXX object CMakeFiles/sllidar_node.dir/sdk/src/dataunpacker/dataunpacker.cpp.o[0m
[4.040s] [ 25%] [32mBuilding CXX object CMakeFiles/sllidar_node.dir/sdk/src/arch/linux/net_socket.cpp.o[0m
[4.040s] [ 30%] [32mBuilding CXX object CMakeFiles/sllidar_node.dir/sdk/src/dataunpacker/unpacker/handler_capsules.cpp.o[0m
[4.044s] [ 35%] [32mBuilding CXX object CMakeFiles/sllidar_node.dir/sdk/src/dataunpacker/unpacker/handler_hqnode.cpp.o[0m
[4.046s] [ 40%] [32mBuilding CXX object CMakeFiles/sllidar_node.dir/sdk/src/arch/linux/timer.cpp.o[0m
[4.053s] [ 45%] [32mBuilding CXX object CMakeFiles/sllidar_node.dir/sdk/src/dataunpacker/unpacker/handler_normalnode.cpp.o[0m
[4.053s] [ 50%] [32mBuilding CXX object CMakeFiles/sllidar_node.dir/sdk/src/hal/thread.cpp.o[0m
[4.146s] [ 55%] [32mBuilding CXX object CMakeFiles/sllidar_node.dir/sdk/src/sl_async_transceiver.cpp.o[0m
[4.155s] [ 60%] [32mBuilding CXX object CMakeFiles/sllidar_node.dir/sdk/src/rplidar_driver.cpp.o[0m
[4.719s] In file included from [01m[K/home/locobot/SU_Robotics/eyetracking_ros_ws/src/sllidar_ros2/./sdk/include/rplidar_protocol.h:36[m[K,
[4.720s]                  from [01m[K/home/locobot/SU_Robotics/eyetracking_ros_ws/src/sllidar_ros2/./sdk/include/rplidar.h:39[m[K,
[4.720s]                  from [01m[K/home/locobot/SU_Robotics/eyetracking_ros_ws/src/sllidar_ros2/sdk/src/sdkcommon.h:49[m[K,
[4.720s]                  from [01m[K/home/locobot/SU_Robotics/eyetracking_ros_ws/src/sllidar_ros2/sdk/src/rplidar_driver.cpp:33[m[K:
[4.720s] [01m[K/home/locobot/SU_Robotics/eyetracking_ros_ws/src/sllidar_ros2/./sdk/include/sl_lidar_protocol.h:66:16:[m[K [01;35m[Kwarning: [m[KISO C++ forbids zero-size array ‘[01m[Kdata[m[K’ [[01;35m[K-Wpedantic[m[K]
[4.720s]    66 |     sl_u8 data[[01;35m[K0[m[K];
[4.720s]       |                [01;35m[K^[m[K
[4.720s] In file included from [01m[K/home/locobot/SU_Robotics/eyetracking_ros_ws/src/sllidar_ros2/./sdk/include/rplidar_cmd.h:36[m[K,
[4.721s]                  from [01m[K/home/locobot/SU_Robotics/eyetracking_ros_ws/src/sllidar_ros2/./sdk/include/rplidar.h:40[m[K,
[4.721s]                  from [01m[K/home/locobot/SU_Robotics/eyetracking_ros_ws/src/sllidar_ros2/sdk/src/sdkcommon.h:49[m[K,
[4.721s]                  from [01m[K/home/locobot/SU_Robotics/eyetracking_ros_ws/src/sllidar_ros2/sdk/src/rplidar_driver.cpp:33[m[K:
[4.721s] [01m[K/home/locobot/SU_Robotics/eyetracking_ros_ws/src/sllidar_ros2/./sdk/include/sl_lidar_cmd.h:324:20:[m[K [01;35m[Kwarning: [m[KISO C++ forbids zero-size array ‘[01m[Kpayload[m[K’ [[01;35m[K-Wpedantic[m[K]
[4.721s]   324 |     sl_u8  payload[[01;35m[K0[m[K];
[4.721s]       |                    [01;35m[K^[m[K
[4.818s] In file included from [01m[K/home/locobot/SU_Robotics/eyetracking_ros_ws/src/sllidar_ros2/./sdk/include/rplidar_protocol.h:36[m[K,
[4.818s]                  from [01m[K/home/locobot/SU_Robotics/eyetracking_ros_ws/src/sllidar_ros2/./sdk/include/rplidar.h:39[m[K,
[4.819s]                  from [01m[K/home/locobot/SU_Robotics/eyetracking_ros_ws/src/sllidar_ros2/./sdk/src/sdkcommon.h:49[m[K,
[4.819s]                  from [01m[K/home/locobot/SU_Robotics/eyetracking_ros_ws/src/sllidar_ros2/sdk/src/dataunpacker/unpacker/../dataunnpacker_commondef.h:41[m[K,
[4.819s]                  from [01m[K/home/locobot/SU_Robotics/eyetracking_ros_ws/src/sllidar_ros2/sdk/src/dataunpacker/unpacker/handler_hqnode.cpp:39[m[K:
[4.819s] [01m[K/home/locobot/SU_Robotics/eyetracking_ros_ws/src/sllidar_ros2/./sdk/include/sl_lidar_protocol.h:66:16:[m[K [01;35m[Kwarning: [m[KISO C++ forbids zero-size array ‘[01m[Kdata[m[K’ [[01;35m[K-Wpedantic[m[K]
[4.819s]    66 |     sl_u8 data[[01;35m[K0[m[K];
[4.820s]       |                [01;35m[K^[m[K
[4.821s] In file included from [01m[K/home/locobot/SU_Robotics/eyetracking_ros_ws/src/sllidar_ros2/./sdk/include/rplidar_cmd.h:36[m[K,
[4.821s]                  from [01m[K/home/locobot/SU_Robotics/eyetracking_ros_ws/src/sllidar_ros2/./sdk/include/rplidar.h:40[m[K,
[4.822s]                  from [01m[K/home/locobot/SU_Robotics/eyetracking_ros_ws/src/sllidar_ros2/./sdk/src/sdkcommon.h:49[m[K,
[4.822s]                  from [01m[K/home/locobot/SU_Robotics/eyetracking_ros_ws/src/sllidar_ros2/sdk/src/dataunpacker/unpacker/../dataunnpacker_commondef.h:41[m[K,
[4.822s]                  from [01m[K/home/locobot/SU_Robotics/eyetracking_ros_ws/src/sllidar_ros2/sdk/src/dataunpacker/unpacker/handler_hqnode.cpp:39[m[K:
[4.822s] [01m[K/home/locobot/SU_Robotics/eyetracking_ros_ws/src/sllidar_ros2/./sdk/include/sl_lidar_cmd.h:324:20:[m[K [01;35m[Kwarning: [m[KISO C++ forbids zero-size array ‘[01m[Kpayload[m[K’ [[01;35m[K-Wpedantic[m[K]
[4.822s]   324 |     sl_u8  payload[[01;35m[K0[m[K];
[4.823s]       |                    [01;35m[K^[m[K
[4.847s] [ 65%] [32mBuilding CXX object CMakeFiles/sllidar_node.dir/sdk/src/sl_crc.cpp.o[0m
[4.923s] In file included from [01m[K/home/locobot/SU_Robotics/eyetracking_ros_ws/src/sllidar_ros2/./sdk/include/sl_lidar_cmd.h:41[m[K,
[4.923s]                  from [01m[K/home/locobot/SU_Robotics/eyetracking_ros_ws/src/sllidar_ros2/./sdk/include/sl_crc.h:36[m[K,
[4.923s]                  from [01m[K/home/locobot/SU_Robotics/eyetracking_ros_ws/src/sllidar_ros2/sdk/src/sl_crc.cpp:33[m[K:
[4.924s] [01m[K/home/locobot/SU_Robotics/eyetracking_ros_ws/src/sllidar_ros2/./sdk/include/sl_lidar_protocol.h:66:16:[m[K [01;35m[Kwarning: [m[KISO C++ forbids zero-size array ‘[01m[Kdata[m[K’ [[01;35m[K-Wpedantic[m[K]
[4.924s]    66 |     sl_u8 data[[01;35m[K0[m[K];
[4.924s]       |                [01;35m[K^[m[K
[4.924s] In file included from [01m[K/home/locobot/SU_Robotics/eyetracking_ros_ws/src/sllidar_ros2/./sdk/include/sl_crc.h:36[m[K,
[4.924s]                  from [01m[K/home/locobot/SU_Robotics/eyetracking_ros_ws/src/sllidar_ros2/sdk/src/sl_crc.cpp:33[m[K:
[4.924s] [01m[K/home/locobot/SU_Robotics/eyetracking_ros_ws/src/sllidar_ros2/./sdk/include/sl_lidar_cmd.h:324:20:[m[K [01;35m[Kwarning: [m[KISO C++ forbids zero-size array ‘[01m[Kpayload[m[K’ [[01;35m[K-Wpedantic[m[K]
[4.924s]   324 |     sl_u8  payload[[01;35m[K0[m[K];
[4.924s]       |                    [01;35m[K^[m[K
[4.997s] In file included from [01m[K/home/locobot/SU_Robotics/eyetracking_ros_ws/src/sllidar_ros2/./sdk/include/rplidar_protocol.h:36[m[K,
[4.998s]                  from [01m[K/home/locobot/SU_Robotics/eyetracking_ros_ws/src/sllidar_ros2/./sdk/include/rplidar.h:39[m[K,
[4.998s]                  from [01m[K/home/locobot/SU_Robotics/eyetracking_ros_ws/src/sllidar_ros2/./sdk/src/sdkcommon.h:49[m[K,
[4.998s]                  from [01m[K/home/locobot/SU_Robotics/eyetracking_ros_ws/src/sllidar_ros2/sdk/src/hal/thread.cpp:35[m[K:
[4.998s] [01m[K/home/locobot/SU_Robotics/eyetracking_ros_ws/src/sllidar_ros2/./sdk/include/sl_lidar_protocol.h:66:16:[m[K [01;35m[Kwarning: [m[KISO C++ forbids zero-size array ‘[01m[Kdata[m[K’ [[01;35m[K-Wpedantic[m[K]
[4.998s]    66 |     sl_u8 data[[01;35m[K0[m[K];
[4.998s]       |                [01;35m[K^[m[K
[4.998s] In file included from [01m[K/home/locobot/SU_Robotics/eyetracking_ros_ws/src/sllidar_ros2/./sdk/include/rplidar_cmd.h:36[m[K,
[4.999s]                  from [01m[K/home/locobot/SU_Robotics/eyetracking_ros_ws/src/sllidar_ros2/./sdk/include/rplidar.h:40[m[K,
[4.999s]                  from [01m[K/home/locobot/SU_Robotics/eyetracking_ros_ws/src/sllidar_ros2/./sdk/src/sdkcommon.h:49[m[K,
[4.999s]                  from [01m[K/home/locobot/SU_Robotics/eyetracking_ros_ws/src/sllidar_ros2/sdk/src/hal/thread.cpp:35[m[K:
[4.999s] [01m[K/home/locobot/SU_Robotics/eyetracking_ros_ws/src/sllidar_ros2/./sdk/include/sl_lidar_cmd.h:324:20:[m[K [01;35m[Kwarning: [m[KISO C++ forbids zero-size array ‘[01m[Kpayload[m[K’ [[01;35m[K-Wpedantic[m[K]
[4.999s]   324 |     sl_u8  payload[[01;35m[K0[m[K];
[4.999s]       |                    [01;35m[K^[m[K
[5.000s] [ 70%] [32mBuilding CXX object CMakeFiles/sllidar_node.dir/sdk/src/sl_lidar_driver.cpp.o[0m
[5.000s] [01m[K/home/locobot/SU_Robotics/eyetracking_ros_ws/src/sllidar_ros2/sdk/src/arch/linux/net_serial.cpp:[m[K In member function ‘[01m[Kbool rp::arch::net::raw_serial::open(const char*, uint32_t, uint32_t)[m[K’:
[5.000s] [01m[K/home/locobot/SU_Robotics/eyetracking_ros_ws/src/sllidar_ros2/sdk/src/arch/linux/net_serial.cpp:97:74:[m[K [01;35m[Kwarning: [m[Kunused parameter ‘[01m[Kflags[m[K’ [[01;35m[K-Wunused-parameter[m[K]
[5.000s]    97 | bool raw_serial::open(const char * portname, uint32_t baudrate, [01;35m[Kuint32_t flags[m[K)
[5.000s]       |                                                                 [01;35m[K~~~~~~~~~^~~~~[m[K
[5.001s] [01m[K/home/locobot/SU_Robotics/eyetracking_ros_ws/src/sllidar_ros2/sdk/src/arch/linux/net_serial.cpp:[m[K In member function ‘[01m[Kvirtual void rp::arch::net::raw_serial::flush(_u32)[m[K’:
[5.001s] [01m[K/home/locobot/SU_Robotics/eyetracking_ros_ws/src/sllidar_ros2/sdk/src/arch/linux/net_serial.cpp:281:30:[m[K [01;35m[Kwarning: [m[Kunused parameter ‘[01m[Kflags[m[K’ [[01;35m[K-Wunused-parameter[m[K]
[5.001s]   281 | void raw_serial::flush( [01;35m[K_u32 flags[m[K)
[5.001s]       |                         [01;35m[K~~~~~^~~~~[m[K
[5.002s] [01m[K/home/locobot/SU_Robotics/eyetracking_ros_ws/src/sllidar_ros2/sdk/src/arch/linux/net_serial.cpp:[m[K In member function ‘[01m[Kvirtual int rp::arch::net::raw_serial::waitforsent(_u32, size_t*)[m[K’:
[5.002s] [01m[K/home/locobot/SU_Robotics/eyetracking_ros_ws/src/sllidar_ros2/sdk/src/arch/linux/net_serial.cpp:286:34:[m[K [01;35m[Kwarning: [m[Kunused parameter ‘[01m[Ktimeout[m[K’ [[01;35m[K-Wunused-parameter[m[K]
[5.002s]   286 | int raw_serial::waitforsent([01;35m[K_u32 timeout[m[K, size_t * returned_size)
[5.002s]       |                             [01;35m[K~~~~~^~~~~~~[m[K
[5.002s] [01m[K/home/locobot/SU_Robotics/eyetracking_ros_ws/src/sllidar_ros2/sdk/src/arch/linux/net_serial.cpp:[m[K In member function ‘[01m[Kvirtual int rp::arch::net::raw_serial::waitforrecv(_u32, size_t*)[m[K’:
[5.002s] [01m[K/home/locobot/SU_Robotics/eyetracking_ros_ws/src/sllidar_ros2/sdk/src/arch/linux/net_serial.cpp:292:34:[m[K [01;35m[Kwarning: [m[Kunused parameter ‘[01m[Ktimeout[m[K’ [[01;35m[K-Wunused-parameter[m[K]
[5.002s]   292 | int raw_serial::waitforrecv([01;35m[K_u32 timeout[m[K, size_t * returned_size)
[5.002s]       |                             [01;35m[K~~~~~^~~~~~~[m[K
[5.004s] [01m[K/home/locobot/SU_Robotics/eyetracking_ros_ws/src/sllidar_ros2/sdk/src/arch/linux/net_serial.cpp:[m[K In member function ‘[01m[Kvirtual void rp::arch::net::raw_serial::cancelOperation()[m[K’:
[5.004s] [01m[K/home/locobot/SU_Robotics/eyetracking_ros_ws/src/sllidar_ros2/sdk/src/arch/linux/net_serial.cpp:427:5:[m[K [01;35m[Kwarning: [m[Kvalue computed is not used [[01;35m[K-Wunused-value[m[K]
[5.005s]   427 |     [01;35m[K(int)::write(_selfpipe[1], "x", 1)[m[K;
[5.005s]       |     [01;35m[K^~~~~~~~~~~~~~~~~~~~~~~~~~~~~~~~~~[m[K
[5.062s] In file included from [01m[K/home/locobot/SU_Robotics/eyetracking_ros_ws/src/sllidar_ros2/./sdk/include/rplidar_protocol.h:36[m[K,
[5.063s]                  from [01m[K/home/locobot/SU_Robotics/eyetracking_ros_ws/src/sllidar_ros2/./sdk/include/rplidar.h:39[m[K,
[5.063s]                  from [01m[K/home/locobot/SU_Robotics/eyetracking_ros_ws/src/sllidar_ros2/./sdk/src/sdkcommon.h:49[m[K,
[5.063s]                  from [01m[K/home/locobot/SU_Robotics/eyetracking_ros_ws/src/sllidar_ros2/sdk/src/dataunpacker/unpacker/../dataunnpacker_commondef.h:41[m[K,
[5.063s]                  from [01m[K/home/locobot/SU_Robotics/eyetracking_ros_ws/src/sllidar_ros2/sdk/src/dataunpacker/unpacker/handler_capsules.cpp:39[m[K:
[5.063s] [01m[K/home/locobot/SU_Robotics/eyetracking_ros_ws/src/sllidar_ros2/./sdk/include/sl_lidar_protocol.h:66:16:[m[K [01;35m[Kwarning: [m[KISO C++ forbids zero-size array ‘[01m[Kdata[m[K’ [[01;35m[K-Wpedantic[m[K]
[5.063s]    66 |     sl_u8 data[[01;35m[K0[m[K];
[5.063s]       |                [01;35m[K^[m[K
[5.063s] [01m[K/home/locobot/SU_Robotics/eyetracking_ros_ws/src/sllidar_ros2/sdk/src/rplidar_driver.cpp:[m[K In member function ‘[01m[Ku_result rp::standalone::rplidar::RPlidarDriver::connect(const char*, _u32, _u32)[m[K’:
[5.063s] [01m[K/home/locobot/SU_Robotics/eyetracking_ros_ws/src/sllidar_ros2/sdk/src/rplidar_driver.cpp:67:77:[m[K [01;35m[Kwarning: [m[Kunused parameter ‘[01m[Kflag[m[K’ [[01;35m[K-Wunused-parameter[m[K]
[5.063s]    67 |     u_result RPlidarDriver::connect(const char *path, _u32 portOrBaud, [01;35m[K_u32 flag[m[K)
[5.063s]       |                                                                        [01;35m[K~~~~~^~~~[m[K
[5.064s] [01m[K/home/locobot/SU_Robotics/eyetracking_ros_ws/src/sllidar_ros2/sdk/src/rplidar_driver.cpp:[m[K In member function ‘[01m[Ku_result rp::standalone::rplidar::RPlidarDriver::reset(_u32)[m[K’:
[5.064s] [01m[K/home/locobot/SU_Robotics/eyetracking_ros_ws/src/sllidar_ros2/sdk/src/rplidar_driver.cpp:101:40:[m[K [01;35m[Kwarning: [m[Kunused parameter ‘[01m[Ktimeout[m[K’ [[01;35m[K-Wunused-parameter[m[K]
[5.064s]   101 |     u_result RPlidarDriver::reset([01;35m[K_u32 timeout[m[K)
[5.064s]       |                                   [01;35m[K~~~~~^~~~~~~[m[K
[5.064s] [01m[K/home/locobot/SU_Robotics/eyetracking_ros_ws/src/sllidar_ros2/sdk/src/rplidar_driver.cpp:[m[K In member function ‘[01m[Ku_result rp::standalone::rplidar::RPlidarDriver::getScanDataWithInterval(rplidar_response_measurement_node_t*, size_t&)[m[K’:
[5.064s] [01m[K/home/locobot/SU_Robotics/eyetracking_ros_ws/src/sllidar_ros2/sdk/src/rplidar_driver.cpp:180:91:[m[K [01;35m[Kwarning: [m[Kunused parameter ‘[01m[Knodebuffer[m[K’ [[01;35m[K-Wunused-parameter[m[K]
[5.064s]   180 |     u_result RPlidarDriver::getScanDataWithInterval([01;35m[Krplidar_response_measurement_node_t * nodebuffer[m[K, size_t & count)
[5.064s]       |                                                     [01;35m[K~~~~~~~~~~~~~~~~~~~~~~~~~~~~~~~~~~~~~~^~~~~~~~~~[m[K
[5.065s] [01m[K/home/locobot/SU_Robotics/eyetracking_ros_ws/src/sllidar_ros2/sdk/src/rplidar_driver.cpp:180:112:[m[K [01;35m[Kwarning: [m[Kunused parameter ‘[01m[Kcount[m[K’ [[01;35m[K-Wunused-parameter[m[K]
[5.065s]   180 |     u_result RPlidarDriver::getScanDataWithInterval(rplidar_response_measurement_node_t * nodebuffer, [01;35m[Ksize_t & count[m[K)
[5.065s]       |                                                                                                       [01;35m[K~~~~~~~~~^~~~~[m[K
[5.084s] In file included from [01m[K/home/locobot/SU_Robotics/eyetracking_ros_ws/src/sllidar_ros2/sdk/src/hal/thread.cpp:43[m[K:
[5.085s] [01m[K/home/locobot/SU_Robotics/eyetracking_ros_ws/src/sllidar_ros2/./sdk/src/arch/linux/thread.hpp:[m[K In static member function ‘[01m[Kstatic rp::hal::Thread rp::hal::Thread::create(thread_proc_t, void*)[m[K’:
[5.085s] [01m[K/home/locobot/SU_Robotics/eyetracking_ros_ws/src/sllidar_ros2/./sdk/src/arch/linux/thread.hpp:52:77:[m[K [01;35m[Kwarning: [m[Kcast between incompatible function types from ‘[01m[Kthread_proc_t[m[K’ {aka ‘[01m[Klong unsigned int (*)(void*)[m[K’} to ‘[01m[Kvoid* (*)(void*)[m[K’ [[01;35m[K-Wcast-function-type[m[K]
[5.085s]    52 |     pthread_create((pthread_t *)&newborn._handle, NULL, (void * (*)(void *))[01;35m[Kproc[m[K, data);
[5.085s]       |                                                                             [01;35m[K^~~~[m[K
[5.086s] In file included from [01m[K/home/locobot/SU_Robotics/eyetracking_ros_ws/src/sllidar_ros2/./sdk/include/rplidar_cmd.h:36[m[K,
[5.086s]                  from [01m[K/home/locobot/SU_Robotics/eyetracking_ros_ws/src/sllidar_ros2/./sdk/include/rplidar.h:40[m[K,
[5.086s]                  from [01m[K/home/locobot/SU_Robotics/eyetracking_ros_ws/src/sllidar_ros2/./sdk/src/sdkcommon.h:49[m[K,
[5.086s]                  from [01m[K/home/locobot/SU_Robotics/eyetracking_ros_ws/src/sllidar_ros2/sdk/src/dataunpacker/unpacker/../dataunnpacker_commondef.h:41[m[K,
[5.086s]                  from [01m[K/home/locobot/SU_Robotics/eyetracking_ros_ws/src/sllidar_ros2/sdk/src/dataunpacker/unpacker/handler_capsules.cpp:39[m[K:
[5.086s] [01m[K/home/locobot/SU_Robotics/eyetracking_ros_ws/src/sllidar_ros2/./sdk/include/sl_lidar_cmd.h:324:20:[m[K [01;35m[Kwarning: [m[KISO C++ forbids zero-size array ‘[01m[Kpayload[m[K’ [[01;35m[K-Wpedantic[m[K]
[5.087s]   324 |     sl_u8  payload[[01;35m[K0[m[K];
[5.087s]       |                    [01;35m[K^[m[K
[5.088s] [01m[K/home/locobot/SU_Robotics/eyetracking_ros_ws/src/sllidar_ros2/./sdk/src/arch/linux/thread.hpp:[m[K In member function ‘[01m[Ku_result rp::hal::Thread::join(long unsigned int)[m[K’:
[5.088s] [01m[K/home/locobot/SU_Robotics/eyetracking_ros_ws/src/sllidar_ros2/./sdk/src/arch/linux/thread.hpp:176:37:[m[K [01;35m[Kwarning: [m[Kunused parameter ‘[01m[Ktimeout[m[K’ [[01;35m[K-Wunused-parameter[m[K]
[5.088s]   176 | u_result Thread::join([01;35m[Kunsigned long timeout[m[K)
[5.088s]       |                       [01;35m[K~~~~~~~~~~~~~~^~~~~~~[m[K
[5.094s] In file included from [01m[K/home/locobot/SU_Robotics/eyetracking_ros_ws/src/sllidar_ros2/./sdk/include/rplidar_protocol.h:36[m[K,
[5.094s]                  from [01m[K/home/locobot/SU_Robotics/eyetracking_ros_ws/src/sllidar_ros2/./sdk/include/rplidar.h:39[m[K,
[5.094s]                  from [01m[K/home/locobot/SU_Robotics/eyetracking_ros_ws/src/sllidar_ros2/sdk/src/sdkcommon.h:49[m[K,
[5.095s]                  from [01m[K/home/locobot/SU_Robotics/eyetracking_ros_ws/src/sllidar_ros2/sdk/src/sl_async_transceiver.cpp:35[m[K:
[5.095s] [01m[K/home/locobot/SU_Robotics/eyetracking_ros_ws/src/sllidar_ros2/./sdk/include/sl_lidar_protocol.h:66:16:[m[K [01;35m[Kwarning: [m[KISO C++ forbids zero-size array ‘[01m[Kdata[m[K’ [[01;35m[K-Wpedantic[m[K]
[5.095s]    66 |     sl_u8 data[[01;35m[K0[m[K];
[5.095s]       |                [01;35m[K^[m[K
[5.095s] In file included from [01m[K/home/locobot/SU_Robotics/eyetracking_ros_ws/src/sllidar_ros2/./sdk/include/rplidar_cmd.h:36[m[K,
[5.095s]                  from [01m[K/home/locobot/SU_Robotics/eyetracking_ros_ws/src/sllidar_ros2/./sdk/include/rplidar.h:40[m[K,
[5.095s]                  from [01m[K/home/locobot/SU_Robotics/eyetracking_ros_ws/src/sllidar_ros2/sdk/src/sdkcommon.h:49[m[K,
[5.096s]                  from [01m[K/home/locobot/SU_Robotics/eyetracking_ros_ws/src/sllidar_ros2/sdk/src/sl_async_transceiver.cpp:35[m[K:
[5.096s] [01m[K/home/locobot/SU_Robotics/eyetracking_ros_ws/src/sllidar_ros2/./sdk/include/sl_lidar_cmd.h:324:20:[m[K [01;35m[Kwarning: [m[KISO C++ forbids zero-size array ‘[01m[Kpayload[m[K’ [[01;35m[K-Wpedantic[m[K]
[5.096s]   324 |     sl_u8  payload[[01;35m[K0[m[K];
[5.096s]       |                    [01;35m[K^[m[K
[5.105s] In file included from [01m[K/home/locobot/SU_Robotics/eyetracking_ros_ws/src/sllidar_ros2/./sdk/include/rplidar_protocol.h:36[m[K,
[5.105s]                  from [01m[K/home/locobot/SU_Robotics/eyetracking_ros_ws/src/sllidar_ros2/./sdk/include/rplidar.h:39[m[K,
[5.105s]                  from [01m[K/home/locobot/SU_Robotics/eyetracking_ros_ws/src/sllidar_ros2/./sdk/src/sdkcommon.h:49[m[K,
[5.105s]                  from [01m[K/home/locobot/SU_Robotics/eyetracking_ros_ws/src/sllidar_ros2/sdk/src/dataunpacker/dataunnpacker_commondef.h:41[m[K,
[5.106s]                  from [01m[K/home/locobot/SU_Robotics/eyetracking_ros_ws/src/sllidar_ros2/sdk/src/dataunpacker/dataunpacker.cpp:39[m[K:
[5.106s] [01m[K/home/locobot/SU_Robotics/eyetracking_ros_ws/src/sllidar_ros2/./sdk/include/sl_lidar_protocol.h:66:16:[m[K [01;35m[Kwarning: [m[KISO C++ forbids zero-size array ‘[01m[Kdata[m[K’ [[01;35m[K-Wpedantic[m[K]
[5.106s]    66 |     sl_u8 data[[01;35m[K0[m[K];
[5.106s]       |                [01;35m[K^[m[K
[5.106s] In file included from [01m[K/home/locobot/SU_Robotics/eyetracking_ros_ws/src/sllidar_ros2/./sdk/include/rplidar_cmd.h:36[m[K,
[5.106s]                  from [01m[K/home/locobot/SU_Robotics/eyetracking_ros_ws/src/sllidar_ros2/./sdk/include/rplidar.h:40[m[K,
[5.106s]                  from [01m[K/home/locobot/SU_Robotics/eyetracking_ros_ws/src/sllidar_ros2/./sdk/src/sdkcommon.h:49[m[K,
[5.106s]                  from [01m[K/home/locobot/SU_Robotics/eyetracking_ros_ws/src/sllidar_ros2/sdk/src/dataunpacker/dataunnpacker_commondef.h:41[m[K,
[5.107s]                  from [01m[K/home/locobot/SU_Robotics/eyetracking_ros_ws/src/sllidar_ros2/sdk/src/dataunpacker/dataunpacker.cpp:39[m[K:
[5.107s] [01m[K/home/locobot/SU_Robotics/eyetracking_ros_ws/src/sllidar_ros2/./sdk/include/sl_lidar_cmd.h:324:20:[m[K [01;35m[Kwarning: [m[KISO C++ forbids zero-size array ‘[01m[Kpayload[m[K’ [[01;35m[K-Wpedantic[m[K]
[5.107s]   324 |     sl_u8  payload[[01;35m[K0[m[K];
[5.107s]       |                    [01;35m[K^[m[K
[5.134s] In file included from [01m[K/home/locobot/SU_Robotics/eyetracking_ros_ws/src/sllidar_ros2/./sdk/include/rplidar_protocol.h:36[m[K,
[5.134s]                  from [01m[K/home/locobot/SU_Robotics/eyetracking_ros_ws/src/sllidar_ros2/./sdk/include/rplidar.h:39[m[K,
[5.134s]                  from [01m[K/home/locobot/SU_Robotics/eyetracking_ros_ws/src/sllidar_ros2/./sdk/src/sdkcommon.h:49[m[K,
[5.135s]                  from [01m[K/home/locobot/SU_Robotics/eyetracking_ros_ws/src/sllidar_ros2/sdk/src/arch/linux/net_socket.cpp:10[m[K:
[5.135s] [01m[K/home/locobot/SU_Robotics/eyetracking_ros_ws/src/sllidar_ros2/./sdk/include/sl_lidar_protocol.h:66:16:[m[K [01;35m[Kwarning: [m[KISO C++ forbids zero-size array ‘[01m[Kdata[m[K’ [[01;35m[K-Wpedantic[m[K]
[5.135s]    66 |     sl_u8 data[[01;35m[K0[m[K];
[5.135s]       |                [01;35m[K^[m[K
[5.135s] In file included from [01m[K/home/locobot/SU_Robotics/eyetracking_ros_ws/src/sllidar_ros2/./sdk/include/rplidar_cmd.h:36[m[K,
[5.135s]                  from [01m[K/home/locobot/SU_Robotics/eyetracking_ros_ws/src/sllidar_ros2/./sdk/include/rplidar.h:40[m[K,
[5.136s]                  from [01m[K/home/locobot/SU_Robotics/eyetracking_ros_ws/src/sllidar_ros2/./sdk/src/sdkcommon.h:49[m[K,
[5.136s]                  from [01m[K/home/locobot/SU_Robotics/eyetracking_ros_ws/src/sllidar_ros2/sdk/src/arch/linux/net_socket.cpp:10[m[K:
[5.136s] [01m[K/home/locobot/SU_Robotics/eyetracking_ros_ws/src/sllidar_ros2/./sdk/include/sl_lidar_cmd.h:324:20:[m[K [01;35m[Kwarning: [m[KISO C++ forbids zero-size array ‘[01m[Kpayload[m[K’ [[01;35m[K-Wpedantic[m[K]
[5.136s]   324 |     sl_u8  payload[[01;35m[K0[m[K];
[5.136s]       |                    [01;35m[K^[m[K
[5.202s] In file included from [01m[K/home/locobot/SU_Robotics/eyetracking_ros_ws/src/sllidar_ros2/./sdk/include/rplidar_protocol.h:36[m[K,
[5.202s]                  from [01m[K/home/locobot/SU_Robotics/eyetracking_ros_ws/src/sllidar_ros2/./sdk/include/rplidar.h:39[m[K,
[5.202s]                  from [01m[K/home/locobot/SU_Robotics/eyetracking_ros_ws/src/sllidar_ros2/./sdk/src/sdkcommon.h:49[m[K,
[5.202s]                  from [01m[K/home/locobot/SU_Robotics/eyetracking_ros_ws/src/sllidar_ros2/sdk/src/dataunpacker/unpacker/../dataunnpacker_commondef.h:41[m[K,
[5.202s]                  from [01m[K/home/locobot/SU_Robotics/eyetracking_ros_ws/src/sllidar_ros2/sdk/src/dataunpacker/unpacker/handler_normalnode.cpp:39[m[K:
[5.206s] [01m[K/home/locobot/SU_Robotics/eyetracking_ros_ws/src/sllidar_ros2/./sdk/include/sl_lidar_protocol.h:66:16:[m[K [01;35m[Kwarning: [m[KISO C++ forbids zero-size array ‘[01m[Kdata[m[K’ [[01;35m[K-Wpedantic[m[K]
[5.207s]    66 |     sl_u8 data[[01;35m[K0[m[K];
[5.207s]       |                [01;35m[K^[m[K
[5.208s] In file included from [01m[K/home/locobot/SU_Robotics/eyetracking_ros_ws/src/sllidar_ros2/./sdk/include/rplidar_cmd.h:36[m[K,
[5.208s]                  from [01m[K/home/locobot/SU_Robotics/eyetracking_ros_ws/src/sllidar_ros2/./sdk/include/rplidar.h:40[m[K,
[5.209s]                  from [01m[K/home/locobot/SU_Robotics/eyetracking_ros_ws/src/sllidar_ros2/./sdk/src/sdkcommon.h:49[m[K,
[5.209s]                  from [01m[K/home/locobot/SU_Robotics/eyetracking_ros_ws/src/sllidar_ros2/sdk/src/dataunpacker/unpacker/../dataunnpacker_commondef.h:41[m[K,
[5.209s]                  from [01m[K/home/locobot/SU_Robotics/eyetracking_ros_ws/src/sllidar_ros2/sdk/src/dataunpacker/unpacker/handler_normalnode.cpp:39[m[K:
[5.209s] [01m[K/home/locobot/SU_Robotics/eyetracking_ros_ws/src/sllidar_ros2/./sdk/include/sl_lidar_cmd.h:324:20:[m[K [01;35m[Kwarning: [m[KISO C++ forbids zero-size array ‘[01m[Kpayload[m[K’ [[01;35m[K-Wpedantic[m[K]
[5.209s]   324 |     sl_u8  payload[[01;35m[K0[m[K];
[5.210s]       |                    [01;35m[K^[m[K
[5.260s] [ 75%] [32mBuilding CXX object CMakeFiles/sllidar_node.dir/sdk/src/sl_lidarprotocol_codec.cpp.o[0m
[5.304s] In file included from [01m[K/home/locobot/SU_Robotics/eyetracking_ros_ws/src/sllidar_ros2/./sdk/src/arch/linux/arch_linux.h:42[m[K,
[5.304s]                  from [01m[K/home/locobot/SU_Robotics/eyetracking_ros_ws/src/sllidar_ros2/./sdk/src/sdkcommon.h:41[m[K,
[5.305s]                  from [01m[K/home/locobot/SU_Robotics/eyetracking_ros_ws/src/sllidar_ros2/sdk/src/arch/linux/net_socket.cpp:10[m[K:
[5.305s] [01m[K/home/locobot/SU_Robotics/eyetracking_ros_ws/src/sllidar_ros2/sdk/src/arch/linux/net_socket.cpp:[m[K In member function ‘[01m[Kvirtual u_result rp::arch::net::DGramSocketImpl::sendTo(const rp::net::SocketAddress*, const void*, size_t)[m[K’:
[5.305s] [01m[K/home/locobot/SU_Robotics/eyetracking_ros_ws/src/sllidar_ros2/sdk/src/arch/linux/net_socket.cpp:733:24:[m[K [01;35m[Kwarning: [m[Kcomparison of integer expressions of different signedness: ‘[01m[Kint[m[K’ and ‘[01m[Ksize_t[m[K’ {aka ‘[01m[Klong unsigned int[m[K’} [[01;35m[K-Wsign-compare[m[K]
[5.305s]   733 |             assert([01;35m[Kans == len[m[K);
[5.305s]       |                    [01;35m[K~~~~^~~~~~[m[K
[5.306s] In file included from [01m[K/home/locobot/SU_Robotics/eyetracking_ros_ws/src/sllidar_ros2/sdk/src/dataunpacker/unpacker/handler_hqnode.cpp:40[m[K:
[5.306s] [01m[K/home/locobot/SU_Robotics/eyetracking_ros_ws/src/sllidar_ros2/sdk/src/dataunpacker/unpacker/../dataunpacker.h:[m[K In member function ‘[01m[Kvirtual void sl::internal::LIDARSampleDataListener::onCustomSampleDataDecoded(_u8, _u32, const void*, size_t)[m[K’:
[5.306s] [01m[K/home/locobot/SU_Robotics/eyetracking_ros_ws/src/sllidar_ros2/sdk/src/dataunpacker/unpacker/../dataunpacker.h:54:45:[m[K [01;35m[Kwarning: [m[Kunused parameter ‘[01m[KansType[m[K’ [[01;35m[K-Wunused-parameter[m[K]
[5.306s]    54 |  virtual void onCustomSampleDataDecoded([01;35m[K_u8 ansType[m[K, _u32 customCode, const void* data, size_t size) {}
[5.306s]       |                                         [01;35m[K~~~~^~~~~~~[m[K
[5.306s] [01m[K/home/locobot/SU_Robotics/eyetracking_ros_ws/src/sllidar_ros2/sdk/src/dataunpacker/unpacker/../dataunpacker.h:54:59:[m[K [01;35m[Kwarning: [m[Kunused parameter ‘[01m[KcustomCode[m[K’ [[01;35m[K-Wunused-parameter[m[K]
[5.306s]    54 |  virtual void onCustomSampleDataDecoded(_u8 ansType, [01;35m[K_u32 customCode[m[K, const void* data, size_t size) {}
[5.306s]       |                                                      [01;35m[K~~~~~^~~~~~~~~~[m[K
[5.307s] [01m[K/home/locobot/SU_Robotics/eyetracking_ros_ws/src/sllidar_ros2/sdk/src/dataunpacker/unpacker/../dataunpacker.h:54:83:[m[K [01;35m[Kwarning: [m[Kunused parameter ‘[01m[Kdata[m[K’ [[01;35m[K-Wunused-parameter[m[K]
[5.307s]    54 |  virtual void onCustomSampleDataDecoded(_u8 ansType, _u32 customCode, [01;35m[Kconst void* data[m[K, size_t size) {}
[5.307s]       |                                                                       [01;35m[K~~~~~~~~~~~~^~~~[m[K
[5.307s] [01m[K/home/locobot/SU_Robotics/eyetracking_ros_ws/src/sllidar_ros2/sdk/src/dataunpacker/unpacker/../dataunpacker.h:54:96:[m[K [01;35m[Kwarning: [m[Kunused parameter ‘[01m[Ksize[m[K’ [[01;35m[K-Wunused-parameter[m[K]
[5.307s]    54 |  virtual void onCustomSampleDataDecoded(_u8 ansType, _u32 customCode, const void* data, [01;35m[Ksize_t size[m[K) {}
[5.307s]       |                                                                                         [01;35m[K~~~~~~~^~~~[m[K
[5.307s] [01m[K/home/locobot/SU_Robotics/eyetracking_ros_ws/src/sllidar_ros2/sdk/src/dataunpacker/unpacker/../dataunpacker.h:[m[K In member function ‘[01m[Kvirtual void sl::internal::LIDARSampleDataListener::onDecodingError(int, _u8, const void*, size_t)[m[K’:
[5.307s] [01m[K/home/locobot/SU_Robotics/eyetracking_ros_ws/src/sllidar_ros2/sdk/src/dataunpacker/unpacker/../dataunpacker.h:56:35:[m[K [01;35m[Kwarning: [m[Kunused parameter ‘[01m[KerrMsg[m[K’ [[01;35m[K-Wunused-parameter[m[K]
[5.307s]    56 |  virtual void onDecodingError([01;35m[Kint errMsg[m[K, _u8 ansType, const void* payload, size_t size) {}
[5.307s]       |                               [01;35m[K~~~~^~~~~~[m[K
[5.308s] [01m[K/home/locobot/SU_Robotics/eyetracking_ros_ws/src/sllidar_ros2/sdk/src/dataunpacker/unpacker/../dataunpacker.h:56:47:[m[K [01;35m[Kwarning: [m[Kunused parameter ‘[01m[KansType[m[K’ [[01;35m[K-Wunused-parameter[m[K]
[5.308s]    56 |  virtual void onDecodingError(int errMsg, [01;35m[K_u8 ansType[m[K, const void* payload, size_t size) {}
[5.308s]       |                                           [01;35m[K~~~~^~~~~~~[m[K
[5.308s] [01m[K/home/locobot/SU_Robotics/eyetracking_ros_ws/src/sllidar_ros2/sdk/src/dataunpacker/unpacker/../dataunpacker.h:56:68:[m[K [01;35m[Kwarning: [m[Kunused parameter ‘[01m[Kpayload[m[K’ [[01;35m[K-Wunused-parameter[m[K]
[5.308s]    56 |  virtual void onDecodingError(int errMsg, _u8 ansType, [01;35m[Kconst void* payload[m[K, size_t size) {}
[5.308s]       |                                                        [01;35m[K~~~~~~~~~~~~^~~~~~~[m[K
[5.308s] [01m[K/home/locobot/SU_Robotics/eyetracking_ros_ws/src/sllidar_ros2/sdk/src/dataunpacker/unpacker/../dataunpacker.h:56:84:[m[K [01;35m[Kwarning: [m[Kunused parameter ‘[01m[Ksize[m[K’ [[01;35m[K-Wunused-parameter[m[K]
[5.308s]    56 |  virtual void onDecodingError(int errMsg, _u8 ansType, const void* payload, [01;35m[Ksize_t size[m[K) {}
[5.308s]       |                                                                             [01;35m[K~~~~~~~^~~~[m[K
[5.321s] In file included from [01m[K/home/locobot/SU_Robotics/eyetracking_ros_ws/src/sllidar_ros2/sdk/src/sl_async_transceiver.cpp:44[m[K:
[5.321s] [01m[K/home/locobot/SU_Robotics/eyetracking_ros_ws/src/sllidar_ros2/sdk/src/sl_async_transceiver.h:[m[K In member function ‘[01m[Kvirtual void sl::internal::IAsyncProtocolCodec::onChannelError(u_result)[m[K’:
[5.321s] [01m[K/home/locobot/SU_Robotics/eyetracking_ros_ws/src/sllidar_ros2/sdk/src/sl_async_transceiver.h:90:41:[m[K [01;35m[Kwarning: [m[Kunused parameter ‘[01m[KerrCode[m[K’ [[01;35m[K-Wunused-parameter[m[K]
[5.321s]    90 |  virtual void   onChannelError([01;35m[Ku_result errCode[m[K) {}
[5.321s]       |                                [01;35m[K~~~~~~~~~^~~~~~~[m[K
[5.337s] [ 80%] [32mBuilding CXX object CMakeFiles/sllidar_node.dir/sdk/src/sl_serial_channel.cpp.o[0m
[5.366s] [ 85%] [32mBuilding CXX object CMakeFiles/sllidar_node.dir/sdk/src/sl_tcp_channel.cpp.o[0m
[5.454s] In file included from [01m[K/home/locobot/SU_Robotics/eyetracking_ros_ws/src/sllidar_ros2/sdk/src/dataunpacker/unpacker/handler_capsules.cpp:40[m[K:
[5.454s] [01m[K/home/locobot/SU_Robotics/eyetracking_ros_ws/src/sllidar_ros2/sdk/src/dataunpacker/unpacker/../dataunpacker.h:[m[K In member function ‘[01m[Kvirtual void sl::internal::LIDARSampleDataListener::onCustomSampleDataDecoded(_u8, _u32, const void*, size_t)[m[K’:
[5.454s] [01m[K/home/locobot/SU_Robotics/eyetracking_ros_ws/src/sllidar_ros2/sdk/src/dataunpacker/unpacker/../dataunpacker.h:54:45:[m[K [01;35m[Kwarning: [m[Kunused parameter ‘[01m[KansType[m[K’ [[01;35m[K-Wunused-parameter[m[K]
[5.455s]    54 |  virtual void onCustomSampleDataDecoded([01;35m[K_u8 ansType[m[K, _u32 customCode, const void* data, size_t size) {}
[5.455s]       |                                         [01;35m[K~~~~^~~~~~~[m[K
[5.455s] [01m[K/home/locobot/SU_Robotics/eyetracking_ros_ws/src/sllidar_ros2/sdk/src/dataunpacker/unpacker/../dataunpacker.h:54:59:[m[K [01;35m[Kwarning: [m[Kunused parameter ‘[01m[KcustomCode[m[K’ [[01;35m[K-Wunused-parameter[m[K]
[5.455s]    54 |  virtual void onCustomSampleDataDecoded(_u8 ansType, [01;35m[K_u32 customCode[m[K, const void* data, size_t size) {}
[5.455s]       |                                                      [01;35m[K~~~~~^~~~~~~~~~[m[K
[5.455s] [01m[K/home/locobot/SU_Robotics/eyetracking_ros_ws/src/sllidar_ros2/sdk/src/dataunpacker/unpacker/../dataunpacker.h:54:83:[m[K [01;35m[Kwarning: [m[Kunused parameter ‘[01m[Kdata[m[K’ [[01;35m[K-Wunused-parameter[m[K]
[5.455s]    54 |  virtual void onCustomSampleDataDecoded(_u8 ansType, _u32 customCode, [01;35m[Kconst void* data[m[K, size_t size) {}
[5.455s]       |                                                                       [01;35m[K~~~~~~~~~~~~^~~~[m[K
[5.455s] [01m[K/home/locobot/SU_Robotics/eyetracking_ros_ws/src/sllidar_ros2/sdk/src/dataunpacker/unpacker/../dataunpacker.h:54:96:[m[K [01;35m[Kwarning: [m[Kunused parameter ‘[01m[Ksize[m[K’ [[01;35m[K-Wunused-parameter[m[K]
[5.455s]    54 |  virtual void onCustomSampleDataDecoded(_u8 ansType, _u32 customCode, const void* data, [01;35m[Ksize_t size[m[K) {}
[5.456s]       |                                                                                         [01;35m[K~~~~~~~^~~~[m[K
[5.464s] [01m[K/home/locobot/SU_Robotics/eyetracking_ros_ws/src/sllidar_ros2/sdk/src/dataunpacker/unpacker/../dataunpacker.h:[m[K In member function ‘[01m[Kvirtual void sl::internal::LIDARSampleDataListener::onDecodingError(int, _u8, const void*, size_t)[m[K’:
[5.464s] [01m[K/home/locobot/SU_Robotics/eyetracking_ros_ws/src/sllidar_ros2/sdk/src/dataunpacker/unpacker/../dataunpacker.h:56:35:[m[K [01;35m[Kwarning: [m[Kunused parameter ‘[01m[KerrMsg[m[K’ [[01;35m[K-Wunused-parameter[m[K]
[5.464s]    56 |  virtual void onDecodingError([01;35m[Kint errMsg[m[K, _u8 ansType, const void* payload, size_t size) {}
[5.464s]       |                               [01;35m[K~~~~^~~~~~[m[K
[5.464s] [01m[K/home/locobot/SU_Robotics/eyetracking_ros_ws/src/sllidar_ros2/sdk/src/dataunpacker/unpacker/../dataunpacker.h:56:47:[m[K [01;35m[Kwarning: [m[Kunused parameter ‘[01m[KansType[m[K’ [[01;35m[K-Wunused-parameter[m[K]
[5.464s]    56 |  virtual void onDecodingError(int errMsg, [01;35m[K_u8 ansType[m[K, const void* payload, size_t size) {}
[5.465s]       |                                           [01;35m[K~~~~^~~~~~~[m[K
[5.465s] [01m[K/home/locobot/SU_Robotics/eyetracking_ros_ws/src/sllidar_ros2/sdk/src/dataunpacker/unpacker/../dataunpacker.h:56:68:[m[K [01;35m[Kwarning: [m[Kunused parameter ‘[01m[Kpayload[m[K’ [[01;35m[K-Wunused-parameter[m[K]
[5.465s]    56 |  virtual void onDecodingError(int errMsg, _u8 ansType, [01;35m[Kconst void* payload[m[K, size_t size) {}
[5.465s]       |                                                        [01;35m[K~~~~~~~~~~~~^~~~~~~[m[K
[5.465s] [01m[K/home/locobot/SU_Robotics/eyetracking_ros_ws/src/sllidar_ros2/sdk/src/dataunpacker/unpacker/../dataunpacker.h:56:84:[m[K [01;35m[Kwarning: [m[Kunused parameter ‘[01m[Ksize[m[K’ [[01;35m[K-Wunused-parameter[m[K]
[5.465s]    56 |  virtual void onDecodingError(int errMsg, _u8 ansType, const void* payload, [01;35m[Ksize_t size[m[K) {}
[5.465s]       |                                                                             [01;35m[K~~~~~~~^~~~[m[K
[5.483s] [01m[K/home/locobot/SU_Robotics/eyetracking_ros_ws/src/sllidar_ros2/sdk/src/dataunpacker/unpacker/handler_capsules.cpp:[m[K In member function ‘[01m[Kvoid sl::internal::unpacker::UnpackerHandler_DenseCapsuleNode::_onScanNodeDenseCapsuleData(rplidar_response_dense_capsule_measurement_nodes_t&, sl::internal::LIDARSampleDataUnpackerInner*)[m[K’:
[5.484s] [01m[K/home/locobot/SU_Robotics/eyetracking_ros_ws/src/sllidar_ros2/sdk/src/dataunpacker/unpacker/handler_capsules.cpp:763:108:[m[K [01;35m[Kwarning: [m[Ktype qualifiers ignored on cast result type [[01;35m[K-Wignored-qualifiers[m[K]
[5.484s]   763 |             const int dist = static_cast<const int>(_cached_previous_dense_capsuledata.cabins[pos].distance[01;35m[K)[m[K;
[5.484s]       |                                                                                                            [01;35m[K^[m[K
[5.574s] In file included from [01m[K/home/locobot/SU_Robotics/eyetracking_ros_ws/src/sllidar_ros2/sdk/src/dataunpacker/dataunpacker.cpp:40[m[K:
[5.574s] [01m[K/home/locobot/SU_Robotics/eyetracking_ros_ws/src/sllidar_ros2/sdk/src/dataunpacker/dataunpacker.h:[m[K In member function ‘[01m[Kvirtual void sl::internal::LIDARSampleDataListener::onCustomSampleDataDecoded(_u8, _u32, const void*, size_t)[m[K’:
[5.574s] [01m[K/home/locobot/SU_Robotics/eyetracking_ros_ws/src/sllidar_ros2/sdk/src/dataunpacker/dataunpacker.h:54:45:[m[K [01;35m[Kwarning: [m[Kunused parameter ‘[01m[KansType[m[K’ [[01;35m[K-Wunused-parameter[m[K]
[5.575s]    54 |  virtual void onCustomSampleDataDecoded([01;35m[K_u8 ansType[m[K, _u32 customCode, const void* data, size_t size) {}
[5.575s]       |                                         [01;35m[K~~~~^~~~~~~[m[K
[5.575s] [01m[K/home/locobot/SU_Robotics/eyetracking_ros_ws/src/sllidar_ros2/sdk/src/dataunpacker/dataunpacker.h:54:59:[m[K [01;35m[Kwarning: [m[Kunused parameter ‘[01m[KcustomCode[m[K’ [[01;35m[K-Wunused-parameter[m[K]
[5.575s]    54 |  virtual void onCustomSampleDataDecoded(_u8 ansType, [01;35m[K_u32 customCode[m[K, const void* data, size_t size) {}
[5.575s]       |                                                      [01;35m[K~~~~~^~~~~~~~~~[m[K
[5.575s] [01m[K/home/locobot/SU_Robotics/eyetracking_ros_ws/src/sllidar_ros2/sdk/src/dataunpacker/dataunpacker.h:54:83:[m[K [01;35m[Kwarning: [m[Kunused parameter ‘[01m[Kdata[m[K’ [[01;35m[K-Wunused-parameter[m[K]
[5.576s]    54 |  virtual void onCustomSampleDataDecoded(_u8 ansType, _u32 customCode, [01;35m[Kconst void* data[m[K, size_t size) {}
[5.576s]       |                                                                       [01;35m[K~~~~~~~~~~~~^~~~[m[K
[5.576s] [01m[K/home/locobot/SU_Robotics/eyetracking_ros_ws/src/sllidar_ros2/sdk/src/dataunpacker/dataunpacker.h:54:96:[m[K [01;35m[Kwarning: [m[Kunused parameter ‘[01m[Ksize[m[K’ [[01;35m[K-Wunused-parameter[m[K]
[5.576s]    54 |  virtual void onCustomSampleDataDecoded(_u8 ansType, _u32 customCode, const void* data, [01;35m[Ksize_t size[m[K) {}
[5.576s]       |                                                                                         [01;35m[K~~~~~~~^~~~[m[K
[5.577s] [01m[K/home/locobot/SU_Robotics/eyetracking_ros_ws/src/sllidar_ros2/sdk/src/dataunpacker/dataunpacker.h:[m[K In member function ‘[01m[Kvirtual void sl::internal::LIDARSampleDataListener::onDecodingError(int, _u8, const void*, size_t)[m[K’:
[5.577s] [01m[K/home/locobot/SU_Robotics/eyetracking_ros_ws/src/sllidar_ros2/sdk/src/dataunpacker/dataunpacker.h:56:35:[m[K [01;35m[Kwarning: [m[Kunused parameter ‘[01m[KerrMsg[m[K’ [[01;35m[K-Wunused-parameter[m[K]
[5.577s]    56 |  virtual void onDecodingError([01;35m[Kint errMsg[m[K, _u8 ansType, const void* payload, size_t size) {}
[5.577s]       |                               [01;35m[K~~~~^~~~~~[m[K
[5.577s] [01m[K/home/locobot/SU_Robotics/eyetracking_ros_ws/src/sllidar_ros2/sdk/src/dataunpacker/dataunpacker.h:56:47:[m[K [01;35m[Kwarning: [m[Kunused parameter ‘[01m[KansType[m[K’ [[01;35m[K-Wunused-parameter[m[K]
[5.578s]    56 |  virtual void onDecodingError(int errMsg, [01;35m[K_u8 ansType[m[K, const void* payload, size_t size) {}
[5.578s]       |                                           [01;35m[K~~~~^~~~~~~[m[K
[5.578s] [01m[K/home/locobot/SU_Robotics/eyetracking_ros_ws/src/sllidar_ros2/sdk/src/dataunpacker/dataunpacker.h:56:68:[m[K [01;35m[Kwarning: [m[Kunused parameter ‘[01m[Kpayload[m[K’ [[01;35m[K-Wunused-parameter[m[K]
[5.578s]    56 |  virtual void onDecodingError(int errMsg, _u8 ansType, [01;35m[Kconst void* payload[m[K, size_t size) {}
[5.578s]       |                                                        [01;35m[K~~~~~~~~~~~~^~~~~~~[m[K
[5.578s] [01m[K/home/locobot/SU_Robotics/eyetracking_ros_ws/src/sllidar_ros2/sdk/src/dataunpacker/dataunpacker.h:56:84:[m[K [01;35m[Kwarning: [m[Kunused parameter ‘[01m[Ksize[m[K’ [[01;35m[K-Wunused-parameter[m[K]
[5.579s]    56 |  virtual void onDecodingError(int errMsg, _u8 ansType, const void* payload, [01;35m[Ksize_t size[m[K) {}
[5.579s]       |                                                                             [01;35m[K~~~~~~~^~~~[m[K
[5.641s] [ 90%] [32mBuilding CXX object CMakeFiles/sllidar_node.dir/sdk/src/sl_udp_channel.cpp.o[0m
[5.819s] In file included from [01m[K/home/locobot/SU_Robotics/eyetracking_ros_ws/src/sllidar_ros2/sdk/src/dataunpacker/unpacker/handler_normalnode.cpp:40[m[K:
[5.819s] [01m[K/home/locobot/SU_Robotics/eyetracking_ros_ws/src/sllidar_ros2/sdk/src/dataunpacker/unpacker/../dataunpacker.h:[m[K In member function ‘[01m[Kvirtual void sl::internal::LIDARSampleDataListener::onCustomSampleDataDecoded(_u8, _u32, const void*, size_t)[m[K’:
[5.819s] [01m[K/home/locobot/SU_Robotics/eyetracking_ros_ws/src/sllidar_ros2/sdk/src/dataunpacker/unpacker/../dataunpacker.h:54:45:[m[K [01;35m[Kwarning: [m[Kunused parameter ‘[01m[KansType[m[K’ [[01;35m[K-Wunused-parameter[m[K]
[5.819s]    54 |  virtual void onCustomSampleDataDecoded([01;35m[K_u8 ansType[m[K, _u32 customCode, const void* data, size_t size) {}
[5.819s]       |                                         [01;35m[K~~~~^~~~~~~[m[K
[5.819s] [01m[K/home/locobot/SU_Robotics/eyetracking_ros_ws/src/sllidar_ros2/sdk/src/dataunpacker/unpacker/../dataunpacker.h:54:59:[m[K [01;35m[Kwarning: [m[Kunused parameter ‘[01m[KcustomCode[m[K’ [[01;35m[K-Wunused-parameter[m[K]
[5.819s]    54 |  virtual void onCustomSampleDataDecoded(_u8 ansType, [01;35m[K_u32 customCode[m[K, const void* data, size_t size) {}
[5.819s]       |                                                      [01;35m[K~~~~~^~~~~~~~~~[m[K
[5.819s] [01m[K/home/locobot/SU_Robotics/eyetracking_ros_ws/src/sllidar_ros2/sdk/src/dataunpacker/unpacker/../dataunpacker.h:54:83:[m[K [01;35m[Kwarning: [m[Kunused parameter ‘[01m[Kdata[m[K’ [[01;35m[K-Wunused-parameter[m[K]
[5.820s]    54 |  virtual void onCustomSampleDataDecoded(_u8 ansType, _u32 customCode, [01;35m[Kconst void* data[m[K, size_t size) {}
[5.820s]       |                                                                       [01;35m[K~~~~~~~~~~~~^~~~[m[K
[5.820s] [01m[K/home/locobot/SU_Robotics/eyetracking_ros_ws/src/sllidar_ros2/sdk/src/dataunpacker/unpacker/../dataunpacker.h:54:96:[m[K [01;35m[Kwarning: [m[Kunused parameter ‘[01m[Ksize[m[K’ [[01;35m[K-Wunused-parameter[m[K]
[5.820s]    54 |  virtual void onCustomSampleDataDecoded(_u8 ansType, _u32 customCode, const void* data, [01;35m[Ksize_t size[m[K) {}
[5.820s]       |                                                                                         [01;35m[K~~~~~~~^~~~[m[K
[5.820s] [01m[K/home/locobot/SU_Robotics/eyetracking_ros_ws/src/sllidar_ros2/sdk/src/dataunpacker/unpacker/../dataunpacker.h:[m[K In member function ‘[01m[Kvirtual void sl::internal::LIDARSampleDataListener::onDecodingError(int, _u8, const void*, size_t)[m[K’:
[5.820s] [01m[K/home/locobot/SU_Robotics/eyetracking_ros_ws/src/sllidar_ros2/sdk/src/dataunpacker/unpacker/../dataunpacker.h:56:35:[m[K [01;35m[Kwarning: [m[Kunused parameter ‘[01m[KerrMsg[m[K’ [[01;35m[K-Wunused-parameter[m[K]
[5.820s]    56 |  virtual void onDecodingError([01;35m[Kint errMsg[m[K, _u8 ansType, const void* payload, size_t size) {}
[5.821s]       |                               [01;35m[K~~~~^~~~~~[m[K
[5.821s] [01m[K/home/locobot/SU_Robotics/eyetracking_ros_ws/src/sllidar_ros2/sdk/src/dataunpacker/unpacker/../dataunpacker.h:56:47:[m[K [01;35m[Kwarning: [m[Kunused parameter ‘[01m[KansType[m[K’ [[01;35m[K-Wunused-parameter[m[K]
[5.821s]    56 |  virtual void onDecodingError(int errMsg, [01;35m[K_u8 ansType[m[K, const void* payload, size_t size) {}
[5.821s]       |                                           [01;35m[K~~~~^~~~~~~[m[K
[5.821s] [01m[K/home/locobot/SU_Robotics/eyetracking_ros_ws/src/sllidar_ros2/sdk/src/dataunpacker/unpacker/../dataunpacker.h:56:68:[m[K [01;35m[Kwarning: [m[Kunused parameter ‘[01m[Kpayload[m[K’ [[01;35m[K-Wunused-parameter[m[K]
[5.821s]    56 |  virtual void onDecodingError(int errMsg, _u8 ansType, [01;35m[Kconst void* payload[m[K, size_t size) {}
[5.821s]       |                                                        [01;35m[K~~~~~~~~~~~~^~~~~~~[m[K
[5.821s] [01m[K/home/locobot/SU_Robotics/eyetracking_ros_ws/src/sllidar_ros2/sdk/src/dataunpacker/unpacker/../dataunpacker.h:56:84:[m[K [01;35m[Kwarning: [m[Kunused parameter ‘[01m[Ksize[m[K’ [[01;35m[K-Wunused-parameter[m[K]
[5.821s]    56 |  virtual void onDecodingError(int errMsg, _u8 ansType, const void* payload, [01;35m[Ksize_t size[m[K) {}
[5.821s]       |                                                                             [01;35m[K~~~~~~~^~~~[m[K
[5.835s] In file included from [01m[K/home/locobot/SU_Robotics/eyetracking_ros_ws/src/sllidar_ros2/./sdk/include/sl_lidar_cmd.h:41[m[K,
[5.835s]                  from [01m[K/home/locobot/SU_Robotics/eyetracking_ros_ws/src/sllidar_ros2/./sdk/include/sl_lidar_driver.h:54[m[K,
[5.836s]                  from [01m[K/home/locobot/SU_Robotics/eyetracking_ros_ws/src/sllidar_ros2/sdk/src/sl_tcp_channel.cpp:33[m[K:
[5.836s] [01m[K/home/locobot/SU_Robotics/eyetracking_ros_ws/src/sllidar_ros2/./sdk/include/sl_lidar_protocol.h:66:16:[m[K [01;35m[Kwarning: [m[KISO C++ forbids zero-size array ‘[01m[Kdata[m[K’ [[01;35m[K-Wpedantic[m[K]
[5.836s]    66 |     sl_u8 data[[01;35m[K0[m[K];
[5.836s]       |                [01;35m[K^[m[K
[5.837s] In file included from [01m[K/home/locobot/SU_Robotics/eyetracking_ros_ws/src/sllidar_ros2/./sdk/include/sl_lidar_driver.h:54[m[K,
[5.837s]                  from [01m[K/home/locobot/SU_Robotics/eyetracking_ros_ws/src/sllidar_ros2/sdk/src/sl_tcp_channel.cpp:33[m[K:
[5.837s] [01m[K/home/locobot/SU_Robotics/eyetracking_ros_ws/src/sllidar_ros2/./sdk/include/sl_lidar_cmd.h:324:20:[m[K [01;35m[Kwarning: [m[KISO C++ forbids zero-size array ‘[01m[Kpayload[m[K’ [[01;35m[K-Wpedantic[m[K]
[5.837s]   324 |     sl_u8  payload[[01;35m[K0[m[K];
[5.837s]       |                    [01;35m[K^[m[K
[5.843s] [01m[K/home/locobot/SU_Robotics/eyetracking_ros_ws/src/sllidar_ros2/sdk/src/sl_tcp_channel.cpp:[m[K In member function ‘[01m[Kvoid sl::TcpChannel::setStatus(_u32)[m[K’:
[5.843s] [01m[K/home/locobot/SU_Robotics/eyetracking_ros_ws/src/sllidar_ros2/sdk/src/sl_tcp_channel.cpp:109:29:[m[K [01;35m[Kwarning: [m[Kunused parameter ‘[01m[Kflag[m[K’ [[01;35m[K-Wunused-parameter[m[K]
[5.844s]   109 |         void setStatus([01;35m[K_u32 flag[m[K){}
[5.844s]       |                        [01;35m[K~~~~~^~~~[m[K
[6.095s] In file included from [01m[K/home/locobot/SU_Robotics/eyetracking_ros_ws/src/sllidar_ros2/./sdk/include/sl_lidar_cmd.h:41[m[K,
[6.096s]                  from [01m[K/home/locobot/SU_Robotics/eyetracking_ros_ws/src/sllidar_ros2/./sdk/include/sl_lidar_driver.h:54[m[K,
[6.096s]                  from [01m[K/home/locobot/SU_Robotics/eyetracking_ros_ws/src/sllidar_ros2/sdk/src/sl_serial_channel.cpp:33[m[K:
[6.096s] [01m[K/home/locobot/SU_Robotics/eyetracking_ros_ws/src/sllidar_ros2/./sdk/include/sl_lidar_protocol.h:66:16:[m[K [01;35m[Kwarning: [m[KISO C++ forbids zero-size array ‘[01m[Kdata[m[K’ [[01;35m[K-Wpedantic[m[K]
[6.096s]    66 |     sl_u8 data[[01;35m[K0[m[K];
[6.096s]       |                [01;35m[K^[m[K
[6.118s] In file included from [01m[K/home/locobot/SU_Robotics/eyetracking_ros_ws/src/sllidar_ros2/./sdk/include/sl_lidar_driver.h:54[m[K,
[6.118s]                  from [01m[K/home/locobot/SU_Robotics/eyetracking_ros_ws/src/sllidar_ros2/sdk/src/sl_serial_channel.cpp:33[m[K:
[6.118s] [01m[K/home/locobot/SU_Robotics/eyetracking_ros_ws/src/sllidar_ros2/./sdk/include/sl_lidar_cmd.h:324:20:[m[K [01;35m[Kwarning: [m[KISO C++ forbids zero-size array ‘[01m[Kpayload[m[K’ [[01;35m[K-Wpedantic[m[K]
[6.118s]   324 |     sl_u8  payload[[01;35m[K0[m[K];
[6.118s]       |                    [01;35m[K^[m[K
[6.186s] In file included from [01m[K/home/locobot/SU_Robotics/eyetracking_ros_ws/src/sllidar_ros2/./sdk/include/sl_lidar_cmd.h:41[m[K,
[6.187s]                  from [01m[K/home/locobot/SU_Robotics/eyetracking_ros_ws/src/sllidar_ros2/./sdk/include/sl_lidar_driver.h:54[m[K,
[6.187s]                  from [01m[K/home/locobot/SU_Robotics/eyetracking_ros_ws/src/sllidar_ros2/sdk/src/sl_udp_channel.cpp:33[m[K:
[6.187s] [01m[K/home/locobot/SU_Robotics/eyetracking_ros_ws/src/sllidar_ros2/./sdk/include/sl_lidar_protocol.h:66:16:[m[K [01;35m[Kwarning: [m[KISO C++ forbids zero-size array ‘[01m[Kdata[m[K’ [[01;35m[K-Wpedantic[m[K]
[6.187s]    66 |     sl_u8 data[[01;35m[K0[m[K];
[6.187s]       |                [01;35m[K^[m[K
[6.187s] In file included from [01m[K/home/locobot/SU_Robotics/eyetracking_ros_ws/src/sllidar_ros2/./sdk/include/sl_lidar_driver.h:54[m[K,
[6.187s]                  from [01m[K/home/locobot/SU_Robotics/eyetracking_ros_ws/src/sllidar_ros2/sdk/src/sl_udp_channel.cpp:33[m[K:
[6.187s] [01m[K/home/locobot/SU_Robotics/eyetracking_ros_ws/src/sllidar_ros2/./sdk/include/sl_lidar_cmd.h:324:20:[m[K [01;35m[Kwarning: [m[KISO C++ forbids zero-size array ‘[01m[Kpayload[m[K’ [[01;35m[K-Wpedantic[m[K]
[6.187s]   324 |     sl_u8  payload[[01;35m[K0[m[K];
[6.188s]       |                    [01;35m[K^[m[K
[6.200s] In file included from [01m[K/home/locobot/SU_Robotics/eyetracking_ros_ws/src/sllidar_ros2/./sdk/include/rplidar_protocol.h:36[m[K,
[6.200s]                  from [01m[K/home/locobot/SU_Robotics/eyetracking_ros_ws/src/sllidar_ros2/./sdk/include/rplidar.h:39[m[K,
[6.200s]                  from [01m[K/home/locobot/SU_Robotics/eyetracking_ros_ws/src/sllidar_ros2/sdk/src/sdkcommon.h:49[m[K,
[6.200s]                  from [01m[K/home/locobot/SU_Robotics/eyetracking_ros_ws/src/sllidar_ros2/sdk/src/sl_lidar_driver.cpp:33[m[K:
[6.200s] [01m[K/home/locobot/SU_Robotics/eyetracking_ros_ws/src/sllidar_ros2/./sdk/include/sl_lidar_protocol.h:66:16:[m[K [01;35m[Kwarning: [m[KISO C++ forbids zero-size array ‘[01m[Kdata[m[K’ [[01;35m[K-Wpedantic[m[K]
[6.200s]    66 |     sl_u8 data[[01;35m[K0[m[K];
[6.200s]       |                [01;35m[K^[m[K
[6.200s] In file included from [01m[K/home/locobot/SU_Robotics/eyetracking_ros_ws/src/sllidar_ros2/./sdk/include/rplidar_cmd.h:36[m[K,
[6.201s]                  from [01m[K/home/locobot/SU_Robotics/eyetracking_ros_ws/src/sllidar_ros2/./sdk/include/rplidar.h:40[m[K,
[6.201s]                  from [01m[K/home/locobot/SU_Robotics/eyetracking_ros_ws/src/sllidar_ros2/sdk/src/sdkcommon.h:49[m[K,
[6.201s]                  from [01m[K/home/locobot/SU_Robotics/eyetracking_ros_ws/src/sllidar_ros2/sdk/src/sl_lidar_driver.cpp:33[m[K:
[6.201s] [01m[K/home/locobot/SU_Robotics/eyetracking_ros_ws/src/sllidar_ros2/./sdk/include/sl_lidar_cmd.h:324:20:[m[K [01;35m[Kwarning: [m[KISO C++ forbids zero-size array ‘[01m[Kpayload[m[K’ [[01;35m[K-Wpedantic[m[K]
[6.201s]   324 |     sl_u8  payload[[01;35m[K0[m[K];
[6.201s]       |                    [01;35m[K^[m[K
[6.216s] [01m[K/home/locobot/SU_Robotics/eyetracking_ros_ws/src/sllidar_ros2/sdk/src/sl_udp_channel.cpp:[m[K In member function ‘[01m[Kvoid sl::UdpChannel::setStatus(_u32)[m[K’:
[6.217s] [01m[K/home/locobot/SU_Robotics/eyetracking_ros_ws/src/sllidar_ros2/sdk/src/sl_udp_channel.cpp:112:29:[m[K [01;35m[Kwarning: [m[Kunused parameter ‘[01m[Kflag[m[K’ [[01;35m[K-Wunused-parameter[m[K]
[6.217s]   112 |         void setStatus([01;35m[K_u32 flag[m[K){}
[6.217s]       |                        [01;35m[K~~~~~^~~~[m[K
[6.273s] In file included from [01m[K/home/locobot/SU_Robotics/eyetracking_ros_ws/src/sllidar_ros2/./sdk/include/rplidar_protocol.h:36[m[K,
[6.273s]                  from [01m[K/home/locobot/SU_Robotics/eyetracking_ros_ws/src/sllidar_ros2/./sdk/include/rplidar.h:39[m[K,
[6.273s]                  from [01m[K/home/locobot/SU_Robotics/eyetracking_ros_ws/src/sllidar_ros2/sdk/src/sdkcommon.h:49[m[K,
[6.273s]                  from [01m[K/home/locobot/SU_Robotics/eyetracking_ros_ws/src/sllidar_ros2/sdk/src/sl_lidarprotocol_codec.cpp:35[m[K:
[6.273s] [01m[K/home/locobot/SU_Robotics/eyetracking_ros_ws/src/sllidar_ros2/./sdk/include/sl_lidar_protocol.h:66:16:[m[K [01;35m[Kwarning: [m[KISO C++ forbids zero-size array ‘[01m[Kdata[m[K’ [[01;35m[K-Wpedantic[m[K]
[6.273s]    66 |     sl_u8 data[[01;35m[K0[m[K];
[6.273s]       |                [01;35m[K^[m[K
[6.273s] In file included from [01m[K/home/locobot/SU_Robotics/eyetracking_ros_ws/src/sllidar_ros2/./sdk/include/rplidar_cmd.h:36[m[K,
[6.274s]                  from [01m[K/home/locobot/SU_Robotics/eyetracking_ros_ws/src/sllidar_ros2/./sdk/include/rplidar.h:40[m[K,
[6.274s]                  from [01m[K/home/locobot/SU_Robotics/eyetracking_ros_ws/src/sllidar_ros2/sdk/src/sdkcommon.h:49[m[K,
[6.274s]                  from [01m[K/home/locobot/SU_Robotics/eyetracking_ros_ws/src/sllidar_ros2/sdk/src/sl_lidarprotocol_codec.cpp:35[m[K:
[6.274s] [01m[K/home/locobot/SU_Robotics/eyetracking_ros_ws/src/sllidar_ros2/./sdk/include/sl_lidar_cmd.h:324:20:[m[K [01;35m[Kwarning: [m[KISO C++ forbids zero-size array ‘[01m[Kpayload[m[K’ [[01;35m[K-Wpedantic[m[K]
[6.274s]   324 |     sl_u8  payload[[01;35m[K0[m[K];
[6.274s]       |                    [01;35m[K^[m[K
[6.641s] In file included from [01m[K/home/locobot/SU_Robotics/eyetracking_ros_ws/src/sllidar_ros2/sdk/src/sl_lidar_driver.cpp:50[m[K:
[6.641s] [01m[K/home/locobot/SU_Robotics/eyetracking_ros_ws/src/sllidar_ros2/sdk/src/dataunpacker/dataunpacker.h:[m[K In member function ‘[01m[Kvirtual void sl::internal::LIDARSampleDataListener::onCustomSampleDataDecoded(_u8, _u32, const void*, size_t)[m[K’:
[6.641s] [01m[K/home/locobot/SU_Robotics/eyetracking_ros_ws/src/sllidar_ros2/sdk/src/dataunpacker/dataunpacker.h:54:45:[m[K [01;35m[Kwarning: [m[Kunused parameter ‘[01m[KansType[m[K’ [[01;35m[K-Wunused-parameter[m[K]
[6.641s]    54 |  virtual void onCustomSampleDataDecoded([01;35m[K_u8 ansType[m[K, _u32 customCode, const void* data, size_t size) {}
[6.641s]       |                                         [01;35m[K~~~~^~~~~~~[m[K
[6.641s] [01m[K/home/locobot/SU_Robotics/eyetracking_ros_ws/src/sllidar_ros2/sdk/src/dataunpacker/dataunpacker.h:54:59:[m[K [01;35m[Kwarning: [m[Kunused parameter ‘[01m[KcustomCode[m[K’ [[01;35m[K-Wunused-parameter[m[K]
[6.641s]    54 |  virtual void onCustomSampleDataDecoded(_u8 ansType, [01;35m[K_u32 customCode[m[K, const void* data, size_t size) {}
[6.641s]       |                                                      [01;35m[K~~~~~^~~~~~~~~~[m[K
[6.641s] [01m[K/home/locobot/SU_Robotics/eyetracking_ros_ws/src/sllidar_ros2/sdk/src/dataunpacker/dataunpacker.h:54:83:[m[K [01;35m[Kwarning: [m[Kunused parameter ‘[01m[Kdata[m[K’ [[01;35m[K-Wunused-parameter[m[K]
[6.642s]    54 |  virtual void onCustomSampleDataDecoded(_u8 ansType, _u32 customCode, [01;35m[Kconst void* data[m[K, size_t size) {}
[6.642s]       |                                                                       [01;35m[K~~~~~~~~~~~~^~~~[m[K
[6.642s] [01m[K/home/locobot/SU_Robotics/eyetracking_ros_ws/src/sllidar_ros2/sdk/src/dataunpacker/dataunpacker.h:54:96:[m[K [01;35m[Kwarning: [m[Kunused parameter ‘[01m[Ksize[m[K’ [[01;35m[K-Wunused-parameter[m[K]
[6.642s]    54 |  virtual void onCustomSampleDataDecoded(_u8 ansType, _u32 customCode, const void* data, [01;35m[Ksize_t size[m[K) {}
[6.642s]       |                                                                                         [01;35m[K~~~~~~~^~~~[m[K
[6.642s] [01m[K/home/locobot/SU_Robotics/eyetracking_ros_ws/src/sllidar_ros2/sdk/src/dataunpacker/dataunpacker.h:[m[K In member function ‘[01m[Kvirtual void sl::internal::LIDARSampleDataListener::onDecodingError(int, _u8, const void*, size_t)[m[K’:
[6.642s] [01m[K/home/locobot/SU_Robotics/eyetracking_ros_ws/src/sllidar_ros2/sdk/src/dataunpacker/dataunpacker.h:56:35:[m[K [01;35m[Kwarning: [m[Kunused parameter ‘[01m[KerrMsg[m[K’ [[01;35m[K-Wunused-parameter[m[K]
[6.642s]    56 |  virtual void onDecodingError([01;35m[Kint errMsg[m[K, _u8 ansType, const void* payload, size_t size) {}
[6.642s]       |                               [01;35m[K~~~~^~~~~~[m[K
[6.642s] [01m[K/home/locobot/SU_Robotics/eyetracking_ros_ws/src/sllidar_ros2/sdk/src/dataunpacker/dataunpacker.h:56:47:[m[K [01;35m[Kwarning: [m[Kunused parameter ‘[01m[KansType[m[K’ [[01;35m[K-Wunused-parameter[m[K]
[6.642s]    56 |  virtual void onDecodingError(int errMsg, [01;35m[K_u8 ansType[m[K, const void* payload, size_t size) {}
[6.642s]       |                                           [01;35m[K~~~~^~~~~~~[m[K
[6.643s] [01m[K/home/locobot/SU_Robotics/eyetracking_ros_ws/src/sllidar_ros2/sdk/src/dataunpacker/dataunpacker.h:56:68:[m[K [01;35m[Kwarning: [m[Kunused parameter ‘[01m[Kpayload[m[K’ [[01;35m[K-Wunused-parameter[m[K]
[6.643s]    56 |  virtual void onDecodingError(int errMsg, _u8 ansType, [01;35m[Kconst void* payload[m[K, size_t size) {}
[6.643s]       |                                                        [01;35m[K~~~~~~~~~~~~^~~~~~~[m[K
[6.643s] [01m[K/home/locobot/SU_Robotics/eyetracking_ros_ws/src/sllidar_ros2/sdk/src/dataunpacker/dataunpacker.h:56:84:[m[K [01;35m[Kwarning: [m[Kunused parameter ‘[01m[Ksize[m[K’ [[01;35m[K-Wunused-parameter[m[K]
[6.643s]    56 |  virtual void onDecodingError(int errMsg, _u8 ansType, const void* payload, [01;35m[Ksize_t size[m[K) {}
[6.643s]       |                                                                             [01;35m[K~~~~~~~^~~~[m[K
[6.676s] In file included from [01m[K/home/locobot/SU_Robotics/eyetracking_ros_ws/src/sllidar_ros2/sdk/src/sl_lidar_driver.cpp:51[m[K:
[6.676s] [01m[K/home/locobot/SU_Robotics/eyetracking_ros_ws/src/sllidar_ros2/sdk/src/sl_async_transceiver.h:[m[K In member function ‘[01m[Kvirtual void sl::internal::IAsyncProtocolCodec::onChannelError(u_result)[m[K’:
[6.676s] [01m[K/home/locobot/SU_Robotics/eyetracking_ros_ws/src/sllidar_ros2/sdk/src/sl_async_transceiver.h:90:41:[m[K [01;35m[Kwarning: [m[Kunused parameter ‘[01m[KerrCode[m[K’ [[01;35m[K-Wunused-parameter[m[K]
[6.677s]    90 |  virtual void   onChannelError([01;35m[Ku_result errCode[m[K) {}
[6.677s]       |                                [01;35m[K~~~~~~~~~^~~~~~~[m[K
[6.710s] In file included from [01m[K/home/locobot/SU_Robotics/eyetracking_ros_ws/src/sllidar_ros2/sdk/src/sl_lidarprotocol_codec.cpp:49[m[K:
[6.710s] [01m[K/home/locobot/SU_Robotics/eyetracking_ros_ws/src/sllidar_ros2/sdk/src/sl_async_transceiver.h:[m[K In member function ‘[01m[Kvirtual void sl::internal::IAsyncProtocolCodec::onChannelError(u_result)[m[K’:
[6.711s] [01m[K/home/locobot/SU_Robotics/eyetracking_ros_ws/src/sllidar_ros2/sdk/src/sl_async_transceiver.h:90:41:[m[K [01;35m[Kwarning: [m[Kunused parameter ‘[01m[KerrCode[m[K’ [[01;35m[K-Wunused-parameter[m[K]
[6.711s]    90 |  virtual void   onChannelError([01;35m[Ku_result errCode[m[K) {}
[6.711s]       |                                [01;35m[K~~~~~~~~~^~~~~~~[m[K
[6.755s] [01m[K/home/locobot/SU_Robotics/eyetracking_ros_ws/src/sllidar_ros2/sdk/src/sl_lidar_driver.cpp:[m[K In member function ‘[01m[Kvirtual sl_result sl::SlamtecLidarDriver::reset(sl_u32)[m[K’:
[6.756s] [01m[K/home/locobot/SU_Robotics/eyetracking_ros_ws/src/sllidar_ros2/sdk/src/sl_lidar_driver.cpp:511:32:[m[K [01;35m[Kwarning: [m[Kunused parameter ‘[01m[KtimeoutInMs[m[K’ [[01;35m[K-Wunused-parameter[m[K]
[6.756s]   511 |         sl_result reset([01;35m[Ksl_u32 timeoutInMs = DEFAULT_TIMEOUT[m[K)
[6.756s]       |                         [01;35m[K~~~~~~~^~~~~~~~~~~~~~~~~~~~~~~~~~~~~[m[K
[6.761s] [01m[K/home/locobot/SU_Robotics/eyetracking_ros_ws/src/sllidar_ros2/sdk/src/sl_lidar_driver.cpp:[m[K In member function ‘[01m[Kvirtual sl_result sl::SlamtecLidarDriver::startScan(bool, bool, sl_u32, sl::LidarScanMode*)[m[K’:
[6.761s] [01m[K/home/locobot/SU_Robotics/eyetracking_ros_ws/src/sllidar_ros2/sdk/src/sl_lidar_driver.cpp:586:69:[m[K [01;35m[Kwarning: [m[Kunused parameter ‘[01m[Koptions[m[K’ [[01;35m[K-Wunused-parameter[m[K]
[6.761s]   586 |         sl_result startScan(bool force, bool useTypicalScan, [01;35m[Ksl_u32 options = 0[m[K, LidarScanMode* outUsedScanMode = nullptr)
[6.762s]       |                                                              [01;35m[K~~~~~~~^~~~~~~~~~~[m[K
[6.764s] [01m[K/home/locobot/SU_Robotics/eyetracking_ros_ws/src/sllidar_ros2/sdk/src/sl_lidar_driver.cpp:[m[K In member function ‘[01m[Kvirtual sl_result sl::SlamtecLidarDriver::stop(sl_u32)[m[K’:
[6.765s] [01m[K/home/locobot/SU_Robotics/eyetracking_ros_ws/src/sllidar_ros2/sdk/src/sl_lidar_driver.cpp:763:31:[m[K [01;35m[Kwarning: [m[Kunused parameter ‘[01m[Ktimeout[m[K’ [[01;35m[K-Wunused-parameter[m[K]
[6.765s]   763 |         sl_result stop([01;35m[Ksl_u32 timeout = DEFAULT_TIMEOUT[m[K)
[6.765s]       |                        [01;35m[K~~~~~~~^~~~~~~~~~~~~~~~~~~~~~~~~[m[K
[6.783s] [01m[K/home/locobot/SU_Robotics/eyetracking_ros_ws/src/sllidar_ros2/sdk/src/sl_lidar_driver.cpp:[m[K In member function ‘[01m[Kvirtual sl_result sl::SlamtecLidarDriver::getFrequency(const sl::LidarScanMode&, const sl_lidar_response_measurement_node_hq_t*, size_t, float&)[m[K’:
[6.784s] [01m[K/home/locobot/SU_Robotics/eyetracking_ros_ws/src/sllidar_ros2/sdk/src/sl_lidar_driver.cpp:880:110:[m[K [01;35m[Kwarning: [m[Kunused parameter ‘[01m[Knodes[m[K’ [[01;35m[K-Wunused-parameter[m[K]
[6.784s]   880 |         sl_result getFrequency(const LidarScanMode& scanMode, [01;35m[Kconst sl_lidar_response_measurement_node_hq_t* nodes[m[K, size_t count, float& frequency)
[6.784s]       |                                                               [01;35m[K~~~~~~~~~~~~~~~~~~~~~~~~~~~~~~~~~~~~~~~~~~~~~~~^~~~~[m[K
[6.787s] [01m[K/home/locobot/SU_Robotics/eyetracking_ros_ws/src/sllidar_ros2/sdk/src/sl_lidar_driver.cpp:[m[K In member function ‘[01m[Kvirtual sl_result sl::SlamtecLidarDriver::getMotorInfo(sl::LidarMotorInfo&, sl_u32)[m[K’:
[6.787s] [01m[K/home/locobot/SU_Robotics/eyetracking_ros_ws/src/sllidar_ros2/sdk/src/sl_lidar_driver.cpp:1023:66:[m[K [01;35m[Kwarning: [m[Kunused parameter ‘[01m[KtimeoutInMs[m[K’ [[01;35m[K-Wunused-parameter[m[K]
[6.787s]  1023 |         sl_result getMotorInfo(LidarMotorInfo &motorInfo, [01;35m[Ksl_u32 timeoutInMs[m[K)
[6.788s]       |                                                           [01;35m[K~~~~~~~^~~~~~~~~~~[m[K
[6.789s] [01m[K/home/locobot/SU_Robotics/eyetracking_ros_ws/src/sllidar_ros2/sdk/src/sl_lidar_driver.cpp:[m[K In member function ‘[01m[Ku_result sl::SlamtecLidarDriver::getScanModeCount(sl_u16&, sl_u32)[m[K’:
[6.789s] [01m[K/home/locobot/SU_Robotics/eyetracking_ros_ws/src/sllidar_ros2/sdk/src/sl_lidar_driver.cpp:1199:61:[m[K [01;35m[Kwarning: [m[Kunused parameter ‘[01m[KtimeoutInMs[m[K’ [[01;35m[K-Wunused-parameter[m[K]
[6.789s]  1199 |         u_result getScanModeCount(sl_u16& modeCount, [01;35m[Ksl_u32 timeoutInMs = DEFAULT_TIMEOUT[m[K)
[6.789s]       |                                                      [01;35m[K~~~~~~~^~~~~~~~~~~~~~~~~~~~~~~~~~~~~[m[K
[6.936s] /home/locobot/SU_Robotics/eyetracking_ros_ws/src/sllidar_ros2/sdk/src/sl_lidar_driver.cpp: In instantiation of ‘[01m[Kvoid sl::RawSampleNodeHolder<T>::pushNode(_u64, const T*) [with T = sl_lidar_response_measurement_node_hq_t; _u64 = long unsigned int][m[K’:
[6.936s] [01m[K/home/locobot/SU_Robotics/eyetracking_ros_ws/src/sllidar_ros2/sdk/src/sl_lidar_driver.cpp:1648:61:[m[K   required from here
[6.936s] [01m[K/home/locobot/SU_Robotics/eyetracking_ros_ws/src/sllidar_ros2/sdk/src/sl_lidar_driver.cpp:202:28:[m[K [01;35m[Kwarning: [m[Kunused parameter ‘[01m[Ktimestamp_uS[m[K’ [[01;35m[K-Wunused-parameter[m[K]
[6.937s]   202 |         void pushNode([01;35m[K_u64 timestamp_uS[m[K, const T* node)
[6.937s]       |                       [01;35m[K~~~~~^~~~~~~~~~~~[m[K
[7.192s] [01m[K/home/locobot/SU_Robotics/eyetracking_ros_ws/src/sllidar_ros2/sdk/src/sl_lidar_driver.cpp:[m[K At global scope:
[7.192s] [01m[K/home/locobot/SU_Robotics/eyetracking_ros_ws/src/sllidar_ros2/sdk/src/sl_lidar_driver.cpp:83:17:[m[K [01;35m[Kwarning: [m[K‘[01m[Kvoid sl::convert(const sl_lidar_response_measurement_node_hq_t&, sl_lidar_response_measurement_node_t&)[m[K’ defined but not used [[01;35m[K-Wunused-function[m[K]
[7.192s]    83 |     static void [01;35m[Kconvert[m[K(const sl_lidar_response_measurement_node_hq_t& from, sl_lidar_response_measurement_node_t& to)
[7.192s]       |                 [01;35m[K^~~~~~~[m[K
[7.193s] [01m[K/home/locobot/SU_Robotics/eyetracking_ros_ws/src/sllidar_ros2/sdk/src/sl_lidar_driver.cpp:75:17:[m[K [01;35m[Kwarning: [m[K‘[01m[Kvoid sl::convert(const sl_lidar_response_measurement_node_t&, sl_lidar_response_measurement_node_hq_t&)[m[K’ defined but not used [[01;35m[K-Wunused-function[m[K]
[7.193s]    75 |     static void [01;35m[Kconvert[m[K(const sl_lidar_response_measurement_node_t& from, sl_lidar_response_measurement_node_hq_t& to)
[7.193s]       |                 [01;35m[K^~~~~~~[m[K
[7.193s] [01m[K/home/locobot/SU_Robotics/eyetracking_ros_ws/src/sllidar_ros2/sdk/src/sl_lidar_driver.cpp:70:17:[m[K [01;35m[Kwarning: [m[K‘[01m[Kvoid sl::printDeprecationWarn(const char*, const char*)[m[K’ defined but not used [[01;35m[K-Wunused-function[m[K]
[7.193s]    70 |     static void [01;35m[KprintDeprecationWarn[m[K(const char* fn, const char* replacement)
[7.193s]       |                 [01;35m[K^~~~~~~~~~~~~~~~~~~~[m[K
[8.149s] In file included from [01m[K/home/locobot/SU_Robotics/eyetracking_ros_ws/src/sllidar_ros2/./sdk/include/sl_lidar_cmd.h:41[m[K,
[8.149s]                  from [01m[K/home/locobot/SU_Robotics/eyetracking_ros_ws/src/sllidar_ros2/./sdk/include/sl_lidar_driver.h:54[m[K,
[8.149s]                  from [01m[K/home/locobot/SU_Robotics/eyetracking_ros_ws/src/sllidar_ros2/./sdk/include/sl_lidar.h:36[m[K,
[8.149s]                  from [01m[K/home/locobot/SU_Robotics/eyetracking_ros_ws/src/sllidar_ros2/src/sllidar_node.cpp:38[m[K:
[8.150s] [01m[K/home/locobot/SU_Robotics/eyetracking_ros_ws/src/sllidar_ros2/./sdk/include/sl_lidar_protocol.h:66:16:[m[K [01;35m[Kwarning: [m[KISO C++ forbids zero-size array ‘[01m[Kdata[m[K’ [[01;35m[K-Wpedantic[m[K]
[8.150s]    66 |     sl_u8 data[[01;35m[K0[m[K];
[8.150s]       |                [01;35m[K^[m[K
[8.150s] In file included from [01m[K/home/locobot/SU_Robotics/eyetracking_ros_ws/src/sllidar_ros2/./sdk/include/sl_lidar_driver.h:54[m[K,
[8.150s]                  from [01m[K/home/locobot/SU_Robotics/eyetracking_ros_ws/src/sllidar_ros2/./sdk/include/sl_lidar.h:36[m[K,
[8.151s]                  from [01m[K/home/locobot/SU_Robotics/eyetracking_ros_ws/src/sllidar_ros2/src/sllidar_node.cpp:38[m[K:
[8.151s] [01m[K/home/locobot/SU_Robotics/eyetracking_ros_ws/src/sllidar_ros2/./sdk/include/sl_lidar_cmd.h:324:20:[m[K [01;35m[Kwarning: [m[KISO C++ forbids zero-size array ‘[01m[Kpayload[m[K’ [[01;35m[K-Wpedantic[m[K]
[8.151s]   324 |     sl_u8  payload[[01;35m[K0[m[K];
[8.151s]       |                    [01;35m[K^[m[K
[12.845s] [ 95%] [32m[1mLinking CXX executable sllidar_node[0m
[13.322s] [ 95%] Built target sllidar_node
[17.178s] [100%] [32m[1mLinking CXX executable sllidar_client[0m
[17.513s] [100%] Built target sllidar_client
[17.736s] Invoked command in '/home/locobot/SU_Robotics/eyetracking_ros_ws/build/sllidar_ros2' returned '0': CMAKE_PREFIX_PATH=${CMAKE_PREFIX_PATH}:/home/locobot/interbotix_ws/install/interbotix_xs_modules:/home/locobot/interbotix_ws/install/interbotix_perception_modules:/home/locobot/interbotix_ws/install/interbotix_common_modules:/opt/ros/galactic /usr/bin/cmake --build /home/locobot/SU_Robotics/eyetracking_ros_ws/build/sllidar_ros2 -- -j12 -l12
[17.804s] Invoking command in '/home/locobot/SU_Robotics/eyetracking_ros_ws/build/sllidar_ros2': CMAKE_PREFIX_PATH=${CMAKE_PREFIX_PATH}:/home/locobot/interbotix_ws/install/interbotix_xs_modules:/home/locobot/interbotix_ws/install/interbotix_perception_modules:/home/locobot/interbotix_ws/install/interbotix_common_modules:/opt/ros/galactic /usr/bin/cmake --install /home/locobot/SU_Robotics/eyetracking_ros_ws/build/sllidar_ros2
[17.816s] -- Install configuration: ""
[17.816s] -- Installing: /home/locobot/SU_Robotics/eyetracking_ros_ws/install/sllidar_ros2/share/sllidar_ros2/launch
[17.816s] -- Installing: /home/locobot/SU_Robotics/eyetracking_ros_ws/install/sllidar_ros2/share/sllidar_ros2/launch/sllidar_a1_launch.py
[17.816s] -- Installing: /home/locobot/SU_Robotics/eyetracking_ros_ws/install/sllidar_ros2/share/sllidar_ros2/launch/view_sllidar_a2m12_launch.py
[17.816s] -- Installing: /home/locobot/SU_Robotics/eyetracking_ros_ws/install/sllidar_ros2/share/sllidar_ros2/launch/view_sllidar_t1_launch.py
[17.816s] -- Installing: /home/locobot/SU_Robotics/eyetracking_ros_ws/install/sllidar_ros2/share/sllidar_ros2/launch/view_sllidar_s2e_launch.py
[17.817s] -- Installing: /home/locobot/SU_Robotics/eyetracking_ros_ws/install/sllidar_ros2/share/sllidar_ros2/launch/sllidar_s3_launch.py
[17.817s] -- Installing: /home/locobot/SU_Robotics/eyetracking_ros_ws/install/sllidar_ros2/share/sllidar_ros2/launch/sllidar_t1_launch.py
[17.817s] -- Installing: /home/locobot/SU_Robotics/eyetracking_ros_ws/install/sllidar_ros2/share/sllidar_ros2/launch/view_sllidar_s1_tcp_launch.py
[17.817s] -- Installing: /home/locobot/SU_Robotics/eyetracking_ros_ws/install/sllidar_ros2/share/sllidar_ros2/launch/view_sllidar_s3_launch.py
[17.817s] -- Installing: /home/locobot/SU_Robotics/eyetracking_ros_ws/install/sllidar_ros2/share/sllidar_ros2/launch/sllidar_a2m12_launch .py
[17.817s] -- Installing: /home/locobot/SU_Robotics/eyetracking_ros_ws/install/sllidar_ros2/share/sllidar_ros2/launch/sllidar_s2e_launch.py
[17.817s] -- Installing: /home/locobot/SU_Robotics/eyetracking_ros_ws/install/sllidar_ros2/share/sllidar_ros2/launch/view_sllidar_a2m8_launch.py
[17.817s] -- Installing: /home/locobot/SU_Robotics/eyetracking_ros_ws/install/sllidar_ros2/share/sllidar_ros2/launch/sllidar_s1_launch.py
[17.818s] -- Installing: /home/locobot/SU_Robotics/eyetracking_ros_ws/install/sllidar_ros2/share/sllidar_ros2/launch/view_sllidar_c1_launch.py
[17.818s] -- Installing: /home/locobot/SU_Robotics/eyetracking_ros_ws/install/sllidar_ros2/share/sllidar_ros2/launch/view_sllidar_s1_launch.py
[17.818s] -- Installing: /home/locobot/SU_Robotics/eyetracking_ros_ws/install/sllidar_ros2/share/sllidar_ros2/launch/view_sllidar_a3_launch.py
[17.818s] -- Installing: /home/locobot/SU_Robotics/eyetracking_ros_ws/install/sllidar_ros2/share/sllidar_ros2/launch/view_sllidar_s2_launch.py
[17.818s] -- Installing: /home/locobot/SU_Robotics/eyetracking_ros_ws/install/sllidar_ros2/share/sllidar_ros2/launch/sllidar_a2m8_launch.py
[17.818s] -- Installing: /home/locobot/SU_Robotics/eyetracking_ros_ws/install/sllidar_ros2/share/sllidar_ros2/launch/sllidar_s2_launch.py
[17.818s] -- Installing: /home/locobot/SU_Robotics/eyetracking_ros_ws/install/sllidar_ros2/share/sllidar_ros2/launch/sllidar_s1_tcp_launch.py
[17.818s] -- Installing: /home/locobot/SU_Robotics/eyetracking_ros_ws/install/sllidar_ros2/share/sllidar_ros2/launch/sllidar_a2m7_launch.py
[17.819s] -- Installing: /home/locobot/SU_Robotics/eyetracking_ros_ws/install/sllidar_ros2/share/sllidar_ros2/launch/sllidar_c1_launch.py
[17.819s] -- Installing: /home/locobot/SU_Robotics/eyetracking_ros_ws/install/sllidar_ros2/share/sllidar_ros2/launch/sllidar_a3_launch.py
[17.819s] -- Installing: /home/locobot/SU_Robotics/eyetracking_ros_ws/install/sllidar_ros2/share/sllidar_ros2/launch/view_sllidar_a1_launch.py
[17.819s] -- Installing: /home/locobot/SU_Robotics/eyetracking_ros_ws/install/sllidar_ros2/share/sllidar_ros2/launch/view_sllidar_a2m7_launch.py
[17.819s] -- Installing: /home/locobot/SU_Robotics/eyetracking_ros_ws/install/sllidar_ros2/share/sllidar_ros2/rviz
[17.819s] -- Installing: /home/locobot/SU_Robotics/eyetracking_ros_ws/install/sllidar_ros2/share/sllidar_ros2/rviz/sllidar_ros2.rviz
[17.819s] -- Installing: /home/locobot/SU_Robotics/eyetracking_ros_ws/install/sllidar_ros2/lib/sllidar_ros2/sllidar_node
[17.821s] -- Set runtime path of "/home/locobot/SU_Robotics/eyetracking_ros_ws/install/sllidar_ros2/lib/sllidar_ros2/sllidar_node" to ""
[17.821s] -- Installing: /home/locobot/SU_Robotics/eyetracking_ros_ws/install/sllidar_ros2/lib/sllidar_ros2/sllidar_client
[17.824s] -- Set runtime path of "/home/locobot/SU_Robotics/eyetracking_ros_ws/install/sllidar_ros2/lib/sllidar_ros2/sllidar_client" to ""
[17.824s] -- Installing: /home/locobot/SU_Robotics/eyetracking_ros_ws/install/sllidar_ros2/share/ament_index/resource_index/package_run_dependencies/sllidar_ros2
[17.824s] -- Installing: /home/locobot/SU_Robotics/eyetracking_ros_ws/install/sllidar_ros2/share/ament_index/resource_index/parent_prefix_path/sllidar_ros2
[17.824s] -- Installing: /home/locobot/SU_Robotics/eyetracking_ros_ws/install/sllidar_ros2/share/sllidar_ros2/environment/ament_prefix_path.sh
[17.825s] -- Installing: /home/locobot/SU_Robotics/eyetracking_ros_ws/install/sllidar_ros2/share/sllidar_ros2/environment/ament_prefix_path.dsv
[17.825s] -- Installing: /home/locobot/SU_Robotics/eyetracking_ros_ws/install/sllidar_ros2/share/sllidar_ros2/environment/path.sh
[17.825s] -- Installing: /home/locobot/SU_Robotics/eyetracking_ros_ws/install/sllidar_ros2/share/sllidar_ros2/environment/path.dsv
[17.825s] -- Installing: /home/locobot/SU_Robotics/eyetracking_ros_ws/install/sllidar_ros2/share/sllidar_ros2/local_setup.bash
[17.825s] -- Installing: /home/locobot/SU_Robotics/eyetracking_ros_ws/install/sllidar_ros2/share/sllidar_ros2/local_setup.sh
[17.825s] -- Installing: /home/locobot/SU_Robotics/eyetracking_ros_ws/install/sllidar_ros2/share/sllidar_ros2/local_setup.zsh
[17.826s] -- Installing: /home/locobot/SU_Robotics/eyetracking_ros_ws/install/sllidar_ros2/share/sllidar_ros2/local_setup.dsv
[17.826s] -- Installing: /home/locobot/SU_Robotics/eyetracking_ros_ws/install/sllidar_ros2/share/sllidar_ros2/package.dsv
[17.826s] -- Installing: /home/locobot/SU_Robotics/eyetracking_ros_ws/install/sllidar_ros2/share/ament_index/resource_index/packages/sllidar_ros2
[17.826s] -- Installing: /home/locobot/SU_Robotics/eyetracking_ros_ws/install/sllidar_ros2/share/sllidar_ros2/cmake/ament_cmake_export_dependencies-extras.cmake
[17.826s] -- Installing: /home/locobot/SU_Robotics/eyetracking_ros_ws/install/sllidar_ros2/share/sllidar_ros2/cmake/ament_cmake_export_include_directories-extras.cmake
[17.826s] -- Installing: /home/locobot/SU_Robotics/eyetracking_ros_ws/install/sllidar_ros2/share/sllidar_ros2/cmake/sllidar_ros2Config.cmake
[17.826s] -- Installing: /home/locobot/SU_Robotics/eyetracking_ros_ws/install/sllidar_ros2/share/sllidar_ros2/cmake/sllidar_ros2Config-version.cmake
[17.827s] -- Installing: /home/locobot/SU_Robotics/eyetracking_ros_ws/install/sllidar_ros2/share/sllidar_ros2/package.xml
[17.829s] Invoked command in '/home/locobot/SU_Robotics/eyetracking_ros_ws/build/sllidar_ros2' returned '0': CMAKE_PREFIX_PATH=${CMAKE_PREFIX_PATH}:/home/locobot/interbotix_ws/install/interbotix_xs_modules:/home/locobot/interbotix_ws/install/interbotix_perception_modules:/home/locobot/interbotix_ws/install/interbotix_common_modules:/opt/ros/galactic /usr/bin/cmake --install /home/locobot/SU_Robotics/eyetracking_ros_ws/build/sllidar_ros2
