[1.937s] Invoking command in '/home/locobot/SU_Robotics/eyetracking_ros_ws/build/interbotix_common_sim': CMAKE_PREFIX_PATH=${CMAKE_PREFIX_PATH}:/home/locobot/interbotix_ws/install/interbotix_xs_modules:/home/locobot/interbotix_ws/install/interbotix_perception_modules:/home/locobot/interbotix_ws/install/interbotix_common_modules:/opt/ros/galactic /usr/bin/cmake /home/locobot/SU_Robotics/eyetracking_ros_ws/src/interbotix_ros_toolboxes/interbotix_common_toolbox/interbotix_common_sim -DCMAKE_INSTALL_PREFIX=/home/locobot/SU_Robotics/eyetracking_ros_ws/install/interbotix_common_sim
[2.327s] -- The C compiler identification is GNU 9.4.0
[2.327s] -- The CXX compiler identification is GNU 9.4.0
[2.327s] -- Check for working C compiler: /usr/bin/cc
[2.328s] -- Check for working C compiler: /usr/bin/cc -- works
[2.328s] -- Detecting C compiler ABI info
[2.328s] -- Detecting C compiler ABI info - done
[2.328s] -- Detecting C compile features
[2.328s] -- Detecting C compile features - done
[2.328s] -- Check for working CXX compiler: /usr/bin/c++
[2.372s] -- Check for working CXX compiler: /usr/bin/c++ -- works
[2.373s] -- Detecting CXX compiler ABI info
[2.495s] -- Detecting CXX compiler ABI info - done
[2.515s] -- Detecting CXX compile features
[2.516s] -- Detecting CXX compile features - done
[2.522s] -- Found ament_cmake: 1.1.6 (/opt/ros/galactic/share/ament_cmake/cmake)
[2.571s] -- Found PythonInterp: /usr/bin/python3 (found suitable version "3.8.10", minimum required is "3") 
[2.574s] -- Using PYTHON_EXECUTABLE: /usr/bin/python3
[2.711s] -- Found ament_lint_auto: 0.10.7 (/opt/ros/galactic/share/ament_lint_auto/cmake)
[2.776s] -- Configuring done
[2.778s] -- Generating done
[2.778s] -- Build files have been written to: /home/locobot/SU_Robotics/eyetracking_ros_ws/build/interbotix_common_sim
[2.781s] Invoked command in '/home/locobot/SU_Robotics/eyetracking_ros_ws/build/interbotix_common_sim' returned '0': CMAKE_PREFIX_PATH=${CMAKE_PREFIX_PATH}:/home/locobot/interbotix_ws/install/interbotix_xs_modules:/home/locobot/interbotix_ws/install/interbotix_perception_modules:/home/locobot/interbotix_ws/install/interbotix_common_modules:/opt/ros/galactic /usr/bin/cmake /home/locobot/SU_Robotics/eyetracking_ros_ws/src/interbotix_ros_toolboxes/interbotix_common_toolbox/interbotix_common_sim -DCMAKE_INSTALL_PREFIX=/home/locobot/SU_Robotics/eyetracking_ros_ws/install/interbotix_common_sim
[2.784s] Invoking command in '/home/locobot/SU_Robotics/eyetracking_ros_ws/build/interbotix_common_sim': CMAKE_PREFIX_PATH=${CMAKE_PREFIX_PATH}:/home/locobot/interbotix_ws/install/interbotix_xs_modules:/home/locobot/interbotix_ws/install/interbotix_perception_modules:/home/locobot/interbotix_ws/install/interbotix_common_modules:/opt/ros/galactic /usr/bin/cmake --build /home/locobot/SU_Robotics/eyetracking_ros_ws/build/interbotix_common_sim -- -j12 -l12
[2.825s] Invoked command in '/home/locobot/SU_Robotics/eyetracking_ros_ws/build/interbotix_common_sim' returned '0': CMAKE_PREFIX_PATH=${CMAKE_PREFIX_PATH}:/home/locobot/interbotix_ws/install/interbotix_xs_modules:/home/locobot/interbotix_ws/install/interbotix_perception_modules:/home/locobot/interbotix_ws/install/interbotix_common_modules:/opt/ros/galactic /usr/bin/cmake --build /home/locobot/SU_Robotics/eyetracking_ros_ws/build/interbotix_common_sim -- -j12 -l12
[2.864s] Invoking command in '/home/locobot/SU_Robotics/eyetracking_ros_ws/build/interbotix_common_sim': CMAKE_PREFIX_PATH=${CMAKE_PREFIX_PATH}:/home/locobot/interbotix_ws/install/interbotix_xs_modules:/home/locobot/interbotix_ws/install/interbotix_perception_modules:/home/locobot/interbotix_ws/install/interbotix_common_modules:/opt/ros/galactic /usr/bin/cmake --install /home/locobot/SU_Robotics/eyetracking_ros_ws/build/interbotix_common_sim
[2.875s] -- Install configuration: ""
[2.876s] -- Installing: /home/locobot/SU_Robotics/eyetracking_ros_ws/install/interbotix_common_sim/share/interbotix_common_sim/models
[2.876s] -- Installing: /home/locobot/SU_Robotics/eyetracking_ros_ws/install/interbotix_common_sim/share/interbotix_common_sim/models/VisionKit
[2.876s] -- Installing: /home/locobot/SU_Robotics/eyetracking_ros_ws/install/interbotix_common_sim/share/interbotix_common_sim/models/VisionKit/stand.stl
[2.876s] -- Installing: /home/locobot/SU_Robotics/eyetracking_ros_ws/install/interbotix_common_sim/share/interbotix_common_sim/models/VisionKit/VisionKit.sdf
[2.876s] -- Installing: /home/locobot/SU_Robotics/eyetracking_ros_ws/install/interbotix_common_sim/share/interbotix_common_sim/models/VisionKit/model.config
[2.876s] -- Installing: /home/locobot/SU_Robotics/eyetracking_ros_ws/install/interbotix_common_sim/share/interbotix_common_sim/models/TrossenRoboticsOfficeBuilding
[2.876s] -- Installing: /home/locobot/SU_Robotics/eyetracking_ros_ws/install/interbotix_common_sim/share/interbotix_common_sim/models/TrossenRoboticsOfficeBuilding/TrossenRoboticsOfficeBuilding.sdf
[2.877s] -- Installing: /home/locobot/SU_Robotics/eyetracking_ros_ws/install/interbotix_common_sim/share/interbotix_common_sim/models/TrossenRoboticsOfficeBuilding/model.config
[2.877s] -- Installing: /home/locobot/SU_Robotics/eyetracking_ros_ws/install/interbotix_common_sim/share/interbotix_common_sim/models/RealSenseD415
[2.877s] -- Installing: /home/locobot/SU_Robotics/eyetracking_ros_ws/install/interbotix_common_sim/share/interbotix_common_sim/models/RealSenseD415/camera.stl
[2.877s] -- Installing: /home/locobot/SU_Robotics/eyetracking_ros_ws/install/interbotix_common_sim/share/interbotix_common_sim/models/RealSenseD415/model.config
[2.877s] -- Installing: /home/locobot/SU_Robotics/eyetracking_ros_ws/install/interbotix_common_sim/share/interbotix_common_sim/models/RealSenseD415/RealSenseD415.sdf
[2.877s] -- Installing: /home/locobot/SU_Robotics/eyetracking_ros_ws/install/interbotix_common_sim/share/interbotix_common_sim/worlds
[2.877s] -- Installing: /home/locobot/SU_Robotics/eyetracking_ros_ws/install/interbotix_common_sim/share/interbotix_common_sim/worlds/interbotix.world
[2.878s] -- Installing: /home/locobot/SU_Robotics/eyetracking_ros_ws/install/interbotix_common_sim/share/interbotix_common_sim/worlds/vision_kit.world
[2.878s] -- Installing: /home/locobot/SU_Robotics/eyetracking_ros_ws/install/interbotix_common_sim/share/interbotix_common_sim/media
[2.878s] -- Installing: /home/locobot/SU_Robotics/eyetracking_ros_ws/install/interbotix_common_sim/share/interbotix_common_sim/media/interbotix_black.png
[2.878s] -- Installing: /home/locobot/SU_Robotics/eyetracking_ros_ws/install/interbotix_common_sim/share/interbotix_common_sim/media/materials
[2.878s] -- Installing: /home/locobot/SU_Robotics/eyetracking_ros_ws/install/interbotix_common_sim/share/interbotix_common_sim/media/materials/scripts
[2.878s] -- Installing: /home/locobot/SU_Robotics/eyetracking_ros_ws/install/interbotix_common_sim/share/interbotix_common_sim/media/materials/scripts/interbotix_texture.gazebo
[2.878s] -- Installing: /home/locobot/SU_Robotics/eyetracking_ros_ws/install/interbotix_common_sim/share/interbotix_common_sim/media/materials/scripts/interbotix_black.material
[2.878s] -- Installing: /home/locobot/SU_Robotics/eyetracking_ros_ws/install/interbotix_common_sim/share/interbotix_common_sim/media/materials/textures
[2.879s] -- Installing: /home/locobot/SU_Robotics/eyetracking_ros_ws/install/interbotix_common_sim/share/interbotix_common_sim/media/materials/textures/interbotix_black.png
[2.879s] -- Installing: /home/locobot/SU_Robotics/eyetracking_ros_ws/install/interbotix_common_sim/share/ament_index/resource_index/package_run_dependencies/interbotix_common_sim
[2.879s] -- Installing: /home/locobot/SU_Robotics/eyetracking_ros_ws/install/interbotix_common_sim/share/ament_index/resource_index/parent_prefix_path/interbotix_common_sim
[2.879s] -- Installing: /home/locobot/SU_Robotics/eyetracking_ros_ws/install/interbotix_common_sim/share/interbotix_common_sim/environment/ament_prefix_path.sh
[2.879s] -- Installing: /home/locobot/SU_Robotics/eyetracking_ros_ws/install/interbotix_common_sim/share/interbotix_common_sim/environment/ament_prefix_path.dsv
[2.879s] -- Installing: /home/locobot/SU_Robotics/eyetracking_ros_ws/install/interbotix_common_sim/share/interbotix_common_sim/environment/path.sh
[2.879s] -- Installing: /home/locobot/SU_Robotics/eyetracking_ros_ws/install/interbotix_common_sim/share/interbotix_common_sim/environment/path.dsv
[2.879s] -- Installing: /home/locobot/SU_Robotics/eyetracking_ros_ws/install/interbotix_common_sim/share/interbotix_common_sim/local_setup.bash
[2.880s] -- Installing: /home/locobot/SU_Robotics/eyetracking_ros_ws/install/interbotix_common_sim/share/interbotix_common_sim/local_setup.sh
[2.880s] -- Installing: /home/locobot/SU_Robotics/eyetracking_ros_ws/install/interbotix_common_sim/share/interbotix_common_sim/local_setup.zsh
[2.880s] -- Installing: /home/locobot/SU_Robotics/eyetracking_ros_ws/install/interbotix_common_sim/share/interbotix_common_sim/local_setup.dsv
[2.880s] -- Installing: /home/locobot/SU_Robotics/eyetracking_ros_ws/install/interbotix_common_sim/share/interbotix_common_sim/package.dsv
[2.880s] -- Installing: /home/locobot/SU_Robotics/eyetracking_ros_ws/install/interbotix_common_sim/share/ament_index/resource_index/packages/interbotix_common_sim
[2.880s] -- Installing: /home/locobot/SU_Robotics/eyetracking_ros_ws/install/interbotix_common_sim/share/interbotix_common_sim/cmake/interbotix_common_simConfig.cmake
[2.880s] -- Installing: /home/locobot/SU_Robotics/eyetracking_ros_ws/install/interbotix_common_sim/share/interbotix_common_sim/cmake/interbotix_common_simConfig-version.cmake
[2.881s] -- Installing: /home/locobot/SU_Robotics/eyetracking_ros_ws/install/interbotix_common_sim/share/interbotix_common_sim/package.xml
[2.883s] Invoked command in '/home/locobot/SU_Robotics/eyetracking_ros_ws/build/interbotix_common_sim' returned '0': CMAKE_PREFIX_PATH=${CMAKE_PREFIX_PATH}:/home/locobot/interbotix_ws/install/interbotix_xs_modules:/home/locobot/interbotix_ws/install/interbotix_perception_modules:/home/locobot/interbotix_ws/install/interbotix_common_modules:/opt/ros/galactic /usr/bin/cmake --install /home/locobot/SU_Robotics/eyetracking_ros_ws/build/interbotix_common_sim
