[1.127s] Invoking command in '/home/locobot/SU_Robotics/gesture_control_ros/src/gesture_control': PYTHONPATH=/home/locobot/SU_Robotics/gesture_control_ros/build/gesture_control/prefix_override:/home/locobot/SU_Robotics/gesture_control_ros/install/gesture_control/lib/python3.8/site-packages:${PYTHONPATH} /usr/bin/python3 setup.py egg_info --egg-base ../../build/gesture_control build --build-base /home/locobot/SU_Robotics/gesture_control_ros/build/gesture_control/build install --record /home/locobot/SU_Robotics/gesture_control_ros/build/gesture_control/install.log --single-version-externally-managed
[1.336s] running egg_info
[1.337s] writing ../../build/gesture_control/gesture_control.egg-info/PKG-INFO
[1.337s] writing dependency_links to ../../build/gesture_control/gesture_control.egg-info/dependency_links.txt
[1.337s] writing entry points to ../../build/gesture_control/gesture_control.egg-info/entry_points.txt
[1.337s] writing requirements to ../../build/gesture_control/gesture_control.egg-info/requires.txt
[1.337s] writing top-level names to ../../build/gesture_control/gesture_control.egg-info/top_level.txt
[1.366s] reading manifest file '../../build/gesture_control/gesture_control.egg-info/SOURCES.txt'
[1.367s] writing manifest file '../../build/gesture_control/gesture_control.egg-info/SOURCES.txt'
[1.367s] running build
[1.367s] running build_py
[1.367s] copying gesture_control/gesture_recognizer.py -> /home/locobot/SU_Robotics/gesture_control_ros/build/gesture_control/build/lib/gesture_control
[1.367s] running install
[1.368s] running install_lib
[1.369s] copying /home/locobot/SU_Robotics/gesture_control_ros/build/gesture_control/build/lib/gesture_control/gesture_recognizer.py -> /home/locobot/SU_Robotics/gesture_control_ros/install/gesture_control/lib/python3.8/site-packages/gesture_control
[1.369s] byte-compiling /home/locobot/SU_Robotics/gesture_control_ros/install/gesture_control/lib/python3.8/site-packages/gesture_control/gesture_recognizer.py to gesture_recognizer.cpython-38.pyc
[1.370s] running install_data
[1.371s] copying package.xml -> /home/locobot/SU_Robotics/gesture_control_ros/install/gesture_control/share/gesture_control
[1.371s] running install_egg_info
[1.372s] removing '/home/locobot/SU_Robotics/gesture_control_ros/install/gesture_control/lib/python3.8/site-packages/gesture_control-0.0.0-py3.8.egg-info' (and everything under it)
[1.372s] Copying ../../build/gesture_control/gesture_control.egg-info to /home/locobot/SU_Robotics/gesture_control_ros/install/gesture_control/lib/python3.8/site-packages/gesture_control-0.0.0-py3.8.egg-info
[1.373s] running install_scripts
[1.387s] Installing gesture_recognizer script to /home/locobot/SU_Robotics/gesture_control_ros/install/gesture_control/lib/gesture_control
[1.387s] writing list of installed files to '/home/locobot/SU_Robotics/gesture_control_ros/build/gesture_control/install.log'
[1.403s] Invoked command in '/home/locobot/SU_Robotics/gesture_control_ros/src/gesture_control' returned '0': PYTHONPATH=/home/locobot/SU_Robotics/gesture_control_ros/build/gesture_control/prefix_override:/home/locobot/SU_Robotics/gesture_control_ros/install/gesture_control/lib/python3.8/site-packages:${PYTHONPATH} /usr/bin/python3 setup.py egg_info --egg-base ../../build/gesture_control build --build-base /home/locobot/SU_Robotics/gesture_control_ros/build/gesture_control/build install --record /home/locobot/SU_Robotics/gesture_control_ros/build/gesture_control/install.log --single-version-externally-managed
