[1.294s] Invoking command in '/home/locobot/SU_Robotics/eyetracking_ros_ws/build/interbotix_moveit_interface_msgs': CMAKE_PREFIX_PATH=${CMAKE_PREFIX_PATH}:/home/locobot/SU_Robotics/eyetracking_ros_ws/install/interbotix_xs_modules:/home/locobot/SU_Robotics/eyetracking_ros_ws/install/interbotix_perception_modules:/home/locobot/SU_Robotics/eyetracking_ros_ws/install/interbotix_common_modules:/home/locobot/interbotix_ws/install/interbotix_xs_modules:/home/locobot/interbotix_ws/install/interbotix_perception_modules:/home/locobot/interbotix_ws/install/interbotix_common_modules:/opt/ros/galactic /usr/bin/cmake /home/locobot/SU_Robotics/eyetracking_ros_ws/src/interbotix_ros_toolboxes/interbotix_common_toolbox/interbotix_moveit_interface_msgs -DAMENT_CMAKE_SYMLINK_INSTALL=1 -DCMAKE_INSTALL_PREFIX=/home/locobot/SU_Robotics/eyetracking_ros_ws/install/interbotix_moveit_interface_msgs
[1.637s] -- Found rosidl_default_generators: 1.1.1 (/opt/ros/galactic/share/rosidl_default_generators/cmake)
[1.637s] -- Found ament_cmake_core: 1.1.6 (/opt/ros/galactic/share/ament_cmake_core/cmake)
[1.637s] -- Found PythonInterp: /usr/bin/python3 (found suitable version "3.8.10", minimum required is "3") 
[1.637s] -- Using PYTHON_EXECUTABLE: /usr/bin/python3
[1.637s] -- Override CMake install command with custom implementation using symlinks instead of copying resources
[1.638s] -- Using all available rosidl_typesupport_c: rosidl_typesupport_fastrtps_c;rosidl_typesupport_introspection_c
[1.638s] -- Found rosidl_adapter: 2.2.3 (/opt/ros/galactic/share/rosidl_adapter/cmake)
[1.657s] -- Using all available rosidl_typesupport_cpp: rosidl_typesupport_fastrtps_cpp;rosidl_typesupport_introspection_cpp
[1.692s] -- Found std_msgs: 2.2.4 (/opt/ros/galactic/share/std_msgs/cmake)
[1.746s] -- Found geometry_msgs: 2.2.4 (/opt/ros/galactic/share/geometry_msgs/cmake)
[1.850s] -- Found PythonInterp: /usr/bin/python3 (found version "3.8.10") 
[2.164s] -- Found ament_cmake_ros: 0.9.2 (/opt/ros/galactic/share/ament_cmake_ros/cmake)
[2.582s] -- Using all available rosidl_typesupport_c: rosidl_typesupport_fastrtps_c;rosidl_typesupport_introspection_c
[2.794s] -- Using all available rosidl_typesupport_cpp: rosidl_typesupport_fastrtps_cpp;rosidl_typesupport_introspection_cpp
[2.891s] -- Found PythonInterp: /usr/bin/python3 (found suitable version "3.8.10", minimum required is "3.5") 
[2.892s] -- Found python_cmake_module: 0.8.1 (/opt/ros/galactic/share/python_cmake_module/cmake)
[2.950s] -- Using PYTHON_EXECUTABLE: /usr/bin/python3
[2.950s] -- Using PYTHON_INCLUDE_DIRS: /usr/include/python3.8
[2.951s] -- Using PYTHON_LIBRARIES: /usr/lib/x86_64-linux-gnu/libpython3.8.so
[3.101s] -- Found ament_lint_auto: 0.10.7 (/opt/ros/galactic/share/ament_lint_auto/cmake)
[3.124s] -- Configuring done
[3.174s] -- Generating done
[3.178s] -- Build files have been written to: /home/locobot/SU_Robotics/eyetracking_ros_ws/build/interbotix_moveit_interface_msgs
[3.871s] Invoked command in '/home/locobot/SU_Robotics/eyetracking_ros_ws/build/interbotix_moveit_interface_msgs' returned '0': CMAKE_PREFIX_PATH=${CMAKE_PREFIX_PATH}:/home/locobot/SU_Robotics/eyetracking_ros_ws/install/interbotix_xs_modules:/home/locobot/SU_Robotics/eyetracking_ros_ws/install/interbotix_perception_modules:/home/locobot/SU_Robotics/eyetracking_ros_ws/install/interbotix_common_modules:/home/locobot/interbotix_ws/install/interbotix_xs_modules:/home/locobot/interbotix_ws/install/interbotix_perception_modules:/home/locobot/interbotix_ws/install/interbotix_common_modules:/opt/ros/galactic /usr/bin/cmake /home/locobot/SU_Robotics/eyetracking_ros_ws/src/interbotix_ros_toolboxes/interbotix_common_toolbox/interbotix_moveit_interface_msgs -DAMENT_CMAKE_SYMLINK_INSTALL=1 -DCMAKE_INSTALL_PREFIX=/home/locobot/SU_Robotics/eyetracking_ros_ws/install/interbotix_moveit_interface_msgs
[3.873s] Invoking command in '/home/locobot/SU_Robotics/eyetracking_ros_ws/build/interbotix_moveit_interface_msgs': CMAKE_PREFIX_PATH=${CMAKE_PREFIX_PATH}:/home/locobot/SU_Robotics/eyetracking_ros_ws/install/interbotix_xs_modules:/home/locobot/SU_Robotics/eyetracking_ros_ws/install/interbotix_perception_modules:/home/locobot/SU_Robotics/eyetracking_ros_ws/install/interbotix_common_modules:/home/locobot/interbotix_ws/install/interbotix_xs_modules:/home/locobot/interbotix_ws/install/interbotix_perception_modules:/home/locobot/interbotix_ws/install/interbotix_common_modules:/opt/ros/galactic /usr/bin/cmake --build /home/locobot/SU_Robotics/eyetracking_ros_ws/build/interbotix_moveit_interface_msgs -- -j12 -l12
[3.936s] [  3%] Built target interbotix_moveit_interface_msgs__cpp
[3.938s] [ 12%] Built target interbotix_moveit_interface_msgs__rosidl_generator_c
[3.973s] [ 32%] Built target interbotix_moveit_interface_msgs__rosidl_typesupport_cpp
[3.973s] [ 32%] Built target interbotix_moveit_interface_msgs__rosidl_typesupport_introspection_cpp
[3.977s] [ 41%] Built target interbotix_moveit_interface_msgs__rosidl_typesupport_c
[3.978s] [ 51%] Built target interbotix_moveit_interface_msgs__rosidl_typesupport_introspection_c
[3.979s] [ 54%] [32m[1mLinking CXX shared library libinterbotix_moveit_interface_msgs__rosidl_typesupport_fastrtps_cpp.so[0m
[4.169s] [ 61%] Built target interbotix_moveit_interface_msgs__rosidl_typesupport_fastrtps_cpp
[4.202s] [ 64%] [32m[1mLinking CXX shared library libinterbotix_moveit_interface_msgs__rosidl_typesupport_fastrtps_c.so[0m
[4.312s] [ 70%] Built target interbotix_moveit_interface_msgs__rosidl_typesupport_fastrtps_c
[4.334s] [ 70%] Built target interbotix_moveit_interface_msgs
[4.355s] [ 74%] Built target interbotix_moveit_interface_msgs__py
[4.384s] [ 77%] [32m[1mLinking C shared library rosidl_generator_py/interbotix_moveit_interface_msgs/libinterbotix_moveit_interface_msgs__python.so[0m
[4.430s] [ 80%] Built target interbotix_moveit_interface_msgs__python
[4.459s] [ 83%] [32m[1mLinking C shared library rosidl_generator_py/interbotix_moveit_interface_msgs/interbotix_moveit_interface_msgs_s__rosidl_typesupport_introspection_c.cpython-38-x86_64-linux-gnu.so[0m
[4.461s] [ 87%] [32m[1mLinking CXX shared library rosidl_generator_py/interbotix_moveit_interface_msgs/interbotix_moveit_interface_msgs_s__rosidl_typesupport_fastrtps_c.cpython-38-x86_64-linux-gnu.so[0m
[4.465s] [ 90%] [32m[1mLinking C shared library rosidl_generator_py/interbotix_moveit_interface_msgs/interbotix_moveit_interface_msgs_s__rosidl_typesupport_c.cpython-38-x86_64-linux-gnu.so[0m
[4.508s] [ 93%] Built target interbotix_moveit_interface_msgs__rosidl_typesupport_introspection_c__pyext
[4.512s] [ 96%] Built target interbotix_moveit_interface_msgs__rosidl_typesupport_c__pyext
[4.552s] [100%] Built target interbotix_moveit_interface_msgs__rosidl_typesupport_fastrtps_c__pyext
[4.582s] Invoked command in '/home/locobot/SU_Robotics/eyetracking_ros_ws/build/interbotix_moveit_interface_msgs' returned '0': CMAKE_PREFIX_PATH=${CMAKE_PREFIX_PATH}:/home/locobot/SU_Robotics/eyetracking_ros_ws/install/interbotix_xs_modules:/home/locobot/SU_Robotics/eyetracking_ros_ws/install/interbotix_perception_modules:/home/locobot/SU_Robotics/eyetracking_ros_ws/install/interbotix_common_modules:/home/locobot/interbotix_ws/install/interbotix_xs_modules:/home/locobot/interbotix_ws/install/interbotix_perception_modules:/home/locobot/interbotix_ws/install/interbotix_common_modules:/opt/ros/galactic /usr/bin/cmake --build /home/locobot/SU_Robotics/eyetracking_ros_ws/build/interbotix_moveit_interface_msgs -- -j12 -l12
[4.651s] Invoking command in '/home/locobot/SU_Robotics/eyetracking_ros_ws/build/interbotix_moveit_interface_msgs': CMAKE_PREFIX_PATH=${CMAKE_PREFIX_PATH}:/home/locobot/SU_Robotics/eyetracking_ros_ws/install/interbotix_xs_modules:/home/locobot/SU_Robotics/eyetracking_ros_ws/install/interbotix_perception_modules:/home/locobot/SU_Robotics/eyetracking_ros_ws/install/interbotix_common_modules:/home/locobot/interbotix_ws/install/interbotix_xs_modules:/home/locobot/interbotix_ws/install/interbotix_perception_modules:/home/locobot/interbotix_ws/install/interbotix_common_modules:/opt/ros/galactic /usr/bin/cmake --install /home/locobot/SU_Robotics/eyetracking_ros_ws/build/interbotix_moveit_interface_msgs
[4.663s] -- Install configuration: ""
[4.664s] -- Execute custom install script
[4.664s] -- Symlinking: /home/locobot/SU_Robotics/eyetracking_ros_ws/install/interbotix_moveit_interface_msgs/share/ament_index/resource_index/rosidl_interfaces/interbotix_moveit_interface_msgs
[4.677s] -- Symlinking: /home/locobot/SU_Robotics/eyetracking_ros_ws/install/interbotix_moveit_interface_msgs/include/interbotix_moveit_interface_msgs/msg/rosidl_generator_c__visibility_control.h
[4.689s] -- Symlinking: /home/locobot/SU_Robotics/eyetracking_ros_ws/install/interbotix_moveit_interface_msgs/include/interbotix_moveit_interface_msgs/srv/detail/move_it_plan__functions.h
[4.699s] -- Symlinking: /home/locobot/SU_Robotics/eyetracking_ros_ws/install/interbotix_moveit_interface_msgs/include/interbotix_moveit_interface_msgs/srv/detail/move_it_plan__struct.h
[4.709s] -- Symlinking: /home/locobot/SU_Robotics/eyetracking_ros_ws/install/interbotix_moveit_interface_msgs/include/interbotix_moveit_interface_msgs/srv/detail/move_it_plan__type_support.h
[4.720s] -- Symlinking: /home/locobot/SU_Robotics/eyetracking_ros_ws/install/interbotix_moveit_interface_msgs/include/interbotix_moveit_interface_msgs/srv/move_it_plan.h
[4.731s] -- Symlinking: /home/locobot/SU_Robotics/eyetracking_ros_ws/install/interbotix_moveit_interface_msgs/share/interbotix_moveit_interface_msgs/environment/library_path.sh
[4.742s] -- Symlinking: /home/locobot/SU_Robotics/eyetracking_ros_ws/install/interbotix_moveit_interface_msgs/share/interbotix_moveit_interface_msgs/environment/library_path.dsv
[4.754s] -- Symlinking: /home/locobot/SU_Robotics/eyetracking_ros_ws/install/interbotix_moveit_interface_msgs/include/interbotix_moveit_interface_msgs/msg/rosidl_typesupport_fastrtps_c__visibility_control.h
[4.766s] -- Symlinking: /home/locobot/SU_Robotics/eyetracking_ros_ws/install/interbotix_moveit_interface_msgs/include/interbotix_moveit_interface_msgs/srv/detail/move_it_plan__rosidl_typesupport_fastrtps_c.h
[4.780s] -- Symlinking: /home/locobot/SU_Robotics/eyetracking_ros_ws/install/interbotix_moveit_interface_msgs/lib/libinterbotix_moveit_interface_msgs__rosidl_typesupport_fastrtps_c.so
[4.792s] -- Symlinking: /home/locobot/SU_Robotics/eyetracking_ros_ws/install/interbotix_moveit_interface_msgs/include/interbotix_moveit_interface_msgs/msg/rosidl_typesupport_fastrtps_cpp__visibility_control.h
[4.805s] -- Symlinking: /home/locobot/SU_Robotics/eyetracking_ros_ws/install/interbotix_moveit_interface_msgs/include/interbotix_moveit_interface_msgs/srv/detail/move_it_plan__rosidl_typesupport_fastrtps_cpp.hpp
[4.819s] -- Symlinking: /home/locobot/SU_Robotics/eyetracking_ros_ws/install/interbotix_moveit_interface_msgs/lib/libinterbotix_moveit_interface_msgs__rosidl_typesupport_fastrtps_cpp.so
[4.832s] -- Symlinking: /home/locobot/SU_Robotics/eyetracking_ros_ws/install/interbotix_moveit_interface_msgs/include/interbotix_moveit_interface_msgs/msg/rosidl_typesupport_introspection_c__visibility_control.h
[4.841s] -- Symlinking: /home/locobot/SU_Robotics/eyetracking_ros_ws/install/interbotix_moveit_interface_msgs/include/interbotix_moveit_interface_msgs/srv/detail/move_it_plan__rosidl_typesupport_introspection_c.h
[4.850s] -- Symlinking: /home/locobot/SU_Robotics/eyetracking_ros_ws/install/interbotix_moveit_interface_msgs/include/interbotix_moveit_interface_msgs/srv/detail/move_it_plan__builder.hpp
[4.862s] -- Symlinking: /home/locobot/SU_Robotics/eyetracking_ros_ws/install/interbotix_moveit_interface_msgs/include/interbotix_moveit_interface_msgs/srv/detail/move_it_plan__struct.hpp
[4.872s] -- Symlinking: /home/locobot/SU_Robotics/eyetracking_ros_ws/install/interbotix_moveit_interface_msgs/include/interbotix_moveit_interface_msgs/srv/detail/move_it_plan__traits.hpp
[4.881s] -- Symlinking: /home/locobot/SU_Robotics/eyetracking_ros_ws/install/interbotix_moveit_interface_msgs/include/interbotix_moveit_interface_msgs/srv/move_it_plan.hpp
[4.892s] -- Symlinking: /home/locobot/SU_Robotics/eyetracking_ros_ws/install/interbotix_moveit_interface_msgs/include/interbotix_moveit_interface_msgs/srv/detail/move_it_plan__rosidl_typesupport_introspection_cpp.hpp
[4.901s] -- Symlinking: /home/locobot/SU_Robotics/eyetracking_ros_ws/install/interbotix_moveit_interface_msgs/share/interbotix_moveit_interface_msgs/environment/pythonpath.sh
[4.911s] -- Symlinking: /home/locobot/SU_Robotics/eyetracking_ros_ws/install/interbotix_moveit_interface_msgs/share/interbotix_moveit_interface_msgs/environment/pythonpath.dsv
[4.924s] -- Symlinking: /home/locobot/SU_Robotics/eyetracking_ros_ws/install/interbotix_moveit_interface_msgs/lib/python3.8/site-packages/interbotix_moveit_interface_msgs/__init__.py
[4.936s] -- Symlinking: /home/locobot/SU_Robotics/eyetracking_ros_ws/install/interbotix_moveit_interface_msgs/lib/python3.8/site-packages/interbotix_moveit_interface_msgs/srv/__init__.py
[4.947s] -- Symlinking: /home/locobot/SU_Robotics/eyetracking_ros_ws/install/interbotix_moveit_interface_msgs/lib/python3.8/site-packages/interbotix_moveit_interface_msgs/srv/_move_it_plan.py
[4.961s] -- Symlinking: /home/locobot/SU_Robotics/eyetracking_ros_ws/install/interbotix_moveit_interface_msgs/lib/python3.8/site-packages/interbotix_moveit_interface_msgs/interbotix_moveit_interface_msgs_s__rosidl_typesupport_fastrtps_c.cpython-38-x86_64-linux-gnu.so
[4.974s] -- Symlinking: /home/locobot/SU_Robotics/eyetracking_ros_ws/install/interbotix_moveit_interface_msgs/lib/python3.8/site-packages/interbotix_moveit_interface_msgs/interbotix_moveit_interface_msgs_s__rosidl_typesupport_introspection_c.cpython-38-x86_64-linux-gnu.so
[4.982s] -- Symlinking: /home/locobot/SU_Robotics/eyetracking_ros_ws/install/interbotix_moveit_interface_msgs/lib/python3.8/site-packages/interbotix_moveit_interface_msgs/interbotix_moveit_interface_msgs_s__rosidl_typesupport_c.cpython-38-x86_64-linux-gnu.so
[4.993s] -- Symlinking: /home/locobot/SU_Robotics/eyetracking_ros_ws/install/interbotix_moveit_interface_msgs/lib/libinterbotix_moveit_interface_msgs__python.so
[5.003s] -- Symlinking: /home/locobot/SU_Robotics/eyetracking_ros_ws/install/interbotix_moveit_interface_msgs/share/interbotix_moveit_interface_msgs/srv/MoveItPlan.idl
[5.012s] -- Symlinking: /home/locobot/SU_Robotics/eyetracking_ros_ws/install/interbotix_moveit_interface_msgs/share/interbotix_moveit_interface_msgs/srv/MoveItPlan.srv
[5.026s] -- Symlinking: /home/locobot/SU_Robotics/eyetracking_ros_ws/install/interbotix_moveit_interface_msgs/share/interbotix_moveit_interface_msgs/srv/MoveItPlan_Request.msg
[5.034s] -- Symlinking: /home/locobot/SU_Robotics/eyetracking_ros_ws/install/interbotix_moveit_interface_msgs/share/interbotix_moveit_interface_msgs/srv/MoveItPlan_Response.msg
[5.043s] -- Symlinking: /home/locobot/SU_Robotics/eyetracking_ros_ws/install/interbotix_moveit_interface_msgs/share/ament_index/resource_index/package_run_dependencies/interbotix_moveit_interface_msgs
[5.052s] -- Symlinking: /home/locobot/SU_Robotics/eyetracking_ros_ws/install/interbotix_moveit_interface_msgs/share/ament_index/resource_index/parent_prefix_path/interbotix_moveit_interface_msgs
[5.061s] -- Symlinking: /home/locobot/SU_Robotics/eyetracking_ros_ws/install/interbotix_moveit_interface_msgs/share/interbotix_moveit_interface_msgs/environment/ament_prefix_path.sh
[5.070s] -- Symlinking: /home/locobot/SU_Robotics/eyetracking_ros_ws/install/interbotix_moveit_interface_msgs/share/interbotix_moveit_interface_msgs/environment/ament_prefix_path.dsv
[5.080s] -- Symlinking: /home/locobot/SU_Robotics/eyetracking_ros_ws/install/interbotix_moveit_interface_msgs/share/interbotix_moveit_interface_msgs/environment/path.sh
[5.089s] -- Symlinking: /home/locobot/SU_Robotics/eyetracking_ros_ws/install/interbotix_moveit_interface_msgs/share/interbotix_moveit_interface_msgs/environment/path.dsv
[5.096s] -- Symlinking: /home/locobot/SU_Robotics/eyetracking_ros_ws/install/interbotix_moveit_interface_msgs/share/interbotix_moveit_interface_msgs/local_setup.bash
[5.105s] -- Symlinking: /home/locobot/SU_Robotics/eyetracking_ros_ws/install/interbotix_moveit_interface_msgs/share/interbotix_moveit_interface_msgs/local_setup.sh
[5.113s] -- Symlinking: /home/locobot/SU_Robotics/eyetracking_ros_ws/install/interbotix_moveit_interface_msgs/share/interbotix_moveit_interface_msgs/local_setup.zsh
[5.122s] -- Symlinking: /home/locobot/SU_Robotics/eyetracking_ros_ws/install/interbotix_moveit_interface_msgs/share/interbotix_moveit_interface_msgs/local_setup.dsv
[5.133s] -- Symlinking: /home/locobot/SU_Robotics/eyetracking_ros_ws/install/interbotix_moveit_interface_msgs/share/interbotix_moveit_interface_msgs/package.dsv
[5.139s] -- Symlinking: /home/locobot/SU_Robotics/eyetracking_ros_ws/install/interbotix_moveit_interface_msgs/share/ament_index/resource_index/packages/interbotix_moveit_interface_msgs
[5.151s] -- Symlinking: /home/locobot/SU_Robotics/eyetracking_ros_ws/install/interbotix_moveit_interface_msgs/share/interbotix_moveit_interface_msgs/cmake/rosidl_cmake-extras.cmake
[5.157s] -- Symlinking: /home/locobot/SU_Robotics/eyetracking_ros_ws/install/interbotix_moveit_interface_msgs/share/interbotix_moveit_interface_msgs/cmake/ament_cmake_export_dependencies-extras.cmake
[5.167s] -- Symlinking: /home/locobot/SU_Robotics/eyetracking_ros_ws/install/interbotix_moveit_interface_msgs/share/interbotix_moveit_interface_msgs/cmake/ament_cmake_export_libraries-extras.cmake
[5.175s] -- Symlinking: /home/locobot/SU_Robotics/eyetracking_ros_ws/install/interbotix_moveit_interface_msgs/share/interbotix_moveit_interface_msgs/cmake/ament_cmake_export_targets-extras.cmake
[5.183s] -- Symlinking: /home/locobot/SU_Robotics/eyetracking_ros_ws/install/interbotix_moveit_interface_msgs/share/interbotix_moveit_interface_msgs/cmake/ament_cmake_export_include_directories-extras.cmake
[5.194s] -- Symlinking: /home/locobot/SU_Robotics/eyetracking_ros_ws/install/interbotix_moveit_interface_msgs/share/interbotix_moveit_interface_msgs/cmake/rosidl_cmake_export_typesupport_libraries-extras.cmake
[5.201s] -- Symlinking: /home/locobot/SU_Robotics/eyetracking_ros_ws/install/interbotix_moveit_interface_msgs/share/interbotix_moveit_interface_msgs/cmake/rosidl_cmake_export_typesupport_targets-extras.cmake
[5.210s] -- Symlinking: /home/locobot/SU_Robotics/eyetracking_ros_ws/install/interbotix_moveit_interface_msgs/share/interbotix_moveit_interface_msgs/cmake/interbotix_moveit_interface_msgsConfig.cmake
[5.219s] -- Symlinking: /home/locobot/SU_Robotics/eyetracking_ros_ws/install/interbotix_moveit_interface_msgs/share/interbotix_moveit_interface_msgs/cmake/interbotix_moveit_interface_msgsConfig-version.cmake
[5.229s] -- Symlinking: /home/locobot/SU_Robotics/eyetracking_ros_ws/install/interbotix_moveit_interface_msgs/share/interbotix_moveit_interface_msgs/package.xml
[5.238s] -- Up-to-date: /home/locobot/SU_Robotics/eyetracking_ros_ws/install/interbotix_moveit_interface_msgs/lib/libinterbotix_moveit_interface_msgs__rosidl_generator_c.so
[5.238s] -- Up-to-date: /home/locobot/SU_Robotics/eyetracking_ros_ws/install/interbotix_moveit_interface_msgs/lib/libinterbotix_moveit_interface_msgs__rosidl_typesupport_introspection_c.so
[5.239s] -- Up-to-date: /home/locobot/SU_Robotics/eyetracking_ros_ws/install/interbotix_moveit_interface_msgs/lib/libinterbotix_moveit_interface_msgs__rosidl_typesupport_c.so
[5.239s] -- Up-to-date: /home/locobot/SU_Robotics/eyetracking_ros_ws/install/interbotix_moveit_interface_msgs/lib/libinterbotix_moveit_interface_msgs__rosidl_typesupport_introspection_cpp.so
[5.240s] -- Up-to-date: /home/locobot/SU_Robotics/eyetracking_ros_ws/install/interbotix_moveit_interface_msgs/lib/libinterbotix_moveit_interface_msgs__rosidl_typesupport_cpp.so
[5.276s] Compiling '/home/locobot/SU_Robotics/eyetracking_ros_ws/install/interbotix_moveit_interface_msgs/lib/python3.8/site-packages/interbotix_moveit_interface_msgs/__init__.py'...
[5.281s] -- Up-to-date: /home/locobot/SU_Robotics/eyetracking_ros_ws/install/interbotix_moveit_interface_msgs/share/interbotix_moveit_interface_msgs/cmake/interbotix_moveit_interface_msgs__rosidl_generator_cExport.cmake
[5.281s] -- Installing: /home/locobot/SU_Robotics/eyetracking_ros_ws/install/interbotix_moveit_interface_msgs/share/interbotix_moveit_interface_msgs/cmake/interbotix_moveit_interface_msgs__rosidl_generator_cExport-noconfig.cmake
[5.282s] -- Up-to-date: /home/locobot/SU_Robotics/eyetracking_ros_ws/install/interbotix_moveit_interface_msgs/share/interbotix_moveit_interface_msgs/cmake/interbotix_moveit_interface_msgs__rosidl_typesupport_introspection_cExport.cmake
[5.282s] -- Installing: /home/locobot/SU_Robotics/eyetracking_ros_ws/install/interbotix_moveit_interface_msgs/share/interbotix_moveit_interface_msgs/cmake/interbotix_moveit_interface_msgs__rosidl_typesupport_introspection_cExport-noconfig.cmake
[5.283s] -- Up-to-date: /home/locobot/SU_Robotics/eyetracking_ros_ws/install/interbotix_moveit_interface_msgs/share/interbotix_moveit_interface_msgs/cmake/interbotix_moveit_interface_msgs__rosidl_typesupport_cExport.cmake
[5.283s] -- Installing: /home/locobot/SU_Robotics/eyetracking_ros_ws/install/interbotix_moveit_interface_msgs/share/interbotix_moveit_interface_msgs/cmake/interbotix_moveit_interface_msgs__rosidl_typesupport_cExport-noconfig.cmake
[5.283s] -- Up-to-date: /home/locobot/SU_Robotics/eyetracking_ros_ws/install/interbotix_moveit_interface_msgs/share/interbotix_moveit_interface_msgs/cmake/interbotix_moveit_interface_msgs__rosidl_generator_cppExport.cmake
[5.283s] -- Up-to-date: /home/locobot/SU_Robotics/eyetracking_ros_ws/install/interbotix_moveit_interface_msgs/share/interbotix_moveit_interface_msgs/cmake/interbotix_moveit_interface_msgs__rosidl_typesupport_introspection_cppExport.cmake
[5.284s] -- Installing: /home/locobot/SU_Robotics/eyetracking_ros_ws/install/interbotix_moveit_interface_msgs/share/interbotix_moveit_interface_msgs/cmake/interbotix_moveit_interface_msgs__rosidl_typesupport_introspection_cppExport-noconfig.cmake
[5.284s] -- Up-to-date: /home/locobot/SU_Robotics/eyetracking_ros_ws/install/interbotix_moveit_interface_msgs/share/interbotix_moveit_interface_msgs/cmake/interbotix_moveit_interface_msgs__rosidl_typesupport_cppExport.cmake
[5.284s] -- Installing: /home/locobot/SU_Robotics/eyetracking_ros_ws/install/interbotix_moveit_interface_msgs/share/interbotix_moveit_interface_msgs/cmake/interbotix_moveit_interface_msgs__rosidl_typesupport_cppExport-noconfig.cmake
[5.630s] Invoked command in '/home/locobot/SU_Robotics/eyetracking_ros_ws/build/interbotix_moveit_interface_msgs' returned '0': CMAKE_PREFIX_PATH=${CMAKE_PREFIX_PATH}:/home/locobot/SU_Robotics/eyetracking_ros_ws/install/interbotix_xs_modules:/home/locobot/SU_Robotics/eyetracking_ros_ws/install/interbotix_perception_modules:/home/locobot/SU_Robotics/eyetracking_ros_ws/install/interbotix_common_modules:/home/locobot/interbotix_ws/install/interbotix_xs_modules:/home/locobot/interbotix_ws/install/interbotix_perception_modules:/home/locobot/interbotix_ws/install/interbotix_common_modules:/opt/ros/galactic /usr/bin/cmake --install /home/locobot/SU_Robotics/eyetracking_ros_ws/build/interbotix_moveit_interface_msgs
