[0.881s] Invoking command in '/home/locobot/SU_Robotics/gesture_control_project/src/rgbd_camera': PYTHONPATH=/home/locobot/SU_Robotics/gesture_control_project/build/rgbd_camera/prefix_override:/home/locobot/SU_Robotics/gesture_control_project/install/rgbd_camera/lib/python3.8/site-packages:${PYTHONPATH} /usr/bin/python3 setup.py egg_info --egg-base ../../build/rgbd_camera build --build-base /home/locobot/SU_Robotics/gesture_control_project/build/rgbd_camera/build install --record /home/locobot/SU_Robotics/gesture_control_project/build/rgbd_camera/install.log --single-version-externally-managed
[1.089s] running egg_info
[1.089s] writing ../../build/rgbd_camera/rgbd_camera.egg-info/PKG-INFO
[1.089s] writing dependency_links to ../../build/rgbd_camera/rgbd_camera.egg-info/dependency_links.txt
[1.090s] writing entry points to ../../build/rgbd_camera/rgbd_camera.egg-info/entry_points.txt
[1.090s] writing requirements to ../../build/rgbd_camera/rgbd_camera.egg-info/requires.txt
[1.090s] writing top-level names to ../../build/rgbd_camera/rgbd_camera.egg-info/top_level.txt
[1.119s] reading manifest file '../../build/rgbd_camera/rgbd_camera.egg-info/SOURCES.txt'
[1.120s] writing manifest file '../../build/rgbd_camera/rgbd_camera.egg-info/SOURCES.txt'
[1.120s] running build
[1.120s] running build_py
[1.120s] running install
[1.121s] running install_lib
[1.122s] running install_data
[1.122s] running install_egg_info
[1.123s] removing '/home/locobot/SU_Robotics/gesture_control_project/install/rgbd_camera/lib/python3.8/site-packages/rgbd_camera-0.0.0-py3.8.egg-info' (and everything under it)
[1.123s] Copying ../../build/rgbd_camera/rgbd_camera.egg-info to /home/locobot/SU_Robotics/gesture_control_project/install/rgbd_camera/lib/python3.8/site-packages/rgbd_camera-0.0.0-py3.8.egg-info
[1.124s] running install_scripts
[1.138s] Installing depth_node script to /home/locobot/SU_Robotics/gesture_control_project/install/rgbd_camera/lib/rgbd_camera
[1.139s] Installing tf_node script to /home/locobot/SU_Robotics/gesture_control_project/install/rgbd_camera/lib/rgbd_camera
[1.139s] writing list of installed files to '/home/locobot/SU_Robotics/gesture_control_project/build/rgbd_camera/install.log'
[1.155s] Invoked command in '/home/locobot/SU_Robotics/gesture_control_project/src/rgbd_camera' returned '0': PYTHONPATH=/home/locobot/SU_Robotics/gesture_control_project/build/rgbd_camera/prefix_override:/home/locobot/SU_Robotics/gesture_control_project/install/rgbd_camera/lib/python3.8/site-packages:${PYTHONPATH} /usr/bin/python3 setup.py egg_info --egg-base ../../build/rgbd_camera build --build-base /home/locobot/SU_Robotics/gesture_control_project/build/rgbd_camera/build install --record /home/locobot/SU_Robotics/gesture_control_project/build/rgbd_camera/install.log --single-version-externally-managed
