-- The CXX compiler identification is GNU 9.4.0
-- Check for working CXX compiler: /usr/bin/c++
-- Check for working CXX compiler: /usr/bin/c++ -- works
-- Detecting CXX compiler ABI info
-- Detecting CXX compiler ABI info - done
-- Detecting CXX compile features
-- Detecting CXX compile features - done
-- Found dynamixel_workbench_toolbox: 2.2.2 (/home/locobot/SU_Robotics/eyetracking_ros_ws/install/dynamixel_workbench_toolbox/share/dynamixel_workbench_toolbox/cmake)
-- Found PythonInterp: /usr/bin/python3 (found suitable version "3.8.10", minimum required is "3") 
-- Using PYTHON_EXECUTABLE: /usr/bin/python3
-- Using all available rosidl_typesupport_c: rosidl_typesupport_fastrtps_c;rosidl_typesupport_introspection_c
-- Found rosidl_adapter: 2.2.3 (/opt/ros/galactic/share/rosidl_adapter/cmake)
-- Found OpenSSL: /usr/lib/x86_64-linux-gnu/libcrypto.so (found version "1.1.1f")  
-- Found FastRTPS: /opt/ros/galactic/include  
-- Using all available rosidl_typesupport_cpp: rosidl_typesupport_fastrtps_cpp;rosidl_typesupport_introspection_cpp
-- Found rmw_implementation_cmake: 3.3.1 (/opt/ros/galactic/share/rmw_implementation_cmake/cmake)
-- Found rmw_fastrtps_cpp: 5.0.2 (/opt/ros/galactic/share/rmw_fastrtps_cpp/cmake)
-- Using RMW implementation 'rmw_fastrtps_cpp' as default
-- Looking for C++ include pthread.h
-- Looking for C++ include pthread.h - found
-- Performing Test CMAKE_HAVE_LIBC_PTHREAD
-- Performing Test CMAKE_HAVE_LIBC_PTHREAD - Failed
-- Looking for pthread_create in pthreads
-- Looking for pthread_create in pthreads - not found
-- Looking for pthread_create in pthread
-- Looking for pthread_create in pthread - found
-- Found Threads: TRUE  
-- Found ament_lint_auto: 0.10.7 (/opt/ros/galactic/share/ament_lint_auto/cmake)
-- Added test 'copyright' to check source files copyright and LICENSE
-- Added test 'cppcheck' to perform static code analysis on C / C++ code
-- Configured cppcheck include dirs: /home/locobot/SU_Robotics/eyetracking_ros_ws/src/interbotix_ros_core/interbotix_ros_xseries/interbotix_xs_driver/include;$<BUILD_INTERFACE:/home/locobot/SU_Robotics/eyetracking_ros_ws/src/interbotix_ros_core/interbotix_ros_xseries/interbotix_xs_driver/include>
-- Configured cppcheck exclude dirs and/or files: 
-- Added test 'cpplint' to check C / C++ code against the Google style
-- Configured cpplint exclude dirs and/or files: 
-- Added test 'lint_cmake' to check CMake code style
-- Added test 'uncrustify' to check C / C++ code style
-- Configured uncrustify additional arguments: 
-- Added test 'xmllint' to check XML markup files
-- Configuring done
-- Generating done
-- Build files have been written to: /home/locobot/SU_Robotics/eyetracking_ros_ws/build/interbotix_xs_driver
[35m[1mScanning dependencies of target interbotix_xs_driver[0m
[ 33%] [32mBuilding CXX object CMakeFiles/interbotix_xs_driver.dir/src/xs_logging.cpp.o[0m
[ 66%] [32mBuilding CXX object CMakeFiles/interbotix_xs_driver.dir/src/xs_driver.cpp.o[0m
[100%] [32m[1mLinking CXX shared library libinterbotix_xs_driver.so[0m
[100%] Built target interbotix_xs_driver
-- Install configuration: ""
-- Installing: /home/locobot/SU_Robotics/eyetracking_ros_ws/install/interbotix_xs_driver/lib/libinterbotix_xs_driver.so
-- Set runtime path of "/home/locobot/SU_Robotics/eyetracking_ros_ws/install/interbotix_xs_driver/lib/libinterbotix_xs_driver.so" to ""
-- Installing: /home/locobot/SU_Robotics/eyetracking_ros_ws/install/interbotix_xs_driver/include/interbotix_xs_driver/version.hpp
-- Up-to-date: /home/locobot/SU_Robotics/eyetracking_ros_ws/install/interbotix_xs_driver/include/interbotix_xs_driver
-- Installing: /home/locobot/SU_Robotics/eyetracking_ros_ws/install/interbotix_xs_driver/include/interbotix_xs_driver/xs_logging.hpp
-- Installing: /home/locobot/SU_Robotics/eyetracking_ros_ws/install/interbotix_xs_driver/include/interbotix_xs_driver/xs_driver.hpp
-- Installing: /home/locobot/SU_Robotics/eyetracking_ros_ws/install/interbotix_xs_driver/include/interbotix_xs_driver/xs_common.hpp
-- Installing: /home/locobot/SU_Robotics/eyetracking_ros_ws/install/interbotix_xs_driver/share/interbotix_xs_driver/package.xml
-- Installing: /home/locobot/SU_Robotics/eyetracking_ros_ws/install/interbotix_xs_driver/share/ament_index/resource_index/package_run_dependencies/interbotix_xs_driver
-- Installing: /home/locobot/SU_Robotics/eyetracking_ros_ws/install/interbotix_xs_driver/share/ament_index/resource_index/parent_prefix_path/interbotix_xs_driver
-- Installing: /home/locobot/SU_Robotics/eyetracking_ros_ws/install/interbotix_xs_driver/share/interbotix_xs_driver/environment/ament_prefix_path.sh
-- Installing: /home/locobot/SU_Robotics/eyetracking_ros_ws/install/interbotix_xs_driver/share/interbotix_xs_driver/environment/ament_prefix_path.dsv
-- Installing: /home/locobot/SU_Robotics/eyetracking_ros_ws/install/interbotix_xs_driver/share/interbotix_xs_driver/environment/path.sh
-- Installing: /home/locobot/SU_Robotics/eyetracking_ros_ws/install/interbotix_xs_driver/share/interbotix_xs_driver/environment/path.dsv
-- Installing: /home/locobot/SU_Robotics/eyetracking_ros_ws/install/interbotix_xs_driver/share/interbotix_xs_driver/local_setup.bash
-- Installing: /home/locobot/SU_Robotics/eyetracking_ros_ws/install/interbotix_xs_driver/share/interbotix_xs_driver/local_setup.sh
-- Installing: /home/locobot/SU_Robotics/eyetracking_ros_ws/install/interbotix_xs_driver/share/interbotix_xs_driver/local_setup.zsh
-- Installing: /home/locobot/SU_Robotics/eyetracking_ros_ws/install/interbotix_xs_driver/share/interbotix_xs_driver/local_setup.dsv
-- Installing: /home/locobot/SU_Robotics/eyetracking_ros_ws/install/interbotix_xs_driver/share/interbotix_xs_driver/package.dsv
-- Installing: /home/locobot/SU_Robotics/eyetracking_ros_ws/install/interbotix_xs_driver/share/ament_index/resource_index/packages/interbotix_xs_driver
-- Installing: /home/locobot/SU_Robotics/eyetracking_ros_ws/install/interbotix_xs_driver/share/interbotix_xs_driver/cmake/export_interbotix_xs_driverExport.cmake
-- Installing: /home/locobot/SU_Robotics/eyetracking_ros_ws/install/interbotix_xs_driver/share/interbotix_xs_driver/cmake/export_interbotix_xs_driverExport-noconfig.cmake
-- Installing: /home/locobot/SU_Robotics/eyetracking_ros_ws/install/interbotix_xs_driver/share/interbotix_xs_driver/cmake/ament_cmake_export_dependencies-extras.cmake
-- Installing: /home/locobot/SU_Robotics/eyetracking_ros_ws/install/interbotix_xs_driver/share/interbotix_xs_driver/cmake/ament_cmake_export_targets-extras.cmake
-- Installing: /home/locobot/SU_Robotics/eyetracking_ros_ws/install/interbotix_xs_driver/share/interbotix_xs_driver/cmake/interbotix_xs_driverConfig.cmake
-- Installing: /home/locobot/SU_Robotics/eyetracking_ros_ws/install/interbotix_xs_driver/share/interbotix_xs_driver/cmake/interbotix_xs_driverConfig-version.cmake
-- Up-to-date: /home/locobot/SU_Robotics/eyetracking_ros_ws/install/interbotix_xs_driver/share/interbotix_xs_driver/package.xml
