-- Found rosidl_default_generators: 1.1.1 (/opt/ros/galactic/share/rosidl_default_generators/cmake)
-- Found ament_cmake_core: 1.1.6 (/opt/ros/galactic/share/ament_cmake_core/cmake)
-- Found PythonInterp: /usr/bin/python3 (found suitable version "3.8.10", minimum required is "3") 
-- Using PYTHON_EXECUTABLE: /usr/bin/python3
-- Override CMake install command with custom implementation using symlinks instead of copying resources
-- Using all available rosidl_typesupport_c: rosidl_typesupport_fastrtps_c;rosidl_typesupport_introspection_c
-- Found rosidl_adapter: 2.2.3 (/opt/ros/galactic/share/rosidl_adapter/cmake)
-- Using all available rosidl_typesupport_cpp: rosidl_typesupport_fastrtps_cpp;rosidl_typesupport_introspection_cpp
-- Found std_msgs: 2.2.4 (/opt/ros/galactic/share/std_msgs/cmake)
-- Found trajectory_msgs: 2.2.4 (/opt/ros/galactic/share/trajectory_msgs/cmake)
-- Found PythonInterp: /usr/bin/python3 (found version "3.8.10") 
-- Found ament_cmake_ros: 0.9.2 (/opt/ros/galactic/share/ament_cmake_ros/cmake)
-- Using all available rosidl_typesupport_c: rosidl_typesupport_fastrtps_c;rosidl_typesupport_introspection_c
-- Using all available rosidl_typesupport_cpp: rosidl_typesupport_fastrtps_cpp;rosidl_typesupport_introspection_cpp
-- Found PythonInterp: /usr/bin/python3 (found suitable version "3.8.10", minimum required is "3.5") 
-- Found python_cmake_module: 0.8.1 (/opt/ros/galactic/share/python_cmake_module/cmake)
-- Using PYTHON_EXECUTABLE: /usr/bin/python3
-- Using PYTHON_INCLUDE_DIRS: /usr/include/python3.8
-- Using PYTHON_LIBRARIES: /usr/lib/x86_64-linux-gnu/libpython3.8.so
-- Found ament_lint_auto: 0.10.7 (/opt/ros/galactic/share/ament_lint_auto/cmake)
-- Configuring done
-- Generating done
-- Build files have been written to: /home/locobot/SU_Robotics/eyetracking_ros_ws/build/interbotix_xs_msgs
[  0%] Built target interbotix_xs_msgs__cpp
[ 12%] Built target interbotix_xs_msgs__rosidl_generator_c
[ 24%] Built target interbotix_xs_msgs__rosidl_typesupport_cpp
[ 36%] Built target interbotix_xs_msgs__rosidl_typesupport_introspection_cpp
[ 48%] Built target interbotix_xs_msgs__rosidl_typesupport_introspection_c
[ 48%] [32m[1mLinking CXX shared library libinterbotix_xs_msgs__rosidl_typesupport_fastrtps_cpp.so[0m
[ 60%] Built target interbotix_xs_msgs__rosidl_typesupport_c
[ 72%] Built target interbotix_xs_msgs__rosidl_typesupport_fastrtps_cpp
[ 73%] [32m[1mLinking CXX shared library libinterbotix_xs_msgs__rosidl_typesupport_fastrtps_c.so[0m
[ 84%] Built target interbotix_xs_msgs__rosidl_typesupport_fastrtps_c
[ 84%] Built target interbotix_xs_msgs
[ 85%] Built target interbotix_xs_msgs__py
[ 86%] [32m[1mLinking C shared library rosidl_generator_py/interbotix_xs_msgs/libinterbotix_xs_msgs__python.so[0m
[ 96%] Built target interbotix_xs_msgs__python
[ 97%] [32m[1mLinking C shared library rosidl_generator_py/interbotix_xs_msgs/interbotix_xs_msgs_s__rosidl_typesupport_c.cpython-38-x86_64-linux-gnu.so[0m
[ 97%] [32m[1mLinking CXX shared library rosidl_generator_py/interbotix_xs_msgs/interbotix_xs_msgs_s__rosidl_typesupport_fastrtps_c.cpython-38-x86_64-linux-gnu.so[0m
[ 97%] [32m[1mLinking C shared library rosidl_generator_py/interbotix_xs_msgs/interbotix_xs_msgs_s__rosidl_typesupport_introspection_c.cpython-38-x86_64-linux-gnu.so[0m
[ 99%] Built target interbotix_xs_msgs__rosidl_typesupport_c__pyext
[ 99%] Built target interbotix_xs_msgs__rosidl_typesupport_introspection_c__pyext
[100%] Built target interbotix_xs_msgs__rosidl_typesupport_fastrtps_c__pyext
-- Install configuration: ""
-- Execute custom install script
-- Symlinking: /home/locobot/SU_Robotics/eyetracking_ros_ws/install/interbotix_xs_msgs/share/ament_index/resource_index/rosidl_interfaces/interbotix_xs_msgs
-- Symlinking: /home/locobot/SU_Robotics/eyetracking_ros_ws/install/interbotix_xs_msgs/include/interbotix_xs_msgs/msg/arm_joy.h
-- Symlinking: /home/locobot/SU_Robotics/eyetracking_ros_ws/install/interbotix_xs_msgs/include/interbotix_xs_msgs/msg/detail/arm_joy__functions.h
-- Symlinking: /home/locobot/SU_Robotics/eyetracking_ros_ws/install/interbotix_xs_msgs/include/interbotix_xs_msgs/msg/detail/arm_joy__struct.h
-- Symlinking: /home/locobot/SU_Robotics/eyetracking_ros_ws/install/interbotix_xs_msgs/include/interbotix_xs_msgs/msg/detail/arm_joy__type_support.h
-- Symlinking: /home/locobot/SU_Robotics/eyetracking_ros_ws/install/interbotix_xs_msgs/include/interbotix_xs_msgs/msg/detail/hex_joy__functions.h
-- Symlinking: /home/locobot/SU_Robotics/eyetracking_ros_ws/install/interbotix_xs_msgs/include/interbotix_xs_msgs/msg/detail/hex_joy__struct.h
-- Symlinking: /home/locobot/SU_Robotics/eyetracking_ros_ws/install/interbotix_xs_msgs/include/interbotix_xs_msgs/msg/detail/hex_joy__type_support.h
-- Symlinking: /home/locobot/SU_Robotics/eyetracking_ros_ws/install/interbotix_xs_msgs/include/interbotix_xs_msgs/msg/detail/joint_group_command__functions.h
-- Symlinking: /home/locobot/SU_Robotics/eyetracking_ros_ws/install/interbotix_xs_msgs/include/interbotix_xs_msgs/msg/detail/joint_group_command__struct.h
-- Symlinking: /home/locobot/SU_Robotics/eyetracking_ros_ws/install/interbotix_xs_msgs/include/interbotix_xs_msgs/msg/detail/joint_group_command__type_support.h
-- Symlinking: /home/locobot/SU_Robotics/eyetracking_ros_ws/install/interbotix_xs_msgs/include/interbotix_xs_msgs/msg/detail/joint_single_command__functions.h
-- Symlinking: /home/locobot/SU_Robotics/eyetracking_ros_ws/install/interbotix_xs_msgs/include/interbotix_xs_msgs/msg/detail/joint_single_command__struct.h
-- Symlinking: /home/locobot/SU_Robotics/eyetracking_ros_ws/install/interbotix_xs_msgs/include/interbotix_xs_msgs/msg/detail/joint_single_command__type_support.h
-- Symlinking: /home/locobot/SU_Robotics/eyetracking_ros_ws/install/interbotix_xs_msgs/include/interbotix_xs_msgs/msg/detail/joint_temps__functions.h
-- Symlinking: /home/locobot/SU_Robotics/eyetracking_ros_ws/install/interbotix_xs_msgs/include/interbotix_xs_msgs/msg/detail/joint_temps__struct.h
-- Symlinking: /home/locobot/SU_Robotics/eyetracking_ros_ws/install/interbotix_xs_msgs/include/interbotix_xs_msgs/msg/detail/joint_temps__type_support.h
-- Symlinking: /home/locobot/SU_Robotics/eyetracking_ros_ws/install/interbotix_xs_msgs/include/interbotix_xs_msgs/msg/detail/joint_trajectory_command__functions.h
-- Symlinking: /home/locobot/SU_Robotics/eyetracking_ros_ws/install/interbotix_xs_msgs/include/interbotix_xs_msgs/msg/detail/joint_trajectory_command__struct.h
-- Symlinking: /home/locobot/SU_Robotics/eyetracking_ros_ws/install/interbotix_xs_msgs/include/interbotix_xs_msgs/msg/detail/joint_trajectory_command__type_support.h
-- Symlinking: /home/locobot/SU_Robotics/eyetracking_ros_ws/install/interbotix_xs_msgs/include/interbotix_xs_msgs/msg/detail/locobot_joy__functions.h
-- Symlinking: /home/locobot/SU_Robotics/eyetracking_ros_ws/install/interbotix_xs_msgs/include/interbotix_xs_msgs/msg/detail/locobot_joy__struct.h
-- Symlinking: /home/locobot/SU_Robotics/eyetracking_ros_ws/install/interbotix_xs_msgs/include/interbotix_xs_msgs/msg/detail/locobot_joy__type_support.h
-- Symlinking: /home/locobot/SU_Robotics/eyetracking_ros_ws/install/interbotix_xs_msgs/include/interbotix_xs_msgs/msg/detail/turret_joy__functions.h
-- Symlinking: /home/locobot/SU_Robotics/eyetracking_ros_ws/install/interbotix_xs_msgs/include/interbotix_xs_msgs/msg/detail/turret_joy__struct.h
-- Symlinking: /home/locobot/SU_Robotics/eyetracking_ros_ws/install/interbotix_xs_msgs/include/interbotix_xs_msgs/msg/detail/turret_joy__type_support.h
-- Symlinking: /home/locobot/SU_Robotics/eyetracking_ros_ws/install/interbotix_xs_msgs/include/interbotix_xs_msgs/msg/hex_joy.h
-- Symlinking: /home/locobot/SU_Robotics/eyetracking_ros_ws/install/interbotix_xs_msgs/include/interbotix_xs_msgs/msg/joint_group_command.h
-- Symlinking: /home/locobot/SU_Robotics/eyetracking_ros_ws/install/interbotix_xs_msgs/include/interbotix_xs_msgs/msg/joint_single_command.h
-- Symlinking: /home/locobot/SU_Robotics/eyetracking_ros_ws/install/interbotix_xs_msgs/include/interbotix_xs_msgs/msg/joint_temps.h
-- Symlinking: /home/locobot/SU_Robotics/eyetracking_ros_ws/install/interbotix_xs_msgs/include/interbotix_xs_msgs/msg/joint_trajectory_command.h
-- Symlinking: /home/locobot/SU_Robotics/eyetracking_ros_ws/install/interbotix_xs_msgs/include/interbotix_xs_msgs/msg/locobot_joy.h
-- Symlinking: /home/locobot/SU_Robotics/eyetracking_ros_ws/install/interbotix_xs_msgs/include/interbotix_xs_msgs/msg/rosidl_generator_c__visibility_control.h
-- Symlinking: /home/locobot/SU_Robotics/eyetracking_ros_ws/install/interbotix_xs_msgs/include/interbotix_xs_msgs/msg/turret_joy.h
-- Symlinking: /home/locobot/SU_Robotics/eyetracking_ros_ws/install/interbotix_xs_msgs/include/interbotix_xs_msgs/srv/detail/motor_gains__functions.h
-- Symlinking: /home/locobot/SU_Robotics/eyetracking_ros_ws/install/interbotix_xs_msgs/include/interbotix_xs_msgs/srv/detail/motor_gains__struct.h
-- Symlinking: /home/locobot/SU_Robotics/eyetracking_ros_ws/install/interbotix_xs_msgs/include/interbotix_xs_msgs/srv/detail/motor_gains__type_support.h
-- Symlinking: /home/locobot/SU_Robotics/eyetracking_ros_ws/install/interbotix_xs_msgs/include/interbotix_xs_msgs/srv/detail/operating_modes__functions.h
-- Symlinking: /home/locobot/SU_Robotics/eyetracking_ros_ws/install/interbotix_xs_msgs/include/interbotix_xs_msgs/srv/detail/operating_modes__struct.h
-- Symlinking: /home/locobot/SU_Robotics/eyetracking_ros_ws/install/interbotix_xs_msgs/include/interbotix_xs_msgs/srv/detail/operating_modes__type_support.h
-- Symlinking: /home/locobot/SU_Robotics/eyetracking_ros_ws/install/interbotix_xs_msgs/include/interbotix_xs_msgs/srv/detail/reboot__functions.h
-- Symlinking: /home/locobot/SU_Robotics/eyetracking_ros_ws/install/interbotix_xs_msgs/include/interbotix_xs_msgs/srv/detail/reboot__struct.h
-- Symlinking: /home/locobot/SU_Robotics/eyetracking_ros_ws/install/interbotix_xs_msgs/include/interbotix_xs_msgs/srv/detail/reboot__type_support.h
-- Symlinking: /home/locobot/SU_Robotics/eyetracking_ros_ws/install/interbotix_xs_msgs/include/interbotix_xs_msgs/srv/detail/register_values__functions.h
-- Symlinking: /home/locobot/SU_Robotics/eyetracking_ros_ws/install/interbotix_xs_msgs/include/interbotix_xs_msgs/srv/detail/register_values__struct.h
-- Symlinking: /home/locobot/SU_Robotics/eyetracking_ros_ws/install/interbotix_xs_msgs/include/interbotix_xs_msgs/srv/detail/register_values__type_support.h
-- Symlinking: /home/locobot/SU_Robotics/eyetracking_ros_ws/install/interbotix_xs_msgs/include/interbotix_xs_msgs/srv/detail/robot_info__functions.h
-- Symlinking: /home/locobot/SU_Robotics/eyetracking_ros_ws/install/interbotix_xs_msgs/include/interbotix_xs_msgs/srv/detail/robot_info__struct.h
-- Symlinking: /home/locobot/SU_Robotics/eyetracking_ros_ws/install/interbotix_xs_msgs/include/interbotix_xs_msgs/srv/detail/robot_info__type_support.h
-- Symlinking: /home/locobot/SU_Robotics/eyetracking_ros_ws/install/interbotix_xs_msgs/include/interbotix_xs_msgs/srv/detail/torque_enable__functions.h
-- Symlinking: /home/locobot/SU_Robotics/eyetracking_ros_ws/install/interbotix_xs_msgs/include/interbotix_xs_msgs/srv/detail/torque_enable__struct.h
-- Symlinking: /home/locobot/SU_Robotics/eyetracking_ros_ws/install/interbotix_xs_msgs/include/interbotix_xs_msgs/srv/detail/torque_enable__type_support.h
-- Symlinking: /home/locobot/SU_Robotics/eyetracking_ros_ws/install/interbotix_xs_msgs/include/interbotix_xs_msgs/srv/motor_gains.h
-- Symlinking: /home/locobot/SU_Robotics/eyetracking_ros_ws/install/interbotix_xs_msgs/include/interbotix_xs_msgs/srv/operating_modes.h
-- Symlinking: /home/locobot/SU_Robotics/eyetracking_ros_ws/install/interbotix_xs_msgs/include/interbotix_xs_msgs/srv/reboot.h
-- Symlinking: /home/locobot/SU_Robotics/eyetracking_ros_ws/install/interbotix_xs_msgs/include/interbotix_xs_msgs/srv/register_values.h
-- Symlinking: /home/locobot/SU_Robotics/eyetracking_ros_ws/install/interbotix_xs_msgs/include/interbotix_xs_msgs/srv/robot_info.h
-- Symlinking: /home/locobot/SU_Robotics/eyetracking_ros_ws/install/interbotix_xs_msgs/include/interbotix_xs_msgs/srv/torque_enable.h
-- Symlinking: /home/locobot/SU_Robotics/eyetracking_ros_ws/install/interbotix_xs_msgs/share/interbotix_xs_msgs/environment/library_path.sh
-- Symlinking: /home/locobot/SU_Robotics/eyetracking_ros_ws/install/interbotix_xs_msgs/share/interbotix_xs_msgs/environment/library_path.dsv
-- Symlinking: /home/locobot/SU_Robotics/eyetracking_ros_ws/install/interbotix_xs_msgs/include/interbotix_xs_msgs/msg/detail/arm_joy__rosidl_typesupport_fastrtps_c.h
-- Symlinking: /home/locobot/SU_Robotics/eyetracking_ros_ws/install/interbotix_xs_msgs/include/interbotix_xs_msgs/msg/detail/hex_joy__rosidl_typesupport_fastrtps_c.h
-- Symlinking: /home/locobot/SU_Robotics/eyetracking_ros_ws/install/interbotix_xs_msgs/include/interbotix_xs_msgs/msg/detail/joint_group_command__rosidl_typesupport_fastrtps_c.h
-- Symlinking: /home/locobot/SU_Robotics/eyetracking_ros_ws/install/interbotix_xs_msgs/include/interbotix_xs_msgs/msg/detail/joint_single_command__rosidl_typesupport_fastrtps_c.h
-- Symlinking: /home/locobot/SU_Robotics/eyetracking_ros_ws/install/interbotix_xs_msgs/include/interbotix_xs_msgs/msg/detail/joint_temps__rosidl_typesupport_fastrtps_c.h
-- Symlinking: /home/locobot/SU_Robotics/eyetracking_ros_ws/install/interbotix_xs_msgs/include/interbotix_xs_msgs/msg/detail/joint_trajectory_command__rosidl_typesupport_fastrtps_c.h
-- Symlinking: /home/locobot/SU_Robotics/eyetracking_ros_ws/install/interbotix_xs_msgs/include/interbotix_xs_msgs/msg/detail/locobot_joy__rosidl_typesupport_fastrtps_c.h
-- Symlinking: /home/locobot/SU_Robotics/eyetracking_ros_ws/install/interbotix_xs_msgs/include/interbotix_xs_msgs/msg/detail/turret_joy__rosidl_typesupport_fastrtps_c.h
-- Symlinking: /home/locobot/SU_Robotics/eyetracking_ros_ws/install/interbotix_xs_msgs/include/interbotix_xs_msgs/msg/rosidl_typesupport_fastrtps_c__visibility_control.h
-- Symlinking: /home/locobot/SU_Robotics/eyetracking_ros_ws/install/interbotix_xs_msgs/include/interbotix_xs_msgs/srv/detail/motor_gains__rosidl_typesupport_fastrtps_c.h
-- Symlinking: /home/locobot/SU_Robotics/eyetracking_ros_ws/install/interbotix_xs_msgs/include/interbotix_xs_msgs/srv/detail/operating_modes__rosidl_typesupport_fastrtps_c.h
-- Symlinking: /home/locobot/SU_Robotics/eyetracking_ros_ws/install/interbotix_xs_msgs/include/interbotix_xs_msgs/srv/detail/reboot__rosidl_typesupport_fastrtps_c.h
-- Symlinking: /home/locobot/SU_Robotics/eyetracking_ros_ws/install/interbotix_xs_msgs/include/interbotix_xs_msgs/srv/detail/register_values__rosidl_typesupport_fastrtps_c.h
-- Symlinking: /home/locobot/SU_Robotics/eyetracking_ros_ws/install/interbotix_xs_msgs/include/interbotix_xs_msgs/srv/detail/robot_info__rosidl_typesupport_fastrtps_c.h
-- Symlinking: /home/locobot/SU_Robotics/eyetracking_ros_ws/install/interbotix_xs_msgs/include/interbotix_xs_msgs/srv/detail/torque_enable__rosidl_typesupport_fastrtps_c.h
-- Symlinking: /home/locobot/SU_Robotics/eyetracking_ros_ws/install/interbotix_xs_msgs/lib/libinterbotix_xs_msgs__rosidl_typesupport_fastrtps_c.so
-- Symlinking: /home/locobot/SU_Robotics/eyetracking_ros_ws/install/interbotix_xs_msgs/include/interbotix_xs_msgs/msg/detail/arm_joy__rosidl_typesupport_fastrtps_cpp.hpp
-- Symlinking: /home/locobot/SU_Robotics/eyetracking_ros_ws/install/interbotix_xs_msgs/include/interbotix_xs_msgs/msg/detail/hex_joy__rosidl_typesupport_fastrtps_cpp.hpp
-- Symlinking: /home/locobot/SU_Robotics/eyetracking_ros_ws/install/interbotix_xs_msgs/include/interbotix_xs_msgs/msg/detail/joint_group_command__rosidl_typesupport_fastrtps_cpp.hpp
-- Symlinking: /home/locobot/SU_Robotics/eyetracking_ros_ws/install/interbotix_xs_msgs/include/interbotix_xs_msgs/msg/detail/joint_single_command__rosidl_typesupport_fastrtps_cpp.hpp
-- Symlinking: /home/locobot/SU_Robotics/eyetracking_ros_ws/install/interbotix_xs_msgs/include/interbotix_xs_msgs/msg/detail/joint_temps__rosidl_typesupport_fastrtps_cpp.hpp
-- Symlinking: /home/locobot/SU_Robotics/eyetracking_ros_ws/install/interbotix_xs_msgs/include/interbotix_xs_msgs/msg/detail/joint_trajectory_command__rosidl_typesupport_fastrtps_cpp.hpp
-- Symlinking: /home/locobot/SU_Robotics/eyetracking_ros_ws/install/interbotix_xs_msgs/include/interbotix_xs_msgs/msg/detail/locobot_joy__rosidl_typesupport_fastrtps_cpp.hpp
-- Symlinking: /home/locobot/SU_Robotics/eyetracking_ros_ws/install/interbotix_xs_msgs/include/interbotix_xs_msgs/msg/detail/turret_joy__rosidl_typesupport_fastrtps_cpp.hpp
-- Symlinking: /home/locobot/SU_Robotics/eyetracking_ros_ws/install/interbotix_xs_msgs/include/interbotix_xs_msgs/msg/rosidl_typesupport_fastrtps_cpp__visibility_control.h
-- Symlinking: /home/locobot/SU_Robotics/eyetracking_ros_ws/install/interbotix_xs_msgs/include/interbotix_xs_msgs/srv/detail/motor_gains__rosidl_typesupport_fastrtps_cpp.hpp
-- Symlinking: /home/locobot/SU_Robotics/eyetracking_ros_ws/install/interbotix_xs_msgs/include/interbotix_xs_msgs/srv/detail/operating_modes__rosidl_typesupport_fastrtps_cpp.hpp
-- Symlinking: /home/locobot/SU_Robotics/eyetracking_ros_ws/install/interbotix_xs_msgs/include/interbotix_xs_msgs/srv/detail/reboot__rosidl_typesupport_fastrtps_cpp.hpp
-- Symlinking: /home/locobot/SU_Robotics/eyetracking_ros_ws/install/interbotix_xs_msgs/include/interbotix_xs_msgs/srv/detail/register_values__rosidl_typesupport_fastrtps_cpp.hpp
-- Symlinking: /home/locobot/SU_Robotics/eyetracking_ros_ws/install/interbotix_xs_msgs/include/interbotix_xs_msgs/srv/detail/robot_info__rosidl_typesupport_fastrtps_cpp.hpp
-- Symlinking: /home/locobot/SU_Robotics/eyetracking_ros_ws/install/interbotix_xs_msgs/include/interbotix_xs_msgs/srv/detail/torque_enable__rosidl_typesupport_fastrtps_cpp.hpp
-- Symlinking: /home/locobot/SU_Robotics/eyetracking_ros_ws/install/interbotix_xs_msgs/lib/libinterbotix_xs_msgs__rosidl_typesupport_fastrtps_cpp.so
-- Symlinking: /home/locobot/SU_Robotics/eyetracking_ros_ws/install/interbotix_xs_msgs/include/interbotix_xs_msgs/msg/detail/arm_joy__rosidl_typesupport_introspection_c.h
-- Symlinking: /home/locobot/SU_Robotics/eyetracking_ros_ws/install/interbotix_xs_msgs/include/interbotix_xs_msgs/msg/detail/hex_joy__rosidl_typesupport_introspection_c.h
-- Symlinking: /home/locobot/SU_Robotics/eyetracking_ros_ws/install/interbotix_xs_msgs/include/interbotix_xs_msgs/msg/detail/joint_group_command__rosidl_typesupport_introspection_c.h
-- Symlinking: /home/locobot/SU_Robotics/eyetracking_ros_ws/install/interbotix_xs_msgs/include/interbotix_xs_msgs/msg/detail/joint_single_command__rosidl_typesupport_introspection_c.h
-- Symlinking: /home/locobot/SU_Robotics/eyetracking_ros_ws/install/interbotix_xs_msgs/include/interbotix_xs_msgs/msg/detail/joint_temps__rosidl_typesupport_introspection_c.h
-- Symlinking: /home/locobot/SU_Robotics/eyetracking_ros_ws/install/interbotix_xs_msgs/include/interbotix_xs_msgs/msg/detail/joint_trajectory_command__rosidl_typesupport_introspection_c.h
-- Symlinking: /home/locobot/SU_Robotics/eyetracking_ros_ws/install/interbotix_xs_msgs/include/interbotix_xs_msgs/msg/detail/locobot_joy__rosidl_typesupport_introspection_c.h
-- Symlinking: /home/locobot/SU_Robotics/eyetracking_ros_ws/install/interbotix_xs_msgs/include/interbotix_xs_msgs/msg/detail/turret_joy__rosidl_typesupport_introspection_c.h
-- Symlinking: /home/locobot/SU_Robotics/eyetracking_ros_ws/install/interbotix_xs_msgs/include/interbotix_xs_msgs/msg/rosidl_typesupport_introspection_c__visibility_control.h
-- Symlinking: /home/locobot/SU_Robotics/eyetracking_ros_ws/install/interbotix_xs_msgs/include/interbotix_xs_msgs/srv/detail/motor_gains__rosidl_typesupport_introspection_c.h
-- Symlinking: /home/locobot/SU_Robotics/eyetracking_ros_ws/install/interbotix_xs_msgs/include/interbotix_xs_msgs/srv/detail/operating_modes__rosidl_typesupport_introspection_c.h
-- Symlinking: /home/locobot/SU_Robotics/eyetracking_ros_ws/install/interbotix_xs_msgs/include/interbotix_xs_msgs/srv/detail/reboot__rosidl_typesupport_introspection_c.h
-- Symlinking: /home/locobot/SU_Robotics/eyetracking_ros_ws/install/interbotix_xs_msgs/include/interbotix_xs_msgs/srv/detail/register_values__rosidl_typesupport_introspection_c.h
-- Symlinking: /home/locobot/SU_Robotics/eyetracking_ros_ws/install/interbotix_xs_msgs/include/interbotix_xs_msgs/srv/detail/robot_info__rosidl_typesupport_introspection_c.h
-- Symlinking: /home/locobot/SU_Robotics/eyetracking_ros_ws/install/interbotix_xs_msgs/include/interbotix_xs_msgs/srv/detail/torque_enable__rosidl_typesupport_introspection_c.h
-- Symlinking: /home/locobot/SU_Robotics/eyetracking_ros_ws/install/interbotix_xs_msgs/include/interbotix_xs_msgs/msg/arm_joy.hpp
-- Symlinking: /home/locobot/SU_Robotics/eyetracking_ros_ws/install/interbotix_xs_msgs/include/interbotix_xs_msgs/msg/detail/arm_joy__builder.hpp
-- Symlinking: /home/locobot/SU_Robotics/eyetracking_ros_ws/install/interbotix_xs_msgs/include/interbotix_xs_msgs/msg/detail/arm_joy__struct.hpp
-- Symlinking: /home/locobot/SU_Robotics/eyetracking_ros_ws/install/interbotix_xs_msgs/include/interbotix_xs_msgs/msg/detail/arm_joy__traits.hpp
-- Symlinking: /home/locobot/SU_Robotics/eyetracking_ros_ws/install/interbotix_xs_msgs/include/interbotix_xs_msgs/msg/detail/hex_joy__builder.hpp
-- Symlinking: /home/locobot/SU_Robotics/eyetracking_ros_ws/install/interbotix_xs_msgs/include/interbotix_xs_msgs/msg/detail/hex_joy__struct.hpp
-- Symlinking: /home/locobot/SU_Robotics/eyetracking_ros_ws/install/interbotix_xs_msgs/include/interbotix_xs_msgs/msg/detail/hex_joy__traits.hpp
-- Symlinking: /home/locobot/SU_Robotics/eyetracking_ros_ws/install/interbotix_xs_msgs/include/interbotix_xs_msgs/msg/detail/joint_group_command__builder.hpp
-- Symlinking: /home/locobot/SU_Robotics/eyetracking_ros_ws/install/interbotix_xs_msgs/include/interbotix_xs_msgs/msg/detail/joint_group_command__struct.hpp
-- Symlinking: /home/locobot/SU_Robotics/eyetracking_ros_ws/install/interbotix_xs_msgs/include/interbotix_xs_msgs/msg/detail/joint_group_command__traits.hpp
-- Symlinking: /home/locobot/SU_Robotics/eyetracking_ros_ws/install/interbotix_xs_msgs/include/interbotix_xs_msgs/msg/detail/joint_single_command__builder.hpp
-- Symlinking: /home/locobot/SU_Robotics/eyetracking_ros_ws/install/interbotix_xs_msgs/include/interbotix_xs_msgs/msg/detail/joint_single_command__struct.hpp
-- Symlinking: /home/locobot/SU_Robotics/eyetracking_ros_ws/install/interbotix_xs_msgs/include/interbotix_xs_msgs/msg/detail/joint_single_command__traits.hpp
-- Symlinking: /home/locobot/SU_Robotics/eyetracking_ros_ws/install/interbotix_xs_msgs/include/interbotix_xs_msgs/msg/detail/joint_temps__builder.hpp
-- Symlinking: /home/locobot/SU_Robotics/eyetracking_ros_ws/install/interbotix_xs_msgs/include/interbotix_xs_msgs/msg/detail/joint_temps__struct.hpp
-- Symlinking: /home/locobot/SU_Robotics/eyetracking_ros_ws/install/interbotix_xs_msgs/include/interbotix_xs_msgs/msg/detail/joint_temps__traits.hpp
-- Symlinking: /home/locobot/SU_Robotics/eyetracking_ros_ws/install/interbotix_xs_msgs/include/interbotix_xs_msgs/msg/detail/joint_trajectory_command__builder.hpp
-- Symlinking: /home/locobot/SU_Robotics/eyetracking_ros_ws/install/interbotix_xs_msgs/include/interbotix_xs_msgs/msg/detail/joint_trajectory_command__struct.hpp
-- Symlinking: /home/locobot/SU_Robotics/eyetracking_ros_ws/install/interbotix_xs_msgs/include/interbotix_xs_msgs/msg/detail/joint_trajectory_command__traits.hpp
-- Symlinking: /home/locobot/SU_Robotics/eyetracking_ros_ws/install/interbotix_xs_msgs/include/interbotix_xs_msgs/msg/detail/locobot_joy__builder.hpp
-- Symlinking: /home/locobot/SU_Robotics/eyetracking_ros_ws/install/interbotix_xs_msgs/include/interbotix_xs_msgs/msg/detail/locobot_joy__struct.hpp
-- Symlinking: /home/locobot/SU_Robotics/eyetracking_ros_ws/install/interbotix_xs_msgs/include/interbotix_xs_msgs/msg/detail/locobot_joy__traits.hpp
-- Symlinking: /home/locobot/SU_Robotics/eyetracking_ros_ws/install/interbotix_xs_msgs/include/interbotix_xs_msgs/msg/detail/turret_joy__builder.hpp
-- Symlinking: /home/locobot/SU_Robotics/eyetracking_ros_ws/install/interbotix_xs_msgs/include/interbotix_xs_msgs/msg/detail/turret_joy__struct.hpp
-- Symlinking: /home/locobot/SU_Robotics/eyetracking_ros_ws/install/interbotix_xs_msgs/include/interbotix_xs_msgs/msg/detail/turret_joy__traits.hpp
-- Symlinking: /home/locobot/SU_Robotics/eyetracking_ros_ws/install/interbotix_xs_msgs/include/interbotix_xs_msgs/msg/hex_joy.hpp
-- Symlinking: /home/locobot/SU_Robotics/eyetracking_ros_ws/install/interbotix_xs_msgs/include/interbotix_xs_msgs/msg/joint_group_command.hpp
-- Symlinking: /home/locobot/SU_Robotics/eyetracking_ros_ws/install/interbotix_xs_msgs/include/interbotix_xs_msgs/msg/joint_single_command.hpp
-- Symlinking: /home/locobot/SU_Robotics/eyetracking_ros_ws/install/interbotix_xs_msgs/include/interbotix_xs_msgs/msg/joint_temps.hpp
-- Symlinking: /home/locobot/SU_Robotics/eyetracking_ros_ws/install/interbotix_xs_msgs/include/interbotix_xs_msgs/msg/joint_trajectory_command.hpp
-- Symlinking: /home/locobot/SU_Robotics/eyetracking_ros_ws/install/interbotix_xs_msgs/include/interbotix_xs_msgs/msg/locobot_joy.hpp
-- Symlinking: /home/locobot/SU_Robotics/eyetracking_ros_ws/install/interbotix_xs_msgs/include/interbotix_xs_msgs/msg/turret_joy.hpp
-- Symlinking: /home/locobot/SU_Robotics/eyetracking_ros_ws/install/interbotix_xs_msgs/include/interbotix_xs_msgs/srv/detail/motor_gains__builder.hpp
-- Symlinking: /home/locobot/SU_Robotics/eyetracking_ros_ws/install/interbotix_xs_msgs/include/interbotix_xs_msgs/srv/detail/motor_gains__struct.hpp
-- Symlinking: /home/locobot/SU_Robotics/eyetracking_ros_ws/install/interbotix_xs_msgs/include/interbotix_xs_msgs/srv/detail/motor_gains__traits.hpp
-- Symlinking: /home/locobot/SU_Robotics/eyetracking_ros_ws/install/interbotix_xs_msgs/include/interbotix_xs_msgs/srv/detail/operating_modes__builder.hpp
-- Symlinking: /home/locobot/SU_Robotics/eyetracking_ros_ws/install/interbotix_xs_msgs/include/interbotix_xs_msgs/srv/detail/operating_modes__struct.hpp
-- Symlinking: /home/locobot/SU_Robotics/eyetracking_ros_ws/install/interbotix_xs_msgs/include/interbotix_xs_msgs/srv/detail/operating_modes__traits.hpp
-- Symlinking: /home/locobot/SU_Robotics/eyetracking_ros_ws/install/interbotix_xs_msgs/include/interbotix_xs_msgs/srv/detail/reboot__builder.hpp
-- Symlinking: /home/locobot/SU_Robotics/eyetracking_ros_ws/install/interbotix_xs_msgs/include/interbotix_xs_msgs/srv/detail/reboot__struct.hpp
-- Symlinking: /home/locobot/SU_Robotics/eyetracking_ros_ws/install/interbotix_xs_msgs/include/interbotix_xs_msgs/srv/detail/reboot__traits.hpp
-- Symlinking: /home/locobot/SU_Robotics/eyetracking_ros_ws/install/interbotix_xs_msgs/include/interbotix_xs_msgs/srv/detail/register_values__builder.hpp
-- Symlinking: /home/locobot/SU_Robotics/eyetracking_ros_ws/install/interbotix_xs_msgs/include/interbotix_xs_msgs/srv/detail/register_values__struct.hpp
-- Symlinking: /home/locobot/SU_Robotics/eyetracking_ros_ws/install/interbotix_xs_msgs/include/interbotix_xs_msgs/srv/detail/register_values__traits.hpp
-- Symlinking: /home/locobot/SU_Robotics/eyetracking_ros_ws/install/interbotix_xs_msgs/include/interbotix_xs_msgs/srv/detail/robot_info__builder.hpp
-- Symlinking: /home/locobot/SU_Robotics/eyetracking_ros_ws/install/interbotix_xs_msgs/include/interbotix_xs_msgs/srv/detail/robot_info__struct.hpp
-- Symlinking: /home/locobot/SU_Robotics/eyetracking_ros_ws/install/interbotix_xs_msgs/include/interbotix_xs_msgs/srv/detail/robot_info__traits.hpp
-- Symlinking: /home/locobot/SU_Robotics/eyetracking_ros_ws/install/interbotix_xs_msgs/include/interbotix_xs_msgs/srv/detail/torque_enable__builder.hpp
-- Symlinking: /home/locobot/SU_Robotics/eyetracking_ros_ws/install/interbotix_xs_msgs/include/interbotix_xs_msgs/srv/detail/torque_enable__struct.hpp
-- Symlinking: /home/locobot/SU_Robotics/eyetracking_ros_ws/install/interbotix_xs_msgs/include/interbotix_xs_msgs/srv/detail/torque_enable__traits.hpp
-- Symlinking: /home/locobot/SU_Robotics/eyetracking_ros_ws/install/interbotix_xs_msgs/include/interbotix_xs_msgs/srv/motor_gains.hpp
-- Symlinking: /home/locobot/SU_Robotics/eyetracking_ros_ws/install/interbotix_xs_msgs/include/interbotix_xs_msgs/srv/operating_modes.hpp
-- Symlinking: /home/locobot/SU_Robotics/eyetracking_ros_ws/install/interbotix_xs_msgs/include/interbotix_xs_msgs/srv/reboot.hpp
-- Symlinking: /home/locobot/SU_Robotics/eyetracking_ros_ws/install/interbotix_xs_msgs/include/interbotix_xs_msgs/srv/register_values.hpp
-- Symlinking: /home/locobot/SU_Robotics/eyetracking_ros_ws/install/interbotix_xs_msgs/include/interbotix_xs_msgs/srv/robot_info.hpp
-- Symlinking: /home/locobot/SU_Robotics/eyetracking_ros_ws/install/interbotix_xs_msgs/include/interbotix_xs_msgs/srv/torque_enable.hpp
-- Symlinking: /home/locobot/SU_Robotics/eyetracking_ros_ws/install/interbotix_xs_msgs/include/interbotix_xs_msgs/msg/detail/arm_joy__rosidl_typesupport_introspection_cpp.hpp
-- Symlinking: /home/locobot/SU_Robotics/eyetracking_ros_ws/install/interbotix_xs_msgs/include/interbotix_xs_msgs/msg/detail/hex_joy__rosidl_typesupport_introspection_cpp.hpp
-- Symlinking: /home/locobot/SU_Robotics/eyetracking_ros_ws/install/interbotix_xs_msgs/include/interbotix_xs_msgs/msg/detail/joint_group_command__rosidl_typesupport_introspection_cpp.hpp
-- Symlinking: /home/locobot/SU_Robotics/eyetracking_ros_ws/install/interbotix_xs_msgs/include/interbotix_xs_msgs/msg/detail/joint_single_command__rosidl_typesupport_introspection_cpp.hpp
-- Symlinking: /home/locobot/SU_Robotics/eyetracking_ros_ws/install/interbotix_xs_msgs/include/interbotix_xs_msgs/msg/detail/joint_temps__rosidl_typesupport_introspection_cpp.hpp
-- Symlinking: /home/locobot/SU_Robotics/eyetracking_ros_ws/install/interbotix_xs_msgs/include/interbotix_xs_msgs/msg/detail/joint_trajectory_command__rosidl_typesupport_introspection_cpp.hpp
-- Symlinking: /home/locobot/SU_Robotics/eyetracking_ros_ws/install/interbotix_xs_msgs/include/interbotix_xs_msgs/msg/detail/locobot_joy__rosidl_typesupport_introspection_cpp.hpp
-- Symlinking: /home/locobot/SU_Robotics/eyetracking_ros_ws/install/interbotix_xs_msgs/include/interbotix_xs_msgs/msg/detail/turret_joy__rosidl_typesupport_introspection_cpp.hpp
-- Symlinking: /home/locobot/SU_Robotics/eyetracking_ros_ws/install/interbotix_xs_msgs/include/interbotix_xs_msgs/srv/detail/motor_gains__rosidl_typesupport_introspection_cpp.hpp
-- Symlinking: /home/locobot/SU_Robotics/eyetracking_ros_ws/install/interbotix_xs_msgs/include/interbotix_xs_msgs/srv/detail/operating_modes__rosidl_typesupport_introspection_cpp.hpp
-- Symlinking: /home/locobot/SU_Robotics/eyetracking_ros_ws/install/interbotix_xs_msgs/include/interbotix_xs_msgs/srv/detail/reboot__rosidl_typesupport_introspection_cpp.hpp
-- Symlinking: /home/locobot/SU_Robotics/eyetracking_ros_ws/install/interbotix_xs_msgs/include/interbotix_xs_msgs/srv/detail/register_values__rosidl_typesupport_introspection_cpp.hpp
-- Symlinking: /home/locobot/SU_Robotics/eyetracking_ros_ws/install/interbotix_xs_msgs/include/interbotix_xs_msgs/srv/detail/robot_info__rosidl_typesupport_introspection_cpp.hpp
-- Symlinking: /home/locobot/SU_Robotics/eyetracking_ros_ws/install/interbotix_xs_msgs/include/interbotix_xs_msgs/srv/detail/torque_enable__rosidl_typesupport_introspection_cpp.hpp
-- Symlinking: /home/locobot/SU_Robotics/eyetracking_ros_ws/install/interbotix_xs_msgs/share/interbotix_xs_msgs/environment/pythonpath.sh
-- Symlinking: /home/locobot/SU_Robotics/eyetracking_ros_ws/install/interbotix_xs_msgs/share/interbotix_xs_msgs/environment/pythonpath.dsv
-- Symlinking: /home/locobot/SU_Robotics/eyetracking_ros_ws/install/interbotix_xs_msgs/lib/python3.8/site-packages/interbotix_xs_msgs/__init__.py
-- Symlinking: /home/locobot/SU_Robotics/eyetracking_ros_ws/install/interbotix_xs_msgs/lib/python3.8/site-packages/interbotix_xs_msgs/msg/__init__.py
-- Symlinking: /home/locobot/SU_Robotics/eyetracking_ros_ws/install/interbotix_xs_msgs/lib/python3.8/site-packages/interbotix_xs_msgs/msg/_arm_joy.py
-- Symlinking: /home/locobot/SU_Robotics/eyetracking_ros_ws/install/interbotix_xs_msgs/lib/python3.8/site-packages/interbotix_xs_msgs/msg/_hex_joy.py
-- Symlinking: /home/locobot/SU_Robotics/eyetracking_ros_ws/install/interbotix_xs_msgs/lib/python3.8/site-packages/interbotix_xs_msgs/msg/_joint_group_command.py
-- Symlinking: /home/locobot/SU_Robotics/eyetracking_ros_ws/install/interbotix_xs_msgs/lib/python3.8/site-packages/interbotix_xs_msgs/msg/_joint_single_command.py
-- Symlinking: /home/locobot/SU_Robotics/eyetracking_ros_ws/install/interbotix_xs_msgs/lib/python3.8/site-packages/interbotix_xs_msgs/msg/_joint_temps.py
-- Symlinking: /home/locobot/SU_Robotics/eyetracking_ros_ws/install/interbotix_xs_msgs/lib/python3.8/site-packages/interbotix_xs_msgs/msg/_joint_trajectory_command.py
-- Symlinking: /home/locobot/SU_Robotics/eyetracking_ros_ws/install/interbotix_xs_msgs/lib/python3.8/site-packages/interbotix_xs_msgs/msg/_locobot_joy.py
-- Symlinking: /home/locobot/SU_Robotics/eyetracking_ros_ws/install/interbotix_xs_msgs/lib/python3.8/site-packages/interbotix_xs_msgs/msg/_turret_joy.py
-- Symlinking: /home/locobot/SU_Robotics/eyetracking_ros_ws/install/interbotix_xs_msgs/lib/python3.8/site-packages/interbotix_xs_msgs/srv/__init__.py
-- Symlinking: /home/locobot/SU_Robotics/eyetracking_ros_ws/install/interbotix_xs_msgs/lib/python3.8/site-packages/interbotix_xs_msgs/srv/_motor_gains.py
-- Symlinking: /home/locobot/SU_Robotics/eyetracking_ros_ws/install/interbotix_xs_msgs/lib/python3.8/site-packages/interbotix_xs_msgs/srv/_operating_modes.py
-- Symlinking: /home/locobot/SU_Robotics/eyetracking_ros_ws/install/interbotix_xs_msgs/lib/python3.8/site-packages/interbotix_xs_msgs/srv/_reboot.py
-- Symlinking: /home/locobot/SU_Robotics/eyetracking_ros_ws/install/interbotix_xs_msgs/lib/python3.8/site-packages/interbotix_xs_msgs/srv/_register_values.py
-- Symlinking: /home/locobot/SU_Robotics/eyetracking_ros_ws/install/interbotix_xs_msgs/lib/python3.8/site-packages/interbotix_xs_msgs/srv/_robot_info.py
-- Symlinking: /home/locobot/SU_Robotics/eyetracking_ros_ws/install/interbotix_xs_msgs/lib/python3.8/site-packages/interbotix_xs_msgs/srv/_torque_enable.py
-- Symlinking: /home/locobot/SU_Robotics/eyetracking_ros_ws/install/interbotix_xs_msgs/lib/python3.8/site-packages/interbotix_xs_msgs/interbotix_xs_msgs_s__rosidl_typesupport_fastrtps_c.cpython-38-x86_64-linux-gnu.so
-- Symlinking: /home/locobot/SU_Robotics/eyetracking_ros_ws/install/interbotix_xs_msgs/lib/python3.8/site-packages/interbotix_xs_msgs/interbotix_xs_msgs_s__rosidl_typesupport_introspection_c.cpython-38-x86_64-linux-gnu.so
-- Symlinking: /home/locobot/SU_Robotics/eyetracking_ros_ws/install/interbotix_xs_msgs/lib/python3.8/site-packages/interbotix_xs_msgs/interbotix_xs_msgs_s__rosidl_typesupport_c.cpython-38-x86_64-linux-gnu.so
-- Symlinking: /home/locobot/SU_Robotics/eyetracking_ros_ws/install/interbotix_xs_msgs/lib/libinterbotix_xs_msgs__python.so
-- Symlinking: /home/locobot/SU_Robotics/eyetracking_ros_ws/install/interbotix_xs_msgs/share/interbotix_xs_msgs/msg/ArmJoy.idl
-- Symlinking: /home/locobot/SU_Robotics/eyetracking_ros_ws/install/interbotix_xs_msgs/share/interbotix_xs_msgs/msg/HexJoy.idl
-- Symlinking: /home/locobot/SU_Robotics/eyetracking_ros_ws/install/interbotix_xs_msgs/share/interbotix_xs_msgs/msg/JointGroupCommand.idl
-- Symlinking: /home/locobot/SU_Robotics/eyetracking_ros_ws/install/interbotix_xs_msgs/share/interbotix_xs_msgs/msg/JointSingleCommand.idl
-- Symlinking: /home/locobot/SU_Robotics/eyetracking_ros_ws/install/interbotix_xs_msgs/share/interbotix_xs_msgs/msg/JointTemps.idl
-- Symlinking: /home/locobot/SU_Robotics/eyetracking_ros_ws/install/interbotix_xs_msgs/share/interbotix_xs_msgs/msg/JointTrajectoryCommand.idl
-- Symlinking: /home/locobot/SU_Robotics/eyetracking_ros_ws/install/interbotix_xs_msgs/share/interbotix_xs_msgs/msg/LocobotJoy.idl
-- Symlinking: /home/locobot/SU_Robotics/eyetracking_ros_ws/install/interbotix_xs_msgs/share/interbotix_xs_msgs/msg/TurretJoy.idl
-- Symlinking: /home/locobot/SU_Robotics/eyetracking_ros_ws/install/interbotix_xs_msgs/share/interbotix_xs_msgs/srv/MotorGains.idl
-- Symlinking: /home/locobot/SU_Robotics/eyetracking_ros_ws/install/interbotix_xs_msgs/share/interbotix_xs_msgs/srv/OperatingModes.idl
-- Symlinking: /home/locobot/SU_Robotics/eyetracking_ros_ws/install/interbotix_xs_msgs/share/interbotix_xs_msgs/srv/Reboot.idl
-- Symlinking: /home/locobot/SU_Robotics/eyetracking_ros_ws/install/interbotix_xs_msgs/share/interbotix_xs_msgs/srv/RegisterValues.idl
-- Symlinking: /home/locobot/SU_Robotics/eyetracking_ros_ws/install/interbotix_xs_msgs/share/interbotix_xs_msgs/srv/RobotInfo.idl
-- Symlinking: /home/locobot/SU_Robotics/eyetracking_ros_ws/install/interbotix_xs_msgs/share/interbotix_xs_msgs/srv/TorqueEnable.idl
-- Symlinking: /home/locobot/SU_Robotics/eyetracking_ros_ws/install/interbotix_xs_msgs/share/interbotix_xs_msgs/msg/ArmJoy.msg
-- Symlinking: /home/locobot/SU_Robotics/eyetracking_ros_ws/install/interbotix_xs_msgs/share/interbotix_xs_msgs/msg/HexJoy.msg
-- Symlinking: /home/locobot/SU_Robotics/eyetracking_ros_ws/install/interbotix_xs_msgs/share/interbotix_xs_msgs/msg/JointGroupCommand.msg
-- Symlinking: /home/locobot/SU_Robotics/eyetracking_ros_ws/install/interbotix_xs_msgs/share/interbotix_xs_msgs/msg/JointSingleCommand.msg
-- Symlinking: /home/locobot/SU_Robotics/eyetracking_ros_ws/install/interbotix_xs_msgs/share/interbotix_xs_msgs/msg/JointTemps.msg
-- Symlinking: /home/locobot/SU_Robotics/eyetracking_ros_ws/install/interbotix_xs_msgs/share/interbotix_xs_msgs/msg/JointTrajectoryCommand.msg
-- Symlinking: /home/locobot/SU_Robotics/eyetracking_ros_ws/install/interbotix_xs_msgs/share/interbotix_xs_msgs/msg/LocobotJoy.msg
-- Symlinking: /home/locobot/SU_Robotics/eyetracking_ros_ws/install/interbotix_xs_msgs/share/interbotix_xs_msgs/msg/TurretJoy.msg
-- Symlinking: /home/locobot/SU_Robotics/eyetracking_ros_ws/install/interbotix_xs_msgs/share/interbotix_xs_msgs/srv/MotorGains.srv
-- Symlinking: /home/locobot/SU_Robotics/eyetracking_ros_ws/install/interbotix_xs_msgs/share/interbotix_xs_msgs/srv/MotorGains_Request.msg
-- Symlinking: /home/locobot/SU_Robotics/eyetracking_ros_ws/install/interbotix_xs_msgs/share/interbotix_xs_msgs/srv/MotorGains_Response.msg
-- Symlinking: /home/locobot/SU_Robotics/eyetracking_ros_ws/install/interbotix_xs_msgs/share/interbotix_xs_msgs/srv/OperatingModes.srv
-- Symlinking: /home/locobot/SU_Robotics/eyetracking_ros_ws/install/interbotix_xs_msgs/share/interbotix_xs_msgs/srv/OperatingModes_Request.msg
-- Symlinking: /home/locobot/SU_Robotics/eyetracking_ros_ws/install/interbotix_xs_msgs/share/interbotix_xs_msgs/srv/OperatingModes_Response.msg
-- Symlinking: /home/locobot/SU_Robotics/eyetracking_ros_ws/install/interbotix_xs_msgs/share/interbotix_xs_msgs/srv/Reboot.srv
-- Symlinking: /home/locobot/SU_Robotics/eyetracking_ros_ws/install/interbotix_xs_msgs/share/interbotix_xs_msgs/srv/Reboot_Request.msg
-- Symlinking: /home/locobot/SU_Robotics/eyetracking_ros_ws/install/interbotix_xs_msgs/share/interbotix_xs_msgs/srv/Reboot_Response.msg
-- Symlinking: /home/locobot/SU_Robotics/eyetracking_ros_ws/install/interbotix_xs_msgs/share/interbotix_xs_msgs/srv/RegisterValues.srv
-- Symlinking: /home/locobot/SU_Robotics/eyetracking_ros_ws/install/interbotix_xs_msgs/share/interbotix_xs_msgs/srv/RegisterValues_Request.msg
-- Symlinking: /home/locobot/SU_Robotics/eyetracking_ros_ws/install/interbotix_xs_msgs/share/interbotix_xs_msgs/srv/RegisterValues_Response.msg
-- Symlinking: /home/locobot/SU_Robotics/eyetracking_ros_ws/install/interbotix_xs_msgs/share/interbotix_xs_msgs/srv/RobotInfo.srv
-- Symlinking: /home/locobot/SU_Robotics/eyetracking_ros_ws/install/interbotix_xs_msgs/share/interbotix_xs_msgs/srv/RobotInfo_Request.msg
-- Symlinking: /home/locobot/SU_Robotics/eyetracking_ros_ws/install/interbotix_xs_msgs/share/interbotix_xs_msgs/srv/RobotInfo_Response.msg
-- Symlinking: /home/locobot/SU_Robotics/eyetracking_ros_ws/install/interbotix_xs_msgs/share/interbotix_xs_msgs/srv/TorqueEnable.srv
-- Symlinking: /home/locobot/SU_Robotics/eyetracking_ros_ws/install/interbotix_xs_msgs/share/interbotix_xs_msgs/srv/TorqueEnable_Request.msg
-- Symlinking: /home/locobot/SU_Robotics/eyetracking_ros_ws/install/interbotix_xs_msgs/share/interbotix_xs_msgs/srv/TorqueEnable_Response.msg
-- Symlinking: /home/locobot/SU_Robotics/eyetracking_ros_ws/install/interbotix_xs_msgs/share/ament_index/resource_index/package_run_dependencies/interbotix_xs_msgs
-- Symlinking: /home/locobot/SU_Robotics/eyetracking_ros_ws/install/interbotix_xs_msgs/share/ament_index/resource_index/parent_prefix_path/interbotix_xs_msgs
-- Symlinking: /home/locobot/SU_Robotics/eyetracking_ros_ws/install/interbotix_xs_msgs/share/interbotix_xs_msgs/environment/ament_prefix_path.sh
-- Symlinking: /home/locobot/SU_Robotics/eyetracking_ros_ws/install/interbotix_xs_msgs/share/interbotix_xs_msgs/environment/ament_prefix_path.dsv
-- Symlinking: /home/locobot/SU_Robotics/eyetracking_ros_ws/install/interbotix_xs_msgs/share/interbotix_xs_msgs/environment/path.sh
-- Symlinking: /home/locobot/SU_Robotics/eyetracking_ros_ws/install/interbotix_xs_msgs/share/interbotix_xs_msgs/environment/path.dsv
-- Symlinking: /home/locobot/SU_Robotics/eyetracking_ros_ws/install/interbotix_xs_msgs/share/interbotix_xs_msgs/local_setup.bash
-- Symlinking: /home/locobot/SU_Robotics/eyetracking_ros_ws/install/interbotix_xs_msgs/share/interbotix_xs_msgs/local_setup.sh
-- Symlinking: /home/locobot/SU_Robotics/eyetracking_ros_ws/install/interbotix_xs_msgs/share/interbotix_xs_msgs/local_setup.zsh
-- Symlinking: /home/locobot/SU_Robotics/eyetracking_ros_ws/install/interbotix_xs_msgs/share/interbotix_xs_msgs/local_setup.dsv
-- Symlinking: /home/locobot/SU_Robotics/eyetracking_ros_ws/install/interbotix_xs_msgs/share/interbotix_xs_msgs/package.dsv
-- Symlinking: /home/locobot/SU_Robotics/eyetracking_ros_ws/install/interbotix_xs_msgs/share/ament_index/resource_index/packages/interbotix_xs_msgs
-- Symlinking: /home/locobot/SU_Robotics/eyetracking_ros_ws/install/interbotix_xs_msgs/share/interbotix_xs_msgs/cmake/rosidl_cmake-extras.cmake
-- Symlinking: /home/locobot/SU_Robotics/eyetracking_ros_ws/install/interbotix_xs_msgs/share/interbotix_xs_msgs/cmake/ament_cmake_export_dependencies-extras.cmake
-- Symlinking: /home/locobot/SU_Robotics/eyetracking_ros_ws/install/interbotix_xs_msgs/share/interbotix_xs_msgs/cmake/ament_cmake_export_libraries-extras.cmake
-- Symlinking: /home/locobot/SU_Robotics/eyetracking_ros_ws/install/interbotix_xs_msgs/share/interbotix_xs_msgs/cmake/ament_cmake_export_targets-extras.cmake
-- Symlinking: /home/locobot/SU_Robotics/eyetracking_ros_ws/install/interbotix_xs_msgs/share/interbotix_xs_msgs/cmake/ament_cmake_export_include_directories-extras.cmake
-- Symlinking: /home/locobot/SU_Robotics/eyetracking_ros_ws/install/interbotix_xs_msgs/share/interbotix_xs_msgs/cmake/rosidl_cmake_export_typesupport_libraries-extras.cmake
-- Symlinking: /home/locobot/SU_Robotics/eyetracking_ros_ws/install/interbotix_xs_msgs/share/interbotix_xs_msgs/cmake/rosidl_cmake_export_typesupport_targets-extras.cmake
-- Symlinking: /home/locobot/SU_Robotics/eyetracking_ros_ws/install/interbotix_xs_msgs/share/interbotix_xs_msgs/cmake/interbotix_xs_msgsConfig.cmake
-- Symlinking: /home/locobot/SU_Robotics/eyetracking_ros_ws/install/interbotix_xs_msgs/share/interbotix_xs_msgs/cmake/interbotix_xs_msgsConfig-version.cmake
-- Symlinking: /home/locobot/SU_Robotics/eyetracking_ros_ws/install/interbotix_xs_msgs/share/interbotix_xs_msgs/package.xml
-- Up-to-date: /home/locobot/SU_Robotics/eyetracking_ros_ws/install/interbotix_xs_msgs/lib/libinterbotix_xs_msgs__rosidl_generator_c.so
-- Up-to-date: /home/locobot/SU_Robotics/eyetracking_ros_ws/install/interbotix_xs_msgs/lib/libinterbotix_xs_msgs__rosidl_typesupport_introspection_c.so
-- Up-to-date: /home/locobot/SU_Robotics/eyetracking_ros_ws/install/interbotix_xs_msgs/lib/libinterbotix_xs_msgs__rosidl_typesupport_c.so
-- Up-to-date: /home/locobot/SU_Robotics/eyetracking_ros_ws/install/interbotix_xs_msgs/lib/libinterbotix_xs_msgs__rosidl_typesupport_introspection_cpp.so
-- Up-to-date: /home/locobot/SU_Robotics/eyetracking_ros_ws/install/interbotix_xs_msgs/lib/libinterbotix_xs_msgs__rosidl_typesupport_cpp.so
Compiling '/home/locobot/SU_Robotics/eyetracking_ros_ws/install/interbotix_xs_msgs/lib/python3.8/site-packages/interbotix_xs_msgs/__init__.py'...
-- Up-to-date: /home/locobot/SU_Robotics/eyetracking_ros_ws/install/interbotix_xs_msgs/share/interbotix_xs_msgs/cmake/interbotix_xs_msgs__rosidl_generator_cExport.cmake
-- Installing: /home/locobot/SU_Robotics/eyetracking_ros_ws/install/interbotix_xs_msgs/share/interbotix_xs_msgs/cmake/interbotix_xs_msgs__rosidl_generator_cExport-noconfig.cmake
-- Up-to-date: /home/locobot/SU_Robotics/eyetracking_ros_ws/install/interbotix_xs_msgs/share/interbotix_xs_msgs/cmake/interbotix_xs_msgs__rosidl_typesupport_introspection_cExport.cmake
-- Installing: /home/locobot/SU_Robotics/eyetracking_ros_ws/install/interbotix_xs_msgs/share/interbotix_xs_msgs/cmake/interbotix_xs_msgs__rosidl_typesupport_introspection_cExport-noconfig.cmake
-- Up-to-date: /home/locobot/SU_Robotics/eyetracking_ros_ws/install/interbotix_xs_msgs/share/interbotix_xs_msgs/cmake/interbotix_xs_msgs__rosidl_typesupport_cExport.cmake
-- Installing: /home/locobot/SU_Robotics/eyetracking_ros_ws/install/interbotix_xs_msgs/share/interbotix_xs_msgs/cmake/interbotix_xs_msgs__rosidl_typesupport_cExport-noconfig.cmake
-- Up-to-date: /home/locobot/SU_Robotics/eyetracking_ros_ws/install/interbotix_xs_msgs/share/interbotix_xs_msgs/cmake/interbotix_xs_msgs__rosidl_generator_cppExport.cmake
-- Up-to-date: /home/locobot/SU_Robotics/eyetracking_ros_ws/install/interbotix_xs_msgs/share/interbotix_xs_msgs/cmake/interbotix_xs_msgs__rosidl_typesupport_introspection_cppExport.cmake
-- Installing: /home/locobot/SU_Robotics/eyetracking_ros_ws/install/interbotix_xs_msgs/share/interbotix_xs_msgs/cmake/interbotix_xs_msgs__rosidl_typesupport_introspection_cppExport-noconfig.cmake
-- Up-to-date: /home/locobot/SU_Robotics/eyetracking_ros_ws/install/interbotix_xs_msgs/share/interbotix_xs_msgs/cmake/interbotix_xs_msgs__rosidl_typesupport_cppExport.cmake
-- Installing: /home/locobot/SU_Robotics/eyetracking_ros_ws/install/interbotix_xs_msgs/share/interbotix_xs_msgs/cmake/interbotix_xs_msgs__rosidl_typesupport_cppExport-noconfig.cmake
