[2.672s] Invoking command in '/home/locobot/SU_Robotics/eyetracking_ros_ws/build/interbotix_xs_msgs': CMAKE_PREFIX_PATH=${CMAKE_PREFIX_PATH}:/home/locobot/SU_Robotics/eyetracking_ros_ws/install/interbotix_xs_modules:/home/locobot/SU_Robotics/eyetracking_ros_ws/install/interbotix_perception_modules:/home/locobot/SU_Robotics/eyetracking_ros_ws/install/interbotix_common_modules:/home/locobot/interbotix_ws/install/interbotix_xs_modules:/home/locobot/interbotix_ws/install/interbotix_perception_modules:/home/locobot/interbotix_ws/install/interbotix_common_modules:/opt/ros/galactic /usr/bin/cmake /home/locobot/SU_Robotics/eyetracking_ros_ws/src/interbotix_ros_core/interbotix_ros_xseries/interbotix_xs_msgs -DAMENT_CMAKE_SYMLINK_INSTALL=1 -DCMAKE_INSTALL_PREFIX=/home/locobot/SU_Robotics/eyetracking_ros_ws/install/interbotix_xs_msgs
[3.509s] -- Found rosidl_default_generators: 1.1.1 (/opt/ros/galactic/share/rosidl_default_generators/cmake)
[3.510s] -- Found ament_cmake_core: 1.1.6 (/opt/ros/galactic/share/ament_cmake_core/cmake)
[3.510s] -- Found PythonInterp: /usr/bin/python3 (found suitable version "3.8.10", minimum required is "3") 
[3.510s] -- Using PYTHON_EXECUTABLE: /usr/bin/python3
[3.510s] -- Override CMake install command with custom implementation using symlinks instead of copying resources
[3.510s] -- Using all available rosidl_typesupport_c: rosidl_typesupport_fastrtps_c;rosidl_typesupport_introspection_c
[3.510s] -- Found rosidl_adapter: 2.2.3 (/opt/ros/galactic/share/rosidl_adapter/cmake)
[3.510s] -- Using all available rosidl_typesupport_cpp: rosidl_typesupport_fastrtps_cpp;rosidl_typesupport_introspection_cpp
[3.511s] -- Found std_msgs: 2.2.4 (/opt/ros/galactic/share/std_msgs/cmake)
[3.511s] -- Found trajectory_msgs: 2.2.4 (/opt/ros/galactic/share/trajectory_msgs/cmake)
[3.511s] -- Found PythonInterp: /usr/bin/python3 (found version "3.8.10") 
[3.511s] -- Found ament_cmake_ros: 0.9.2 (/opt/ros/galactic/share/ament_cmake_ros/cmake)
[3.865s] -- Using all available rosidl_typesupport_c: rosidl_typesupport_fastrtps_c;rosidl_typesupport_introspection_c
[4.047s] -- Using all available rosidl_typesupport_cpp: rosidl_typesupport_fastrtps_cpp;rosidl_typesupport_introspection_cpp
[4.121s] -- Found PythonInterp: /usr/bin/python3 (found suitable version "3.8.10", minimum required is "3.5") 
[4.122s] -- Found python_cmake_module: 0.8.1 (/opt/ros/galactic/share/python_cmake_module/cmake)
[4.177s] -- Using PYTHON_EXECUTABLE: /usr/bin/python3
[4.178s] -- Using PYTHON_INCLUDE_DIRS: /usr/include/python3.8
[4.178s] -- Using PYTHON_LIBRARIES: /usr/lib/x86_64-linux-gnu/libpython3.8.so
[4.374s] -- Found ament_lint_auto: 0.10.7 (/opt/ros/galactic/share/ament_lint_auto/cmake)
[4.409s] -- Configuring done
[4.563s] -- Generating done
[4.567s] -- Build files have been written to: /home/locobot/SU_Robotics/eyetracking_ros_ws/build/interbotix_xs_msgs
[4.585s] Invoked command in '/home/locobot/SU_Robotics/eyetracking_ros_ws/build/interbotix_xs_msgs' returned '0': CMAKE_PREFIX_PATH=${CMAKE_PREFIX_PATH}:/home/locobot/SU_Robotics/eyetracking_ros_ws/install/interbotix_xs_modules:/home/locobot/SU_Robotics/eyetracking_ros_ws/install/interbotix_perception_modules:/home/locobot/SU_Robotics/eyetracking_ros_ws/install/interbotix_common_modules:/home/locobot/interbotix_ws/install/interbotix_xs_modules:/home/locobot/interbotix_ws/install/interbotix_perception_modules:/home/locobot/interbotix_ws/install/interbotix_common_modules:/opt/ros/galactic /usr/bin/cmake /home/locobot/SU_Robotics/eyetracking_ros_ws/src/interbotix_ros_core/interbotix_ros_xseries/interbotix_xs_msgs -DAMENT_CMAKE_SYMLINK_INSTALL=1 -DCMAKE_INSTALL_PREFIX=/home/locobot/SU_Robotics/eyetracking_ros_ws/install/interbotix_xs_msgs
[4.588s] Invoking command in '/home/locobot/SU_Robotics/eyetracking_ros_ws/build/interbotix_xs_msgs': CMAKE_PREFIX_PATH=${CMAKE_PREFIX_PATH}:/home/locobot/SU_Robotics/eyetracking_ros_ws/install/interbotix_xs_modules:/home/locobot/SU_Robotics/eyetracking_ros_ws/install/interbotix_perception_modules:/home/locobot/SU_Robotics/eyetracking_ros_ws/install/interbotix_common_modules:/home/locobot/interbotix_ws/install/interbotix_xs_modules:/home/locobot/interbotix_ws/install/interbotix_perception_modules:/home/locobot/interbotix_ws/install/interbotix_common_modules:/opt/ros/galactic /usr/bin/cmake --build /home/locobot/SU_Robotics/eyetracking_ros_ws/build/interbotix_xs_msgs -- -j12 -l12
[4.873s] [  0%] Built target interbotix_xs_msgs__cpp
[4.874s] [ 12%] Built target interbotix_xs_msgs__rosidl_generator_c
[4.874s] [ 24%] Built target interbotix_xs_msgs__rosidl_typesupport_cpp
[4.874s] [ 36%] Built target interbotix_xs_msgs__rosidl_typesupport_introspection_cpp
[4.874s] [ 48%] Built target interbotix_xs_msgs__rosidl_typesupport_introspection_c
[4.874s] [ 48%] [32m[1mLinking CXX shared library libinterbotix_xs_msgs__rosidl_typesupport_fastrtps_cpp.so[0m
[4.874s] [ 60%] Built target interbotix_xs_msgs__rosidl_typesupport_c
[4.959s] [ 72%] Built target interbotix_xs_msgs__rosidl_typesupport_fastrtps_cpp
[4.997s] [ 73%] [32m[1mLinking CXX shared library libinterbotix_xs_msgs__rosidl_typesupport_fastrtps_c.so[0m
[5.091s] [ 84%] Built target interbotix_xs_msgs__rosidl_typesupport_fastrtps_c
[5.112s] [ 84%] Built target interbotix_xs_msgs
[5.134s] [ 85%] Built target interbotix_xs_msgs__py
[5.169s] [ 86%] [32m[1mLinking C shared library rosidl_generator_py/interbotix_xs_msgs/libinterbotix_xs_msgs__python.so[0m
[5.213s] [ 96%] Built target interbotix_xs_msgs__python
[5.239s] [ 97%] [32m[1mLinking C shared library rosidl_generator_py/interbotix_xs_msgs/interbotix_xs_msgs_s__rosidl_typesupport_c.cpython-38-x86_64-linux-gnu.so[0m
[5.239s] [ 97%] [32m[1mLinking CXX shared library rosidl_generator_py/interbotix_xs_msgs/interbotix_xs_msgs_s__rosidl_typesupport_fastrtps_c.cpython-38-x86_64-linux-gnu.so[0m
[5.241s] [ 97%] [32m[1mLinking C shared library rosidl_generator_py/interbotix_xs_msgs/interbotix_xs_msgs_s__rosidl_typesupport_introspection_c.cpython-38-x86_64-linux-gnu.so[0m
[5.281s] [ 99%] Built target interbotix_xs_msgs__rosidl_typesupport_c__pyext
[5.281s] [ 99%] Built target interbotix_xs_msgs__rosidl_typesupport_introspection_c__pyext
[5.309s] [100%] Built target interbotix_xs_msgs__rosidl_typesupport_fastrtps_c__pyext
[5.768s] Invoked command in '/home/locobot/SU_Robotics/eyetracking_ros_ws/build/interbotix_xs_msgs' returned '0': CMAKE_PREFIX_PATH=${CMAKE_PREFIX_PATH}:/home/locobot/SU_Robotics/eyetracking_ros_ws/install/interbotix_xs_modules:/home/locobot/SU_Robotics/eyetracking_ros_ws/install/interbotix_perception_modules:/home/locobot/SU_Robotics/eyetracking_ros_ws/install/interbotix_common_modules:/home/locobot/interbotix_ws/install/interbotix_xs_modules:/home/locobot/interbotix_ws/install/interbotix_perception_modules:/home/locobot/interbotix_ws/install/interbotix_common_modules:/opt/ros/galactic /usr/bin/cmake --build /home/locobot/SU_Robotics/eyetracking_ros_ws/build/interbotix_xs_msgs -- -j12 -l12
[6.449s] Invoking command in '/home/locobot/SU_Robotics/eyetracking_ros_ws/build/interbotix_xs_msgs': CMAKE_PREFIX_PATH=${CMAKE_PREFIX_PATH}:/home/locobot/SU_Robotics/eyetracking_ros_ws/install/interbotix_xs_modules:/home/locobot/SU_Robotics/eyetracking_ros_ws/install/interbotix_perception_modules:/home/locobot/SU_Robotics/eyetracking_ros_ws/install/interbotix_common_modules:/home/locobot/interbotix_ws/install/interbotix_xs_modules:/home/locobot/interbotix_ws/install/interbotix_perception_modules:/home/locobot/interbotix_ws/install/interbotix_common_modules:/opt/ros/galactic /usr/bin/cmake --install /home/locobot/SU_Robotics/eyetracking_ros_ws/build/interbotix_xs_msgs
[6.462s] -- Install configuration: ""
[6.462s] -- Execute custom install script
[6.462s] -- Symlinking: /home/locobot/SU_Robotics/eyetracking_ros_ws/install/interbotix_xs_msgs/share/ament_index/resource_index/rosidl_interfaces/interbotix_xs_msgs
[6.472s] -- Symlinking: /home/locobot/SU_Robotics/eyetracking_ros_ws/install/interbotix_xs_msgs/include/interbotix_xs_msgs/msg/arm_joy.h
[6.481s] -- Symlinking: /home/locobot/SU_Robotics/eyetracking_ros_ws/install/interbotix_xs_msgs/include/interbotix_xs_msgs/msg/detail/arm_joy__functions.h
[6.494s] -- Symlinking: /home/locobot/SU_Robotics/eyetracking_ros_ws/install/interbotix_xs_msgs/include/interbotix_xs_msgs/msg/detail/arm_joy__struct.h
[6.507s] -- Symlinking: /home/locobot/SU_Robotics/eyetracking_ros_ws/install/interbotix_xs_msgs/include/interbotix_xs_msgs/msg/detail/arm_joy__type_support.h
[6.519s] -- Symlinking: /home/locobot/SU_Robotics/eyetracking_ros_ws/install/interbotix_xs_msgs/include/interbotix_xs_msgs/msg/detail/hex_joy__functions.h
[6.532s] -- Symlinking: /home/locobot/SU_Robotics/eyetracking_ros_ws/install/interbotix_xs_msgs/include/interbotix_xs_msgs/msg/detail/hex_joy__struct.h
[6.543s] -- Symlinking: /home/locobot/SU_Robotics/eyetracking_ros_ws/install/interbotix_xs_msgs/include/interbotix_xs_msgs/msg/detail/hex_joy__type_support.h
[6.555s] -- Symlinking: /home/locobot/SU_Robotics/eyetracking_ros_ws/install/interbotix_xs_msgs/include/interbotix_xs_msgs/msg/detail/joint_group_command__functions.h
[6.568s] -- Symlinking: /home/locobot/SU_Robotics/eyetracking_ros_ws/install/interbotix_xs_msgs/include/interbotix_xs_msgs/msg/detail/joint_group_command__struct.h
[6.582s] -- Symlinking: /home/locobot/SU_Robotics/eyetracking_ros_ws/install/interbotix_xs_msgs/include/interbotix_xs_msgs/msg/detail/joint_group_command__type_support.h
[6.589s] -- Symlinking: /home/locobot/SU_Robotics/eyetracking_ros_ws/install/interbotix_xs_msgs/include/interbotix_xs_msgs/msg/detail/joint_single_command__functions.h
[6.598s] -- Symlinking: /home/locobot/SU_Robotics/eyetracking_ros_ws/install/interbotix_xs_msgs/include/interbotix_xs_msgs/msg/detail/joint_single_command__struct.h
[6.610s] -- Symlinking: /home/locobot/SU_Robotics/eyetracking_ros_ws/install/interbotix_xs_msgs/include/interbotix_xs_msgs/msg/detail/joint_single_command__type_support.h
[6.619s] -- Symlinking: /home/locobot/SU_Robotics/eyetracking_ros_ws/install/interbotix_xs_msgs/include/interbotix_xs_msgs/msg/detail/joint_temps__functions.h
[6.628s] -- Symlinking: /home/locobot/SU_Robotics/eyetracking_ros_ws/install/interbotix_xs_msgs/include/interbotix_xs_msgs/msg/detail/joint_temps__struct.h
[6.640s] -- Symlinking: /home/locobot/SU_Robotics/eyetracking_ros_ws/install/interbotix_xs_msgs/include/interbotix_xs_msgs/msg/detail/joint_temps__type_support.h
[6.653s] -- Symlinking: /home/locobot/SU_Robotics/eyetracking_ros_ws/install/interbotix_xs_msgs/include/interbotix_xs_msgs/msg/detail/joint_trajectory_command__functions.h
[6.666s] -- Symlinking: /home/locobot/SU_Robotics/eyetracking_ros_ws/install/interbotix_xs_msgs/include/interbotix_xs_msgs/msg/detail/joint_trajectory_command__struct.h
[6.679s] -- Symlinking: /home/locobot/SU_Robotics/eyetracking_ros_ws/install/interbotix_xs_msgs/include/interbotix_xs_msgs/msg/detail/joint_trajectory_command__type_support.h
[6.691s] -- Symlinking: /home/locobot/SU_Robotics/eyetracking_ros_ws/install/interbotix_xs_msgs/include/interbotix_xs_msgs/msg/detail/locobot_joy__functions.h
[6.703s] -- Symlinking: /home/locobot/SU_Robotics/eyetracking_ros_ws/install/interbotix_xs_msgs/include/interbotix_xs_msgs/msg/detail/locobot_joy__struct.h
[6.714s] -- Symlinking: /home/locobot/SU_Robotics/eyetracking_ros_ws/install/interbotix_xs_msgs/include/interbotix_xs_msgs/msg/detail/locobot_joy__type_support.h
[6.723s] -- Symlinking: /home/locobot/SU_Robotics/eyetracking_ros_ws/install/interbotix_xs_msgs/include/interbotix_xs_msgs/msg/detail/turret_joy__functions.h
[6.735s] -- Symlinking: /home/locobot/SU_Robotics/eyetracking_ros_ws/install/interbotix_xs_msgs/include/interbotix_xs_msgs/msg/detail/turret_joy__struct.h
[6.748s] -- Symlinking: /home/locobot/SU_Robotics/eyetracking_ros_ws/install/interbotix_xs_msgs/include/interbotix_xs_msgs/msg/detail/turret_joy__type_support.h
[6.758s] -- Symlinking: /home/locobot/SU_Robotics/eyetracking_ros_ws/install/interbotix_xs_msgs/include/interbotix_xs_msgs/msg/hex_joy.h
[6.766s] -- Symlinking: /home/locobot/SU_Robotics/eyetracking_ros_ws/install/interbotix_xs_msgs/include/interbotix_xs_msgs/msg/joint_group_command.h
[6.778s] -- Symlinking: /home/locobot/SU_Robotics/eyetracking_ros_ws/install/interbotix_xs_msgs/include/interbotix_xs_msgs/msg/joint_single_command.h
[6.788s] -- Symlinking: /home/locobot/SU_Robotics/eyetracking_ros_ws/install/interbotix_xs_msgs/include/interbotix_xs_msgs/msg/joint_temps.h
[6.797s] -- Symlinking: /home/locobot/SU_Robotics/eyetracking_ros_ws/install/interbotix_xs_msgs/include/interbotix_xs_msgs/msg/joint_trajectory_command.h
[6.812s] -- Symlinking: /home/locobot/SU_Robotics/eyetracking_ros_ws/install/interbotix_xs_msgs/include/interbotix_xs_msgs/msg/locobot_joy.h
[6.821s] -- Symlinking: /home/locobot/SU_Robotics/eyetracking_ros_ws/install/interbotix_xs_msgs/include/interbotix_xs_msgs/msg/rosidl_generator_c__visibility_control.h
[6.834s] -- Symlinking: /home/locobot/SU_Robotics/eyetracking_ros_ws/install/interbotix_xs_msgs/include/interbotix_xs_msgs/msg/turret_joy.h
[6.846s] -- Symlinking: /home/locobot/SU_Robotics/eyetracking_ros_ws/install/interbotix_xs_msgs/include/interbotix_xs_msgs/srv/detail/motor_gains__functions.h
[6.859s] -- Symlinking: /home/locobot/SU_Robotics/eyetracking_ros_ws/install/interbotix_xs_msgs/include/interbotix_xs_msgs/srv/detail/motor_gains__struct.h
[6.871s] -- Symlinking: /home/locobot/SU_Robotics/eyetracking_ros_ws/install/interbotix_xs_msgs/include/interbotix_xs_msgs/srv/detail/motor_gains__type_support.h
[6.881s] -- Symlinking: /home/locobot/SU_Robotics/eyetracking_ros_ws/install/interbotix_xs_msgs/include/interbotix_xs_msgs/srv/detail/operating_modes__functions.h
[6.889s] -- Symlinking: /home/locobot/SU_Robotics/eyetracking_ros_ws/install/interbotix_xs_msgs/include/interbotix_xs_msgs/srv/detail/operating_modes__struct.h
[6.898s] -- Symlinking: /home/locobot/SU_Robotics/eyetracking_ros_ws/install/interbotix_xs_msgs/include/interbotix_xs_msgs/srv/detail/operating_modes__type_support.h
[6.907s] -- Symlinking: /home/locobot/SU_Robotics/eyetracking_ros_ws/install/interbotix_xs_msgs/include/interbotix_xs_msgs/srv/detail/reboot__functions.h
[6.917s] -- Symlinking: /home/locobot/SU_Robotics/eyetracking_ros_ws/install/interbotix_xs_msgs/include/interbotix_xs_msgs/srv/detail/reboot__struct.h
[6.925s] -- Symlinking: /home/locobot/SU_Robotics/eyetracking_ros_ws/install/interbotix_xs_msgs/include/interbotix_xs_msgs/srv/detail/reboot__type_support.h
[6.936s] -- Symlinking: /home/locobot/SU_Robotics/eyetracking_ros_ws/install/interbotix_xs_msgs/include/interbotix_xs_msgs/srv/detail/register_values__functions.h
[6.946s] -- Symlinking: /home/locobot/SU_Robotics/eyetracking_ros_ws/install/interbotix_xs_msgs/include/interbotix_xs_msgs/srv/detail/register_values__struct.h
[6.953s] -- Symlinking: /home/locobot/SU_Robotics/eyetracking_ros_ws/install/interbotix_xs_msgs/include/interbotix_xs_msgs/srv/detail/register_values__type_support.h
[6.963s] -- Symlinking: /home/locobot/SU_Robotics/eyetracking_ros_ws/install/interbotix_xs_msgs/include/interbotix_xs_msgs/srv/detail/robot_info__functions.h
[6.970s] -- Symlinking: /home/locobot/SU_Robotics/eyetracking_ros_ws/install/interbotix_xs_msgs/include/interbotix_xs_msgs/srv/detail/robot_info__struct.h
[6.979s] -- Symlinking: /home/locobot/SU_Robotics/eyetracking_ros_ws/install/interbotix_xs_msgs/include/interbotix_xs_msgs/srv/detail/robot_info__type_support.h
[6.989s] -- Symlinking: /home/locobot/SU_Robotics/eyetracking_ros_ws/install/interbotix_xs_msgs/include/interbotix_xs_msgs/srv/detail/torque_enable__functions.h
[6.997s] -- Symlinking: /home/locobot/SU_Robotics/eyetracking_ros_ws/install/interbotix_xs_msgs/include/interbotix_xs_msgs/srv/detail/torque_enable__struct.h
[7.007s] -- Symlinking: /home/locobot/SU_Robotics/eyetracking_ros_ws/install/interbotix_xs_msgs/include/interbotix_xs_msgs/srv/detail/torque_enable__type_support.h
[7.017s] -- Symlinking: /home/locobot/SU_Robotics/eyetracking_ros_ws/install/interbotix_xs_msgs/include/interbotix_xs_msgs/srv/motor_gains.h
[7.025s] -- Symlinking: /home/locobot/SU_Robotics/eyetracking_ros_ws/install/interbotix_xs_msgs/include/interbotix_xs_msgs/srv/operating_modes.h
[7.034s] -- Symlinking: /home/locobot/SU_Robotics/eyetracking_ros_ws/install/interbotix_xs_msgs/include/interbotix_xs_msgs/srv/reboot.h
[7.042s] -- Symlinking: /home/locobot/SU_Robotics/eyetracking_ros_ws/install/interbotix_xs_msgs/include/interbotix_xs_msgs/srv/register_values.h
[7.052s] -- Symlinking: /home/locobot/SU_Robotics/eyetracking_ros_ws/install/interbotix_xs_msgs/include/interbotix_xs_msgs/srv/robot_info.h
[7.060s] -- Symlinking: /home/locobot/SU_Robotics/eyetracking_ros_ws/install/interbotix_xs_msgs/include/interbotix_xs_msgs/srv/torque_enable.h
[7.069s] -- Symlinking: /home/locobot/SU_Robotics/eyetracking_ros_ws/install/interbotix_xs_msgs/share/interbotix_xs_msgs/environment/library_path.sh
[7.080s] -- Symlinking: /home/locobot/SU_Robotics/eyetracking_ros_ws/install/interbotix_xs_msgs/share/interbotix_xs_msgs/environment/library_path.dsv
[7.088s] -- Symlinking: /home/locobot/SU_Robotics/eyetracking_ros_ws/install/interbotix_xs_msgs/include/interbotix_xs_msgs/msg/detail/arm_joy__rosidl_typesupport_fastrtps_c.h
[7.098s] -- Symlinking: /home/locobot/SU_Robotics/eyetracking_ros_ws/install/interbotix_xs_msgs/include/interbotix_xs_msgs/msg/detail/hex_joy__rosidl_typesupport_fastrtps_c.h
[7.106s] -- Symlinking: /home/locobot/SU_Robotics/eyetracking_ros_ws/install/interbotix_xs_msgs/include/interbotix_xs_msgs/msg/detail/joint_group_command__rosidl_typesupport_fastrtps_c.h
[7.114s] -- Symlinking: /home/locobot/SU_Robotics/eyetracking_ros_ws/install/interbotix_xs_msgs/include/interbotix_xs_msgs/msg/detail/joint_single_command__rosidl_typesupport_fastrtps_c.h
[7.125s] -- Symlinking: /home/locobot/SU_Robotics/eyetracking_ros_ws/install/interbotix_xs_msgs/include/interbotix_xs_msgs/msg/detail/joint_temps__rosidl_typesupport_fastrtps_c.h
[7.136s] -- Symlinking: /home/locobot/SU_Robotics/eyetracking_ros_ws/install/interbotix_xs_msgs/include/interbotix_xs_msgs/msg/detail/joint_trajectory_command__rosidl_typesupport_fastrtps_c.h
[7.142s] -- Symlinking: /home/locobot/SU_Robotics/eyetracking_ros_ws/install/interbotix_xs_msgs/include/interbotix_xs_msgs/msg/detail/locobot_joy__rosidl_typesupport_fastrtps_c.h
[7.152s] -- Symlinking: /home/locobot/SU_Robotics/eyetracking_ros_ws/install/interbotix_xs_msgs/include/interbotix_xs_msgs/msg/detail/turret_joy__rosidl_typesupport_fastrtps_c.h
[7.161s] -- Symlinking: /home/locobot/SU_Robotics/eyetracking_ros_ws/install/interbotix_xs_msgs/include/interbotix_xs_msgs/msg/rosidl_typesupport_fastrtps_c__visibility_control.h
[7.172s] -- Symlinking: /home/locobot/SU_Robotics/eyetracking_ros_ws/install/interbotix_xs_msgs/include/interbotix_xs_msgs/srv/detail/motor_gains__rosidl_typesupport_fastrtps_c.h
[7.181s] -- Symlinking: /home/locobot/SU_Robotics/eyetracking_ros_ws/install/interbotix_xs_msgs/include/interbotix_xs_msgs/srv/detail/operating_modes__rosidl_typesupport_fastrtps_c.h
[7.189s] -- Symlinking: /home/locobot/SU_Robotics/eyetracking_ros_ws/install/interbotix_xs_msgs/include/interbotix_xs_msgs/srv/detail/reboot__rosidl_typesupport_fastrtps_c.h
[7.199s] -- Symlinking: /home/locobot/SU_Robotics/eyetracking_ros_ws/install/interbotix_xs_msgs/include/interbotix_xs_msgs/srv/detail/register_values__rosidl_typesupport_fastrtps_c.h
[7.208s] -- Symlinking: /home/locobot/SU_Robotics/eyetracking_ros_ws/install/interbotix_xs_msgs/include/interbotix_xs_msgs/srv/detail/robot_info__rosidl_typesupport_fastrtps_c.h
[7.216s] -- Symlinking: /home/locobot/SU_Robotics/eyetracking_ros_ws/install/interbotix_xs_msgs/include/interbotix_xs_msgs/srv/detail/torque_enable__rosidl_typesupport_fastrtps_c.h
[7.225s] -- Symlinking: /home/locobot/SU_Robotics/eyetracking_ros_ws/install/interbotix_xs_msgs/lib/libinterbotix_xs_msgs__rosidl_typesupport_fastrtps_c.so
[7.234s] -- Symlinking: /home/locobot/SU_Robotics/eyetracking_ros_ws/install/interbotix_xs_msgs/include/interbotix_xs_msgs/msg/detail/arm_joy__rosidl_typesupport_fastrtps_cpp.hpp
[7.242s] -- Symlinking: /home/locobot/SU_Robotics/eyetracking_ros_ws/install/interbotix_xs_msgs/include/interbotix_xs_msgs/msg/detail/hex_joy__rosidl_typesupport_fastrtps_cpp.hpp
[7.251s] -- Symlinking: /home/locobot/SU_Robotics/eyetracking_ros_ws/install/interbotix_xs_msgs/include/interbotix_xs_msgs/msg/detail/joint_group_command__rosidl_typesupport_fastrtps_cpp.hpp
[7.260s] -- Symlinking: /home/locobot/SU_Robotics/eyetracking_ros_ws/install/interbotix_xs_msgs/include/interbotix_xs_msgs/msg/detail/joint_single_command__rosidl_typesupport_fastrtps_cpp.hpp
[7.268s] -- Symlinking: /home/locobot/SU_Robotics/eyetracking_ros_ws/install/interbotix_xs_msgs/include/interbotix_xs_msgs/msg/detail/joint_temps__rosidl_typesupport_fastrtps_cpp.hpp
[7.277s] -- Symlinking: /home/locobot/SU_Robotics/eyetracking_ros_ws/install/interbotix_xs_msgs/include/interbotix_xs_msgs/msg/detail/joint_trajectory_command__rosidl_typesupport_fastrtps_cpp.hpp
[7.286s] -- Symlinking: /home/locobot/SU_Robotics/eyetracking_ros_ws/install/interbotix_xs_msgs/include/interbotix_xs_msgs/msg/detail/locobot_joy__rosidl_typesupport_fastrtps_cpp.hpp
[7.295s] -- Symlinking: /home/locobot/SU_Robotics/eyetracking_ros_ws/install/interbotix_xs_msgs/include/interbotix_xs_msgs/msg/detail/turret_joy__rosidl_typesupport_fastrtps_cpp.hpp
[7.303s] -- Symlinking: /home/locobot/SU_Robotics/eyetracking_ros_ws/install/interbotix_xs_msgs/include/interbotix_xs_msgs/msg/rosidl_typesupport_fastrtps_cpp__visibility_control.h
[7.313s] -- Symlinking: /home/locobot/SU_Robotics/eyetracking_ros_ws/install/interbotix_xs_msgs/include/interbotix_xs_msgs/srv/detail/motor_gains__rosidl_typesupport_fastrtps_cpp.hpp
[7.322s] -- Symlinking: /home/locobot/SU_Robotics/eyetracking_ros_ws/install/interbotix_xs_msgs/include/interbotix_xs_msgs/srv/detail/operating_modes__rosidl_typesupport_fastrtps_cpp.hpp
[7.330s] -- Symlinking: /home/locobot/SU_Robotics/eyetracking_ros_ws/install/interbotix_xs_msgs/include/interbotix_xs_msgs/srv/detail/reboot__rosidl_typesupport_fastrtps_cpp.hpp
[7.339s] -- Symlinking: /home/locobot/SU_Robotics/eyetracking_ros_ws/install/interbotix_xs_msgs/include/interbotix_xs_msgs/srv/detail/register_values__rosidl_typesupport_fastrtps_cpp.hpp
[7.348s] -- Symlinking: /home/locobot/SU_Robotics/eyetracking_ros_ws/install/interbotix_xs_msgs/include/interbotix_xs_msgs/srv/detail/robot_info__rosidl_typesupport_fastrtps_cpp.hpp
[7.358s] -- Symlinking: /home/locobot/SU_Robotics/eyetracking_ros_ws/install/interbotix_xs_msgs/include/interbotix_xs_msgs/srv/detail/torque_enable__rosidl_typesupport_fastrtps_cpp.hpp
[7.366s] -- Symlinking: /home/locobot/SU_Robotics/eyetracking_ros_ws/install/interbotix_xs_msgs/lib/libinterbotix_xs_msgs__rosidl_typesupport_fastrtps_cpp.so
[7.377s] -- Symlinking: /home/locobot/SU_Robotics/eyetracking_ros_ws/install/interbotix_xs_msgs/include/interbotix_xs_msgs/msg/detail/arm_joy__rosidl_typesupport_introspection_c.h
[7.385s] -- Symlinking: /home/locobot/SU_Robotics/eyetracking_ros_ws/install/interbotix_xs_msgs/include/interbotix_xs_msgs/msg/detail/hex_joy__rosidl_typesupport_introspection_c.h
[7.393s] -- Symlinking: /home/locobot/SU_Robotics/eyetracking_ros_ws/install/interbotix_xs_msgs/include/interbotix_xs_msgs/msg/detail/joint_group_command__rosidl_typesupport_introspection_c.h
[7.403s] -- Symlinking: /home/locobot/SU_Robotics/eyetracking_ros_ws/install/interbotix_xs_msgs/include/interbotix_xs_msgs/msg/detail/joint_single_command__rosidl_typesupport_introspection_c.h
[7.411s] -- Symlinking: /home/locobot/SU_Robotics/eyetracking_ros_ws/install/interbotix_xs_msgs/include/interbotix_xs_msgs/msg/detail/joint_temps__rosidl_typesupport_introspection_c.h
[7.419s] -- Symlinking: /home/locobot/SU_Robotics/eyetracking_ros_ws/install/interbotix_xs_msgs/include/interbotix_xs_msgs/msg/detail/joint_trajectory_command__rosidl_typesupport_introspection_c.h
[7.429s] -- Symlinking: /home/locobot/SU_Robotics/eyetracking_ros_ws/install/interbotix_xs_msgs/include/interbotix_xs_msgs/msg/detail/locobot_joy__rosidl_typesupport_introspection_c.h
[7.438s] -- Symlinking: /home/locobot/SU_Robotics/eyetracking_ros_ws/install/interbotix_xs_msgs/include/interbotix_xs_msgs/msg/detail/turret_joy__rosidl_typesupport_introspection_c.h
[7.447s] -- Symlinking: /home/locobot/SU_Robotics/eyetracking_ros_ws/install/interbotix_xs_msgs/include/interbotix_xs_msgs/msg/rosidl_typesupport_introspection_c__visibility_control.h
[7.455s] -- Symlinking: /home/locobot/SU_Robotics/eyetracking_ros_ws/install/interbotix_xs_msgs/include/interbotix_xs_msgs/srv/detail/motor_gains__rosidl_typesupport_introspection_c.h
[7.464s] -- Symlinking: /home/locobot/SU_Robotics/eyetracking_ros_ws/install/interbotix_xs_msgs/include/interbotix_xs_msgs/srv/detail/operating_modes__rosidl_typesupport_introspection_c.h
[7.473s] -- Symlinking: /home/locobot/SU_Robotics/eyetracking_ros_ws/install/interbotix_xs_msgs/include/interbotix_xs_msgs/srv/detail/reboot__rosidl_typesupport_introspection_c.h
[7.485s] -- Symlinking: /home/locobot/SU_Robotics/eyetracking_ros_ws/install/interbotix_xs_msgs/include/interbotix_xs_msgs/srv/detail/register_values__rosidl_typesupport_introspection_c.h
[7.493s] -- Symlinking: /home/locobot/SU_Robotics/eyetracking_ros_ws/install/interbotix_xs_msgs/include/interbotix_xs_msgs/srv/detail/robot_info__rosidl_typesupport_introspection_c.h
[7.502s] -- Symlinking: /home/locobot/SU_Robotics/eyetracking_ros_ws/install/interbotix_xs_msgs/include/interbotix_xs_msgs/srv/detail/torque_enable__rosidl_typesupport_introspection_c.h
[7.511s] -- Symlinking: /home/locobot/SU_Robotics/eyetracking_ros_ws/install/interbotix_xs_msgs/include/interbotix_xs_msgs/msg/arm_joy.hpp
[7.519s] -- Symlinking: /home/locobot/SU_Robotics/eyetracking_ros_ws/install/interbotix_xs_msgs/include/interbotix_xs_msgs/msg/detail/arm_joy__builder.hpp
[7.530s] -- Symlinking: /home/locobot/SU_Robotics/eyetracking_ros_ws/install/interbotix_xs_msgs/include/interbotix_xs_msgs/msg/detail/arm_joy__struct.hpp
[7.538s] -- Symlinking: /home/locobot/SU_Robotics/eyetracking_ros_ws/install/interbotix_xs_msgs/include/interbotix_xs_msgs/msg/detail/arm_joy__traits.hpp
[7.546s] -- Symlinking: /home/locobot/SU_Robotics/eyetracking_ros_ws/install/interbotix_xs_msgs/include/interbotix_xs_msgs/msg/detail/hex_joy__builder.hpp
[7.555s] -- Symlinking: /home/locobot/SU_Robotics/eyetracking_ros_ws/install/interbotix_xs_msgs/include/interbotix_xs_msgs/msg/detail/hex_joy__struct.hpp
[7.567s] -- Symlinking: /home/locobot/SU_Robotics/eyetracking_ros_ws/install/interbotix_xs_msgs/include/interbotix_xs_msgs/msg/detail/hex_joy__traits.hpp
[7.574s] -- Symlinking: /home/locobot/SU_Robotics/eyetracking_ros_ws/install/interbotix_xs_msgs/include/interbotix_xs_msgs/msg/detail/joint_group_command__builder.hpp
[7.583s] -- Symlinking: /home/locobot/SU_Robotics/eyetracking_ros_ws/install/interbotix_xs_msgs/include/interbotix_xs_msgs/msg/detail/joint_group_command__struct.hpp
[7.591s] -- Symlinking: /home/locobot/SU_Robotics/eyetracking_ros_ws/install/interbotix_xs_msgs/include/interbotix_xs_msgs/msg/detail/joint_group_command__traits.hpp
[7.600s] -- Symlinking: /home/locobot/SU_Robotics/eyetracking_ros_ws/install/interbotix_xs_msgs/include/interbotix_xs_msgs/msg/detail/joint_single_command__builder.hpp
[7.608s] -- Symlinking: /home/locobot/SU_Robotics/eyetracking_ros_ws/install/interbotix_xs_msgs/include/interbotix_xs_msgs/msg/detail/joint_single_command__struct.hpp
[7.616s] -- Symlinking: /home/locobot/SU_Robotics/eyetracking_ros_ws/install/interbotix_xs_msgs/include/interbotix_xs_msgs/msg/detail/joint_single_command__traits.hpp
[7.627s] -- Symlinking: /home/locobot/SU_Robotics/eyetracking_ros_ws/install/interbotix_xs_msgs/include/interbotix_xs_msgs/msg/detail/joint_temps__builder.hpp
[7.635s] -- Symlinking: /home/locobot/SU_Robotics/eyetracking_ros_ws/install/interbotix_xs_msgs/include/interbotix_xs_msgs/msg/detail/joint_temps__struct.hpp
[7.644s] -- Symlinking: /home/locobot/SU_Robotics/eyetracking_ros_ws/install/interbotix_xs_msgs/include/interbotix_xs_msgs/msg/detail/joint_temps__traits.hpp
[7.651s] -- Symlinking: /home/locobot/SU_Robotics/eyetracking_ros_ws/install/interbotix_xs_msgs/include/interbotix_xs_msgs/msg/detail/joint_trajectory_command__builder.hpp
[7.660s] -- Symlinking: /home/locobot/SU_Robotics/eyetracking_ros_ws/install/interbotix_xs_msgs/include/interbotix_xs_msgs/msg/detail/joint_trajectory_command__struct.hpp
[7.668s] -- Symlinking: /home/locobot/SU_Robotics/eyetracking_ros_ws/install/interbotix_xs_msgs/include/interbotix_xs_msgs/msg/detail/joint_trajectory_command__traits.hpp
[7.677s] -- Symlinking: /home/locobot/SU_Robotics/eyetracking_ros_ws/install/interbotix_xs_msgs/include/interbotix_xs_msgs/msg/detail/locobot_joy__builder.hpp
[7.686s] -- Symlinking: /home/locobot/SU_Robotics/eyetracking_ros_ws/install/interbotix_xs_msgs/include/interbotix_xs_msgs/msg/detail/locobot_joy__struct.hpp
[7.694s] -- Symlinking: /home/locobot/SU_Robotics/eyetracking_ros_ws/install/interbotix_xs_msgs/include/interbotix_xs_msgs/msg/detail/locobot_joy__traits.hpp
[7.702s] -- Symlinking: /home/locobot/SU_Robotics/eyetracking_ros_ws/install/interbotix_xs_msgs/include/interbotix_xs_msgs/msg/detail/turret_joy__builder.hpp
[7.715s] -- Symlinking: /home/locobot/SU_Robotics/eyetracking_ros_ws/install/interbotix_xs_msgs/include/interbotix_xs_msgs/msg/detail/turret_joy__struct.hpp
[7.719s] -- Symlinking: /home/locobot/SU_Robotics/eyetracking_ros_ws/install/interbotix_xs_msgs/include/interbotix_xs_msgs/msg/detail/turret_joy__traits.hpp
[7.728s] -- Symlinking: /home/locobot/SU_Robotics/eyetracking_ros_ws/install/interbotix_xs_msgs/include/interbotix_xs_msgs/msg/hex_joy.hpp
[7.737s] -- Symlinking: /home/locobot/SU_Robotics/eyetracking_ros_ws/install/interbotix_xs_msgs/include/interbotix_xs_msgs/msg/joint_group_command.hpp
[7.744s] -- Symlinking: /home/locobot/SU_Robotics/eyetracking_ros_ws/install/interbotix_xs_msgs/include/interbotix_xs_msgs/msg/joint_single_command.hpp
[7.752s] -- Symlinking: /home/locobot/SU_Robotics/eyetracking_ros_ws/install/interbotix_xs_msgs/include/interbotix_xs_msgs/msg/joint_temps.hpp
[7.761s] -- Symlinking: /home/locobot/SU_Robotics/eyetracking_ros_ws/install/interbotix_xs_msgs/include/interbotix_xs_msgs/msg/joint_trajectory_command.hpp
[7.772s] -- Symlinking: /home/locobot/SU_Robotics/eyetracking_ros_ws/install/interbotix_xs_msgs/include/interbotix_xs_msgs/msg/locobot_joy.hpp
[7.780s] -- Symlinking: /home/locobot/SU_Robotics/eyetracking_ros_ws/install/interbotix_xs_msgs/include/interbotix_xs_msgs/msg/turret_joy.hpp
[7.789s] -- Symlinking: /home/locobot/SU_Robotics/eyetracking_ros_ws/install/interbotix_xs_msgs/include/interbotix_xs_msgs/srv/detail/motor_gains__builder.hpp
[7.798s] -- Symlinking: /home/locobot/SU_Robotics/eyetracking_ros_ws/install/interbotix_xs_msgs/include/interbotix_xs_msgs/srv/detail/motor_gains__struct.hpp
[7.807s] -- Symlinking: /home/locobot/SU_Robotics/eyetracking_ros_ws/install/interbotix_xs_msgs/include/interbotix_xs_msgs/srv/detail/motor_gains__traits.hpp
[7.815s] -- Symlinking: /home/locobot/SU_Robotics/eyetracking_ros_ws/install/interbotix_xs_msgs/include/interbotix_xs_msgs/srv/detail/operating_modes__builder.hpp
[7.823s] -- Symlinking: /home/locobot/SU_Robotics/eyetracking_ros_ws/install/interbotix_xs_msgs/include/interbotix_xs_msgs/srv/detail/operating_modes__struct.hpp
[7.831s] -- Symlinking: /home/locobot/SU_Robotics/eyetracking_ros_ws/install/interbotix_xs_msgs/include/interbotix_xs_msgs/srv/detail/operating_modes__traits.hpp
[7.839s] -- Symlinking: /home/locobot/SU_Robotics/eyetracking_ros_ws/install/interbotix_xs_msgs/include/interbotix_xs_msgs/srv/detail/reboot__builder.hpp
[7.848s] -- Symlinking: /home/locobot/SU_Robotics/eyetracking_ros_ws/install/interbotix_xs_msgs/include/interbotix_xs_msgs/srv/detail/reboot__struct.hpp
[7.858s] -- Symlinking: /home/locobot/SU_Robotics/eyetracking_ros_ws/install/interbotix_xs_msgs/include/interbotix_xs_msgs/srv/detail/reboot__traits.hpp
[7.866s] -- Symlinking: /home/locobot/SU_Robotics/eyetracking_ros_ws/install/interbotix_xs_msgs/include/interbotix_xs_msgs/srv/detail/register_values__builder.hpp
[7.876s] -- Symlinking: /home/locobot/SU_Robotics/eyetracking_ros_ws/install/interbotix_xs_msgs/include/interbotix_xs_msgs/srv/detail/register_values__struct.hpp
[7.886s] -- Symlinking: /home/locobot/SU_Robotics/eyetracking_ros_ws/install/interbotix_xs_msgs/include/interbotix_xs_msgs/srv/detail/register_values__traits.hpp
[7.895s] -- Symlinking: /home/locobot/SU_Robotics/eyetracking_ros_ws/install/interbotix_xs_msgs/include/interbotix_xs_msgs/srv/detail/robot_info__builder.hpp
[7.907s] -- Symlinking: /home/locobot/SU_Robotics/eyetracking_ros_ws/install/interbotix_xs_msgs/include/interbotix_xs_msgs/srv/detail/robot_info__struct.hpp
[7.915s] -- Symlinking: /home/locobot/SU_Robotics/eyetracking_ros_ws/install/interbotix_xs_msgs/include/interbotix_xs_msgs/srv/detail/robot_info__traits.hpp
[7.925s] -- Symlinking: /home/locobot/SU_Robotics/eyetracking_ros_ws/install/interbotix_xs_msgs/include/interbotix_xs_msgs/srv/detail/torque_enable__builder.hpp
[7.934s] -- Symlinking: /home/locobot/SU_Robotics/eyetracking_ros_ws/install/interbotix_xs_msgs/include/interbotix_xs_msgs/srv/detail/torque_enable__struct.hpp
[7.943s] -- Symlinking: /home/locobot/SU_Robotics/eyetracking_ros_ws/install/interbotix_xs_msgs/include/interbotix_xs_msgs/srv/detail/torque_enable__traits.hpp
[7.954s] -- Symlinking: /home/locobot/SU_Robotics/eyetracking_ros_ws/install/interbotix_xs_msgs/include/interbotix_xs_msgs/srv/motor_gains.hpp
[7.962s] -- Symlinking: /home/locobot/SU_Robotics/eyetracking_ros_ws/install/interbotix_xs_msgs/include/interbotix_xs_msgs/srv/operating_modes.hpp
[7.971s] -- Symlinking: /home/locobot/SU_Robotics/eyetracking_ros_ws/install/interbotix_xs_msgs/include/interbotix_xs_msgs/srv/reboot.hpp
[7.981s] -- Symlinking: /home/locobot/SU_Robotics/eyetracking_ros_ws/install/interbotix_xs_msgs/include/interbotix_xs_msgs/srv/register_values.hpp
[7.989s] -- Symlinking: /home/locobot/SU_Robotics/eyetracking_ros_ws/install/interbotix_xs_msgs/include/interbotix_xs_msgs/srv/robot_info.hpp
[7.998s] -- Symlinking: /home/locobot/SU_Robotics/eyetracking_ros_ws/install/interbotix_xs_msgs/include/interbotix_xs_msgs/srv/torque_enable.hpp
[8.007s] -- Symlinking: /home/locobot/SU_Robotics/eyetracking_ros_ws/install/interbotix_xs_msgs/include/interbotix_xs_msgs/msg/detail/arm_joy__rosidl_typesupport_introspection_cpp.hpp
[8.015s] -- Symlinking: /home/locobot/SU_Robotics/eyetracking_ros_ws/install/interbotix_xs_msgs/include/interbotix_xs_msgs/msg/detail/hex_joy__rosidl_typesupport_introspection_cpp.hpp
[8.023s] -- Symlinking: /home/locobot/SU_Robotics/eyetracking_ros_ws/install/interbotix_xs_msgs/include/interbotix_xs_msgs/msg/detail/joint_group_command__rosidl_typesupport_introspection_cpp.hpp
[8.033s] -- Symlinking: /home/locobot/SU_Robotics/eyetracking_ros_ws/install/interbotix_xs_msgs/include/interbotix_xs_msgs/msg/detail/joint_single_command__rosidl_typesupport_introspection_cpp.hpp
[8.041s] -- Symlinking: /home/locobot/SU_Robotics/eyetracking_ros_ws/install/interbotix_xs_msgs/include/interbotix_xs_msgs/msg/detail/joint_temps__rosidl_typesupport_introspection_cpp.hpp
[8.049s] -- Symlinking: /home/locobot/SU_Robotics/eyetracking_ros_ws/install/interbotix_xs_msgs/include/interbotix_xs_msgs/msg/detail/joint_trajectory_command__rosidl_typesupport_introspection_cpp.hpp
[8.058s] -- Symlinking: /home/locobot/SU_Robotics/eyetracking_ros_ws/install/interbotix_xs_msgs/include/interbotix_xs_msgs/msg/detail/locobot_joy__rosidl_typesupport_introspection_cpp.hpp
[8.067s] -- Symlinking: /home/locobot/SU_Robotics/eyetracking_ros_ws/install/interbotix_xs_msgs/include/interbotix_xs_msgs/msg/detail/turret_joy__rosidl_typesupport_introspection_cpp.hpp
[8.075s] -- Symlinking: /home/locobot/SU_Robotics/eyetracking_ros_ws/install/interbotix_xs_msgs/include/interbotix_xs_msgs/srv/detail/motor_gains__rosidl_typesupport_introspection_cpp.hpp
[8.085s] -- Symlinking: /home/locobot/SU_Robotics/eyetracking_ros_ws/install/interbotix_xs_msgs/include/interbotix_xs_msgs/srv/detail/operating_modes__rosidl_typesupport_introspection_cpp.hpp
[8.093s] -- Symlinking: /home/locobot/SU_Robotics/eyetracking_ros_ws/install/interbotix_xs_msgs/include/interbotix_xs_msgs/srv/detail/reboot__rosidl_typesupport_introspection_cpp.hpp
[8.102s] -- Symlinking: /home/locobot/SU_Robotics/eyetracking_ros_ws/install/interbotix_xs_msgs/include/interbotix_xs_msgs/srv/detail/register_values__rosidl_typesupport_introspection_cpp.hpp
[8.110s] -- Symlinking: /home/locobot/SU_Robotics/eyetracking_ros_ws/install/interbotix_xs_msgs/include/interbotix_xs_msgs/srv/detail/robot_info__rosidl_typesupport_introspection_cpp.hpp
[8.118s] -- Symlinking: /home/locobot/SU_Robotics/eyetracking_ros_ws/install/interbotix_xs_msgs/include/interbotix_xs_msgs/srv/detail/torque_enable__rosidl_typesupport_introspection_cpp.hpp
[8.127s] -- Symlinking: /home/locobot/SU_Robotics/eyetracking_ros_ws/install/interbotix_xs_msgs/share/interbotix_xs_msgs/environment/pythonpath.sh
[8.135s] -- Symlinking: /home/locobot/SU_Robotics/eyetracking_ros_ws/install/interbotix_xs_msgs/share/interbotix_xs_msgs/environment/pythonpath.dsv
[8.143s] -- Symlinking: /home/locobot/SU_Robotics/eyetracking_ros_ws/install/interbotix_xs_msgs/lib/python3.8/site-packages/interbotix_xs_msgs/__init__.py
[8.151s] -- Symlinking: /home/locobot/SU_Robotics/eyetracking_ros_ws/install/interbotix_xs_msgs/lib/python3.8/site-packages/interbotix_xs_msgs/msg/__init__.py
[8.159s] -- Symlinking: /home/locobot/SU_Robotics/eyetracking_ros_ws/install/interbotix_xs_msgs/lib/python3.8/site-packages/interbotix_xs_msgs/msg/_arm_joy.py
[8.170s] -- Symlinking: /home/locobot/SU_Robotics/eyetracking_ros_ws/install/interbotix_xs_msgs/lib/python3.8/site-packages/interbotix_xs_msgs/msg/_hex_joy.py
[8.176s] -- Symlinking: /home/locobot/SU_Robotics/eyetracking_ros_ws/install/interbotix_xs_msgs/lib/python3.8/site-packages/interbotix_xs_msgs/msg/_joint_group_command.py
[8.186s] -- Symlinking: /home/locobot/SU_Robotics/eyetracking_ros_ws/install/interbotix_xs_msgs/lib/python3.8/site-packages/interbotix_xs_msgs/msg/_joint_single_command.py
[8.193s] -- Symlinking: /home/locobot/SU_Robotics/eyetracking_ros_ws/install/interbotix_xs_msgs/lib/python3.8/site-packages/interbotix_xs_msgs/msg/_joint_temps.py
[8.201s] -- Symlinking: /home/locobot/SU_Robotics/eyetracking_ros_ws/install/interbotix_xs_msgs/lib/python3.8/site-packages/interbotix_xs_msgs/msg/_joint_trajectory_command.py
[8.209s] -- Symlinking: /home/locobot/SU_Robotics/eyetracking_ros_ws/install/interbotix_xs_msgs/lib/python3.8/site-packages/interbotix_xs_msgs/msg/_locobot_joy.py
[8.219s] -- Symlinking: /home/locobot/SU_Robotics/eyetracking_ros_ws/install/interbotix_xs_msgs/lib/python3.8/site-packages/interbotix_xs_msgs/msg/_turret_joy.py
[8.229s] -- Symlinking: /home/locobot/SU_Robotics/eyetracking_ros_ws/install/interbotix_xs_msgs/lib/python3.8/site-packages/interbotix_xs_msgs/srv/__init__.py
[8.237s] -- Symlinking: /home/locobot/SU_Robotics/eyetracking_ros_ws/install/interbotix_xs_msgs/lib/python3.8/site-packages/interbotix_xs_msgs/srv/_motor_gains.py
[8.246s] -- Symlinking: /home/locobot/SU_Robotics/eyetracking_ros_ws/install/interbotix_xs_msgs/lib/python3.8/site-packages/interbotix_xs_msgs/srv/_operating_modes.py
[8.254s] -- Symlinking: /home/locobot/SU_Robotics/eyetracking_ros_ws/install/interbotix_xs_msgs/lib/python3.8/site-packages/interbotix_xs_msgs/srv/_reboot.py
[8.262s] -- Symlinking: /home/locobot/SU_Robotics/eyetracking_ros_ws/install/interbotix_xs_msgs/lib/python3.8/site-packages/interbotix_xs_msgs/srv/_register_values.py
[8.270s] -- Symlinking: /home/locobot/SU_Robotics/eyetracking_ros_ws/install/interbotix_xs_msgs/lib/python3.8/site-packages/interbotix_xs_msgs/srv/_robot_info.py
[8.278s] -- Symlinking: /home/locobot/SU_Robotics/eyetracking_ros_ws/install/interbotix_xs_msgs/lib/python3.8/site-packages/interbotix_xs_msgs/srv/_torque_enable.py
[8.288s] -- Symlinking: /home/locobot/SU_Robotics/eyetracking_ros_ws/install/interbotix_xs_msgs/lib/python3.8/site-packages/interbotix_xs_msgs/interbotix_xs_msgs_s__rosidl_typesupport_fastrtps_c.cpython-38-x86_64-linux-gnu.so
[8.297s] -- Symlinking: /home/locobot/SU_Robotics/eyetracking_ros_ws/install/interbotix_xs_msgs/lib/python3.8/site-packages/interbotix_xs_msgs/interbotix_xs_msgs_s__rosidl_typesupport_introspection_c.cpython-38-x86_64-linux-gnu.so
[8.306s] -- Symlinking: /home/locobot/SU_Robotics/eyetracking_ros_ws/install/interbotix_xs_msgs/lib/python3.8/site-packages/interbotix_xs_msgs/interbotix_xs_msgs_s__rosidl_typesupport_c.cpython-38-x86_64-linux-gnu.so
[8.314s] -- Symlinking: /home/locobot/SU_Robotics/eyetracking_ros_ws/install/interbotix_xs_msgs/lib/libinterbotix_xs_msgs__python.so
[8.324s] -- Symlinking: /home/locobot/SU_Robotics/eyetracking_ros_ws/install/interbotix_xs_msgs/share/interbotix_xs_msgs/msg/ArmJoy.idl
[8.331s] -- Symlinking: /home/locobot/SU_Robotics/eyetracking_ros_ws/install/interbotix_xs_msgs/share/interbotix_xs_msgs/msg/HexJoy.idl
[8.339s] -- Symlinking: /home/locobot/SU_Robotics/eyetracking_ros_ws/install/interbotix_xs_msgs/share/interbotix_xs_msgs/msg/JointGroupCommand.idl
[8.347s] -- Symlinking: /home/locobot/SU_Robotics/eyetracking_ros_ws/install/interbotix_xs_msgs/share/interbotix_xs_msgs/msg/JointSingleCommand.idl
[8.356s] -- Symlinking: /home/locobot/SU_Robotics/eyetracking_ros_ws/install/interbotix_xs_msgs/share/interbotix_xs_msgs/msg/JointTemps.idl
[8.365s] -- Symlinking: /home/locobot/SU_Robotics/eyetracking_ros_ws/install/interbotix_xs_msgs/share/interbotix_xs_msgs/msg/JointTrajectoryCommand.idl
[8.373s] -- Symlinking: /home/locobot/SU_Robotics/eyetracking_ros_ws/install/interbotix_xs_msgs/share/interbotix_xs_msgs/msg/LocobotJoy.idl
[8.380s] -- Symlinking: /home/locobot/SU_Robotics/eyetracking_ros_ws/install/interbotix_xs_msgs/share/interbotix_xs_msgs/msg/TurretJoy.idl
[8.391s] -- Symlinking: /home/locobot/SU_Robotics/eyetracking_ros_ws/install/interbotix_xs_msgs/share/interbotix_xs_msgs/srv/MotorGains.idl
[8.399s] -- Symlinking: /home/locobot/SU_Robotics/eyetracking_ros_ws/install/interbotix_xs_msgs/share/interbotix_xs_msgs/srv/OperatingModes.idl
[8.408s] -- Symlinking: /home/locobot/SU_Robotics/eyetracking_ros_ws/install/interbotix_xs_msgs/share/interbotix_xs_msgs/srv/Reboot.idl
[8.417s] -- Symlinking: /home/locobot/SU_Robotics/eyetracking_ros_ws/install/interbotix_xs_msgs/share/interbotix_xs_msgs/srv/RegisterValues.idl
[8.426s] -- Symlinking: /home/locobot/SU_Robotics/eyetracking_ros_ws/install/interbotix_xs_msgs/share/interbotix_xs_msgs/srv/RobotInfo.idl
[8.434s] -- Symlinking: /home/locobot/SU_Robotics/eyetracking_ros_ws/install/interbotix_xs_msgs/share/interbotix_xs_msgs/srv/TorqueEnable.idl
[8.443s] -- Symlinking: /home/locobot/SU_Robotics/eyetracking_ros_ws/install/interbotix_xs_msgs/share/interbotix_xs_msgs/msg/ArmJoy.msg
[8.452s] -- Symlinking: /home/locobot/SU_Robotics/eyetracking_ros_ws/install/interbotix_xs_msgs/share/interbotix_xs_msgs/msg/HexJoy.msg
[8.461s] -- Symlinking: /home/locobot/SU_Robotics/eyetracking_ros_ws/install/interbotix_xs_msgs/share/interbotix_xs_msgs/msg/JointGroupCommand.msg
[8.470s] -- Symlinking: /home/locobot/SU_Robotics/eyetracking_ros_ws/install/interbotix_xs_msgs/share/interbotix_xs_msgs/msg/JointSingleCommand.msg
[8.479s] -- Symlinking: /home/locobot/SU_Robotics/eyetracking_ros_ws/install/interbotix_xs_msgs/share/interbotix_xs_msgs/msg/JointTemps.msg
[8.489s] -- Symlinking: /home/locobot/SU_Robotics/eyetracking_ros_ws/install/interbotix_xs_msgs/share/interbotix_xs_msgs/msg/JointTrajectoryCommand.msg
[8.497s] -- Symlinking: /home/locobot/SU_Robotics/eyetracking_ros_ws/install/interbotix_xs_msgs/share/interbotix_xs_msgs/msg/LocobotJoy.msg
[8.506s] -- Symlinking: /home/locobot/SU_Robotics/eyetracking_ros_ws/install/interbotix_xs_msgs/share/interbotix_xs_msgs/msg/TurretJoy.msg
[8.514s] -- Symlinking: /home/locobot/SU_Robotics/eyetracking_ros_ws/install/interbotix_xs_msgs/share/interbotix_xs_msgs/srv/MotorGains.srv
[8.524s] -- Symlinking: /home/locobot/SU_Robotics/eyetracking_ros_ws/install/interbotix_xs_msgs/share/interbotix_xs_msgs/srv/MotorGains_Request.msg
[8.532s] -- Symlinking: /home/locobot/SU_Robotics/eyetracking_ros_ws/install/interbotix_xs_msgs/share/interbotix_xs_msgs/srv/MotorGains_Response.msg
[8.541s] -- Symlinking: /home/locobot/SU_Robotics/eyetracking_ros_ws/install/interbotix_xs_msgs/share/interbotix_xs_msgs/srv/OperatingModes.srv
[8.549s] -- Symlinking: /home/locobot/SU_Robotics/eyetracking_ros_ws/install/interbotix_xs_msgs/share/interbotix_xs_msgs/srv/OperatingModes_Request.msg
[8.559s] -- Symlinking: /home/locobot/SU_Robotics/eyetracking_ros_ws/install/interbotix_xs_msgs/share/interbotix_xs_msgs/srv/OperatingModes_Response.msg
[8.567s] -- Symlinking: /home/locobot/SU_Robotics/eyetracking_ros_ws/install/interbotix_xs_msgs/share/interbotix_xs_msgs/srv/Reboot.srv
[8.577s] -- Symlinking: /home/locobot/SU_Robotics/eyetracking_ros_ws/install/interbotix_xs_msgs/share/interbotix_xs_msgs/srv/Reboot_Request.msg
[8.587s] -- Symlinking: /home/locobot/SU_Robotics/eyetracking_ros_ws/install/interbotix_xs_msgs/share/interbotix_xs_msgs/srv/Reboot_Response.msg
[8.594s] -- Symlinking: /home/locobot/SU_Robotics/eyetracking_ros_ws/install/interbotix_xs_msgs/share/interbotix_xs_msgs/srv/RegisterValues.srv
[8.604s] -- Symlinking: /home/locobot/SU_Robotics/eyetracking_ros_ws/install/interbotix_xs_msgs/share/interbotix_xs_msgs/srv/RegisterValues_Request.msg
[8.612s] -- Symlinking: /home/locobot/SU_Robotics/eyetracking_ros_ws/install/interbotix_xs_msgs/share/interbotix_xs_msgs/srv/RegisterValues_Response.msg
[8.620s] -- Symlinking: /home/locobot/SU_Robotics/eyetracking_ros_ws/install/interbotix_xs_msgs/share/interbotix_xs_msgs/srv/RobotInfo.srv
[8.630s] -- Symlinking: /home/locobot/SU_Robotics/eyetracking_ros_ws/install/interbotix_xs_msgs/share/interbotix_xs_msgs/srv/RobotInfo_Request.msg
[8.637s] -- Symlinking: /home/locobot/SU_Robotics/eyetracking_ros_ws/install/interbotix_xs_msgs/share/interbotix_xs_msgs/srv/RobotInfo_Response.msg
[8.645s] -- Symlinking: /home/locobot/SU_Robotics/eyetracking_ros_ws/install/interbotix_xs_msgs/share/interbotix_xs_msgs/srv/TorqueEnable.srv
[8.655s] -- Symlinking: /home/locobot/SU_Robotics/eyetracking_ros_ws/install/interbotix_xs_msgs/share/interbotix_xs_msgs/srv/TorqueEnable_Request.msg
[8.663s] -- Symlinking: /home/locobot/SU_Robotics/eyetracking_ros_ws/install/interbotix_xs_msgs/share/interbotix_xs_msgs/srv/TorqueEnable_Response.msg
[8.672s] -- Symlinking: /home/locobot/SU_Robotics/eyetracking_ros_ws/install/interbotix_xs_msgs/share/ament_index/resource_index/package_run_dependencies/interbotix_xs_msgs
[8.680s] -- Symlinking: /home/locobot/SU_Robotics/eyetracking_ros_ws/install/interbotix_xs_msgs/share/ament_index/resource_index/parent_prefix_path/interbotix_xs_msgs
[8.689s] -- Symlinking: /home/locobot/SU_Robotics/eyetracking_ros_ws/install/interbotix_xs_msgs/share/interbotix_xs_msgs/environment/ament_prefix_path.sh
[8.700s] -- Symlinking: /home/locobot/SU_Robotics/eyetracking_ros_ws/install/interbotix_xs_msgs/share/interbotix_xs_msgs/environment/ament_prefix_path.dsv
[8.708s] -- Symlinking: /home/locobot/SU_Robotics/eyetracking_ros_ws/install/interbotix_xs_msgs/share/interbotix_xs_msgs/environment/path.sh
[8.717s] -- Symlinking: /home/locobot/SU_Robotics/eyetracking_ros_ws/install/interbotix_xs_msgs/share/interbotix_xs_msgs/environment/path.dsv
[8.726s] -- Symlinking: /home/locobot/SU_Robotics/eyetracking_ros_ws/install/interbotix_xs_msgs/share/interbotix_xs_msgs/local_setup.bash
[8.735s] -- Symlinking: /home/locobot/SU_Robotics/eyetracking_ros_ws/install/interbotix_xs_msgs/share/interbotix_xs_msgs/local_setup.sh
[8.743s] -- Symlinking: /home/locobot/SU_Robotics/eyetracking_ros_ws/install/interbotix_xs_msgs/share/interbotix_xs_msgs/local_setup.zsh
[8.753s] -- Symlinking: /home/locobot/SU_Robotics/eyetracking_ros_ws/install/interbotix_xs_msgs/share/interbotix_xs_msgs/local_setup.dsv
[8.760s] -- Symlinking: /home/locobot/SU_Robotics/eyetracking_ros_ws/install/interbotix_xs_msgs/share/interbotix_xs_msgs/package.dsv
[8.769s] -- Symlinking: /home/locobot/SU_Robotics/eyetracking_ros_ws/install/interbotix_xs_msgs/share/ament_index/resource_index/packages/interbotix_xs_msgs
[8.779s] -- Symlinking: /home/locobot/SU_Robotics/eyetracking_ros_ws/install/interbotix_xs_msgs/share/interbotix_xs_msgs/cmake/rosidl_cmake-extras.cmake
[8.789s] -- Symlinking: /home/locobot/SU_Robotics/eyetracking_ros_ws/install/interbotix_xs_msgs/share/interbotix_xs_msgs/cmake/ament_cmake_export_dependencies-extras.cmake
[8.797s] -- Symlinking: /home/locobot/SU_Robotics/eyetracking_ros_ws/install/interbotix_xs_msgs/share/interbotix_xs_msgs/cmake/ament_cmake_export_libraries-extras.cmake
[8.805s] -- Symlinking: /home/locobot/SU_Robotics/eyetracking_ros_ws/install/interbotix_xs_msgs/share/interbotix_xs_msgs/cmake/ament_cmake_export_targets-extras.cmake
[8.814s] -- Symlinking: /home/locobot/SU_Robotics/eyetracking_ros_ws/install/interbotix_xs_msgs/share/interbotix_xs_msgs/cmake/ament_cmake_export_include_directories-extras.cmake
[8.822s] -- Symlinking: /home/locobot/SU_Robotics/eyetracking_ros_ws/install/interbotix_xs_msgs/share/interbotix_xs_msgs/cmake/rosidl_cmake_export_typesupport_libraries-extras.cmake
[8.830s] -- Symlinking: /home/locobot/SU_Robotics/eyetracking_ros_ws/install/interbotix_xs_msgs/share/interbotix_xs_msgs/cmake/rosidl_cmake_export_typesupport_targets-extras.cmake
[8.838s] -- Symlinking: /home/locobot/SU_Robotics/eyetracking_ros_ws/install/interbotix_xs_msgs/share/interbotix_xs_msgs/cmake/interbotix_xs_msgsConfig.cmake
[8.846s] -- Symlinking: /home/locobot/SU_Robotics/eyetracking_ros_ws/install/interbotix_xs_msgs/share/interbotix_xs_msgs/cmake/interbotix_xs_msgsConfig-version.cmake
[8.855s] -- Symlinking: /home/locobot/SU_Robotics/eyetracking_ros_ws/install/interbotix_xs_msgs/share/interbotix_xs_msgs/package.xml
[8.862s] -- Up-to-date: /home/locobot/SU_Robotics/eyetracking_ros_ws/install/interbotix_xs_msgs/lib/libinterbotix_xs_msgs__rosidl_generator_c.so
[8.863s] -- Up-to-date: /home/locobot/SU_Robotics/eyetracking_ros_ws/install/interbotix_xs_msgs/lib/libinterbotix_xs_msgs__rosidl_typesupport_introspection_c.so
[8.863s] -- Up-to-date: /home/locobot/SU_Robotics/eyetracking_ros_ws/install/interbotix_xs_msgs/lib/libinterbotix_xs_msgs__rosidl_typesupport_c.so
[8.863s] -- Up-to-date: /home/locobot/SU_Robotics/eyetracking_ros_ws/install/interbotix_xs_msgs/lib/libinterbotix_xs_msgs__rosidl_typesupport_introspection_cpp.so
[8.864s] -- Up-to-date: /home/locobot/SU_Robotics/eyetracking_ros_ws/install/interbotix_xs_msgs/lib/libinterbotix_xs_msgs__rosidl_typesupport_cpp.so
[8.897s] Compiling '/home/locobot/SU_Robotics/eyetracking_ros_ws/install/interbotix_xs_msgs/lib/python3.8/site-packages/interbotix_xs_msgs/__init__.py'...
[8.902s] -- Up-to-date: /home/locobot/SU_Robotics/eyetracking_ros_ws/install/interbotix_xs_msgs/share/interbotix_xs_msgs/cmake/interbotix_xs_msgs__rosidl_generator_cExport.cmake
[8.902s] -- Installing: /home/locobot/SU_Robotics/eyetracking_ros_ws/install/interbotix_xs_msgs/share/interbotix_xs_msgs/cmake/interbotix_xs_msgs__rosidl_generator_cExport-noconfig.cmake
[8.902s] -- Up-to-date: /home/locobot/SU_Robotics/eyetracking_ros_ws/install/interbotix_xs_msgs/share/interbotix_xs_msgs/cmake/interbotix_xs_msgs__rosidl_typesupport_introspection_cExport.cmake
[8.902s] -- Installing: /home/locobot/SU_Robotics/eyetracking_ros_ws/install/interbotix_xs_msgs/share/interbotix_xs_msgs/cmake/interbotix_xs_msgs__rosidl_typesupport_introspection_cExport-noconfig.cmake
[8.902s] -- Up-to-date: /home/locobot/SU_Robotics/eyetracking_ros_ws/install/interbotix_xs_msgs/share/interbotix_xs_msgs/cmake/interbotix_xs_msgs__rosidl_typesupport_cExport.cmake
[8.902s] -- Installing: /home/locobot/SU_Robotics/eyetracking_ros_ws/install/interbotix_xs_msgs/share/interbotix_xs_msgs/cmake/interbotix_xs_msgs__rosidl_typesupport_cExport-noconfig.cmake
[8.902s] -- Up-to-date: /home/locobot/SU_Robotics/eyetracking_ros_ws/install/interbotix_xs_msgs/share/interbotix_xs_msgs/cmake/interbotix_xs_msgs__rosidl_generator_cppExport.cmake
[8.903s] -- Up-to-date: /home/locobot/SU_Robotics/eyetracking_ros_ws/install/interbotix_xs_msgs/share/interbotix_xs_msgs/cmake/interbotix_xs_msgs__rosidl_typesupport_introspection_cppExport.cmake
[8.903s] -- Installing: /home/locobot/SU_Robotics/eyetracking_ros_ws/install/interbotix_xs_msgs/share/interbotix_xs_msgs/cmake/interbotix_xs_msgs__rosidl_typesupport_introspection_cppExport-noconfig.cmake
[8.903s] -- Up-to-date: /home/locobot/SU_Robotics/eyetracking_ros_ws/install/interbotix_xs_msgs/share/interbotix_xs_msgs/cmake/interbotix_xs_msgs__rosidl_typesupport_cppExport.cmake
[8.903s] -- Installing: /home/locobot/SU_Robotics/eyetracking_ros_ws/install/interbotix_xs_msgs/share/interbotix_xs_msgs/cmake/interbotix_xs_msgs__rosidl_typesupport_cppExport-noconfig.cmake
[8.990s] Invoked command in '/home/locobot/SU_Robotics/eyetracking_ros_ws/build/interbotix_xs_msgs' returned '0': CMAKE_PREFIX_PATH=${CMAKE_PREFIX_PATH}:/home/locobot/SU_Robotics/eyetracking_ros_ws/install/interbotix_xs_modules:/home/locobot/SU_Robotics/eyetracking_ros_ws/install/interbotix_perception_modules:/home/locobot/SU_Robotics/eyetracking_ros_ws/install/interbotix_common_modules:/home/locobot/interbotix_ws/install/interbotix_xs_modules:/home/locobot/interbotix_ws/install/interbotix_perception_modules:/home/locobot/interbotix_ws/install/interbotix_common_modules:/opt/ros/galactic /usr/bin/cmake --install /home/locobot/SU_Robotics/eyetracking_ros_ws/build/interbotix_xs_msgs
