running develop
Removing /home/locobot/SU_Robotics/eyetracking_ros_ws/install/rgbd_camera/lib/python3.8/site-packages/rgbd-camera.egg-link (link to .)
running egg_info
writing ../../build/rgbd_camera/rgbd_camera.egg-info/PKG-INFO
writing dependency_links to ../../build/rgbd_camera/rgbd_camera.egg-info/dependency_links.txt
writing entry points to ../../build/rgbd_camera/rgbd_camera.egg-info/entry_points.txt
writing requirements to ../../build/rgbd_camera/rgbd_camera.egg-info/requires.txt
writing top-level names to ../../build/rgbd_camera/rgbd_camera.egg-info/top_level.txt
reading manifest file '../../build/rgbd_camera/rgbd_camera.egg-info/SOURCES.txt'
writing manifest file '../../build/rgbd_camera/rgbd_camera.egg-info/SOURCES.txt'
running build
running build_py
running install
running install_lib
copying /home/locobot/SU_Robotics/eyetracking_ros_ws/build/rgbd_camera/build/lib/rgbd_camera/__init__.py -> /home/locobot/SU_Robotics/eyetracking_ros_ws/install/rgbd_camera/lib/python3.8/site-packages/rgbd_camera
copying /home/locobot/SU_Robotics/eyetracking_ros_ws/build/rgbd_camera/build/lib/rgbd_camera/tf_node.py -> /home/locobot/SU_Robotics/eyetracking_ros_ws/install/rgbd_camera/lib/python3.8/site-packages/rgbd_camera
copying /home/locobot/SU_Robotics/eyetracking_ros_ws/build/rgbd_camera/build/lib/rgbd_camera/depth_node.py -> /home/locobot/SU_Robotics/eyetracking_ros_ws/install/rgbd_camera/lib/python3.8/site-packages/rgbd_camera
byte-compiling /home/locobot/SU_Robotics/eyetracking_ros_ws/install/rgbd_camera/lib/python3.8/site-packages/rgbd_camera/__init__.py to __init__.cpython-38.pyc
byte-compiling /home/locobot/SU_Robotics/eyetracking_ros_ws/install/rgbd_camera/lib/python3.8/site-packages/rgbd_camera/tf_node.py to tf_node.cpython-38.pyc
byte-compiling /home/locobot/SU_Robotics/eyetracking_ros_ws/install/rgbd_camera/lib/python3.8/site-packages/rgbd_camera/depth_node.py to depth_node.cpython-38.pyc
running install_data
running install_egg_info
Copying ../../build/rgbd_camera/rgbd_camera.egg-info to /home/locobot/SU_Robotics/eyetracking_ros_ws/install/rgbd_camera/lib/python3.8/site-packages/rgbd_camera-0.0.0-py3.8.egg-info
running install_scripts
Installing depth_node script to /home/locobot/SU_Robotics/eyetracking_ros_ws/install/rgbd_camera/lib/rgbd_camera
Installing tf_node script to /home/locobot/SU_Robotics/eyetracking_ros_ws/install/rgbd_camera/lib/rgbd_camera
writing list of installed files to '/home/locobot/SU_Robotics/eyetracking_ros_ws/build/rgbd_camera/install.log'
