[1.055s] Invoking command in '/home/locobot/SU_Robotics/eyetracking_ros_ws/build/interbotix_xs_sdk': AMENT_PREFIX_PATH=/home/locobot/SU_Robotics/eyetracking_ros_ws/install/interbotix_xs_driver:/home/locobot/SU_Robotics/eyetracking_ros_ws/install/interbotix_xs_msgs:/home/locobot/SU_Robotics/eyetracking_ros_ws/install/dynamixel_workbench_toolbox:${AMENT_PREFIX_PATH} CMAKE_PREFIX_PATH=/home/locobot/SU_Robotics/eyetracking_ros_ws/install/interbotix_xs_driver:/home/locobot/SU_Robotics/eyetracking_ros_ws/install/interbotix_xs_msgs:/home/locobot/SU_Robotics/eyetracking_ros_ws/install/dynamixel_workbench_toolbox:/home/locobot/interbotix_ws/install/interbotix_xslocobot_moveit:/home/locobot/interbotix_ws/install/interbotix_xslocobot_ros_control:/home/locobot/interbotix_ws/install/interbotix_xslocobot_nav:/home/locobot/interbotix_ws/install/interbotix_xslocobot_joy:/home/locobot/interbotix_ws/install/interbotix_xslocobot_control:/home/locobot/interbotix_ws/install/sllidar_ros2:/home/locobot/interbotix_ws/install/interbotix_moveit_interface:/home/locobot/interbotix_ws/install/moveit_visual_tools:/home/locobot/interbotix_ws/install/interbotix_xslocobot_sim:/home/locobot/interbotix_ws/install/interbotix_xslocobot_descriptions:/home/locobot/interbotix_ws/install/interbotix_xs_toolbox:/home/locobot/interbotix_ws/install/interbotix_xs_rviz:/home/locobot/interbotix_ws/install/interbotix_ros_xseries:/home/locobot/interbotix_ws/install/interbotix_xs_sdk:/home/locobot/interbotix_ws/install/interbotix_xs_ros_control:/home/locobot/interbotix_ws/install/interbotix_perception_toolbox:/home/locobot/interbotix_ws/install/interbotix_perception_pipelines:/home/locobot/interbotix_ws/install/interbotix_xs_msgs:/home/locobot/interbotix_ws/install/interbotix_xs_driver:/home/locobot/interbotix_ws/install/interbotix_tf_tools:/home/locobot/interbotix_ws/install/interbotix_perception_msgs:/home/locobot/interbotix_ws/install/interbotix_moveit_interface_msgs:/home/locobot/interbotix_ws/install/interbotix_common_toolbox:/home/locobot/interbotix_ws/install/interbotix_common_sim:/home/locobot/interbotix_ws/install/dynamixel_workbench_toolbox:/home/locobot/apriltag_ws/install/apriltag_ros:/home/locobot/interbotix_ws/install/interbotix_xs_modules:/home/locobot/interbotix_ws/install/interbotix_perception_modules:/home/locobot/interbotix_ws/install/interbotix_common_modules:/opt/ros/galactic LD_LIBRARY_PATH=/home/locobot/SU_Robotics/eyetracking_ros_ws/install/interbotix_xs_driver/lib:/home/locobot/SU_Robotics/eyetracking_ros_ws/install/interbotix_xs_msgs/lib:/home/locobot/SU_Robotics/eyetracking_ros_ws/install/dynamixel_workbench_toolbox/lib:${LD_LIBRARY_PATH} PYTHONPATH=/home/locobot/SU_Robotics/eyetracking_ros_ws/install/interbotix_xs_msgs/lib/python3.8/site-packages:${PYTHONPATH} /usr/bin/cmake /home/locobot/SU_Robotics/eyetracking_ros_ws/src/interbotix_ros_core/interbotix_ros_xseries/interbotix_xs_sdk -DCMAKE_INSTALL_PREFIX=/home/locobot/SU_Robotics/eyetracking_ros_ws/install/interbotix_xs_sdk
[1.590s] -- The C compiler identification is GNU 9.4.0
[1.591s] -- The CXX compiler identification is GNU 9.4.0
[1.591s] -- Check for working C compiler: /usr/bin/cc
[1.591s] -- Check for working C compiler: /usr/bin/cc -- works
[1.591s] -- Detecting C compiler ABI info
[1.591s] -- Detecting C compiler ABI info - done
[1.592s] -- Detecting C compile features
[1.592s] -- Detecting C compile features - done
[1.592s] -- Check for working CXX compiler: /usr/bin/c++
[1.592s] -- Check for working CXX compiler: /usr/bin/c++ -- works
[1.593s] -- Detecting CXX compiler ABI info
[1.593s] -- Detecting CXX compiler ABI info - done
[1.593s] -- Detecting CXX compile features
[1.593s] -- Detecting CXX compile features - done
[1.593s] -- Found ament_cmake: 1.1.6 (/opt/ros/galactic/share/ament_cmake/cmake)
[1.593s] -- Found PythonInterp: /usr/bin/python3 (found suitable version "3.8.10", minimum required is "3") 
[1.593s] -- Using PYTHON_EXECUTABLE: /usr/bin/python3
[1.689s] -- Found ament_index_cpp: 1.2.0 (/opt/ros/galactic/share/ament_index_cpp/cmake)
[1.699s] -- Found rclcpp: 9.2.2 (/opt/ros/galactic/share/rclcpp/cmake)
[1.811s] -- Using all available rosidl_typesupport_c: rosidl_typesupport_fastrtps_c;rosidl_typesupport_introspection_c
[1.831s] -- Found rosidl_adapter: 2.2.3 (/opt/ros/galactic/share/rosidl_adapter/cmake)
[1.958s] -- Found OpenSSL: /usr/lib/x86_64-linux-gnu/libcrypto.so (found version "1.1.1f")  
[1.993s] -- Found FastRTPS: /opt/ros/galactic/include  
[2.105s] -- Using all available rosidl_typesupport_cpp: rosidl_typesupport_fastrtps_cpp;rosidl_typesupport_introspection_cpp
[2.195s] -- Found rmw_implementation_cmake: 3.3.1 (/opt/ros/galactic/share/rmw_implementation_cmake/cmake)
[2.206s] -- Found rmw_fastrtps_cpp: 5.0.2 (/opt/ros/galactic/share/rmw_fastrtps_cpp/cmake)
[2.403s] -- Using RMW implementation 'rmw_fastrtps_cpp' as default
[2.404s] -- Looking for pthread.h
[2.472s] -- Looking for pthread.h - found
[2.472s] -- Performing Test CMAKE_HAVE_LIBC_PTHREAD
[2.543s] -- Performing Test CMAKE_HAVE_LIBC_PTHREAD - Failed
[2.543s] -- Looking for pthread_create in pthreads
[2.601s] -- Looking for pthread_create in pthreads - not found
[2.601s] -- Looking for pthread_create in pthread
[2.674s] -- Looking for pthread_create in pthread - found
[2.676s] -- Found Threads: TRUE  
[2.978s] -- Found rclpy: 1.9.3 (/opt/ros/galactic/share/rclpy/cmake)
[2.984s] -- Found sensor_msgs: 2.2.4 (/opt/ros/galactic/share/sensor_msgs/cmake)
[3.107s] -- Found urdf: 2.5.2 (/opt/ros/galactic/share/urdf/cmake)
[3.152s] -- Found interbotix_xs_msgs: 0.0.0 (/home/locobot/SU_Robotics/eyetracking_ros_ws/install/interbotix_xs_msgs/share/interbotix_xs_msgs/cmake)
[3.341s] -- Found interbotix_xs_driver: 0.3.3 (/home/locobot/SU_Robotics/eyetracking_ros_ws/install/interbotix_xs_driver/share/interbotix_xs_driver/cmake)
[3.352s] -- Found ament_lint_auto: 0.10.7 (/opt/ros/galactic/share/ament_lint_auto/cmake)
[3.437s] -- Added test 'copyright' to check source files copyright and LICENSE
[3.439s] -- Added test 'cppcheck' to perform static code analysis on C / C++ code
[3.439s] -- Configured cppcheck include dirs: /home/locobot/SU_Robotics/eyetracking_ros_ws/src/interbotix_ros_core/interbotix_ros_xseries/interbotix_xs_sdk/include
[3.439s] -- Configured cppcheck exclude dirs and/or files: 
[3.440s] -- Added test 'cpplint' to check C / C++ code against the Google style
[3.440s] -- Configured cpplint exclude dirs and/or files: 
[3.441s] -- Added test 'flake8' to check Python code syntax and style conventions
[3.442s] -- Added test 'lint_cmake' to check CMake code style
[3.443s] -- Added test 'pep257' to check Python code against some of the style conventions in PEP 257
[3.444s] -- Added test 'uncrustify' to check C / C++ code style
[3.444s] -- Configured uncrustify additional arguments: 
[3.445s] -- Added test 'xmllint' to check XML markup files
[3.448s] -- Configuring done
[3.461s] -- Generating done
[3.462s] -- Build files have been written to: /home/locobot/SU_Robotics/eyetracking_ros_ws/build/interbotix_xs_sdk
[3.471s] Invoked command in '/home/locobot/SU_Robotics/eyetracking_ros_ws/build/interbotix_xs_sdk' returned '0': AMENT_PREFIX_PATH=/home/locobot/SU_Robotics/eyetracking_ros_ws/install/interbotix_xs_driver:/home/locobot/SU_Robotics/eyetracking_ros_ws/install/interbotix_xs_msgs:/home/locobot/SU_Robotics/eyetracking_ros_ws/install/dynamixel_workbench_toolbox:${AMENT_PREFIX_PATH} CMAKE_PREFIX_PATH=/home/locobot/SU_Robotics/eyetracking_ros_ws/install/interbotix_xs_driver:/home/locobot/SU_Robotics/eyetracking_ros_ws/install/interbotix_xs_msgs:/home/locobot/SU_Robotics/eyetracking_ros_ws/install/dynamixel_workbench_toolbox:/home/locobot/interbotix_ws/install/interbotix_xslocobot_moveit:/home/locobot/interbotix_ws/install/interbotix_xslocobot_ros_control:/home/locobot/interbotix_ws/install/interbotix_xslocobot_nav:/home/locobot/interbotix_ws/install/interbotix_xslocobot_joy:/home/locobot/interbotix_ws/install/interbotix_xslocobot_control:/home/locobot/interbotix_ws/install/sllidar_ros2:/home/locobot/interbotix_ws/install/interbotix_moveit_interface:/home/locobot/interbotix_ws/install/moveit_visual_tools:/home/locobot/interbotix_ws/install/interbotix_xslocobot_sim:/home/locobot/interbotix_ws/install/interbotix_xslocobot_descriptions:/home/locobot/interbotix_ws/install/interbotix_xs_toolbox:/home/locobot/interbotix_ws/install/interbotix_xs_rviz:/home/locobot/interbotix_ws/install/interbotix_ros_xseries:/home/locobot/interbotix_ws/install/interbotix_xs_sdk:/home/locobot/interbotix_ws/install/interbotix_xs_ros_control:/home/locobot/interbotix_ws/install/interbotix_perception_toolbox:/home/locobot/interbotix_ws/install/interbotix_perception_pipelines:/home/locobot/interbotix_ws/install/interbotix_xs_msgs:/home/locobot/interbotix_ws/install/interbotix_xs_driver:/home/locobot/interbotix_ws/install/interbotix_tf_tools:/home/locobot/interbotix_ws/install/interbotix_perception_msgs:/home/locobot/interbotix_ws/install/interbotix_moveit_interface_msgs:/home/locobot/interbotix_ws/install/interbotix_common_toolbox:/home/locobot/interbotix_ws/install/interbotix_common_sim:/home/locobot/interbotix_ws/install/dynamixel_workbench_toolbox:/home/locobot/apriltag_ws/install/apriltag_ros:/home/locobot/interbotix_ws/install/interbotix_xs_modules:/home/locobot/interbotix_ws/install/interbotix_perception_modules:/home/locobot/interbotix_ws/install/interbotix_common_modules:/opt/ros/galactic LD_LIBRARY_PATH=/home/locobot/SU_Robotics/eyetracking_ros_ws/install/interbotix_xs_driver/lib:/home/locobot/SU_Robotics/eyetracking_ros_ws/install/interbotix_xs_msgs/lib:/home/locobot/SU_Robotics/eyetracking_ros_ws/install/dynamixel_workbench_toolbox/lib:${LD_LIBRARY_PATH} PYTHONPATH=/home/locobot/SU_Robotics/eyetracking_ros_ws/install/interbotix_xs_msgs/lib/python3.8/site-packages:${PYTHONPATH} /usr/bin/cmake /home/locobot/SU_Robotics/eyetracking_ros_ws/src/interbotix_ros_core/interbotix_ros_xseries/interbotix_xs_sdk -DCMAKE_INSTALL_PREFIX=/home/locobot/SU_Robotics/eyetracking_ros_ws/install/interbotix_xs_sdk
[3.474s] Invoking command in '/home/locobot/SU_Robotics/eyetracking_ros_ws/build/interbotix_xs_sdk': AMENT_PREFIX_PATH=/home/locobot/SU_Robotics/eyetracking_ros_ws/install/interbotix_xs_driver:/home/locobot/SU_Robotics/eyetracking_ros_ws/install/interbotix_xs_msgs:/home/locobot/SU_Robotics/eyetracking_ros_ws/install/dynamixel_workbench_toolbox:${AMENT_PREFIX_PATH} CMAKE_PREFIX_PATH=/home/locobot/SU_Robotics/eyetracking_ros_ws/install/interbotix_xs_driver:/home/locobot/SU_Robotics/eyetracking_ros_ws/install/interbotix_xs_msgs:/home/locobot/SU_Robotics/eyetracking_ros_ws/install/dynamixel_workbench_toolbox:/home/locobot/interbotix_ws/install/interbotix_xslocobot_moveit:/home/locobot/interbotix_ws/install/interbotix_xslocobot_ros_control:/home/locobot/interbotix_ws/install/interbotix_xslocobot_nav:/home/locobot/interbotix_ws/install/interbotix_xslocobot_joy:/home/locobot/interbotix_ws/install/interbotix_xslocobot_control:/home/locobot/interbotix_ws/install/sllidar_ros2:/home/locobot/interbotix_ws/install/interbotix_moveit_interface:/home/locobot/interbotix_ws/install/moveit_visual_tools:/home/locobot/interbotix_ws/install/interbotix_xslocobot_sim:/home/locobot/interbotix_ws/install/interbotix_xslocobot_descriptions:/home/locobot/interbotix_ws/install/interbotix_xs_toolbox:/home/locobot/interbotix_ws/install/interbotix_xs_rviz:/home/locobot/interbotix_ws/install/interbotix_ros_xseries:/home/locobot/interbotix_ws/install/interbotix_xs_sdk:/home/locobot/interbotix_ws/install/interbotix_xs_ros_control:/home/locobot/interbotix_ws/install/interbotix_perception_toolbox:/home/locobot/interbotix_ws/install/interbotix_perception_pipelines:/home/locobot/interbotix_ws/install/interbotix_xs_msgs:/home/locobot/interbotix_ws/install/interbotix_xs_driver:/home/locobot/interbotix_ws/install/interbotix_tf_tools:/home/locobot/interbotix_ws/install/interbotix_perception_msgs:/home/locobot/interbotix_ws/install/interbotix_moveit_interface_msgs:/home/locobot/interbotix_ws/install/interbotix_common_toolbox:/home/locobot/interbotix_ws/install/interbotix_common_sim:/home/locobot/interbotix_ws/install/dynamixel_workbench_toolbox:/home/locobot/apriltag_ws/install/apriltag_ros:/home/locobot/interbotix_ws/install/interbotix_xs_modules:/home/locobot/interbotix_ws/install/interbotix_perception_modules:/home/locobot/interbotix_ws/install/interbotix_common_modules:/opt/ros/galactic LD_LIBRARY_PATH=/home/locobot/SU_Robotics/eyetracking_ros_ws/install/interbotix_xs_driver/lib:/home/locobot/SU_Robotics/eyetracking_ros_ws/install/interbotix_xs_msgs/lib:/home/locobot/SU_Robotics/eyetracking_ros_ws/install/dynamixel_workbench_toolbox/lib:${LD_LIBRARY_PATH} PYTHONPATH=/home/locobot/SU_Robotics/eyetracking_ros_ws/install/interbotix_xs_msgs/lib/python3.8/site-packages:${PYTHONPATH} /usr/bin/cmake --build /home/locobot/SU_Robotics/eyetracking_ros_ws/build/interbotix_xs_sdk -- -j12 -l12
[3.513s] [35m[1mScanning dependencies of target xs_sdk[0m
[3.555s] [ 66%] [32mBuilding CXX object CMakeFiles/xs_sdk.dir/src/xs_sdk_obj.cpp.o[0m
[3.555s] [ 66%] [32mBuilding CXX object CMakeFiles/xs_sdk.dir/src/xs_sdk.cpp.o[0m
[19.284s] [100%] [32m[1mLinking CXX executable xs_sdk[0m
[20.097s] [100%] Built target xs_sdk
[20.107s] Invoked command in '/home/locobot/SU_Robotics/eyetracking_ros_ws/build/interbotix_xs_sdk' returned '0': AMENT_PREFIX_PATH=/home/locobot/SU_Robotics/eyetracking_ros_ws/install/interbotix_xs_driver:/home/locobot/SU_Robotics/eyetracking_ros_ws/install/interbotix_xs_msgs:/home/locobot/SU_Robotics/eyetracking_ros_ws/install/dynamixel_workbench_toolbox:${AMENT_PREFIX_PATH} CMAKE_PREFIX_PATH=/home/locobot/SU_Robotics/eyetracking_ros_ws/install/interbotix_xs_driver:/home/locobot/SU_Robotics/eyetracking_ros_ws/install/interbotix_xs_msgs:/home/locobot/SU_Robotics/eyetracking_ros_ws/install/dynamixel_workbench_toolbox:/home/locobot/interbotix_ws/install/interbotix_xslocobot_moveit:/home/locobot/interbotix_ws/install/interbotix_xslocobot_ros_control:/home/locobot/interbotix_ws/install/interbotix_xslocobot_nav:/home/locobot/interbotix_ws/install/interbotix_xslocobot_joy:/home/locobot/interbotix_ws/install/interbotix_xslocobot_control:/home/locobot/interbotix_ws/install/sllidar_ros2:/home/locobot/interbotix_ws/install/interbotix_moveit_interface:/home/locobot/interbotix_ws/install/moveit_visual_tools:/home/locobot/interbotix_ws/install/interbotix_xslocobot_sim:/home/locobot/interbotix_ws/install/interbotix_xslocobot_descriptions:/home/locobot/interbotix_ws/install/interbotix_xs_toolbox:/home/locobot/interbotix_ws/install/interbotix_xs_rviz:/home/locobot/interbotix_ws/install/interbotix_ros_xseries:/home/locobot/interbotix_ws/install/interbotix_xs_sdk:/home/locobot/interbotix_ws/install/interbotix_xs_ros_control:/home/locobot/interbotix_ws/install/interbotix_perception_toolbox:/home/locobot/interbotix_ws/install/interbotix_perception_pipelines:/home/locobot/interbotix_ws/install/interbotix_xs_msgs:/home/locobot/interbotix_ws/install/interbotix_xs_driver:/home/locobot/interbotix_ws/install/interbotix_tf_tools:/home/locobot/interbotix_ws/install/interbotix_perception_msgs:/home/locobot/interbotix_ws/install/interbotix_moveit_interface_msgs:/home/locobot/interbotix_ws/install/interbotix_common_toolbox:/home/locobot/interbotix_ws/install/interbotix_common_sim:/home/locobot/interbotix_ws/install/dynamixel_workbench_toolbox:/home/locobot/apriltag_ws/install/apriltag_ros:/home/locobot/interbotix_ws/install/interbotix_xs_modules:/home/locobot/interbotix_ws/install/interbotix_perception_modules:/home/locobot/interbotix_ws/install/interbotix_common_modules:/opt/ros/galactic LD_LIBRARY_PATH=/home/locobot/SU_Robotics/eyetracking_ros_ws/install/interbotix_xs_driver/lib:/home/locobot/SU_Robotics/eyetracking_ros_ws/install/interbotix_xs_msgs/lib:/home/locobot/SU_Robotics/eyetracking_ros_ws/install/dynamixel_workbench_toolbox/lib:${LD_LIBRARY_PATH} PYTHONPATH=/home/locobot/SU_Robotics/eyetracking_ros_ws/install/interbotix_xs_msgs/lib/python3.8/site-packages:${PYTHONPATH} /usr/bin/cmake --build /home/locobot/SU_Robotics/eyetracking_ros_ws/build/interbotix_xs_sdk -- -j12 -l12
[20.135s] Invoking command in '/home/locobot/SU_Robotics/eyetracking_ros_ws/build/interbotix_xs_sdk': AMENT_PREFIX_PATH=/home/locobot/SU_Robotics/eyetracking_ros_ws/install/interbotix_xs_driver:/home/locobot/SU_Robotics/eyetracking_ros_ws/install/interbotix_xs_msgs:/home/locobot/SU_Robotics/eyetracking_ros_ws/install/dynamixel_workbench_toolbox:${AMENT_PREFIX_PATH} CMAKE_PREFIX_PATH=/home/locobot/SU_Robotics/eyetracking_ros_ws/install/interbotix_xs_driver:/home/locobot/SU_Robotics/eyetracking_ros_ws/install/interbotix_xs_msgs:/home/locobot/SU_Robotics/eyetracking_ros_ws/install/dynamixel_workbench_toolbox:/home/locobot/interbotix_ws/install/interbotix_xslocobot_moveit:/home/locobot/interbotix_ws/install/interbotix_xslocobot_ros_control:/home/locobot/interbotix_ws/install/interbotix_xslocobot_nav:/home/locobot/interbotix_ws/install/interbotix_xslocobot_joy:/home/locobot/interbotix_ws/install/interbotix_xslocobot_control:/home/locobot/interbotix_ws/install/sllidar_ros2:/home/locobot/interbotix_ws/install/interbotix_moveit_interface:/home/locobot/interbotix_ws/install/moveit_visual_tools:/home/locobot/interbotix_ws/install/interbotix_xslocobot_sim:/home/locobot/interbotix_ws/install/interbotix_xslocobot_descriptions:/home/locobot/interbotix_ws/install/interbotix_xs_toolbox:/home/locobot/interbotix_ws/install/interbotix_xs_rviz:/home/locobot/interbotix_ws/install/interbotix_ros_xseries:/home/locobot/interbotix_ws/install/interbotix_xs_sdk:/home/locobot/interbotix_ws/install/interbotix_xs_ros_control:/home/locobot/interbotix_ws/install/interbotix_perception_toolbox:/home/locobot/interbotix_ws/install/interbotix_perception_pipelines:/home/locobot/interbotix_ws/install/interbotix_xs_msgs:/home/locobot/interbotix_ws/install/interbotix_xs_driver:/home/locobot/interbotix_ws/install/interbotix_tf_tools:/home/locobot/interbotix_ws/install/interbotix_perception_msgs:/home/locobot/interbotix_ws/install/interbotix_moveit_interface_msgs:/home/locobot/interbotix_ws/install/interbotix_common_toolbox:/home/locobot/interbotix_ws/install/interbotix_common_sim:/home/locobot/interbotix_ws/install/dynamixel_workbench_toolbox:/home/locobot/apriltag_ws/install/apriltag_ros:/home/locobot/interbotix_ws/install/interbotix_xs_modules:/home/locobot/interbotix_ws/install/interbotix_perception_modules:/home/locobot/interbotix_ws/install/interbotix_common_modules:/opt/ros/galactic LD_LIBRARY_PATH=/home/locobot/SU_Robotics/eyetracking_ros_ws/install/interbotix_xs_driver/lib:/home/locobot/SU_Robotics/eyetracking_ros_ws/install/interbotix_xs_msgs/lib:/home/locobot/SU_Robotics/eyetracking_ros_ws/install/dynamixel_workbench_toolbox/lib:${LD_LIBRARY_PATH} PYTHONPATH=/home/locobot/SU_Robotics/eyetracking_ros_ws/install/interbotix_xs_msgs/lib/python3.8/site-packages:${PYTHONPATH} /usr/bin/cmake --install /home/locobot/SU_Robotics/eyetracking_ros_ws/build/interbotix_xs_sdk
[20.143s] -- Install configuration: ""
[20.143s] -- Installing: /home/locobot/SU_Robotics/eyetracking_ros_ws/install/interbotix_xs_sdk/lib/interbotix_xs_sdk/xs_sdk
[20.148s] -- Set runtime path of "/home/locobot/SU_Robotics/eyetracking_ros_ws/install/interbotix_xs_sdk/lib/interbotix_xs_sdk/xs_sdk" to ""
[20.148s] -- Installing: /home/locobot/SU_Robotics/eyetracking_ros_ws/install/interbotix_xs_sdk/lib/interbotix_xs_sdk/xs_sdk_sim.py
[20.148s] -- Installing: /home/locobot/SU_Robotics/eyetracking_ros_ws/install/interbotix_xs_sdk/share/interbotix_xs_sdk//config
[20.149s] -- Installing: /home/locobot/SU_Robotics/eyetracking_ros_ws/install/interbotix_xs_sdk/share/interbotix_xs_sdk//config/motor_configs_template.yaml
[20.149s] -- Installing: /home/locobot/SU_Robotics/eyetracking_ros_ws/install/interbotix_xs_sdk/share/interbotix_xs_sdk//config/mode_configs_template.yaml
[20.149s] -- Installing: /home/locobot/SU_Robotics/eyetracking_ros_ws/install/interbotix_xs_sdk/share/ament_index/resource_index/package_run_dependencies/interbotix_xs_sdk
[20.149s] -- Installing: /home/locobot/SU_Robotics/eyetracking_ros_ws/install/interbotix_xs_sdk/share/ament_index/resource_index/parent_prefix_path/interbotix_xs_sdk
[20.149s] -- Installing: /home/locobot/SU_Robotics/eyetracking_ros_ws/install/interbotix_xs_sdk/share/interbotix_xs_sdk/environment/ament_prefix_path.sh
[20.149s] -- Installing: /home/locobot/SU_Robotics/eyetracking_ros_ws/install/interbotix_xs_sdk/share/interbotix_xs_sdk/environment/ament_prefix_path.dsv
[20.149s] -- Installing: /home/locobot/SU_Robotics/eyetracking_ros_ws/install/interbotix_xs_sdk/share/interbotix_xs_sdk/environment/path.sh
[20.149s] -- Installing: /home/locobot/SU_Robotics/eyetracking_ros_ws/install/interbotix_xs_sdk/share/interbotix_xs_sdk/environment/path.dsv
[20.149s] -- Installing: /home/locobot/SU_Robotics/eyetracking_ros_ws/install/interbotix_xs_sdk/share/interbotix_xs_sdk/local_setup.bash
[20.150s] -- Installing: /home/locobot/SU_Robotics/eyetracking_ros_ws/install/interbotix_xs_sdk/share/interbotix_xs_sdk/local_setup.sh
[20.150s] -- Installing: /home/locobot/SU_Robotics/eyetracking_ros_ws/install/interbotix_xs_sdk/share/interbotix_xs_sdk/local_setup.zsh
[20.150s] -- Installing: /home/locobot/SU_Robotics/eyetracking_ros_ws/install/interbotix_xs_sdk/share/interbotix_xs_sdk/local_setup.dsv
[20.150s] -- Installing: /home/locobot/SU_Robotics/eyetracking_ros_ws/install/interbotix_xs_sdk/share/interbotix_xs_sdk/package.dsv
[20.150s] -- Installing: /home/locobot/SU_Robotics/eyetracking_ros_ws/install/interbotix_xs_sdk/share/ament_index/resource_index/packages/interbotix_xs_sdk
[20.150s] -- Installing: /home/locobot/SU_Robotics/eyetracking_ros_ws/install/interbotix_xs_sdk/share/interbotix_xs_sdk/cmake/interbotix_xs_sdkConfig.cmake
[20.150s] -- Installing: /home/locobot/SU_Robotics/eyetracking_ros_ws/install/interbotix_xs_sdk/share/interbotix_xs_sdk/cmake/interbotix_xs_sdkConfig-version.cmake
[20.150s] -- Installing: /home/locobot/SU_Robotics/eyetracking_ros_ws/install/interbotix_xs_sdk/share/interbotix_xs_sdk/package.xml
[20.152s] Invoked command in '/home/locobot/SU_Robotics/eyetracking_ros_ws/build/interbotix_xs_sdk' returned '0': AMENT_PREFIX_PATH=/home/locobot/SU_Robotics/eyetracking_ros_ws/install/interbotix_xs_driver:/home/locobot/SU_Robotics/eyetracking_ros_ws/install/interbotix_xs_msgs:/home/locobot/SU_Robotics/eyetracking_ros_ws/install/dynamixel_workbench_toolbox:${AMENT_PREFIX_PATH} CMAKE_PREFIX_PATH=/home/locobot/SU_Robotics/eyetracking_ros_ws/install/interbotix_xs_driver:/home/locobot/SU_Robotics/eyetracking_ros_ws/install/interbotix_xs_msgs:/home/locobot/SU_Robotics/eyetracking_ros_ws/install/dynamixel_workbench_toolbox:/home/locobot/interbotix_ws/install/interbotix_xslocobot_moveit:/home/locobot/interbotix_ws/install/interbotix_xslocobot_ros_control:/home/locobot/interbotix_ws/install/interbotix_xslocobot_nav:/home/locobot/interbotix_ws/install/interbotix_xslocobot_joy:/home/locobot/interbotix_ws/install/interbotix_xslocobot_control:/home/locobot/interbotix_ws/install/sllidar_ros2:/home/locobot/interbotix_ws/install/interbotix_moveit_interface:/home/locobot/interbotix_ws/install/moveit_visual_tools:/home/locobot/interbotix_ws/install/interbotix_xslocobot_sim:/home/locobot/interbotix_ws/install/interbotix_xslocobot_descriptions:/home/locobot/interbotix_ws/install/interbotix_xs_toolbox:/home/locobot/interbotix_ws/install/interbotix_xs_rviz:/home/locobot/interbotix_ws/install/interbotix_ros_xseries:/home/locobot/interbotix_ws/install/interbotix_xs_sdk:/home/locobot/interbotix_ws/install/interbotix_xs_ros_control:/home/locobot/interbotix_ws/install/interbotix_perception_toolbox:/home/locobot/interbotix_ws/install/interbotix_perception_pipelines:/home/locobot/interbotix_ws/install/interbotix_xs_msgs:/home/locobot/interbotix_ws/install/interbotix_xs_driver:/home/locobot/interbotix_ws/install/interbotix_tf_tools:/home/locobot/interbotix_ws/install/interbotix_perception_msgs:/home/locobot/interbotix_ws/install/interbotix_moveit_interface_msgs:/home/locobot/interbotix_ws/install/interbotix_common_toolbox:/home/locobot/interbotix_ws/install/interbotix_common_sim:/home/locobot/interbotix_ws/install/dynamixel_workbench_toolbox:/home/locobot/apriltag_ws/install/apriltag_ros:/home/locobot/interbotix_ws/install/interbotix_xs_modules:/home/locobot/interbotix_ws/install/interbotix_perception_modules:/home/locobot/interbotix_ws/install/interbotix_common_modules:/opt/ros/galactic LD_LIBRARY_PATH=/home/locobot/SU_Robotics/eyetracking_ros_ws/install/interbotix_xs_driver/lib:/home/locobot/SU_Robotics/eyetracking_ros_ws/install/interbotix_xs_msgs/lib:/home/locobot/SU_Robotics/eyetracking_ros_ws/install/dynamixel_workbench_toolbox/lib:${LD_LIBRARY_PATH} PYTHONPATH=/home/locobot/SU_Robotics/eyetracking_ros_ws/install/interbotix_xs_msgs/lib/python3.8/site-packages:${PYTHONPATH} /usr/bin/cmake --install /home/locobot/SU_Robotics/eyetracking_ros_ws/build/interbotix_xs_sdk
