[2.333s] DEBUG:colcon:Command line arguments: ['/usr/bin/colcon', 'build']
[2.334s] DEBUG:colcon:Parsed command line arguments: Namespace(allow_overriding=[], ament_cmake_args=None, base_paths=['.'], build_base='build', catkin_cmake_args=None, catkin_skip_building_tests=False, cmake_args=None, cmake_clean_cache=False, cmake_clean_first=False, cmake_force_configure=False, cmake_target=None, cmake_target_skip_unavailable=False, continue_on_error=False, event_handlers=None, executor='parallel', ignore_user_meta=False, install_base='install', log_base=None, log_level=None, main=<bound method BuildVerb.main of <colcon_core.verb.build.BuildVerb object at 0x7f0c9315aa00>>, merge_install=False, metas=['./colcon.meta'], packages_above=None, packages_above_and_dependencies=None, packages_above_depth=None, packages_end=None, packages_ignore=None, packages_ignore_regex=None, packages_select=None, packages_select_build_failed=False, packages_select_by_dep=None, packages_select_regex=None, packages_select_test_failures=False, packages_skip=None, packages_skip_build_finished=False, packages_skip_by_dep=None, packages_skip_regex=None, packages_skip_test_passed=False, packages_skip_up_to=None, packages_start=None, packages_up_to=None, packages_up_to_regex=None, parallel_workers=12, paths=None, symlink_install=False, test_result_base=None, verb_extension=<colcon_core.verb.build.BuildVerb object at 0x7f0c9315aa00>, verb_name='build', verb_parser=<colcon_defaults.argument_parser.defaults.DefaultArgumentsDecorator object at 0x7f0c9315afa0>)
[2.431s] Level 1:colcon.colcon_core.package_discovery:discover_packages(colcon_meta) check parameters
[2.431s] Level 1:colcon.colcon_core.package_discovery:discover_packages(recursive) check parameters
[2.431s] Level 1:colcon.colcon_core.package_discovery:discover_packages(ignore) check parameters
[2.431s] Level 1:colcon.colcon_core.package_discovery:discover_packages(path) check parameters
[2.431s] Level 1:colcon.colcon_core.package_discovery:discover_packages(colcon_meta) discover
[2.431s] Level 1:colcon.colcon_core.package_discovery:discover_packages(recursive) discover
[2.431s] INFO:colcon.colcon_core.package_discovery:Crawling recursively for packages in '/home/locobot/camera_depth_ws'
[2.431s] Level 1:colcon.colcon_core.package_identification:_identify(.) by extensions ['ignore', 'ignore_ament_install']
[2.431s] Level 1:colcon.colcon_core.package_identification:_identify(.) by extension 'ignore'
[2.431s] Level 1:colcon.colcon_core.package_identification:_identify(.) by extension 'ignore_ament_install'
[2.431s] Level 1:colcon.colcon_core.package_identification:_identify(.) by extensions ['colcon_pkg']
[2.431s] Level 1:colcon.colcon_core.package_identification:_identify(.) by extension 'colcon_pkg'
[2.431s] Level 1:colcon.colcon_core.package_identification:_identify(.) by extensions ['colcon_meta']
[2.431s] Level 1:colcon.colcon_core.package_identification:_identify(.) by extension 'colcon_meta'
[2.431s] Level 1:colcon.colcon_core.package_identification:_identify(.) by extensions ['ros']
[2.431s] Level 1:colcon.colcon_core.package_identification:_identify(.) by extension 'ros'
[2.447s] Level 1:colcon.colcon_core.package_identification:_identify(.) by extensions ['cmake', 'python']
[2.447s] Level 1:colcon.colcon_core.package_identification:_identify(.) by extension 'cmake'
[2.447s] Level 1:colcon.colcon_core.package_identification:_identify(.) by extension 'python'
[2.447s] Level 1:colcon.colcon_core.package_identification:_identify(.) by extensions ['python_setup_py']
[2.447s] Level 1:colcon.colcon_core.package_identification:_identify(.) by extension 'python_setup_py'
[2.447s] Level 1:colcon.colcon_core.package_identification:_identify(build) by extensions ['ignore', 'ignore_ament_install']
[2.447s] Level 1:colcon.colcon_core.package_identification:_identify(build) by extension 'ignore'
[2.447s] Level 1:colcon.colcon_core.package_identification:_identify(build) ignored
[2.447s] Level 1:colcon.colcon_core.package_identification:_identify(install) by extensions ['ignore', 'ignore_ament_install']
[2.447s] Level 1:colcon.colcon_core.package_identification:_identify(install) by extension 'ignore'
[2.447s] Level 1:colcon.colcon_core.package_identification:_identify(install) ignored
[2.447s] Level 1:colcon.colcon_core.package_identification:_identify(log) by extensions ['ignore', 'ignore_ament_install']
[2.447s] Level 1:colcon.colcon_core.package_identification:_identify(log) by extension 'ignore'
[2.447s] Level 1:colcon.colcon_core.package_identification:_identify(log) ignored
[2.447s] Level 1:colcon.colcon_core.package_identification:_identify(src) by extensions ['ignore', 'ignore_ament_install']
[2.448s] Level 1:colcon.colcon_core.package_identification:_identify(src) by extension 'ignore'
[2.448s] Level 1:colcon.colcon_core.package_identification:_identify(src) by extension 'ignore_ament_install'
[2.448s] Level 1:colcon.colcon_core.package_identification:_identify(src) by extensions ['colcon_pkg']
[2.448s] Level 1:colcon.colcon_core.package_identification:_identify(src) by extension 'colcon_pkg'
[2.448s] Level 1:colcon.colcon_core.package_identification:_identify(src) by extensions ['colcon_meta']
[2.448s] Level 1:colcon.colcon_core.package_identification:_identify(src) by extension 'colcon_meta'
[2.448s] Level 1:colcon.colcon_core.package_identification:_identify(src) by extensions ['ros']
[2.448s] Level 1:colcon.colcon_core.package_identification:_identify(src) by extension 'ros'
[2.448s] Level 1:colcon.colcon_core.package_identification:_identify(src) by extensions ['cmake', 'python']
[2.448s] Level 1:colcon.colcon_core.package_identification:_identify(src) by extension 'cmake'
[2.448s] Level 1:colcon.colcon_core.package_identification:_identify(src) by extension 'python'
[2.448s] Level 1:colcon.colcon_core.package_identification:_identify(src) by extensions ['python_setup_py']
[2.448s] Level 1:colcon.colcon_core.package_identification:_identify(src) by extension 'python_setup_py'
[2.448s] Level 1:colcon.colcon_core.package_identification:_identify(src/rgbd_camera) by extensions ['ignore', 'ignore_ament_install']
[2.448s] Level 1:colcon.colcon_core.package_identification:_identify(src/rgbd_camera) by extension 'ignore'
[2.448s] Level 1:colcon.colcon_core.package_identification:_identify(src/rgbd_camera) by extension 'ignore_ament_install'
[2.448s] Level 1:colcon.colcon_core.package_identification:_identify(src/rgbd_camera) by extensions ['colcon_pkg']
[2.448s] Level 1:colcon.colcon_core.package_identification:_identify(src/rgbd_camera) by extension 'colcon_pkg'
[2.448s] Level 1:colcon.colcon_core.package_identification:_identify(src/rgbd_camera) by extensions ['colcon_meta']
[2.448s] Level 1:colcon.colcon_core.package_identification:_identify(src/rgbd_camera) by extension 'colcon_meta'
[2.448s] Level 1:colcon.colcon_core.package_identification:_identify(src/rgbd_camera) by extensions ['ros']
[2.448s] Level 1:colcon.colcon_core.package_identification:_identify(src/rgbd_camera) by extension 'ros'
[2.449s] DEBUG:colcon.colcon_core.package_identification:Failed to parse potential ROS package manifest in'src/rgbd_camera': Error(s) in package 'src/rgbd_camera/package.xml':
The manifest contains invalid XML:
mismatched tag: line 15, column 25
[2.449s] Level 1:colcon.colcon_core.package_identification:_identify(src/rgbd_camera) by extensions ['cmake', 'python']
[2.449s] Level 1:colcon.colcon_core.package_identification:_identify(src/rgbd_camera) by extension 'cmake'
[2.449s] Level 1:colcon.colcon_core.package_identification:_identify(src/rgbd_camera) by extension 'python'
[2.449s] DEBUG:colcon.colcon_core.package_identification:Python package in 'src/rgbd_camera' passes arguments to the setup() function which requires a different identification extension than 'python'
[2.449s] Level 1:colcon.colcon_core.package_identification:_identify(src/rgbd_camera) by extensions ['python_setup_py']
[2.449s] Level 1:colcon.colcon_core.package_identification:_identify(src/rgbd_camera) by extension 'python_setup_py'
[2.660s] DEBUG:colcon.colcon_core.package_identification:Package 'src/rgbd_camera' with type 'python' and name 'rgbd_camera'
[2.660s] Level 1:colcon.colcon_core.package_discovery:discover_packages(recursive) using defaults
[2.660s] Level 1:colcon.colcon_core.package_discovery:discover_packages(ignore) discover
[2.660s] Level 1:colcon.colcon_core.package_discovery:discover_packages(ignore) using defaults
[2.660s] Level 1:colcon.colcon_core.package_discovery:discover_packages(path) discover
[2.660s] Level 1:colcon.colcon_core.package_discovery:discover_packages(path) using defaults
[2.873s] Level 1:colcon.colcon_core.package_discovery:discover_packages(prefix_path) check parameters
[2.873s] Level 1:colcon.colcon_core.package_discovery:discover_packages(prefix_path) discover
[2.913s] WARNING:colcon.colcon_core.prefix_path.colcon:The path '/home/locobot/test?/install' in the environment variable COLCON_PREFIX_PATH doesn't exist
[2.913s] WARNING:colcon.colcon_core.prefix_path.colcon:The path '/home/locobot/tester/install' in the environment variable COLCON_PREFIX_PATH doesn't exist
[2.954s] DEBUG:colcon.colcon_installed_package_information.package_discovery:Found 1 installed packages in /home/locobot/camera_depth_ws/install
[2.994s] DEBUG:colcon.colcon_installed_package_information.package_discovery:Found 1 installed packages in /home/locobot/SU_Robotics/ros_ws/install
[3.034s] DEBUG:colcon.colcon_installed_package_information.package_discovery:Found 29 installed packages in /home/locobot/interbotix_ws/install
[3.074s] DEBUG:colcon.colcon_installed_package_information.package_discovery:Found 1 installed packages in /home/locobot/apriltag_ws/install
[3.113s] DEBUG:colcon.colcon_installed_package_information.package_discovery:Found 1 installed packages in /home/locobot/new_ros_ws/install
[3.162s] DEBUG:colcon.colcon_installed_package_information.package_discovery:Found 378 installed packages in /opt/ros/galactic
[3.163s] Level 1:colcon.colcon_core.package_discovery:discover_packages(prefix_path) using defaults
[3.326s] Level 5:colcon.colcon_core.verb:set package 'rgbd_camera' build argument 'cmake_args' from command line to 'None'
[3.326s] Level 5:colcon.colcon_core.verb:set package 'rgbd_camera' build argument 'cmake_target' from command line to 'None'
[3.326s] Level 5:colcon.colcon_core.verb:set package 'rgbd_camera' build argument 'cmake_target_skip_unavailable' from command line to 'False'
[3.326s] Level 5:colcon.colcon_core.verb:set package 'rgbd_camera' build argument 'cmake_clean_cache' from command line to 'False'
[3.326s] Level 5:colcon.colcon_core.verb:set package 'rgbd_camera' build argument 'cmake_clean_first' from command line to 'False'
[3.326s] Level 5:colcon.colcon_core.verb:set package 'rgbd_camera' build argument 'cmake_force_configure' from command line to 'False'
[3.326s] Level 5:colcon.colcon_core.verb:set package 'rgbd_camera' build argument 'ament_cmake_args' from command line to 'None'
[3.326s] Level 5:colcon.colcon_core.verb:set package 'rgbd_camera' build argument 'catkin_cmake_args' from command line to 'None'
[3.326s] Level 5:colcon.colcon_core.verb:set package 'rgbd_camera' build argument 'catkin_skip_building_tests' from command line to 'False'
[3.326s] DEBUG:colcon.colcon_core.verb:Building package 'rgbd_camera' with the following arguments: {'ament_cmake_args': None, 'build_base': '/home/locobot/camera_depth_ws/build/rgbd_camera', 'catkin_cmake_args': None, 'catkin_skip_building_tests': False, 'cmake_args': None, 'cmake_clean_cache': False, 'cmake_clean_first': False, 'cmake_force_configure': False, 'cmake_target': None, 'cmake_target_skip_unavailable': False, 'install_base': '/home/locobot/camera_depth_ws/install/rgbd_camera', 'merge_install': False, 'path': '/home/locobot/camera_depth_ws/src/rgbd_camera', 'symlink_install': False, 'test_result_base': None}
[3.366s] INFO:colcon.colcon_core.executor:Executing jobs using 'parallel' executor
[3.406s] DEBUG:colcon.colcon_parallel_executor.executor.parallel:run_until_complete
[3.406s] INFO:colcon.colcon_core.task.python.build:Building Python package in '/home/locobot/camera_depth_ws/src/rgbd_camera'
[3.448s] INFO:colcon.colcon_core.plugin_system:Skipping extension 'colcon_core.shell.bat': Not used on non-Windows systems
[3.448s] INFO:colcon.colcon_core.shell:Skip shell extension 'powershell' for command environment: Not usable outside of PowerShell
[3.448s] DEBUG:colcon.colcon_core.shell:Skip shell extension 'dsv' for command environment
[4.329s] DEBUG:colcon.colcon_core.event_handler.log_command:Invoking command in '/home/locobot/camera_depth_ws/src/rgbd_camera': PYTHONPATH=/home/locobot/camera_depth_ws/build/rgbd_camera/prefix_override:/home/locobot/camera_depth_ws/install/rgbd_camera/lib/python3.8/site-packages:${PYTHONPATH} /usr/bin/python3 setup.py egg_info --egg-base ../../build/rgbd_camera build --build-base /home/locobot/camera_depth_ws/build/rgbd_camera/build install --record /home/locobot/camera_depth_ws/build/rgbd_camera/install.log --single-version-externally-managed
[4.599s] DEBUG:colcon.colcon_core.event_handler.log_command:Invoked command in '/home/locobot/camera_depth_ws/src/rgbd_camera' returned '0': PYTHONPATH=/home/locobot/camera_depth_ws/build/rgbd_camera/prefix_override:/home/locobot/camera_depth_ws/install/rgbd_camera/lib/python3.8/site-packages:${PYTHONPATH} /usr/bin/python3 setup.py egg_info --egg-base ../../build/rgbd_camera build --build-base /home/locobot/camera_depth_ws/build/rgbd_camera/build install --record /home/locobot/camera_depth_ws/build/rgbd_camera/install.log --single-version-externally-managed
[4.643s] Level 1:colcon.colcon_core.environment:checking '/home/locobot/camera_depth_ws/install/rgbd_camera' for CMake module files
[4.644s] Level 1:colcon.colcon_core.environment:checking '/home/locobot/camera_depth_ws/install/rgbd_camera' for CMake config files
[4.644s] Level 1:colcon.colcon_core.environment:checking '/home/locobot/camera_depth_ws/install/rgbd_camera/lib'
[4.644s] Level 1:colcon.colcon_core.environment:checking '/home/locobot/camera_depth_ws/install/rgbd_camera/bin'
[4.644s] Level 1:colcon.colcon_core.environment:checking '/home/locobot/camera_depth_ws/install/rgbd_camera/lib/pkgconfig/rgbd_camera.pc'
[4.645s] Level 1:colcon.colcon_core.environment:checking '/home/locobot/camera_depth_ws/install/rgbd_camera/lib/python3.8/site-packages'
[4.645s] Level 1:colcon.colcon_core.shell:create_environment_hook('rgbd_camera', 'pythonpath')
[4.686s] INFO:colcon.colcon_core.shell:Creating environment hook '/home/locobot/camera_depth_ws/install/rgbd_camera/share/rgbd_camera/hook/pythonpath.ps1'
[4.687s] INFO:colcon.colcon_core.shell:Creating environment descriptor '/home/locobot/camera_depth_ws/install/rgbd_camera/share/rgbd_camera/hook/pythonpath.dsv'
[4.687s] INFO:colcon.colcon_core.shell:Creating environment hook '/home/locobot/camera_depth_ws/install/rgbd_camera/share/rgbd_camera/hook/pythonpath.sh'
[4.687s] Level 1:colcon.colcon_core.environment:checking '/home/locobot/camera_depth_ws/install/rgbd_camera/bin'
[4.687s] Level 1:colcon.colcon_core.environment:create_environment_scripts_only(rgbd_camera)
[4.729s] INFO:colcon.colcon_core.shell:Creating package script '/home/locobot/camera_depth_ws/install/rgbd_camera/share/rgbd_camera/package.ps1'
[4.730s] INFO:colcon.colcon_core.shell:Creating package descriptor '/home/locobot/camera_depth_ws/install/rgbd_camera/share/rgbd_camera/package.dsv'
[4.730s] INFO:colcon.colcon_core.shell:Creating package script '/home/locobot/camera_depth_ws/install/rgbd_camera/share/rgbd_camera/package.sh'
[4.730s] INFO:colcon.colcon_core.shell:Creating package script '/home/locobot/camera_depth_ws/install/rgbd_camera/share/rgbd_camera/package.bash'
[4.731s] INFO:colcon.colcon_core.shell:Creating package script '/home/locobot/camera_depth_ws/install/rgbd_camera/share/rgbd_camera/package.zsh'
[4.732s] Level 1:colcon.colcon_core.environment:create_file_with_runtime_dependencies(/home/locobot/camera_depth_ws/install/rgbd_camera/share/colcon-core/packages/rgbd_camera)
[4.732s] DEBUG:colcon.colcon_parallel_executor.executor.parallel:closing loop
[4.732s] DEBUG:colcon.colcon_parallel_executor.executor.parallel:loop closed
[4.732s] DEBUG:colcon.colcon_parallel_executor.executor.parallel:run_until_complete finished with '0'
[4.732s] DEBUG:colcon.colcon_core.event_reactor:joining thread
[4.778s] INFO:colcon.colcon_core.plugin_system:Skipping extension 'colcon_notification.desktop_notification.terminal_notifier': Not used on non-Darwin systems
[4.778s] INFO:colcon.colcon_core.plugin_system:Skipping extension 'colcon_notification.desktop_notification.win32': Not used on non-Windows systems
[4.778s] INFO:colcon.colcon_notification.desktop_notification:Sending desktop notification using 'notify2'
[4.790s] DEBUG:colcon.colcon_core.event_reactor:joined thread
[4.833s] INFO:colcon.colcon_core.shell:Creating prefix script '/home/locobot/camera_depth_ws/install/local_setup.ps1'
[4.833s] INFO:colcon.colcon_core.shell:Creating prefix util module '/home/locobot/camera_depth_ws/install/_local_setup_util_ps1.py'
[4.834s] INFO:colcon.colcon_core.shell:Creating prefix chain script '/home/locobot/camera_depth_ws/install/setup.ps1'
[4.877s] INFO:colcon.colcon_core.shell:Creating prefix script '/home/locobot/camera_depth_ws/install/local_setup.sh'
[4.878s] INFO:colcon.colcon_core.shell:Creating prefix util module '/home/locobot/camera_depth_ws/install/_local_setup_util_sh.py'
[4.878s] INFO:colcon.colcon_core.shell:Creating prefix chain script '/home/locobot/camera_depth_ws/install/setup.sh'
[4.920s] INFO:colcon.colcon_core.shell:Creating prefix script '/home/locobot/camera_depth_ws/install/local_setup.bash'
[4.921s] INFO:colcon.colcon_core.shell:Creating prefix chain script '/home/locobot/camera_depth_ws/install/setup.bash'
[4.964s] INFO:colcon.colcon_core.shell:Creating prefix script '/home/locobot/camera_depth_ws/install/local_setup.zsh'
[4.965s] INFO:colcon.colcon_core.shell:Creating prefix chain script '/home/locobot/camera_depth_ws/install/setup.zsh'
