-- Found ament_cmake: 1.1.6 (/opt/ros/galactic/share/ament_cmake/cmake)
-- Using PYTHON_EXECUTABLE: /usr/bin/python3
-- Override CMake install command with custom implementation using symlinks instead of copying resources
-- Found ament_lint_auto: 0.10.7 (/opt/ros/galactic/share/ament_lint_auto/cmake)
-- Added test 'copyright' to check source files copyright and LICENSE
-- Added test 'lint_cmake' to check CMake code style
-- Added test 'xmllint' to check XML markup files
-- Configuring done
-- Generating done
-- Build files have been written to: /home/locobot/SU_Robotics/eyetracking_ros_ws/build/interbotix_perception_toolbox
-- Install configuration: ""
-- Execute custom install script
-- Symlinking: /home/locobot/SU_Robotics/eyetracking_ros_ws/install/interbotix_perception_toolbox/share/ament_index/resource_index/package_run_dependencies/interbotix_perception_toolbox
-- Symlinking: /home/locobot/SU_Robotics/eyetracking_ros_ws/install/interbotix_perception_toolbox/share/ament_index/resource_index/parent_prefix_path/interbotix_perception_toolbox
-- Symlinking: /home/locobot/SU_Robotics/eyetracking_ros_ws/install/interbotix_perception_toolbox/share/interbotix_perception_toolbox/environment/ament_prefix_path.sh
-- Symlinking: /home/locobot/SU_Robotics/eyetracking_ros_ws/install/interbotix_perception_toolbox/share/interbotix_perception_toolbox/environment/ament_prefix_path.dsv
-- Symlinking: /home/locobot/SU_Robotics/eyetracking_ros_ws/install/interbotix_perception_toolbox/share/interbotix_perception_toolbox/environment/path.sh
-- Symlinking: /home/locobot/SU_Robotics/eyetracking_ros_ws/install/interbotix_perception_toolbox/share/interbotix_perception_toolbox/environment/path.dsv
-- Symlinking: /home/locobot/SU_Robotics/eyetracking_ros_ws/install/interbotix_perception_toolbox/share/interbotix_perception_toolbox/local_setup.bash
-- Symlinking: /home/locobot/SU_Robotics/eyetracking_ros_ws/install/interbotix_perception_toolbox/share/interbotix_perception_toolbox/local_setup.sh
-- Symlinking: /home/locobot/SU_Robotics/eyetracking_ros_ws/install/interbotix_perception_toolbox/share/interbotix_perception_toolbox/local_setup.zsh
-- Symlinking: /home/locobot/SU_Robotics/eyetracking_ros_ws/install/interbotix_perception_toolbox/share/interbotix_perception_toolbox/local_setup.dsv
-- Symlinking: /home/locobot/SU_Robotics/eyetracking_ros_ws/install/interbotix_perception_toolbox/share/interbotix_perception_toolbox/package.dsv
-- Symlinking: /home/locobot/SU_Robotics/eyetracking_ros_ws/install/interbotix_perception_toolbox/share/ament_index/resource_index/packages/interbotix_perception_toolbox
-- Symlinking: /home/locobot/SU_Robotics/eyetracking_ros_ws/install/interbotix_perception_toolbox/share/interbotix_perception_toolbox/cmake/interbotix_perception_toolboxConfig.cmake
-- Symlinking: /home/locobot/SU_Robotics/eyetracking_ros_ws/install/interbotix_perception_toolbox/share/interbotix_perception_toolbox/cmake/interbotix_perception_toolboxConfig-version.cmake
-- Symlinking: /home/locobot/SU_Robotics/eyetracking_ros_ws/install/interbotix_perception_toolbox/share/interbotix_perception_toolbox/package.xml
