[0.435s] Invoking command in '/home/locobot/SU_Robotics/eyetracking_ros_ws/build/interbotix_xs_rviz': AMENT_PREFIX_PATH=/home/locobot/SU_Robotics/eyetracking_ros_ws/install/interbotix_xs_sdk:/home/locobot/SU_Robotics/eyetracking_ros_ws/install/interbotix_xs_driver:/home/locobot/SU_Robotics/eyetracking_ros_ws/install/interbotix_xs_msgs:/home/locobot/SU_Robotics/eyetracking_ros_ws/install/dynamixel_workbench_toolbox:${AMENT_PREFIX_PATH} CMAKE_PREFIX_PATH=/home/locobot/SU_Robotics/eyetracking_ros_ws/install/interbotix_xs_sdk:/home/locobot/SU_Robotics/eyetracking_ros_ws/install/interbotix_xs_driver:/home/locobot/SU_Robotics/eyetracking_ros_ws/install/interbotix_xs_msgs:/home/locobot/SU_Robotics/eyetracking_ros_ws/install/dynamixel_workbench_toolbox:/home/locobot/interbotix_ws/install/interbotix_xslocobot_moveit:/home/locobot/interbotix_ws/install/interbotix_xslocobot_ros_control:/home/locobot/interbotix_ws/install/interbotix_xslocobot_nav:/home/locobot/interbotix_ws/install/interbotix_xslocobot_joy:/home/locobot/interbotix_ws/install/interbotix_xslocobot_control:/home/locobot/interbotix_ws/install/sllidar_ros2:/home/locobot/interbotix_ws/install/interbotix_moveit_interface:/home/locobot/interbotix_ws/install/moveit_visual_tools:/home/locobot/interbotix_ws/install/interbotix_xslocobot_sim:/home/locobot/interbotix_ws/install/interbotix_xslocobot_descriptions:/home/locobot/interbotix_ws/install/interbotix_xs_toolbox:/home/locobot/interbotix_ws/install/interbotix_xs_rviz:/home/locobot/interbotix_ws/install/interbotix_ros_xseries:/home/locobot/interbotix_ws/install/interbotix_xs_sdk:/home/locobot/interbotix_ws/install/interbotix_xs_ros_control:/home/locobot/interbotix_ws/install/interbotix_perception_toolbox:/home/locobot/interbotix_ws/install/interbotix_perception_pipelines:/home/locobot/interbotix_ws/install/interbotix_xs_msgs:/home/locobot/interbotix_ws/install/interbotix_xs_driver:/home/locobot/interbotix_ws/install/interbotix_tf_tools:/home/locobot/interbotix_ws/install/interbotix_perception_msgs:/home/locobot/interbotix_ws/install/interbotix_moveit_interface_msgs:/home/locobot/interbotix_ws/install/interbotix_common_toolbox:/home/locobot/interbotix_ws/install/interbotix_common_sim:/home/locobot/interbotix_ws/install/dynamixel_workbench_toolbox:/home/locobot/apriltag_ws/install/apriltag_ros:/home/locobot/interbotix_ws/install/interbotix_xs_modules:/home/locobot/interbotix_ws/install/interbotix_perception_modules:/home/locobot/interbotix_ws/install/interbotix_common_modules:/opt/ros/galactic LD_LIBRARY_PATH=/home/locobot/SU_Robotics/eyetracking_ros_ws/install/interbotix_xs_driver/lib:/home/locobot/SU_Robotics/eyetracking_ros_ws/install/interbotix_xs_msgs/lib:/home/locobot/SU_Robotics/eyetracking_ros_ws/install/dynamixel_workbench_toolbox/lib:${LD_LIBRARY_PATH} PYTHONPATH=/home/locobot/SU_Robotics/eyetracking_ros_ws/install/interbotix_xs_msgs/lib/python3.8/site-packages:${PYTHONPATH} /usr/bin/cmake /home/locobot/SU_Robotics/eyetracking_ros_ws/src/interbotix_ros_toolboxes/interbotix_xs_toolbox/interbotix_xs_rviz -DCMAKE_INSTALL_PREFIX=/home/locobot/SU_Robotics/eyetracking_ros_ws/install/interbotix_xs_rviz
[0.481s] -- The C compiler identification is GNU 9.4.0
[0.530s] -- The CXX compiler identification is GNU 9.4.0
[0.535s] -- Check for working C compiler: /usr/bin/cc
[0.593s] -- Check for working C compiler: /usr/bin/cc -- works
[0.594s] -- Detecting C compiler ABI info
[0.652s] -- Detecting C compiler ABI info - done
[0.663s] -- Detecting C compile features
[0.663s] -- Detecting C compile features - done
[0.665s] -- Check for working CXX compiler: /usr/bin/c++
[0.733s] -- Check for working CXX compiler: /usr/bin/c++ -- works
[0.734s] -- Detecting CXX compiler ABI info
[0.801s] -- Detecting CXX compiler ABI info - done
[0.812s] -- Detecting CXX compile features
[0.812s] -- Detecting CXX compile features - done
[0.816s] -- Found ament_cmake: 1.1.6 (/opt/ros/galactic/share/ament_cmake/cmake)
[0.848s] -- Found PythonInterp: /usr/bin/python3 (found suitable version "3.8.10", minimum required is "3") 
[0.848s] -- Using PYTHON_EXECUTABLE: /usr/bin/python3
[0.946s] -- Found pluginlib: 5.0.1 (/opt/ros/galactic/share/pluginlib/cmake)
[1.009s] -- Found rclcpp: 9.2.2 (/opt/ros/galactic/share/rclcpp/cmake)
[1.057s] -- Using all available rosidl_typesupport_c: rosidl_typesupport_fastrtps_c;rosidl_typesupport_introspection_c
[1.067s] -- Found rosidl_adapter: 2.2.3 (/opt/ros/galactic/share/rosidl_adapter/cmake)
[1.154s] -- Found OpenSSL: /usr/lib/x86_64-linux-gnu/libcrypto.so (found version "1.1.1f")  
[1.186s] -- Found FastRTPS: /opt/ros/galactic/include  
[1.265s] -- Using all available rosidl_typesupport_cpp: rosidl_typesupport_fastrtps_cpp;rosidl_typesupport_introspection_cpp
[1.337s] -- Found rmw_implementation_cmake: 3.3.1 (/opt/ros/galactic/share/rmw_implementation_cmake/cmake)
[1.341s] -- Found rmw_fastrtps_cpp: 5.0.2 (/opt/ros/galactic/share/rmw_fastrtps_cpp/cmake)
[1.462s] -- Using RMW implementation 'rmw_fastrtps_cpp' as default
[1.463s] -- Looking for pthread.h
[1.532s] -- Looking for pthread.h - found
[1.532s] -- Performing Test CMAKE_HAVE_LIBC_PTHREAD
[1.603s] -- Performing Test CMAKE_HAVE_LIBC_PTHREAD - Failed
[1.603s] -- Looking for pthread_create in pthreads
[1.656s] -- Looking for pthread_create in pthreads - not found
[1.656s] -- Looking for pthread_create in pthread
[1.716s] -- Looking for pthread_create in pthread - found
[1.717s] -- Found Threads: TRUE  
[1.870s] -- Found rviz_common: 8.5.2 (/opt/ros/galactic/share/rviz_common/cmake)
[1.880s] -- Setting OGRE_DIR to: '/opt/ros/galactic/share/rviz_ogre_vendor/cmake/../../../opt/rviz_ogre_vendor/lib/OGRE/cmake'
[1.881s] -- Found OGRE
[1.882s] --   static     : OFF
[1.882s] --   components : HLMS;MeshLodGenerator;Overlay;Paging;Property;RTShaderSystem;Terrain;Volume
[1.882s] --   plugins    : Plugin_BSPSceneManager;Plugin_OctreeSceneManager;Plugin_PCZSceneManager;Plugin_ParticleFX;RenderSystem_GL;RenderSystem_GL3Plus;Codec_STBI
[1.882s] --   media      : /opt/ros/galactic/opt/rviz_ogre_vendor/share/OGRE/Media
[1.882s] -- OGRE_LIBRARIES: OgreHLMS;OgreMeshLodGenerator;OgreOverlay;OgrePaging;OgreProperty;OgreRTShaderSystem;OgreTerrain;OgreVolume;OgreMain
[1.882s] -- OGRE_LIBRARY_DIRS: /opt/ros/galactic/opt/rviz_ogre_vendor/lib
[1.883s] -- OGRE_PLUGINS: Plugin_BSPSceneManager;Plugin_OctreeSceneManager;Plugin_PCZSceneManager;Plugin_ParticleFX;RenderSystem_GL;RenderSystem_GL3Plus;Codec_STBI
[1.883s] -- OGRE_PLUGIN_DIR: /opt/ros/galactic/opt/rviz_ogre_vendor/lib/OGRE
[1.883s] -- rviz_ogre_vendor::OgreOverlay for IMPORTED_LOCATION_RELEASE: /opt/ros/galactic/opt/rviz_ogre_vendor/lib/libOgreOverlay.so
[1.883s] -- rviz_ogre_vendor::OgreOverlay for IMPORTED_LOCATION_DEBUG: /opt/ros/galactic/opt/rviz_ogre_vendor/lib/libOgreOverlay.so
[1.883s] -- rviz_ogre_vendor::OgreMain for IMPORTED_LOCATION_RELEASE: /opt/ros/galactic/opt/rviz_ogre_vendor/lib/libOgreMain.so
[1.883s] -- rviz_ogre_vendor::OgreMain for IMPORTED_LOCATION_DEBUG: /opt/ros/galactic/opt/rviz_ogre_vendor/lib/libOgreMain.so
[1.906s] -- Found ZLIB: /usr/lib/x86_64-linux-gnu/libz.so (found version "1.2.11") 
[1.913s] -- Found OpenGL: /usr/lib/x86_64-linux-gnu/libOpenGL.so   
[2.002s] -- Found X11: /usr/include   
[2.002s] -- Looking for XOpenDisplay in /usr/lib/x86_64-linux-gnu/libX11.so;/usr/lib/x86_64-linux-gnu/libXext.so
[2.068s] -- Looking for XOpenDisplay in /usr/lib/x86_64-linux-gnu/libX11.so;/usr/lib/x86_64-linux-gnu/libXext.so - found
[2.068s] -- Looking for gethostbyname
[2.130s] -- Looking for gethostbyname - found
[2.131s] -- Looking for connect
[2.189s] -- Looking for connect - found
[2.189s] -- Looking for remove
[2.249s] -- Looking for remove - found
[2.249s] -- Looking for shmat
[2.307s] -- Looking for shmat - found
[2.308s] -- Looking for IceConnectionNumber in ICE
[2.367s] -- Looking for IceConnectionNumber in ICE - found
[2.370s] -- rviz_ogre_vendor::RenderSystem_GL for IMPORTED_LOCATION_RELEASE: _render_system_gl_static_library_abs-NOTFOUND
[2.370s] -- rviz_ogre_vendor::RenderSystem_GL for IMPORTED_LOCATION_DEBUG: _render_system_gl_static_library_abs-NOTFOUND
[2.377s] -- library: libassimp.so.5
[2.455s] -- library: /usr/lib/x86_64-linux-gnu/libcurl.so
[2.623s] -- Found Eigen3: TRUE (found version "3.3.7") 
[3.057s] -- Found interbotix_xs_msgs: 0.0.0 (/home/locobot/SU_Robotics/eyetracking_ros_ws/install/interbotix_xs_msgs/share/interbotix_xs_msgs/cmake)
[3.263s] -- Found ament_lint_auto: 0.10.7 (/opt/ros/galactic/share/ament_lint_auto/cmake)
[3.353s] -- Added test 'copyright' to check source files copyright and LICENSE
[3.354s] -- Added test 'cppcheck' to perform static code analysis on C / C++ code
[3.354s] -- Configured cppcheck include dirs: /home/locobot/SU_Robotics/eyetracking_ros_ws/src/interbotix_ros_toolboxes/interbotix_xs_toolbox/interbotix_xs_rviz/include
[3.355s] -- Configured cppcheck exclude dirs and/or files: 
[3.356s] -- Added test 'cpplint' to check C / C++ code against the Google style
[3.356s] -- Configured cpplint exclude dirs and/or files: 
[3.357s] -- Added test 'lint_cmake' to check CMake code style
[3.358s] -- Added test 'uncrustify' to check C / C++ code style
[3.358s] -- Configured uncrustify additional arguments: 
[3.359s] -- Added test 'xmllint' to check XML markup files
[3.364s] -- Configuring done
[3.406s] -- Generating done
[3.408s] -- Build files have been written to: /home/locobot/SU_Robotics/eyetracking_ros_ws/build/interbotix_xs_rviz
[3.418s] Invoked command in '/home/locobot/SU_Robotics/eyetracking_ros_ws/build/interbotix_xs_rviz' returned '0': AMENT_PREFIX_PATH=/home/locobot/SU_Robotics/eyetracking_ros_ws/install/interbotix_xs_sdk:/home/locobot/SU_Robotics/eyetracking_ros_ws/install/interbotix_xs_driver:/home/locobot/SU_Robotics/eyetracking_ros_ws/install/interbotix_xs_msgs:/home/locobot/SU_Robotics/eyetracking_ros_ws/install/dynamixel_workbench_toolbox:${AMENT_PREFIX_PATH} CMAKE_PREFIX_PATH=/home/locobot/SU_Robotics/eyetracking_ros_ws/install/interbotix_xs_sdk:/home/locobot/SU_Robotics/eyetracking_ros_ws/install/interbotix_xs_driver:/home/locobot/SU_Robotics/eyetracking_ros_ws/install/interbotix_xs_msgs:/home/locobot/SU_Robotics/eyetracking_ros_ws/install/dynamixel_workbench_toolbox:/home/locobot/interbotix_ws/install/interbotix_xslocobot_moveit:/home/locobot/interbotix_ws/install/interbotix_xslocobot_ros_control:/home/locobot/interbotix_ws/install/interbotix_xslocobot_nav:/home/locobot/interbotix_ws/install/interbotix_xslocobot_joy:/home/locobot/interbotix_ws/install/interbotix_xslocobot_control:/home/locobot/interbotix_ws/install/sllidar_ros2:/home/locobot/interbotix_ws/install/interbotix_moveit_interface:/home/locobot/interbotix_ws/install/moveit_visual_tools:/home/locobot/interbotix_ws/install/interbotix_xslocobot_sim:/home/locobot/interbotix_ws/install/interbotix_xslocobot_descriptions:/home/locobot/interbotix_ws/install/interbotix_xs_toolbox:/home/locobot/interbotix_ws/install/interbotix_xs_rviz:/home/locobot/interbotix_ws/install/interbotix_ros_xseries:/home/locobot/interbotix_ws/install/interbotix_xs_sdk:/home/locobot/interbotix_ws/install/interbotix_xs_ros_control:/home/locobot/interbotix_ws/install/interbotix_perception_toolbox:/home/locobot/interbotix_ws/install/interbotix_perception_pipelines:/home/locobot/interbotix_ws/install/interbotix_xs_msgs:/home/locobot/interbotix_ws/install/interbotix_xs_driver:/home/locobot/interbotix_ws/install/interbotix_tf_tools:/home/locobot/interbotix_ws/install/interbotix_perception_msgs:/home/locobot/interbotix_ws/install/interbotix_moveit_interface_msgs:/home/locobot/interbotix_ws/install/interbotix_common_toolbox:/home/locobot/interbotix_ws/install/interbotix_common_sim:/home/locobot/interbotix_ws/install/dynamixel_workbench_toolbox:/home/locobot/apriltag_ws/install/apriltag_ros:/home/locobot/interbotix_ws/install/interbotix_xs_modules:/home/locobot/interbotix_ws/install/interbotix_perception_modules:/home/locobot/interbotix_ws/install/interbotix_common_modules:/opt/ros/galactic LD_LIBRARY_PATH=/home/locobot/SU_Robotics/eyetracking_ros_ws/install/interbotix_xs_driver/lib:/home/locobot/SU_Robotics/eyetracking_ros_ws/install/interbotix_xs_msgs/lib:/home/locobot/SU_Robotics/eyetracking_ros_ws/install/dynamixel_workbench_toolbox/lib:${LD_LIBRARY_PATH} PYTHONPATH=/home/locobot/SU_Robotics/eyetracking_ros_ws/install/interbotix_xs_msgs/lib/python3.8/site-packages:${PYTHONPATH} /usr/bin/cmake /home/locobot/SU_Robotics/eyetracking_ros_ws/src/interbotix_ros_toolboxes/interbotix_xs_toolbox/interbotix_xs_rviz -DCMAKE_INSTALL_PREFIX=/home/locobot/SU_Robotics/eyetracking_ros_ws/install/interbotix_xs_rviz
[3.420s] Invoking command in '/home/locobot/SU_Robotics/eyetracking_ros_ws/build/interbotix_xs_rviz': AMENT_PREFIX_PATH=/home/locobot/SU_Robotics/eyetracking_ros_ws/install/interbotix_xs_sdk:/home/locobot/SU_Robotics/eyetracking_ros_ws/install/interbotix_xs_driver:/home/locobot/SU_Robotics/eyetracking_ros_ws/install/interbotix_xs_msgs:/home/locobot/SU_Robotics/eyetracking_ros_ws/install/dynamixel_workbench_toolbox:${AMENT_PREFIX_PATH} CMAKE_PREFIX_PATH=/home/locobot/SU_Robotics/eyetracking_ros_ws/install/interbotix_xs_sdk:/home/locobot/SU_Robotics/eyetracking_ros_ws/install/interbotix_xs_driver:/home/locobot/SU_Robotics/eyetracking_ros_ws/install/interbotix_xs_msgs:/home/locobot/SU_Robotics/eyetracking_ros_ws/install/dynamixel_workbench_toolbox:/home/locobot/interbotix_ws/install/interbotix_xslocobot_moveit:/home/locobot/interbotix_ws/install/interbotix_xslocobot_ros_control:/home/locobot/interbotix_ws/install/interbotix_xslocobot_nav:/home/locobot/interbotix_ws/install/interbotix_xslocobot_joy:/home/locobot/interbotix_ws/install/interbotix_xslocobot_control:/home/locobot/interbotix_ws/install/sllidar_ros2:/home/locobot/interbotix_ws/install/interbotix_moveit_interface:/home/locobot/interbotix_ws/install/moveit_visual_tools:/home/locobot/interbotix_ws/install/interbotix_xslocobot_sim:/home/locobot/interbotix_ws/install/interbotix_xslocobot_descriptions:/home/locobot/interbotix_ws/install/interbotix_xs_toolbox:/home/locobot/interbotix_ws/install/interbotix_xs_rviz:/home/locobot/interbotix_ws/install/interbotix_ros_xseries:/home/locobot/interbotix_ws/install/interbotix_xs_sdk:/home/locobot/interbotix_ws/install/interbotix_xs_ros_control:/home/locobot/interbotix_ws/install/interbotix_perception_toolbox:/home/locobot/interbotix_ws/install/interbotix_perception_pipelines:/home/locobot/interbotix_ws/install/interbotix_xs_msgs:/home/locobot/interbotix_ws/install/interbotix_xs_driver:/home/locobot/interbotix_ws/install/interbotix_tf_tools:/home/locobot/interbotix_ws/install/interbotix_perception_msgs:/home/locobot/interbotix_ws/install/interbotix_moveit_interface_msgs:/home/locobot/interbotix_ws/install/interbotix_common_toolbox:/home/locobot/interbotix_ws/install/interbotix_common_sim:/home/locobot/interbotix_ws/install/dynamixel_workbench_toolbox:/home/locobot/apriltag_ws/install/apriltag_ros:/home/locobot/interbotix_ws/install/interbotix_xs_modules:/home/locobot/interbotix_ws/install/interbotix_perception_modules:/home/locobot/interbotix_ws/install/interbotix_common_modules:/opt/ros/galactic LD_LIBRARY_PATH=/home/locobot/SU_Robotics/eyetracking_ros_ws/install/interbotix_xs_driver/lib:/home/locobot/SU_Robotics/eyetracking_ros_ws/install/interbotix_xs_msgs/lib:/home/locobot/SU_Robotics/eyetracking_ros_ws/install/dynamixel_workbench_toolbox/lib:${LD_LIBRARY_PATH} PYTHONPATH=/home/locobot/SU_Robotics/eyetracking_ros_ws/install/interbotix_xs_msgs/lib/python3.8/site-packages:${PYTHONPATH} /usr/bin/cmake --build /home/locobot/SU_Robotics/eyetracking_ros_ws/build/interbotix_xs_rviz -- -j12 -l12
[3.466s] [35m[1mScanning dependencies of target interbotix_xs_rviz_autogen[0m
[3.477s] [ 20%] [34m[1mAutomatic MOC for target interbotix_xs_rviz[0m
[3.833s] [ 20%] Built target interbotix_xs_rviz_autogen
[3.845s] [ 40%] [34m[1mGenerating ui_interbotix_control_panel.h[0m
[3.872s] [35m[1mScanning dependencies of target interbotix_xs_rviz[0m
[3.957s] [ 80%] [32mBuilding CXX object CMakeFiles/interbotix_xs_rviz.dir/interbotix_xs_rviz_autogen/mocs_compilation.cpp.o[0m
[3.957s] [ 80%] [32mBuilding CXX object CMakeFiles/interbotix_xs_rviz.dir/src/interbotix_control_panel.cpp.o[0m
[12.179s] [100%] [32m[1mLinking CXX shared library libinterbotix_xs_rviz.so[0m
[14.136s] [100%] Built target interbotix_xs_rviz
[14.147s] Invoked command in '/home/locobot/SU_Robotics/eyetracking_ros_ws/build/interbotix_xs_rviz' returned '0': AMENT_PREFIX_PATH=/home/locobot/SU_Robotics/eyetracking_ros_ws/install/interbotix_xs_sdk:/home/locobot/SU_Robotics/eyetracking_ros_ws/install/interbotix_xs_driver:/home/locobot/SU_Robotics/eyetracking_ros_ws/install/interbotix_xs_msgs:/home/locobot/SU_Robotics/eyetracking_ros_ws/install/dynamixel_workbench_toolbox:${AMENT_PREFIX_PATH} CMAKE_PREFIX_PATH=/home/locobot/SU_Robotics/eyetracking_ros_ws/install/interbotix_xs_sdk:/home/locobot/SU_Robotics/eyetracking_ros_ws/install/interbotix_xs_driver:/home/locobot/SU_Robotics/eyetracking_ros_ws/install/interbotix_xs_msgs:/home/locobot/SU_Robotics/eyetracking_ros_ws/install/dynamixel_workbench_toolbox:/home/locobot/interbotix_ws/install/interbotix_xslocobot_moveit:/home/locobot/interbotix_ws/install/interbotix_xslocobot_ros_control:/home/locobot/interbotix_ws/install/interbotix_xslocobot_nav:/home/locobot/interbotix_ws/install/interbotix_xslocobot_joy:/home/locobot/interbotix_ws/install/interbotix_xslocobot_control:/home/locobot/interbotix_ws/install/sllidar_ros2:/home/locobot/interbotix_ws/install/interbotix_moveit_interface:/home/locobot/interbotix_ws/install/moveit_visual_tools:/home/locobot/interbotix_ws/install/interbotix_xslocobot_sim:/home/locobot/interbotix_ws/install/interbotix_xslocobot_descriptions:/home/locobot/interbotix_ws/install/interbotix_xs_toolbox:/home/locobot/interbotix_ws/install/interbotix_xs_rviz:/home/locobot/interbotix_ws/install/interbotix_ros_xseries:/home/locobot/interbotix_ws/install/interbotix_xs_sdk:/home/locobot/interbotix_ws/install/interbotix_xs_ros_control:/home/locobot/interbotix_ws/install/interbotix_perception_toolbox:/home/locobot/interbotix_ws/install/interbotix_perception_pipelines:/home/locobot/interbotix_ws/install/interbotix_xs_msgs:/home/locobot/interbotix_ws/install/interbotix_xs_driver:/home/locobot/interbotix_ws/install/interbotix_tf_tools:/home/locobot/interbotix_ws/install/interbotix_perception_msgs:/home/locobot/interbotix_ws/install/interbotix_moveit_interface_msgs:/home/locobot/interbotix_ws/install/interbotix_common_toolbox:/home/locobot/interbotix_ws/install/interbotix_common_sim:/home/locobot/interbotix_ws/install/dynamixel_workbench_toolbox:/home/locobot/apriltag_ws/install/apriltag_ros:/home/locobot/interbotix_ws/install/interbotix_xs_modules:/home/locobot/interbotix_ws/install/interbotix_perception_modules:/home/locobot/interbotix_ws/install/interbotix_common_modules:/opt/ros/galactic LD_LIBRARY_PATH=/home/locobot/SU_Robotics/eyetracking_ros_ws/install/interbotix_xs_driver/lib:/home/locobot/SU_Robotics/eyetracking_ros_ws/install/interbotix_xs_msgs/lib:/home/locobot/SU_Robotics/eyetracking_ros_ws/install/dynamixel_workbench_toolbox/lib:${LD_LIBRARY_PATH} PYTHONPATH=/home/locobot/SU_Robotics/eyetracking_ros_ws/install/interbotix_xs_msgs/lib/python3.8/site-packages:${PYTHONPATH} /usr/bin/cmake --build /home/locobot/SU_Robotics/eyetracking_ros_ws/build/interbotix_xs_rviz -- -j12 -l12
[14.173s] Invoking command in '/home/locobot/SU_Robotics/eyetracking_ros_ws/build/interbotix_xs_rviz': AMENT_PREFIX_PATH=/home/locobot/SU_Robotics/eyetracking_ros_ws/install/interbotix_xs_sdk:/home/locobot/SU_Robotics/eyetracking_ros_ws/install/interbotix_xs_driver:/home/locobot/SU_Robotics/eyetracking_ros_ws/install/interbotix_xs_msgs:/home/locobot/SU_Robotics/eyetracking_ros_ws/install/dynamixel_workbench_toolbox:${AMENT_PREFIX_PATH} CMAKE_PREFIX_PATH=/home/locobot/SU_Robotics/eyetracking_ros_ws/install/interbotix_xs_sdk:/home/locobot/SU_Robotics/eyetracking_ros_ws/install/interbotix_xs_driver:/home/locobot/SU_Robotics/eyetracking_ros_ws/install/interbotix_xs_msgs:/home/locobot/SU_Robotics/eyetracking_ros_ws/install/dynamixel_workbench_toolbox:/home/locobot/interbotix_ws/install/interbotix_xslocobot_moveit:/home/locobot/interbotix_ws/install/interbotix_xslocobot_ros_control:/home/locobot/interbotix_ws/install/interbotix_xslocobot_nav:/home/locobot/interbotix_ws/install/interbotix_xslocobot_joy:/home/locobot/interbotix_ws/install/interbotix_xslocobot_control:/home/locobot/interbotix_ws/install/sllidar_ros2:/home/locobot/interbotix_ws/install/interbotix_moveit_interface:/home/locobot/interbotix_ws/install/moveit_visual_tools:/home/locobot/interbotix_ws/install/interbotix_xslocobot_sim:/home/locobot/interbotix_ws/install/interbotix_xslocobot_descriptions:/home/locobot/interbotix_ws/install/interbotix_xs_toolbox:/home/locobot/interbotix_ws/install/interbotix_xs_rviz:/home/locobot/interbotix_ws/install/interbotix_ros_xseries:/home/locobot/interbotix_ws/install/interbotix_xs_sdk:/home/locobot/interbotix_ws/install/interbotix_xs_ros_control:/home/locobot/interbotix_ws/install/interbotix_perception_toolbox:/home/locobot/interbotix_ws/install/interbotix_perception_pipelines:/home/locobot/interbotix_ws/install/interbotix_xs_msgs:/home/locobot/interbotix_ws/install/interbotix_xs_driver:/home/locobot/interbotix_ws/install/interbotix_tf_tools:/home/locobot/interbotix_ws/install/interbotix_perception_msgs:/home/locobot/interbotix_ws/install/interbotix_moveit_interface_msgs:/home/locobot/interbotix_ws/install/interbotix_common_toolbox:/home/locobot/interbotix_ws/install/interbotix_common_sim:/home/locobot/interbotix_ws/install/dynamixel_workbench_toolbox:/home/locobot/apriltag_ws/install/apriltag_ros:/home/locobot/interbotix_ws/install/interbotix_xs_modules:/home/locobot/interbotix_ws/install/interbotix_perception_modules:/home/locobot/interbotix_ws/install/interbotix_common_modules:/opt/ros/galactic LD_LIBRARY_PATH=/home/locobot/SU_Robotics/eyetracking_ros_ws/install/interbotix_xs_driver/lib:/home/locobot/SU_Robotics/eyetracking_ros_ws/install/interbotix_xs_msgs/lib:/home/locobot/SU_Robotics/eyetracking_ros_ws/install/dynamixel_workbench_toolbox/lib:${LD_LIBRARY_PATH} PYTHONPATH=/home/locobot/SU_Robotics/eyetracking_ros_ws/install/interbotix_xs_msgs/lib/python3.8/site-packages:${PYTHONPATH} /usr/bin/cmake --install /home/locobot/SU_Robotics/eyetracking_ros_ws/build/interbotix_xs_rviz
[14.184s] -- Install configuration: ""
[14.184s] -- Installing: /home/locobot/SU_Robotics/eyetracking_ros_ws/install/interbotix_xs_rviz/share/interbotix_xs_rviz/plugin_description.xml
[14.184s] -- Installing: /home/locobot/SU_Robotics/eyetracking_ros_ws/install/interbotix_xs_rviz/lib/libinterbotix_xs_rviz.so
[14.187s] -- Set runtime path of "/home/locobot/SU_Robotics/eyetracking_ros_ws/install/interbotix_xs_rviz/lib/libinterbotix_xs_rviz.so" to ""
[14.187s] -- Installing: /home/locobot/SU_Robotics/eyetracking_ros_ws/install/interbotix_xs_rviz/include/
[14.188s] -- Installing: /home/locobot/SU_Robotics/eyetracking_ros_ws/install/interbotix_xs_rviz/include//interbotix_xs_rviz
[14.188s] -- Installing: /home/locobot/SU_Robotics/eyetracking_ros_ws/install/interbotix_xs_rviz/include//interbotix_xs_rviz/xs_register_descriptions.hpp
[14.188s] -- Installing: /home/locobot/SU_Robotics/eyetracking_ros_ws/install/interbotix_xs_rviz/include//interbotix_xs_rviz/interbotix_control_panel.hpp
[14.188s] -- Installing: /home/locobot/SU_Robotics/eyetracking_ros_ws/install/interbotix_xs_rviz/share/interbotix_xs_rviz//icons
[14.188s] -- Installing: /home/locobot/SU_Robotics/eyetracking_ros_ws/install/interbotix_xs_rviz/share/interbotix_xs_rviz//icons/classes
[14.188s] -- Installing: /home/locobot/SU_Robotics/eyetracking_ros_ws/install/interbotix_xs_rviz/share/interbotix_xs_rviz//icons/classes/Interbotix Control Panel.png
[14.188s] -- Installing: /home/locobot/SU_Robotics/eyetracking_ros_ws/install/interbotix_xs_rviz/share/interbotix_xs_rviz/environment/library_path.sh
[14.188s] -- Installing: /home/locobot/SU_Robotics/eyetracking_ros_ws/install/interbotix_xs_rviz/share/interbotix_xs_rviz/environment/library_path.dsv
[14.189s] -- Installing: /home/locobot/SU_Robotics/eyetracking_ros_ws/install/interbotix_xs_rviz/share/ament_index/resource_index/package_run_dependencies/interbotix_xs_rviz
[14.189s] -- Installing: /home/locobot/SU_Robotics/eyetracking_ros_ws/install/interbotix_xs_rviz/share/ament_index/resource_index/parent_prefix_path/interbotix_xs_rviz
[14.189s] -- Installing: /home/locobot/SU_Robotics/eyetracking_ros_ws/install/interbotix_xs_rviz/share/interbotix_xs_rviz/environment/ament_prefix_path.sh
[14.189s] -- Installing: /home/locobot/SU_Robotics/eyetracking_ros_ws/install/interbotix_xs_rviz/share/interbotix_xs_rviz/environment/ament_prefix_path.dsv
[14.189s] -- Installing: /home/locobot/SU_Robotics/eyetracking_ros_ws/install/interbotix_xs_rviz/share/interbotix_xs_rviz/environment/path.sh
[14.189s] -- Installing: /home/locobot/SU_Robotics/eyetracking_ros_ws/install/interbotix_xs_rviz/share/interbotix_xs_rviz/environment/path.dsv
[14.189s] -- Installing: /home/locobot/SU_Robotics/eyetracking_ros_ws/install/interbotix_xs_rviz/share/interbotix_xs_rviz/local_setup.bash
[14.190s] -- Installing: /home/locobot/SU_Robotics/eyetracking_ros_ws/install/interbotix_xs_rviz/share/interbotix_xs_rviz/local_setup.sh
[14.190s] -- Installing: /home/locobot/SU_Robotics/eyetracking_ros_ws/install/interbotix_xs_rviz/share/interbotix_xs_rviz/local_setup.zsh
[14.190s] -- Installing: /home/locobot/SU_Robotics/eyetracking_ros_ws/install/interbotix_xs_rviz/share/interbotix_xs_rviz/local_setup.dsv
[14.190s] -- Installing: /home/locobot/SU_Robotics/eyetracking_ros_ws/install/interbotix_xs_rviz/share/interbotix_xs_rviz/package.dsv
[14.190s] -- Installing: /home/locobot/SU_Robotics/eyetracking_ros_ws/install/interbotix_xs_rviz/share/ament_index/resource_index/packages/interbotix_xs_rviz
[14.190s] -- Installing: /home/locobot/SU_Robotics/eyetracking_ros_ws/install/interbotix_xs_rviz/share/ament_index/resource_index/rviz_common__pluginlib__plugin/interbotix_xs_rviz
[14.190s] -- Installing: /home/locobot/SU_Robotics/eyetracking_ros_ws/install/interbotix_xs_rviz/share/interbotix_xs_rviz/cmake/interbotix_xs_rvizExport.cmake
[14.191s] -- Installing: /home/locobot/SU_Robotics/eyetracking_ros_ws/install/interbotix_xs_rviz/share/interbotix_xs_rviz/cmake/interbotix_xs_rvizExport-noconfig.cmake
[14.191s] -- Installing: /home/locobot/SU_Robotics/eyetracking_ros_ws/install/interbotix_xs_rviz/share/interbotix_xs_rviz/cmake/ament_cmake_export_targets-extras.cmake
[14.191s] -- Installing: /home/locobot/SU_Robotics/eyetracking_ros_ws/install/interbotix_xs_rviz/share/interbotix_xs_rviz/cmake/ament_cmake_export_dependencies-extras.cmake
[14.191s] -- Installing: /home/locobot/SU_Robotics/eyetracking_ros_ws/install/interbotix_xs_rviz/share/interbotix_xs_rviz/cmake/interbotix_xs_rvizConfig.cmake
[14.191s] -- Installing: /home/locobot/SU_Robotics/eyetracking_ros_ws/install/interbotix_xs_rviz/share/interbotix_xs_rviz/cmake/interbotix_xs_rvizConfig-version.cmake
[14.191s] -- Installing: /home/locobot/SU_Robotics/eyetracking_ros_ws/install/interbotix_xs_rviz/share/interbotix_xs_rviz/package.xml
[14.192s] Invoked command in '/home/locobot/SU_Robotics/eyetracking_ros_ws/build/interbotix_xs_rviz' returned '0': AMENT_PREFIX_PATH=/home/locobot/SU_Robotics/eyetracking_ros_ws/install/interbotix_xs_sdk:/home/locobot/SU_Robotics/eyetracking_ros_ws/install/interbotix_xs_driver:/home/locobot/SU_Robotics/eyetracking_ros_ws/install/interbotix_xs_msgs:/home/locobot/SU_Robotics/eyetracking_ros_ws/install/dynamixel_workbench_toolbox:${AMENT_PREFIX_PATH} CMAKE_PREFIX_PATH=/home/locobot/SU_Robotics/eyetracking_ros_ws/install/interbotix_xs_sdk:/home/locobot/SU_Robotics/eyetracking_ros_ws/install/interbotix_xs_driver:/home/locobot/SU_Robotics/eyetracking_ros_ws/install/interbotix_xs_msgs:/home/locobot/SU_Robotics/eyetracking_ros_ws/install/dynamixel_workbench_toolbox:/home/locobot/interbotix_ws/install/interbotix_xslocobot_moveit:/home/locobot/interbotix_ws/install/interbotix_xslocobot_ros_control:/home/locobot/interbotix_ws/install/interbotix_xslocobot_nav:/home/locobot/interbotix_ws/install/interbotix_xslocobot_joy:/home/locobot/interbotix_ws/install/interbotix_xslocobot_control:/home/locobot/interbotix_ws/install/sllidar_ros2:/home/locobot/interbotix_ws/install/interbotix_moveit_interface:/home/locobot/interbotix_ws/install/moveit_visual_tools:/home/locobot/interbotix_ws/install/interbotix_xslocobot_sim:/home/locobot/interbotix_ws/install/interbotix_xslocobot_descriptions:/home/locobot/interbotix_ws/install/interbotix_xs_toolbox:/home/locobot/interbotix_ws/install/interbotix_xs_rviz:/home/locobot/interbotix_ws/install/interbotix_ros_xseries:/home/locobot/interbotix_ws/install/interbotix_xs_sdk:/home/locobot/interbotix_ws/install/interbotix_xs_ros_control:/home/locobot/interbotix_ws/install/interbotix_perception_toolbox:/home/locobot/interbotix_ws/install/interbotix_perception_pipelines:/home/locobot/interbotix_ws/install/interbotix_xs_msgs:/home/locobot/interbotix_ws/install/interbotix_xs_driver:/home/locobot/interbotix_ws/install/interbotix_tf_tools:/home/locobot/interbotix_ws/install/interbotix_perception_msgs:/home/locobot/interbotix_ws/install/interbotix_moveit_interface_msgs:/home/locobot/interbotix_ws/install/interbotix_common_toolbox:/home/locobot/interbotix_ws/install/interbotix_common_sim:/home/locobot/interbotix_ws/install/dynamixel_workbench_toolbox:/home/locobot/apriltag_ws/install/apriltag_ros:/home/locobot/interbotix_ws/install/interbotix_xs_modules:/home/locobot/interbotix_ws/install/interbotix_perception_modules:/home/locobot/interbotix_ws/install/interbotix_common_modules:/opt/ros/galactic LD_LIBRARY_PATH=/home/locobot/SU_Robotics/eyetracking_ros_ws/install/interbotix_xs_driver/lib:/home/locobot/SU_Robotics/eyetracking_ros_ws/install/interbotix_xs_msgs/lib:/home/locobot/SU_Robotics/eyetracking_ros_ws/install/dynamixel_workbench_toolbox/lib:${LD_LIBRARY_PATH} PYTHONPATH=/home/locobot/SU_Robotics/eyetracking_ros_ws/install/interbotix_xs_msgs/lib/python3.8/site-packages:${PYTHONPATH} /usr/bin/cmake --install /home/locobot/SU_Robotics/eyetracking_ros_ws/build/interbotix_xs_rviz
