-- Found moveit_common: 2.3.4 (/opt/ros/galactic/share/moveit_common/cmake)
-- Found ament_cmake: 1.1.6 (/opt/ros/galactic/share/ament_cmake/cmake)
-- Using PYTHON_EXECUTABLE: /usr/bin/python3
-- Override CMake install command with custom implementation using symlinks instead of copying resources
-- Could NOT find libbfd (missing: LIBBFD_LIBRARY LIBBFD_INCLUDE_DIR) 
-- BACKWARD_HAS_UNWIND=1
-- BACKWARD_HAS_BACKTRACE=0
-- BACKWARD_HAS_BACKTRACE_SYMBOL=0
-- BACKWARD_HAS_DW=1
-- BACKWARD_HAS_BFD=0
-- Found Backward: /opt/ros/galactic/share/backward_ros/cmake  
-- Found Boost: /usr/lib/x86_64-linux-gnu/cmake/Boost-1.71.0/BoostConfig.cmake (found version "1.71.0") found components: system 
-- Found geometry_msgs: 2.2.4 (/opt/ros/galactic/share/geometry_msgs/cmake)
-- Using all available rosidl_typesupport_c: rosidl_typesupport_fastrtps_c;rosidl_typesupport_introspection_c
-- Found rosidl_adapter: 2.2.3 (/opt/ros/galactic/share/rosidl_adapter/cmake)
-- Using all available rosidl_typesupport_cpp: rosidl_typesupport_fastrtps_cpp;rosidl_typesupport_introspection_cpp
-- Found graph_msgs: 0.2.0 (/opt/ros/galactic/share/graph_msgs/cmake)
-- Found moveit_core: 2.3.4 (/opt/ros/galactic/share/moveit_core/cmake)
-- Found Boost: /usr/lib/x86_64-linux-gnu/cmake/Boost-1.71.0/BoostConfig.cmake (found version "1.71.0") found components: chrono date_time filesystem iostreams program_options regex serialization system thread 
-- Found Boost: /usr/lib/x86_64-linux-gnu/cmake/Boost-1.71.0/BoostConfig.cmake (found version "1.71.0") found components: filesystem 
-- Found rmw_implementation_cmake: 3.3.1 (/opt/ros/galactic/share/rmw_implementation_cmake/cmake)
-- Found rmw_fastrtps_cpp: 5.0.2 (/opt/ros/galactic/share/rmw_fastrtps_cpp/cmake)
-- Using RMW implementation 'rmw_fastrtps_cpp' as default
-- library: /usr/lib/x86_64-linux-gnu/libcurl.so
-- Found moveit_ros_planning: 2.3.4 (/opt/ros/galactic/share/moveit_ros_planning/cmake)
-- Found Boost: /usr/lib/x86_64-linux-gnu/cmake/Boost-1.71.0/BoostConfig.cmake (found version "1.71.0") found components: system filesystem date_time program_options thread chrono 
-- Found Boost: /usr/lib/x86_64-linux-gnu/cmake/Boost-1.71.0/BoostConfig.cmake (found version "1.71.0") found components: thread 
-- Found rviz_visual_tools: 4.1.2 (/opt/ros/galactic/share/rviz_visual_tools/cmake)
-- Setting OGRE_DIR to: '/opt/ros/galactic/share/rviz_ogre_vendor/cmake/../../../opt/rviz_ogre_vendor/lib/OGRE/cmake'
-- Found OGRE
--   static     : OFF
--   components : HLMS;MeshLodGenerator;Overlay;Paging;Property;RTShaderSystem;Terrain;Volume
--   plugins    : Plugin_BSPSceneManager;Plugin_OctreeSceneManager;Plugin_PCZSceneManager;Plugin_ParticleFX;RenderSystem_GL;RenderSystem_GL3Plus;Codec_STBI
--   media      : /opt/ros/galactic/opt/rviz_ogre_vendor/share/OGRE/Media
-- OGRE_LIBRARIES: OgreHLMS;OgreMeshLodGenerator;OgreOverlay;OgrePaging;OgreProperty;OgreRTShaderSystem;OgreTerrain;OgreVolume;OgreMain
-- OGRE_LIBRARY_DIRS: /opt/ros/galactic/opt/rviz_ogre_vendor/lib
-- OGRE_PLUGINS: Plugin_BSPSceneManager;Plugin_OctreeSceneManager;Plugin_PCZSceneManager;Plugin_ParticleFX;RenderSystem_GL;RenderSystem_GL3Plus;Codec_STBI
-- OGRE_PLUGIN_DIR: /opt/ros/galactic/opt/rviz_ogre_vendor/lib/OGRE
-- rviz_ogre_vendor::OgreOverlay for IMPORTED_LOCATION_RELEASE: /opt/ros/galactic/opt/rviz_ogre_vendor/lib/libOgreOverlay.so
-- rviz_ogre_vendor::OgreOverlay for IMPORTED_LOCATION_DEBUG: /opt/ros/galactic/opt/rviz_ogre_vendor/lib/libOgreOverlay.so
-- rviz_ogre_vendor::OgreMain for IMPORTED_LOCATION_RELEASE: /opt/ros/galactic/opt/rviz_ogre_vendor/lib/libOgreMain.so
-- rviz_ogre_vendor::OgreMain for IMPORTED_LOCATION_DEBUG: /opt/ros/galactic/opt/rviz_ogre_vendor/lib/libOgreMain.so
-- rviz_ogre_vendor::RenderSystem_GL for IMPORTED_LOCATION_RELEASE: _render_system_gl_static_library_abs-NOTFOUND
-- rviz_ogre_vendor::RenderSystem_GL for IMPORTED_LOCATION_DEBUG: _render_system_gl_static_library_abs-NOTFOUND
-- library: libassimp.so.5
-- Found ament_lint_auto: 0.10.7 (/opt/ros/galactic/share/ament_lint_auto/cmake)
-- Added test 'copyright' to check source files copyright and LICENSE
-- Added test 'flake8' to check Python code syntax and style conventions
-- Added test 'lint_cmake' to check CMake code style
-- Added test 'pep257' to check Python code against some of the style conventions in PEP 257
-- Added test 'xmllint' to check XML markup files
-- Configuring done
-- Generating done
-- Build files have been written to: /home/locobot/SU_Robotics/eyetracking_ros_ws/build/moveit_visual_tools
[ 66%] Built target moveit_visual_tools
[ 83%] [32m[1mLinking CXX executable moveit_visual_tools_demo[0m
[100%] Built target moveit_visual_tools_demo
-- Install configuration: "Release"
-- Execute custom install script
-- Symlinking: /home/locobot/SU_Robotics/eyetracking_ros_ws/install/moveit_visual_tools/share/moveit_visual_tools/environment/library_path.sh
-- Symlinking: /home/locobot/SU_Robotics/eyetracking_ros_ws/install/moveit_visual_tools/share/moveit_visual_tools/environment/library_path.dsv
-- Symlinking: /home/locobot/SU_Robotics/eyetracking_ros_ws/install/moveit_visual_tools/lib/moveit_visual_tools/moveit_visual_tools_demo
-- Symlinking: /home/locobot/SU_Robotics/eyetracking_ros_ws/install/moveit_visual_tools/include/moveit_visual_tools/imarker_end_effector.h
-- Symlinking: /home/locobot/SU_Robotics/eyetracking_ros_ws/install/moveit_visual_tools/include/moveit_visual_tools/imarker_robot_state.h
-- Symlinking: /home/locobot/SU_Robotics/eyetracking_ros_ws/install/moveit_visual_tools/include/moveit_visual_tools/moveit_visual_tools.h
-- Symlinking: /home/locobot/SU_Robotics/eyetracking_ros_ws/install/moveit_visual_tools/share/moveit_visual_tools/launch/demo.rviz
-- Symlinking: /home/locobot/SU_Robotics/eyetracking_ros_ws/install/moveit_visual_tools/share/moveit_visual_tools/launch/demo_rviz.launch.py
-- Symlinking: /home/locobot/SU_Robotics/eyetracking_ros_ws/install/moveit_visual_tools/share/moveit_visual_tools/resources/demo.png
-- Symlinking: /home/locobot/SU_Robotics/eyetracking_ros_ws/install/moveit_visual_tools/share/moveit_visual_tools/resources/demo_mesh.stl
-- Symlinking: /home/locobot/SU_Robotics/eyetracking_ros_ws/install/moveit_visual_tools/share/moveit_visual_tools/resources/rrbot.srdf
-- Symlinking: /home/locobot/SU_Robotics/eyetracking_ros_ws/install/moveit_visual_tools/share/moveit_visual_tools/resources/rrbot.urdf
-- Symlinking: /home/locobot/SU_Robotics/eyetracking_ros_ws/install/moveit_visual_tools/share/moveit_visual_tools/resources/screenshot.png
-- Symlinking: /home/locobot/SU_Robotics/eyetracking_ros_ws/install/moveit_visual_tools/share/ament_index/resource_index/package_run_dependencies/moveit_visual_tools
-- Symlinking: /home/locobot/SU_Robotics/eyetracking_ros_ws/install/moveit_visual_tools/share/ament_index/resource_index/parent_prefix_path/moveit_visual_tools
-- Symlinking: /home/locobot/SU_Robotics/eyetracking_ros_ws/install/moveit_visual_tools/share/moveit_visual_tools/environment/ament_prefix_path.sh
-- Symlinking: /home/locobot/SU_Robotics/eyetracking_ros_ws/install/moveit_visual_tools/share/moveit_visual_tools/environment/ament_prefix_path.dsv
-- Symlinking: /home/locobot/SU_Robotics/eyetracking_ros_ws/install/moveit_visual_tools/share/moveit_visual_tools/environment/path.sh
-- Symlinking: /home/locobot/SU_Robotics/eyetracking_ros_ws/install/moveit_visual_tools/share/moveit_visual_tools/environment/path.dsv
-- Symlinking: /home/locobot/SU_Robotics/eyetracking_ros_ws/install/moveit_visual_tools/share/moveit_visual_tools/local_setup.bash
-- Symlinking: /home/locobot/SU_Robotics/eyetracking_ros_ws/install/moveit_visual_tools/share/moveit_visual_tools/local_setup.sh
-- Symlinking: /home/locobot/SU_Robotics/eyetracking_ros_ws/install/moveit_visual_tools/share/moveit_visual_tools/local_setup.zsh
-- Symlinking: /home/locobot/SU_Robotics/eyetracking_ros_ws/install/moveit_visual_tools/share/moveit_visual_tools/local_setup.dsv
-- Symlinking: /home/locobot/SU_Robotics/eyetracking_ros_ws/install/moveit_visual_tools/share/moveit_visual_tools/package.dsv
-- Symlinking: /home/locobot/SU_Robotics/eyetracking_ros_ws/install/moveit_visual_tools/share/ament_index/resource_index/packages/moveit_visual_tools
-- Symlinking: /home/locobot/SU_Robotics/eyetracking_ros_ws/install/moveit_visual_tools/share/moveit_visual_tools/cmake/ament_cmake_export_targets-extras.cmake
-- Symlinking: /home/locobot/SU_Robotics/eyetracking_ros_ws/install/moveit_visual_tools/share/moveit_visual_tools/cmake/ament_cmake_export_dependencies-extras.cmake
-- Symlinking: /home/locobot/SU_Robotics/eyetracking_ros_ws/install/moveit_visual_tools/share/moveit_visual_tools/cmake/moveit_visual_toolsConfig.cmake
-- Symlinking: /home/locobot/SU_Robotics/eyetracking_ros_ws/install/moveit_visual_tools/share/moveit_visual_tools/cmake/moveit_visual_toolsConfig-version.cmake
-- Symlinking: /home/locobot/SU_Robotics/eyetracking_ros_ws/install/moveit_visual_tools/share/moveit_visual_tools/package.xml
-- Up-to-date: /home/locobot/SU_Robotics/eyetracking_ros_ws/install/moveit_visual_tools/lib/libmoveit_visual_tools.so
-- Up-to-date: /home/locobot/SU_Robotics/eyetracking_ros_ws/install/moveit_visual_tools/share/moveit_visual_tools/cmake/export_moveit_visual_toolsExport.cmake
-- Installing: /home/locobot/SU_Robotics/eyetracking_ros_ws/install/moveit_visual_tools/share/moveit_visual_tools/cmake/export_moveit_visual_toolsExport-release.cmake
